ARM GAS  C:\Users\awkward\AppData\Local\Temp\cc4Ghe5a.s 			page 1


   1              		.syntax unified
   2              		.cpu cortex-m3
   3              		.fpu softvfp
   4              		.eabi_attribute 20, 1
   5              		.eabi_attribute 21, 1
   6              		.eabi_attribute 23, 3
   7              		.eabi_attribute 24, 1
   8              		.eabi_attribute 25, 1
   9              		.eabi_attribute 26, 1
  10              		.eabi_attribute 30, 6
  11              		.eabi_attribute 18, 4
  12              		.thumb
  13              		.file	"main.c"
  14              		.section	.debug_abbrev,"",%progbits
  15              	.Ldebug_abbrev0:
  16              		.section	.debug_info,"",%progbits
  17              	.Ldebug_info0:
  18              		.section	.debug_line,"",%progbits
  19              	.Ldebug_line0:
  20 0000 FB000000 		.text
  20      02005300 
  20      00000201 
  20      FB0E0D00 
  20      01010101 
  21              	.Ltext0:
  22              		.cfi_sections	.debug_frame
  23              		.global	xyz
  24              		.bss
  25              		.align	1
  26              		.type	xyz, %object
  27              		.size	xyz, 2
  28              	xyz:
  29 0000 0000     		.space	2
  30              		.section	.rodata
  31              		.align	2
  32              	.LC0:
  33 0000 545800   		.ascii	"TX\000"
  34 0003 00       		.align	2
  35              	.LC1:
  36 0004 5300     		.ascii	"S\000"
  37 0006 0000     		.section	.text.main,"ax",%progbits
  38              		.align	2
  39              		.global	main
  40              		.thumb
  41              		.thumb_func
  42              		.type	main, %function
  43              	main:
  44              	.LFB29:
  45              		.file 1 ".\\main.c"
   1:.\main.c      **** /* ========================================
   2:.\main.c      ****  *
   3:.\main.c      ****  * Copyright YOUR COMPANY, THE YEAR
   4:.\main.c      ****  * All Rights Reserved
   5:.\main.c      ****  * UNPUBLISHED, LICENSED SOFTWARE.
   6:.\main.c      ****  *
   7:.\main.c      ****  * CONFIDENTIAL AND PROPRIETARY INFORMATION
   8:.\main.c      ****  * WHICH IS THE PROPERTY OF your company.
ARM GAS  C:\Users\awkward\AppData\Local\Temp\cc4Ghe5a.s 			page 2


   9:.\main.c      ****  *
  10:.\main.c      ****  * ========================================
  11:.\main.c      **** */
  12:.\main.c      **** #include <device.h>
  13:.\main.c      **** #include <lpregs.h>
  14:.\main.c      **** 
  15:.\main.c      **** void radioWrite(uint16,uint16);
  16:.\main.c      **** uint16 radioRead(uint16);
  17:.\main.c      **** void radioInit();
  18:.\main.c      **** uint16 prepareData();
  19:.\main.c      **** uint16 xyz=0x00;
  20:.\main.c      **** 
  21:.\main.c      **** void main()
  22:.\main.c      **** {
  46              		.loc 1 22 0
  47              		.cfi_startproc
  48              		@ args = 0, pretend = 0, frame = 8
  49              		@ frame_needed = 1, uses_anonymous_args = 0
  50 0000 80B5     		push	{r7, lr}
  51              	.LCFI0:
  52              		.cfi_def_cfa_offset 8
  53 0002 82B0     		sub	sp, sp, #8
  54              	.LCFI1:
  55              		.cfi_def_cfa_offset 16
  56 0004 00AF     		add	r7, sp, #0
  57              		.cfi_offset 14, -4
  58              		.cfi_offset 7, -8
  59              	.LCFI2:
  60              		.cfi_def_cfa_register 7
  23:.\main.c      ****     /* Place your initialization/startup code here (e.g. MyInst_Start()) */
  24:.\main.c      **** 
  25:.\main.c      ****     CYGlobalIntEnable;  /* Uncomment this line to enable global interrupts. */
  61              		.loc 1 25 0
  62              	@ 25 ".\main.c" 1
  63 0006 62B6     		CPSIE   i
  64              	@ 0 "" 2
  26:.\main.c      **** 	uint16 dat=0x69;
  65              		.loc 1 26 0
  66              		.thumb
  67 0008 4FF06903 		mov	r3, #105
  68 000c 7B80     		strh	r3, [r7, #2]	@ movhi
  27:.\main.c      **** 	uint16 val=0x00;
  69              		.loc 1 27 0
  70 000e 4FF00003 		mov	r3, #0
  71 0012 BB80     		strh	r3, [r7, #4]	@ movhi
  28:.\main.c      **** 	uint16 irqStat=0x00;
  72              		.loc 1 28 0
  73 0014 4FF00003 		mov	r3, #0
  74 0018 FB80     		strh	r3, [r7, #6]	@ movhi
  29:.\main.c      **** 	
  30:.\main.c      ****     LCD_Start();
  75              		.loc 1 30 0
  76 001a FFF7FEFF 		bl	LCD_Start
  31:.\main.c      **** 	LCD_ClearDisplay();
  77              		.loc 1 31 0
  78 001e 4FF00100 		mov	r0, #1
  79 0022 FFF7FEFF 		bl	LCD_WriteControl
ARM GAS  C:\Users\awkward\AppData\Local\Temp\cc4Ghe5a.s 			page 3


  32:.\main.c      **** 	LCD_Position(0,0);
  80              		.loc 1 32 0
  81 0026 4FF00000 		mov	r0, #0
  82 002a 4FF00001 		mov	r1, #0
  83 002e FFF7FEFF 		bl	LCD_Position
  33:.\main.c      **** 	LCD_PrintString("TX");
  84              		.loc 1 33 0
  85 0032 40F20000 		movw	r0, #:lower16:.LC0
  86 0036 C0F20000 		movt	r0, #:upper16:.LC0
  87 003a FFF7FEFF 		bl	LCD_PrintString
  34:.\main.c      **** 	 
  35:.\main.c      **** 	 SPIM_Start();
  88              		.loc 1 35 0
  89 003e FFF7FEFF 		bl	SPIM_Start
  36:.\main.c      **** 	 SPIM_ClearRxBuffer();
  90              		.loc 1 36 0
  91 0042 FFF7FEFF 		bl	SPIM_ClearRxBuffer
  37:.\main.c      **** 	 SPIM_ClearTxBuffer();
  92              		.loc 1 37 0
  93 0046 FFF7FEFF 		bl	SPIM_ClearTxBuffer
  38:.\main.c      **** 	 SPIM_ClearFIFO();
  94              		.loc 1 38 0
  95 004a FFF7FEFF 		bl	SPIM_ClearFIFO
  39:.\main.c      **** 	
  40:.\main.c      **** 	radioInit();
  96              		.loc 1 40 0
  97 004e FFF7FEFF 		bl	radioInit
  41:.\main.c      **** 	
  42:.\main.c      **** 	radioWrite(0x01,0x02);
  98              		.loc 1 42 0
  99 0052 4FF00100 		mov	r0, #1
 100 0056 4FF00201 		mov	r1, #2
 101 005a FFF7FEFF 		bl	radioWrite
  43:.\main.c      **** 	val=radioRead(0x01);
 102              		.loc 1 43 0
 103 005e 4FF00100 		mov	r0, #1
 104 0062 FFF7FEFF 		bl	radioRead
 105 0066 0346     		mov	r3, r0
 106 0068 BB80     		strh	r3, [r7, #4]	@ movhi
  44:.\main.c      **** 	if (val==0x02){
 107              		.loc 1 44 0
 108 006a BB88     		ldrh	r3, [r7, #4]
 109 006c 022B     		cmp	r3, #2
 110 006e 0BD1     		bne	.L2
  45:.\main.c      **** 	LCD_Position(1,0);
 111              		.loc 1 45 0
 112 0070 4FF00100 		mov	r0, #1
 113 0074 4FF00001 		mov	r1, #0
 114 0078 FFF7FEFF 		bl	LCD_Position
  46:.\main.c      **** 	LCD_PrintString("S");
 115              		.loc 1 46 0
 116 007c 40F20000 		movw	r0, #:lower16:.LC1
 117 0080 C0F20000 		movt	r0, #:upper16:.LC1
 118 0084 FFF7FEFF 		bl	LCD_PrintString
 119              	.L2:
  47:.\main.c      **** 	}
  48:.\main.c      **** 	
ARM GAS  C:\Users\awkward\AppData\Local\Temp\cc4Ghe5a.s 			page 4


  49:.\main.c      **** 	
  50:.\main.c      **** 	
  51:.\main.c      **** 	for(;;)
  52:.\main.c      ****     {
  53:.\main.c      ****     radioWrite(TX_CTRL_ADR, TX_CLR);
 120              		.loc 1 53 0
 121 0088 4FF00200 		mov	r0, #2
 122 008c 4FF04001 		mov	r1, #64
 123 0090 FFF7FEFF 		bl	radioWrite
  54:.\main.c      **** 	
  55:.\main.c      ****     // Set the length of data to 1 byte
  56:.\main.c      ****     radioWrite(TX_LENGTH_ADR,0x03);
 124              		.loc 1 56 0
 125 0094 4FF00100 		mov	r0, #1
 126 0098 4FF00301 		mov	r1, #3
 127 009c FFF7FEFF 		bl	radioWrite
  57:.\main.c      **** 	val=radioRead(TX_LENGTH_ADR);
 128              		.loc 1 57 0
 129 00a0 4FF00100 		mov	r0, #1
 130 00a4 FFF7FEFF 		bl	radioRead
 131 00a8 0346     		mov	r3, r0
 132 00aa BB80     		strh	r3, [r7, #4]	@ movhi
  58:.\main.c      **** 	LCD_Position(1,2);
 133              		.loc 1 58 0
 134 00ac 4FF00100 		mov	r0, #1
 135 00b0 4FF00201 		mov	r1, #2
 136 00b4 FFF7FEFF 		bl	LCD_Position
  59:.\main.c      **** 	LCD_PrintInt8(val);
 137              		.loc 1 59 0
 138 00b8 BB88     		ldrh	r3, [r7, #4]	@ movhi
 139 00ba DBB2     		uxtb	r3, r3
 140 00bc 1846     		mov	r0, r3
 141 00be FFF7FEFF 		bl	LCD_PrintHexUint8
  60:.\main.c      **** 	
  61:.\main.c      ****     //Write the byte to the radio 
  62:.\main.c      ****    radioWrite(TX_BUFFER_ADR,dat);
 142              		.loc 1 62 0
 143 00c2 7B88     		ldrh	r3, [r7, #2]
 144 00c4 4FF02000 		mov	r0, #32
 145 00c8 1946     		mov	r1, r3
 146 00ca FFF7FEFF 		bl	radioWrite
  63:.\main.c      **** 	radioWrite(TX_BUFFER_ADR,0x69);
 147              		.loc 1 63 0
 148 00ce 4FF02000 		mov	r0, #32
 149 00d2 4FF06901 		mov	r1, #105
 150 00d6 FFF7FEFF 		bl	radioWrite
  64:.\main.c      **** 	radioWrite(TX_BUFFER_ADR,0x69);
 151              		.loc 1 64 0
 152 00da 4FF02000 		mov	r0, #32
 153 00de 4FF06901 		mov	r1, #105
 154 00e2 FFF7FEFF 		bl	radioWrite
  65:.\main.c      **** 	
  66:.\main.c      **** 	dat=prepareData();
 155              		.loc 1 66 0
 156 00e6 FFF7FEFF 		bl	prepareData
 157 00ea 0346     		mov	r3, r0
 158 00ec 7B80     		strh	r3, [r7, #2]	@ movhi
ARM GAS  C:\Users\awkward\AppData\Local\Temp\cc4Ghe5a.s 			page 5


  67:.\main.c      **** 	
  68:.\main.c      **** 	
  69:.\main.c      ****     //Start transmission
  70:.\main.c      ****     radioWrite(TX_CTRL_ADR, TXC_IRQ | TX_GO);
 159              		.loc 1 70 0
 160 00ee 4FF00200 		mov	r0, #2
 161 00f2 4FF08201 		mov	r1, #130
 162 00f6 FFF7FEFF 		bl	radioWrite
  71:.\main.c      ****     radioWrite(TX_CTRL_ADR, 0x83);
 163              		.loc 1 71 0
 164 00fa 4FF00200 		mov	r0, #2
 165 00fe 4FF08301 		mov	r1, #131
 166 0102 FFF7FEFF 		bl	radioWrite
  72:.\main.c      **** 	val=radioRead(TX_CTRL_ADR);
 167              		.loc 1 72 0
 168 0106 4FF00200 		mov	r0, #2
 169 010a FFF7FEFF 		bl	radioRead
 170 010e 0346     		mov	r3, r0
 171 0110 BB80     		strh	r3, [r7, #4]	@ movhi
  73:.\main.c      **** 	LCD_Position(1,4);
 172              		.loc 1 73 0
 173 0112 4FF00100 		mov	r0, #1
 174 0116 4FF00401 		mov	r1, #4
 175 011a FFF7FEFF 		bl	LCD_Position
  74:.\main.c      **** 	LCD_PrintInt8(val);
 176              		.loc 1 74 0
 177 011e BB88     		ldrh	r3, [r7, #4]	@ movhi
 178 0120 DBB2     		uxtb	r3, r3
 179 0122 1846     		mov	r0, r3
 180 0124 FFF7FEFF 		bl	LCD_PrintHexUint8
  75:.\main.c      **** 	
  76:.\main.c      **** 	//Wait for transmission to complete 
  77:.\main.c      **** 	irqStat=radioRead(TX_IRQ_STATUS_ADR);
 181              		.loc 1 77 0
 182 0128 4FF00400 		mov	r0, #4
 183 012c FFF7FEFF 		bl	radioRead
 184 0130 0346     		mov	r3, r0
 185 0132 FB80     		strh	r3, [r7, #6]	@ movhi
  78:.\main.c      **** 	LCD_Position(1,8);
 186              		.loc 1 78 0
 187 0134 4FF00100 		mov	r0, #1
 188 0138 4FF00801 		mov	r1, #8
 189 013c FFF7FEFF 		bl	LCD_Position
  79:.\main.c      **** 	LCD_PrintInt8(irqStat); 
 190              		.loc 1 79 0
 191 0140 FB88     		ldrh	r3, [r7, #6]	@ movhi
 192 0142 DBB2     		uxtb	r3, r3
 193 0144 1846     		mov	r0, r3
 194 0146 FFF7FEFF 		bl	LCD_PrintHexUint8
  80:.\main.c      **** 	
  81:.\main.c      **** 	while (!(irqStat & TXC_IRQ)){
 195              		.loc 1 81 0
 196 014a 10E0     		b	.L3
 197              	.L4:
  82:.\main.c      **** 	irqStat=radioRead(TX_IRQ_STATUS_ADR);
 198              		.loc 1 82 0
 199 014c 4FF00400 		mov	r0, #4
ARM GAS  C:\Users\awkward\AppData\Local\Temp\cc4Ghe5a.s 			page 6


 200 0150 FFF7FEFF 		bl	radioRead
 201 0154 0346     		mov	r3, r0
 202 0156 FB80     		strh	r3, [r7, #6]	@ movhi
  83:.\main.c      **** 	LCD_Position(1,8);
 203              		.loc 1 83 0
 204 0158 4FF00100 		mov	r0, #1
 205 015c 4FF00801 		mov	r1, #8
 206 0160 FFF7FEFF 		bl	LCD_Position
  84:.\main.c      **** 	LCD_PrintInt8(irqStat); 
 207              		.loc 1 84 0
 208 0164 FB88     		ldrh	r3, [r7, #6]	@ movhi
 209 0166 DBB2     		uxtb	r3, r3
 210 0168 1846     		mov	r0, r3
 211 016a FFF7FEFF 		bl	LCD_PrintHexUint8
 212              	.L3:
 213              		.loc 1 81 0
 214 016e FB88     		ldrh	r3, [r7, #6]
 215 0170 03F00203 		and	r3, r3, #2
 216 0174 002B     		cmp	r3, #0
 217 0176 E9D0     		beq	.L4
  85:.\main.c      **** 	}
  86:.\main.c      **** 	LCD_Position(0,5);
 218              		.loc 1 86 0
 219 0178 4FF00000 		mov	r0, #0
 220 017c 4FF00501 		mov	r1, #5
 221 0180 FFF7FEFF 		bl	LCD_Position
  87:.\main.c      **** 	LCD_PrintInt8(dat);
 222              		.loc 1 87 0
 223 0184 7B88     		ldrh	r3, [r7, #2]	@ movhi
 224 0186 DBB2     		uxtb	r3, r3
 225 0188 1846     		mov	r0, r3
 226 018a FFF7FEFF 		bl	LCD_PrintHexUint8
  88:.\main.c      **** 	CyDelay(5000);
 227              		.loc 1 88 0
 228 018e 41F28830 		movw	r0, #5000
 229 0192 FFF7FEFF 		bl	CyDelay
  89:.\main.c      **** 	}
 230              		.loc 1 89 0
 231 0196 77E7     		b	.L2
 232              		.cfi_endproc
 233              	.LFE29:
 234              		.size	main, .-main
 235              		.section	.text.prepareData,"ax",%progbits
 236              		.align	2
 237              		.global	prepareData
 238              		.thumb
 239              		.thumb_func
 240              		.type	prepareData, %function
 241              	prepareData:
 242              	.LFB30:
  90:.\main.c      **** }
  91:.\main.c      **** 
  92:.\main.c      **** uint16 prepareData(){
 243              		.loc 1 92 0
 244              		.cfi_startproc
 245              		@ args = 0, pretend = 0, frame = 0
 246              		@ frame_needed = 1, uses_anonymous_args = 0
ARM GAS  C:\Users\awkward\AppData\Local\Temp\cc4Ghe5a.s 			page 7


 247              		@ link register save eliminated.
 248 0000 80B4     		push	{r7}
 249              	.LCFI3:
 250              		.cfi_def_cfa_offset 4
 251 0002 00AF     		add	r7, sp, #0
 252              		.cfi_offset 7, -4
 253              	.LCFI4:
 254              		.cfi_def_cfa_register 7
  93:.\main.c      **** 	xyz=xyz+0x01;
 255              		.loc 1 93 0
 256 0004 40F20003 		movw	r3, #:lower16:xyz
 257 0008 C0F20003 		movt	r3, #:upper16:xyz
 258 000c 1B88     		ldrh	r3, [r3, #0]
 259 000e 03F10103 		add	r3, r3, #1
 260 0012 9AB2     		uxth	r2, r3
 261 0014 40F20003 		movw	r3, #:lower16:xyz
 262 0018 C0F20003 		movt	r3, #:upper16:xyz
 263 001c 1A80     		strh	r2, [r3, #0]	@ movhi
  94:.\main.c      **** 		
  95:.\main.c      **** 	return xyz;
 264              		.loc 1 95 0
 265 001e 40F20003 		movw	r3, #:lower16:xyz
 266 0022 C0F20003 		movt	r3, #:upper16:xyz
 267 0026 1B88     		ldrh	r3, [r3, #0]
  96:.\main.c      **** }
 268              		.loc 1 96 0
 269 0028 1846     		mov	r0, r3
 270 002a BD46     		mov	sp, r7
 271 002c 80BC     		pop	{r7}
 272 002e 7047     		bx	lr
 273              		.cfi_endproc
 274              	.LFE30:
 275              		.size	prepareData, .-prepareData
 276              		.section	.text.radioInit,"ax",%progbits
 277              		.align	2
 278              		.global	radioInit
 279              		.thumb
 280              		.thumb_func
 281              		.type	radioInit, %function
 282              	radioInit:
 283              	.LFB31:
  97:.\main.c      **** 
  98:.\main.c      **** /* [] END OF FILE */
  99:.\main.c      **** void radioInit(){
 284              		.loc 1 99 0
 285              		.cfi_startproc
 286              		@ args = 0, pretend = 0, frame = 0
 287              		@ frame_needed = 1, uses_anonymous_args = 0
 288 0000 80B5     		push	{r7, lr}
 289              	.LCFI5:
 290              		.cfi_def_cfa_offset 8
 291 0002 00AF     		add	r7, sp, #0
 292              		.cfi_offset 14, -4
 293              		.cfi_offset 7, -8
 294              	.LCFI6:
 295              		.cfi_def_cfa_register 7
 100:.\main.c      ****  
ARM GAS  C:\Users\awkward\AppData\Local\Temp\cc4Ghe5a.s 			page 8


 101:.\main.c      **** 	 /* Reset the LP through the SPI (soft reset). */
 102:.\main.c      **** 	radioWrite(MODE_OVERRIDE_ADR, RST);
 296              		.loc 1 102 0
 297 0004 4FF01D00 		mov	r0, #29
 298 0008 4FF00101 		mov	r1, #1
 299 000c FFF7FEFF 		bl	radioWrite
 103:.\main.c      **** 
 104:.\main.c      ****     /* Set up to use auto-cal for VCO. */
 105:.\main.c      ****    radioWrite(AUTO_CAL_TIME_ADR, AUTO_CAL_TIME_MAX); /* Extend autoCal time to max. */
 300              		.loc 1 105 0
 301 0010 4FF03200 		mov	r0, #50
 302 0014 4FF03C01 		mov	r1, #60
 303 0018 FFF7FEFF 		bl	radioWrite
 106:.\main.c      **** 
 107:.\main.c      ****     radioWrite(AUTO_CAL_OFFSET_ADR, AUTO_CAL_OFFSET_MINUS_4); /* AutoCal offset to -4. */
 304              		.loc 1 107 0
 305 001c 4FF03500 		mov	r0, #53
 306 0020 4FF01401 		mov	r1, #20
 307 0024 FFF7FEFF 		bl	radioWrite
 108:.\main.c      **** 
 109:.\main.c      ****     /* Set IRQ polarity to positive. */
 110:.\main.c      ****     radioWrite(IO_CFG_ADR, IRQ_POL);
 308              		.loc 1 110 0
 309 0028 4FF00D00 		mov	r0, #13
 310 002c 4FF04001 		mov	r1, #64
 311 0030 FFF7FEFF 		bl	radioWrite
 111:.\main.c      **** 
 112:.\main.c      ****     /* Set the XTAL Startup delay to 150uSec to handle warm restarts of the XTAL. */
 113:.\main.c      ****     radioWrite(XTAL_CFG_ADR, 0x08);
 312              		.loc 1 113 0
 313 0034 4FF02600 		mov	r0, #38
 314 0038 4FF00801 		mov	r1, #8
 315 003c FFF7FEFF 		bl	radioWrite
 114:.\main.c      ****     /*
 115:.\main.c      ****      * Enable HiLo for quick-turn-around. Use low side injection for receive 
 116:.\main.c      ****      * this should result in non-inverted data, so no need to hit the invert
 117:.\main.c      ****      * bit. Turn off AGC and force the LNA on.
 118:.\main.c      ****      */
 119:.\main.c      ****    radioWrite(RX_CFG_ADR,
 316              		.loc 1 119 0
 317 0040 4FF00600 		mov	r0, #6
 318 0044 4FF04801 		mov	r1, #72
 319 0048 FFF7FEFF 		bl	radioWrite
 120:.\main.c      ****                  ((RX_CFG_RST | FASTTURN_EN | LNA_EN ) & ~( HI | RXOW_EN | AUTO_AGC_EN)));
 121:.\main.c      **** 
 122:.\main.c      ****     /*
 123:.\main.c      ****      * Set the TX Offset to +1MHz.
 124:.\main.c      ****      * THIS MEANS THE ACTUAL TRANSMIT CARRIER WILL BE 1MHz ABOVE THE PLL
 125:.\main.c      ****      * FREQUENCY PROGRAMMED IN THE CHANNEL OR A & N REGISTERS.
 126:.\main.c      ****      * RadioSetFrequency COMPENSATES FOR THIS OFFSET.
 127:.\main.c      ****      */
 128:.\main.c      ****     radioWrite(TX_OFFSET_LSB_ADR, 0x55);
 320              		.loc 1 128 0
 321 004c 4FF01B00 		mov	r0, #27
 322 0050 4FF05501 		mov	r1, #85
 323 0054 FFF7FEFF 		bl	radioWrite
 129:.\main.c      ****     radioWrite(TX_OFFSET_MSB_ADR, 0x05);
ARM GAS  C:\Users\awkward\AppData\Local\Temp\cc4Ghe5a.s 			page 9


 324              		.loc 1 129 0
 325 0058 4FF01C00 		mov	r0, #28
 326 005c 4FF00501 		mov	r1, #5
 327 0060 FFF7FEFF 		bl	radioWrite
 130:.\main.c      **** 	radioWrite(DATA32_THOLD_ADR,0x05);
 328              		.loc 1 130 0
 329 0064 4FF01100 		mov	r0, #17
 330 0068 4FF00501 		mov	r1, #5
 331 006c FFF7FEFF 		bl	radioWrite
 131:.\main.c      **** 	radioWrite(FRAMING_CFG_ADR,0xA4);
 332              		.loc 1 131 0
 333 0070 4FF01000 		mov	r0, #16
 334 0074 4FF0A401 		mov	r1, #164
 335 0078 FFF7FEFF 		bl	radioWrite
 132:.\main.c      ****     /* Set Data Mode to 250kbps */
 133:.\main.c      ****    radioWrite(TX_CFG_ADR, TX_CFG_RST | DATMODE_8DR);
 336              		.loc 1 133 0
 337 007c 4FF00300 		mov	r0, #3
 338 0080 4FF00D01 		mov	r1, #13
 339 0084 FFF7FEFF 		bl	radioWrite
 134:.\main.c      **** }
 340              		.loc 1 134 0
 341 0088 80BD     		pop	{r7, pc}
 342              		.cfi_endproc
 343              	.LFE31:
 344              		.size	radioInit, .-radioInit
 345 008a 00BF     		.section	.text.radioWrite,"ax",%progbits
 346              		.align	2
 347              		.global	radioWrite
 348              		.thumb
 349              		.thumb_func
 350              		.type	radioWrite, %function
 351              	radioWrite:
 352              	.LFB32:
 135:.\main.c      **** 
 136:.\main.c      **** void radioWrite(uint16 addr,uint16 dat){
 353              		.loc 1 136 0
 354              		.cfi_startproc
 355              		@ args = 0, pretend = 0, frame = 8
 356              		@ frame_needed = 1, uses_anonymous_args = 0
 357 0000 80B5     		push	{r7, lr}
 358              	.LCFI7:
 359              		.cfi_def_cfa_offset 8
 360 0002 82B0     		sub	sp, sp, #8
 361              	.LCFI8:
 362              		.cfi_def_cfa_offset 16
 363 0004 00AF     		add	r7, sp, #0
 364              		.cfi_offset 14, -4
 365              		.cfi_offset 7, -8
 366              	.LCFI9:
 367              		.cfi_def_cfa_register 7
 368 0006 0246     		mov	r2, r0
 369 0008 0B46     		mov	r3, r1
 370 000a FA80     		strh	r2, [r7, #6]	@ movhi
 371 000c BB80     		strh	r3, [r7, #4]	@ movhi
 137:.\main.c      **** 	SPIM_ClearRxBuffer();
 372              		.loc 1 137 0
ARM GAS  C:\Users\awkward\AppData\Local\Temp\cc4Ghe5a.s 			page 10


 373 000e FFF7FEFF 		bl	SPIM_ClearRxBuffer
 138:.\main.c      **** 	SPIM_ClearTxBuffer();
 374              		.loc 1 138 0
 375 0012 FFF7FEFF 		bl	SPIM_ClearTxBuffer
 139:.\main.c      **** 	
 140:.\main.c      **** 	SPIM_WriteTxData(0x80+addr);
 376              		.loc 1 140 0
 377 0016 FB88     		ldrh	r3, [r7, #6]	@ movhi
 378 0018 DBB2     		uxtb	r3, r3
 379 001a A3F18003 		sub	r3, r3, #128
 380 001e DBB2     		uxtb	r3, r3
 381 0020 1846     		mov	r0, r3
 382 0022 FFF7FEFF 		bl	SPIM_WriteTxData
 141:.\main.c      **** 	SPIM_WriteTxData(dat);
 383              		.loc 1 141 0
 384 0026 BB88     		ldrh	r3, [r7, #4]	@ movhi
 385 0028 DBB2     		uxtb	r3, r3
 386 002a 1846     		mov	r0, r3
 387 002c FFF7FEFF 		bl	SPIM_WriteTxData
 388              	.L11:
 142:.\main.c      **** 	while(!SPIM_ReadTxStatus() & SPIM_STS_SPI_DONE);
 389              		.loc 1 142 0
 390 0030 FFF7FEFF 		bl	SPIM_ReadTxStatus
 391 0034 0346     		mov	r3, r0
 392 0036 002B     		cmp	r3, #0
 393 0038 FAD0     		beq	.L11
 143:.\main.c      **** }
 394              		.loc 1 143 0
 395 003a 07F10807 		add	r7, r7, #8
 396 003e BD46     		mov	sp, r7
 397 0040 80BD     		pop	{r7, pc}
 398              		.cfi_endproc
 399              	.LFE32:
 400              		.size	radioWrite, .-radioWrite
 401 0042 00BF     		.section	.text.radioRead,"ax",%progbits
 402              		.align	2
 403              		.global	radioRead
 404              		.thumb
 405              		.thumb_func
 406              		.type	radioRead, %function
 407              	radioRead:
 408              	.LFB33:
 144:.\main.c      **** 
 145:.\main.c      **** 
 146:.\main.c      **** uint16 radioRead(uint16 addr){
 409              		.loc 1 146 0
 410              		.cfi_startproc
 411              		@ args = 0, pretend = 0, frame = 16
 412              		@ frame_needed = 1, uses_anonymous_args = 0
 413 0000 80B5     		push	{r7, lr}
 414              	.LCFI10:
 415              		.cfi_def_cfa_offset 8
 416 0002 84B0     		sub	sp, sp, #16
 417              	.LCFI11:
 418              		.cfi_def_cfa_offset 24
 419 0004 00AF     		add	r7, sp, #0
 420              		.cfi_offset 14, -4
ARM GAS  C:\Users\awkward\AppData\Local\Temp\cc4Ghe5a.s 			page 11


 421              		.cfi_offset 7, -8
 422              	.LCFI12:
 423              		.cfi_def_cfa_register 7
 424 0006 0346     		mov	r3, r0
 425 0008 FB80     		strh	r3, [r7, #6]	@ movhi
 147:.\main.c      **** 	uint16 val=0x00;
 426              		.loc 1 147 0
 427 000a 4FF00003 		mov	r3, #0
 428 000e BB81     		strh	r3, [r7, #12]	@ movhi
 148:.\main.c      **** 	uint16 i=0;
 429              		.loc 1 148 0
 430 0010 4FF00003 		mov	r3, #0
 431 0014 FB81     		strh	r3, [r7, #14]	@ movhi
 149:.\main.c      **** 	SPIM_ClearRxBuffer();
 432              		.loc 1 149 0
 433 0016 FFF7FEFF 		bl	SPIM_ClearRxBuffer
 150:.\main.c      **** 	SPIM_ClearTxBuffer();
 434              		.loc 1 150 0
 435 001a FFF7FEFF 		bl	SPIM_ClearTxBuffer
 151:.\main.c      **** 	
 152:.\main.c      **** 	SPIM_WriteTxData(addr);
 436              		.loc 1 152 0
 437 001e FB88     		ldrh	r3, [r7, #6]	@ movhi
 438 0020 DBB2     		uxtb	r3, r3
 439 0022 1846     		mov	r0, r3
 440 0024 FFF7FEFF 		bl	SPIM_WriteTxData
 153:.\main.c      **** 	SPIM_WriteTxData(0x00);
 441              		.loc 1 153 0
 442 0028 4FF00000 		mov	r0, #0
 443 002c FFF7FEFF 		bl	SPIM_WriteTxData
 154:.\main.c      **** 	SPIM_WriteTxData(0x00);
 444              		.loc 1 154 0
 445 0030 4FF00000 		mov	r0, #0
 446 0034 FFF7FEFF 		bl	SPIM_WriteTxData
 155:.\main.c      **** 	SPIM_WriteTxData(0x00);
 447              		.loc 1 155 0
 448 0038 4FF00000 		mov	r0, #0
 449 003c FFF7FEFF 		bl	SPIM_WriteTxData
 450              	.L14:
 156:.\main.c      **** 
 157:.\main.c      **** 	while(!SPIM_ReadTxStatus() & SPIM_STS_SPI_DONE);
 451              		.loc 1 157 0
 452 0040 FFF7FEFF 		bl	SPIM_ReadTxStatus
 453 0044 0346     		mov	r3, r0
 454 0046 002B     		cmp	r3, #0
 455 0048 FAD0     		beq	.L14
 158:.\main.c      **** 	
 159:.\main.c      **** 	for (i=0;i<2;i++){
 456              		.loc 1 159 0
 457 004a 4FF00003 		mov	r3, #0
 458 004e FB81     		strh	r3, [r7, #14]	@ movhi
 459 0050 12E0     		b	.L15
 460              	.L16:
 160:.\main.c      **** 			val=SPIM_ReadRxData();
 461              		.loc 1 160 0
 462 0052 FFF7FEFF 		bl	SPIM_ReadRxData
 463 0056 0346     		mov	r3, r0
ARM GAS  C:\Users\awkward\AppData\Local\Temp\cc4Ghe5a.s 			page 12


 464 0058 BB81     		strh	r3, [r7, #12]	@ movhi
 161:.\main.c      **** 			LCD_Position(1,14);
 465              		.loc 1 161 0
 466 005a 4FF00100 		mov	r0, #1
 467 005e 4FF00E01 		mov	r1, #14
 468 0062 FFF7FEFF 		bl	LCD_Position
 162:.\main.c      **** 			LCD_PrintInt8(val);
 469              		.loc 1 162 0
 470 0066 BB89     		ldrh	r3, [r7, #12]	@ movhi
 471 0068 DBB2     		uxtb	r3, r3
 472 006a 1846     		mov	r0, r3
 473 006c FFF7FEFF 		bl	LCD_PrintHexUint8
 474              		.loc 1 159 0
 475 0070 FB89     		ldrh	r3, [r7, #14]	@ movhi
 476 0072 03F10103 		add	r3, r3, #1
 477 0076 FB81     		strh	r3, [r7, #14]	@ movhi
 478              	.L15:
 479 0078 FB89     		ldrh	r3, [r7, #14]
 480 007a 012B     		cmp	r3, #1
 481 007c E9D9     		bls	.L16
 163:.\main.c      **** 			//CyDelay(1000);
 164:.\main.c      **** 		}
 165:.\main.c      **** 	return val;
 482              		.loc 1 165 0
 483 007e BB89     		ldrh	r3, [r7, #12]
 166:.\main.c      **** }...
 484              		.loc 1 166 0
 485 0080 1846     		mov	r0, r3
 486 0082 07F11007 		add	r7, r7, #16
 487 0086 BD46     		mov	sp, r7
 488 0088 80BD     		pop	{r7, pc}
 489              		.cfi_endproc
 490              	.LFE33:
 491              		.size	radioRead, .-radioRead
 492 008a 00BF     		.text
 493              	.Letext0:
 494              		.section	.debug_loc,"",%progbits
 495              	.Ldebug_loc0:
 496              	.LLST0:
 497 0000 00000000 		.4byte	.LFB29
 498 0004 02000000 		.4byte	.LCFI0
 499 0008 0100     		.2byte	0x1
 500 000a 5D       		.byte	0x5d
 501 000b 02000000 		.4byte	.LCFI0
 502 000f 04000000 		.4byte	.LCFI1
 503 0013 0200     		.2byte	0x2
 504 0015 7D       		.byte	0x7d
 505 0016 08       		.sleb128 8
 506 0017 04000000 		.4byte	.LCFI1
 507 001b 06000000 		.4byte	.LCFI2
 508 001f 0200     		.2byte	0x2
 509 0021 7D       		.byte	0x7d
 510 0022 10       		.sleb128 16
 511 0023 06000000 		.4byte	.LCFI2
 512 0027 98010000 		.4byte	.LFE29
 513 002b 0200     		.2byte	0x2
 514 002d 77       		.byte	0x77
ARM GAS  C:\Users\awkward\AppData\Local\Temp\cc4Ghe5a.s 			page 13


 515 002e 10       		.sleb128 16
 516 002f 00000000 		.4byte	0x0
 517 0033 00000000 		.4byte	0x0
 518              	.LLST1:
 519 0037 00000000 		.4byte	.LFB30
 520 003b 02000000 		.4byte	.LCFI3
 521 003f 0100     		.2byte	0x1
 522 0041 5D       		.byte	0x5d
 523 0042 02000000 		.4byte	.LCFI3
 524 0046 04000000 		.4byte	.LCFI4
 525 004a 0200     		.2byte	0x2
 526 004c 7D       		.byte	0x7d
 527 004d 04       		.sleb128 4
 528 004e 04000000 		.4byte	.LCFI4
 529 0052 30000000 		.4byte	.LFE30
 530 0056 0200     		.2byte	0x2
 531 0058 77       		.byte	0x77
 532 0059 04       		.sleb128 4
 533 005a 00000000 		.4byte	0x0
 534 005e 00000000 		.4byte	0x0
 535              	.LLST2:
 536 0062 00000000 		.4byte	.LFB31
 537 0066 02000000 		.4byte	.LCFI5
 538 006a 0100     		.2byte	0x1
 539 006c 5D       		.byte	0x5d
 540 006d 02000000 		.4byte	.LCFI5
 541 0071 04000000 		.4byte	.LCFI6
 542 0075 0200     		.2byte	0x2
 543 0077 7D       		.byte	0x7d
 544 0078 08       		.sleb128 8
 545 0079 04000000 		.4byte	.LCFI6
 546 007d 8A000000 		.4byte	.LFE31
 547 0081 0200     		.2byte	0x2
 548 0083 77       		.byte	0x77
 549 0084 08       		.sleb128 8
 550 0085 00000000 		.4byte	0x0
 551 0089 00000000 		.4byte	0x0
 552              	.LLST3:
 553 008d 00000000 		.4byte	.LFB32
 554 0091 02000000 		.4byte	.LCFI7
 555 0095 0100     		.2byte	0x1
 556 0097 5D       		.byte	0x5d
 557 0098 02000000 		.4byte	.LCFI7
 558 009c 04000000 		.4byte	.LCFI8
 559 00a0 0200     		.2byte	0x2
 560 00a2 7D       		.byte	0x7d
 561 00a3 08       		.sleb128 8
 562 00a4 04000000 		.4byte	.LCFI8
 563 00a8 06000000 		.4byte	.LCFI9
 564 00ac 0200     		.2byte	0x2
 565 00ae 7D       		.byte	0x7d
 566 00af 10       		.sleb128 16
 567 00b0 06000000 		.4byte	.LCFI9
 568 00b4 42000000 		.4byte	.LFE32
 569 00b8 0200     		.2byte	0x2
 570 00ba 77       		.byte	0x77
 571 00bb 10       		.sleb128 16
ARM GAS  C:\Users\awkward\AppData\Local\Temp\cc4Ghe5a.s 			page 14


 572 00bc 00000000 		.4byte	0x0
 573 00c0 00000000 		.4byte	0x0
 574              	.LLST4:
 575 00c4 00000000 		.4byte	.LFB33
 576 00c8 02000000 		.4byte	.LCFI10
 577 00cc 0100     		.2byte	0x1
 578 00ce 5D       		.byte	0x5d
 579 00cf 02000000 		.4byte	.LCFI10
 580 00d3 04000000 		.4byte	.LCFI11
 581 00d7 0200     		.2byte	0x2
 582 00d9 7D       		.byte	0x7d
 583 00da 08       		.sleb128 8
 584 00db 04000000 		.4byte	.LCFI11
 585 00df 06000000 		.4byte	.LCFI12
 586 00e3 0200     		.2byte	0x2
 587 00e5 7D       		.byte	0x7d
 588 00e6 18       		.sleb128 24
 589 00e7 06000000 		.4byte	.LCFI12
 590 00eb 8A000000 		.4byte	.LFE33
 591 00ef 0200     		.2byte	0x2
 592 00f1 77       		.byte	0x77
 593 00f2 18       		.sleb128 24
 594 00f3 00000000 		.4byte	0x0
 595 00f7 00000000 		.4byte	0x0
 596              		.file 2 "./Generated_Source/PSoC5/cytypes.h"
 597              		.file 3 "./Generated_Source/PSoC5/core_cm3.h"
 598              		.section	.debug_info
 599 0000 91010000 		.4byte	0x191
 600 0004 0200     		.2byte	0x2
 601 0006 00000000 		.4byte	.Ldebug_abbrev0
 602 000a 04       		.byte	0x4
 603 000b 01       		.uleb128 0x1
 604 000c 75000000 		.4byte	.LASF13
 605 0010 01       		.byte	0x1
 606 0011 11010000 		.4byte	.LASF14
 607 0015 C9000000 		.4byte	.LASF15
 608 0019 00000000 		.4byte	0x0
 609 001d 00000000 		.4byte	0x0
 610 0021 00000000 		.4byte	.Ldebug_ranges0+0x0
 611 0025 00000000 		.4byte	.Ldebug_line0
 612 0029 02       		.uleb128 0x2
 613 002a 01       		.byte	0x1
 614 002b 06       		.byte	0x6
 615 002c FB000000 		.4byte	.LASF0
 616 0030 02       		.uleb128 0x2
 617 0031 01       		.byte	0x1
 618 0032 08       		.byte	0x8
 619 0033 81000000 		.4byte	.LASF1
 620 0037 02       		.uleb128 0x2
 621 0038 02       		.byte	0x2
 622 0039 05       		.byte	0x5
 623 003a 45000000 		.4byte	.LASF2
 624 003e 02       		.uleb128 0x2
 625 003f 02       		.byte	0x2
 626 0040 07       		.byte	0x7
 627 0041 0E000000 		.4byte	.LASF3
 628 0045 02       		.uleb128 0x2
ARM GAS  C:\Users\awkward\AppData\Local\Temp\cc4Ghe5a.s 			page 15


 629 0046 04       		.byte	0x4
 630 0047 05       		.byte	0x5
 631 0048 C0000000 		.4byte	.LASF4
 632 004c 02       		.uleb128 0x2
 633 004d 04       		.byte	0x4
 634 004e 07       		.byte	0x7
 635 004f 33000000 		.4byte	.LASF5
 636 0053 02       		.uleb128 0x2
 637 0054 08       		.byte	0x8
 638 0055 05       		.byte	0x5
 639 0056 00000000 		.4byte	.LASF6
 640 005a 02       		.uleb128 0x2
 641 005b 08       		.byte	0x8
 642 005c 07       		.byte	0x7
 643 005d 4F000000 		.4byte	.LASF7
 644 0061 03       		.uleb128 0x3
 645 0062 04       		.byte	0x4
 646 0063 05       		.byte	0x5
 647 0064 696E7400 		.ascii	"int\000"
 648 0068 02       		.uleb128 0x2
 649 0069 04       		.byte	0x4
 650 006a 07       		.byte	0x7
 651 006b 21000000 		.4byte	.LASF8
 652 006f 02       		.uleb128 0x2
 653 0070 01       		.byte	0x1
 654 0071 08       		.byte	0x8
 655 0072 8F000000 		.4byte	.LASF9
 656 0076 04       		.uleb128 0x4
 657 0077 1A010000 		.4byte	.LASF16
 658 007b 02       		.byte	0x2
 659 007c 2B       		.byte	0x2b
 660 007d 3E000000 		.4byte	0x3e
 661 0081 05       		.uleb128 0x5
 662 0082 04       		.byte	0x4
 663 0083 07       		.byte	0x7
 664 0084 06       		.uleb128 0x6
 665 0085 01       		.byte	0x1
 666 0086 2E000000 		.4byte	.LASF17
 667 008a 01       		.byte	0x1
 668 008b 15       		.byte	0x15
 669 008c 00000000 		.4byte	.LFB29
 670 0090 98010000 		.4byte	.LFE29
 671 0094 00000000 		.4byte	.LLST0
 672 0098 C7000000 		.4byte	0xc7
 673 009c 07       		.uleb128 0x7
 674 009d 64617400 		.ascii	"dat\000"
 675 00a1 01       		.byte	0x1
 676 00a2 1A       		.byte	0x1a
 677 00a3 76000000 		.4byte	0x76
 678 00a7 02       		.byte	0x2
 679 00a8 91       		.byte	0x91
 680 00a9 72       		.sleb128 -14
 681 00aa 07       		.uleb128 0x7
 682 00ab 76616C00 		.ascii	"val\000"
 683 00af 01       		.byte	0x1
 684 00b0 1B       		.byte	0x1b
 685 00b1 76000000 		.4byte	0x76
ARM GAS  C:\Users\awkward\AppData\Local\Temp\cc4Ghe5a.s 			page 16


 686 00b5 02       		.byte	0x2
 687 00b6 91       		.byte	0x91
 688 00b7 74       		.sleb128 -12
 689 00b8 08       		.uleb128 0x8
 690 00b9 AD000000 		.4byte	.LASF10
 691 00bd 01       		.byte	0x1
 692 00be 1C       		.byte	0x1c
 693 00bf 76000000 		.4byte	0x76
 694 00c3 02       		.byte	0x2
 695 00c4 91       		.byte	0x91
 696 00c5 76       		.sleb128 -10
 697 00c6 00       		.byte	0x0
 698 00c7 09       		.uleb128 0x9
 699 00c8 01       		.byte	0x1
 700 00c9 A1000000 		.4byte	.LASF18
 701 00cd 01       		.byte	0x1
 702 00ce 5C       		.byte	0x5c
 703 00cf 76000000 		.4byte	0x76
 704 00d3 00000000 		.4byte	.LFB30
 705 00d7 30000000 		.4byte	.LFE30
 706 00db 37000000 		.4byte	.LLST1
 707 00df 0A       		.uleb128 0xa
 708 00e0 01       		.byte	0x1
 709 00e1 66000000 		.4byte	.LASF19
 710 00e5 01       		.byte	0x1
 711 00e6 63       		.byte	0x63
 712 00e7 00000000 		.4byte	.LFB31
 713 00eb 8A000000 		.4byte	.LFE31
 714 00ef 62000000 		.4byte	.LLST2
 715 00f3 0B       		.uleb128 0xb
 716 00f4 01       		.byte	0x1
 717 00f5 B5000000 		.4byte	.LASF20
 718 00f9 01       		.byte	0x1
 719 00fa 88       		.byte	0x88
 720 00fb 01       		.byte	0x1
 721 00fc 00000000 		.4byte	.LFB32
 722 0100 42000000 		.4byte	.LFE32
 723 0104 8D000000 		.4byte	.LLST3
 724 0108 29010000 		.4byte	0x129
 725 010c 0C       		.uleb128 0xc
 726 010d 70000000 		.4byte	.LASF11
 727 0111 01       		.byte	0x1
 728 0112 88       		.byte	0x88
 729 0113 76000000 		.4byte	0x76
 730 0117 02       		.byte	0x2
 731 0118 91       		.byte	0x91
 732 0119 76       		.sleb128 -10
 733 011a 0D       		.uleb128 0xd
 734 011b 64617400 		.ascii	"dat\000"
 735 011f 01       		.byte	0x1
 736 0120 88       		.byte	0x88
 737 0121 76000000 		.4byte	0x76
 738 0125 02       		.byte	0x2
 739 0126 91       		.byte	0x91
 740 0127 74       		.sleb128 -12
 741 0128 00       		.byte	0x0
 742 0129 0E       		.uleb128 0xe
ARM GAS  C:\Users\awkward\AppData\Local\Temp\cc4Ghe5a.s 			page 17


 743 012a 01       		.byte	0x1
 744 012b 07010000 		.4byte	.LASF21
 745 012f 01       		.byte	0x1
 746 0130 92       		.byte	0x92
 747 0131 01       		.byte	0x1
 748 0132 76000000 		.4byte	0x76
 749 0136 00000000 		.4byte	.LFB33
 750 013a 8A000000 		.4byte	.LFE33
 751 013e C4000000 		.4byte	.LLST4
 752 0142 6F010000 		.4byte	0x16f
 753 0146 0C       		.uleb128 0xc
 754 0147 70000000 		.4byte	.LASF11
 755 014b 01       		.byte	0x1
 756 014c 92       		.byte	0x92
 757 014d 76000000 		.4byte	0x76
 758 0151 02       		.byte	0x2
 759 0152 91       		.byte	0x91
 760 0153 6E       		.sleb128 -18
 761 0154 07       		.uleb128 0x7
 762 0155 76616C00 		.ascii	"val\000"
 763 0159 01       		.byte	0x1
 764 015a 93       		.byte	0x93
 765 015b 76000000 		.4byte	0x76
 766 015f 02       		.byte	0x2
 767 0160 91       		.byte	0x91
 768 0161 74       		.sleb128 -12
 769 0162 07       		.uleb128 0x7
 770 0163 6900     		.ascii	"i\000"
 771 0165 01       		.byte	0x1
 772 0166 94       		.byte	0x94
 773 0167 76000000 		.4byte	0x76
 774 016b 02       		.byte	0x2
 775 016c 91       		.byte	0x91
 776 016d 76       		.sleb128 -10
 777 016e 00       		.byte	0x0
 778 016f 0F       		.uleb128 0xf
 779 0170 94000000 		.4byte	.LASF12
 780 0174 03       		.byte	0x3
 781 0175 CE06     		.2byte	0x6ce
 782 0177 7D010000 		.4byte	0x17d
 783 017b 01       		.byte	0x1
 784 017c 01       		.byte	0x1
 785 017d 10       		.uleb128 0x10
 786 017e 61000000 		.4byte	0x61
 787 0182 11       		.uleb128 0x11
 788 0183 78797A00 		.ascii	"xyz\000"
 789 0187 01       		.byte	0x1
 790 0188 13       		.byte	0x13
 791 0189 76000000 		.4byte	0x76
 792 018d 01       		.byte	0x1
 793 018e 05       		.byte	0x5
 794 018f 03       		.byte	0x3
 795 0190 00000000 		.4byte	xyz
 796 0194 00       		.byte	0x0
 797              		.section	.debug_abbrev
 798 0000 01       		.uleb128 0x1
 799 0001 11       		.uleb128 0x11
ARM GAS  C:\Users\awkward\AppData\Local\Temp\cc4Ghe5a.s 			page 18


 800 0002 01       		.byte	0x1
 801 0003 25       		.uleb128 0x25
 802 0004 0E       		.uleb128 0xe
 803 0005 13       		.uleb128 0x13
 804 0006 0B       		.uleb128 0xb
 805 0007 03       		.uleb128 0x3
 806 0008 0E       		.uleb128 0xe
 807 0009 1B       		.uleb128 0x1b
 808 000a 0E       		.uleb128 0xe
 809 000b 11       		.uleb128 0x11
 810 000c 01       		.uleb128 0x1
 811 000d 52       		.uleb128 0x52
 812 000e 01       		.uleb128 0x1
 813 000f 55       		.uleb128 0x55
 814 0010 06       		.uleb128 0x6
 815 0011 10       		.uleb128 0x10
 816 0012 06       		.uleb128 0x6
 817 0013 00       		.byte	0x0
 818 0014 00       		.byte	0x0
 819 0015 02       		.uleb128 0x2
 820 0016 24       		.uleb128 0x24
 821 0017 00       		.byte	0x0
 822 0018 0B       		.uleb128 0xb
 823 0019 0B       		.uleb128 0xb
 824 001a 3E       		.uleb128 0x3e
 825 001b 0B       		.uleb128 0xb
 826 001c 03       		.uleb128 0x3
 827 001d 0E       		.uleb128 0xe
 828 001e 00       		.byte	0x0
 829 001f 00       		.byte	0x0
 830 0020 03       		.uleb128 0x3
 831 0021 24       		.uleb128 0x24
 832 0022 00       		.byte	0x0
 833 0023 0B       		.uleb128 0xb
 834 0024 0B       		.uleb128 0xb
 835 0025 3E       		.uleb128 0x3e
 836 0026 0B       		.uleb128 0xb
 837 0027 03       		.uleb128 0x3
 838 0028 08       		.uleb128 0x8
 839 0029 00       		.byte	0x0
 840 002a 00       		.byte	0x0
 841 002b 04       		.uleb128 0x4
 842 002c 16       		.uleb128 0x16
 843 002d 00       		.byte	0x0
 844 002e 03       		.uleb128 0x3
 845 002f 0E       		.uleb128 0xe
 846 0030 3A       		.uleb128 0x3a
 847 0031 0B       		.uleb128 0xb
 848 0032 3B       		.uleb128 0x3b
 849 0033 0B       		.uleb128 0xb
 850 0034 49       		.uleb128 0x49
 851 0035 13       		.uleb128 0x13
 852 0036 00       		.byte	0x0
 853 0037 00       		.byte	0x0
 854 0038 05       		.uleb128 0x5
 855 0039 24       		.uleb128 0x24
 856 003a 00       		.byte	0x0
ARM GAS  C:\Users\awkward\AppData\Local\Temp\cc4Ghe5a.s 			page 19


 857 003b 0B       		.uleb128 0xb
 858 003c 0B       		.uleb128 0xb
 859 003d 3E       		.uleb128 0x3e
 860 003e 0B       		.uleb128 0xb
 861 003f 00       		.byte	0x0
 862 0040 00       		.byte	0x0
 863 0041 06       		.uleb128 0x6
 864 0042 2E       		.uleb128 0x2e
 865 0043 01       		.byte	0x1
 866 0044 3F       		.uleb128 0x3f
 867 0045 0C       		.uleb128 0xc
 868 0046 03       		.uleb128 0x3
 869 0047 0E       		.uleb128 0xe
 870 0048 3A       		.uleb128 0x3a
 871 0049 0B       		.uleb128 0xb
 872 004a 3B       		.uleb128 0x3b
 873 004b 0B       		.uleb128 0xb
 874 004c 11       		.uleb128 0x11
 875 004d 01       		.uleb128 0x1
 876 004e 12       		.uleb128 0x12
 877 004f 01       		.uleb128 0x1
 878 0050 40       		.uleb128 0x40
 879 0051 06       		.uleb128 0x6
 880 0052 01       		.uleb128 0x1
 881 0053 13       		.uleb128 0x13
 882 0054 00       		.byte	0x0
 883 0055 00       		.byte	0x0
 884 0056 07       		.uleb128 0x7
 885 0057 34       		.uleb128 0x34
 886 0058 00       		.byte	0x0
 887 0059 03       		.uleb128 0x3
 888 005a 08       		.uleb128 0x8
 889 005b 3A       		.uleb128 0x3a
 890 005c 0B       		.uleb128 0xb
 891 005d 3B       		.uleb128 0x3b
 892 005e 0B       		.uleb128 0xb
 893 005f 49       		.uleb128 0x49
 894 0060 13       		.uleb128 0x13
 895 0061 02       		.uleb128 0x2
 896 0062 0A       		.uleb128 0xa
 897 0063 00       		.byte	0x0
 898 0064 00       		.byte	0x0
 899 0065 08       		.uleb128 0x8
 900 0066 34       		.uleb128 0x34
 901 0067 00       		.byte	0x0
 902 0068 03       		.uleb128 0x3
 903 0069 0E       		.uleb128 0xe
 904 006a 3A       		.uleb128 0x3a
 905 006b 0B       		.uleb128 0xb
 906 006c 3B       		.uleb128 0x3b
 907 006d 0B       		.uleb128 0xb
 908 006e 49       		.uleb128 0x49
 909 006f 13       		.uleb128 0x13
 910 0070 02       		.uleb128 0x2
 911 0071 0A       		.uleb128 0xa
 912 0072 00       		.byte	0x0
 913 0073 00       		.byte	0x0
ARM GAS  C:\Users\awkward\AppData\Local\Temp\cc4Ghe5a.s 			page 20


 914 0074 09       		.uleb128 0x9
 915 0075 2E       		.uleb128 0x2e
 916 0076 00       		.byte	0x0
 917 0077 3F       		.uleb128 0x3f
 918 0078 0C       		.uleb128 0xc
 919 0079 03       		.uleb128 0x3
 920 007a 0E       		.uleb128 0xe
 921 007b 3A       		.uleb128 0x3a
 922 007c 0B       		.uleb128 0xb
 923 007d 3B       		.uleb128 0x3b
 924 007e 0B       		.uleb128 0xb
 925 007f 49       		.uleb128 0x49
 926 0080 13       		.uleb128 0x13
 927 0081 11       		.uleb128 0x11
 928 0082 01       		.uleb128 0x1
 929 0083 12       		.uleb128 0x12
 930 0084 01       		.uleb128 0x1
 931 0085 40       		.uleb128 0x40
 932 0086 06       		.uleb128 0x6
 933 0087 00       		.byte	0x0
 934 0088 00       		.byte	0x0
 935 0089 0A       		.uleb128 0xa
 936 008a 2E       		.uleb128 0x2e
 937 008b 00       		.byte	0x0
 938 008c 3F       		.uleb128 0x3f
 939 008d 0C       		.uleb128 0xc
 940 008e 03       		.uleb128 0x3
 941 008f 0E       		.uleb128 0xe
 942 0090 3A       		.uleb128 0x3a
 943 0091 0B       		.uleb128 0xb
 944 0092 3B       		.uleb128 0x3b
 945 0093 0B       		.uleb128 0xb
 946 0094 11       		.uleb128 0x11
 947 0095 01       		.uleb128 0x1
 948 0096 12       		.uleb128 0x12
 949 0097 01       		.uleb128 0x1
 950 0098 40       		.uleb128 0x40
 951 0099 06       		.uleb128 0x6
 952 009a 00       		.byte	0x0
 953 009b 00       		.byte	0x0
 954 009c 0B       		.uleb128 0xb
 955 009d 2E       		.uleb128 0x2e
 956 009e 01       		.byte	0x1
 957 009f 3F       		.uleb128 0x3f
 958 00a0 0C       		.uleb128 0xc
 959 00a1 03       		.uleb128 0x3
 960 00a2 0E       		.uleb128 0xe
 961 00a3 3A       		.uleb128 0x3a
 962 00a4 0B       		.uleb128 0xb
 963 00a5 3B       		.uleb128 0x3b
 964 00a6 0B       		.uleb128 0xb
 965 00a7 27       		.uleb128 0x27
 966 00a8 0C       		.uleb128 0xc
 967 00a9 11       		.uleb128 0x11
 968 00aa 01       		.uleb128 0x1
 969 00ab 12       		.uleb128 0x12
 970 00ac 01       		.uleb128 0x1
ARM GAS  C:\Users\awkward\AppData\Local\Temp\cc4Ghe5a.s 			page 21


 971 00ad 40       		.uleb128 0x40
 972 00ae 06       		.uleb128 0x6
 973 00af 01       		.uleb128 0x1
 974 00b0 13       		.uleb128 0x13
 975 00b1 00       		.byte	0x0
 976 00b2 00       		.byte	0x0
 977 00b3 0C       		.uleb128 0xc
 978 00b4 05       		.uleb128 0x5
 979 00b5 00       		.byte	0x0
 980 00b6 03       		.uleb128 0x3
 981 00b7 0E       		.uleb128 0xe
 982 00b8 3A       		.uleb128 0x3a
 983 00b9 0B       		.uleb128 0xb
 984 00ba 3B       		.uleb128 0x3b
 985 00bb 0B       		.uleb128 0xb
 986 00bc 49       		.uleb128 0x49
 987 00bd 13       		.uleb128 0x13
 988 00be 02       		.uleb128 0x2
 989 00bf 0A       		.uleb128 0xa
 990 00c0 00       		.byte	0x0
 991 00c1 00       		.byte	0x0
 992 00c2 0D       		.uleb128 0xd
 993 00c3 05       		.uleb128 0x5
 994 00c4 00       		.byte	0x0
 995 00c5 03       		.uleb128 0x3
 996 00c6 08       		.uleb128 0x8
 997 00c7 3A       		.uleb128 0x3a
 998 00c8 0B       		.uleb128 0xb
 999 00c9 3B       		.uleb128 0x3b
 1000 00ca 0B       		.uleb128 0xb
 1001 00cb 49       		.uleb128 0x49
 1002 00cc 13       		.uleb128 0x13
 1003 00cd 02       		.uleb128 0x2
 1004 00ce 0A       		.uleb128 0xa
 1005 00cf 00       		.byte	0x0
 1006 00d0 00       		.byte	0x0
 1007 00d1 0E       		.uleb128 0xe
 1008 00d2 2E       		.uleb128 0x2e
 1009 00d3 01       		.byte	0x1
 1010 00d4 3F       		.uleb128 0x3f
 1011 00d5 0C       		.uleb128 0xc
 1012 00d6 03       		.uleb128 0x3
 1013 00d7 0E       		.uleb128 0xe
 1014 00d8 3A       		.uleb128 0x3a
 1015 00d9 0B       		.uleb128 0xb
 1016 00da 3B       		.uleb128 0x3b
 1017 00db 0B       		.uleb128 0xb
 1018 00dc 27       		.uleb128 0x27
 1019 00dd 0C       		.uleb128 0xc
 1020 00de 49       		.uleb128 0x49
 1021 00df 13       		.uleb128 0x13
 1022 00e0 11       		.uleb128 0x11
 1023 00e1 01       		.uleb128 0x1
 1024 00e2 12       		.uleb128 0x12
 1025 00e3 01       		.uleb128 0x1
 1026 00e4 40       		.uleb128 0x40
 1027 00e5 06       		.uleb128 0x6
ARM GAS  C:\Users\awkward\AppData\Local\Temp\cc4Ghe5a.s 			page 22


 1028 00e6 01       		.uleb128 0x1
 1029 00e7 13       		.uleb128 0x13
 1030 00e8 00       		.byte	0x0
 1031 00e9 00       		.byte	0x0
 1032 00ea 0F       		.uleb128 0xf
 1033 00eb 34       		.uleb128 0x34
 1034 00ec 00       		.byte	0x0
 1035 00ed 03       		.uleb128 0x3
 1036 00ee 0E       		.uleb128 0xe
 1037 00ef 3A       		.uleb128 0x3a
 1038 00f0 0B       		.uleb128 0xb
 1039 00f1 3B       		.uleb128 0x3b
 1040 00f2 05       		.uleb128 0x5
 1041 00f3 49       		.uleb128 0x49
 1042 00f4 13       		.uleb128 0x13
 1043 00f5 3F       		.uleb128 0x3f
 1044 00f6 0C       		.uleb128 0xc
 1045 00f7 3C       		.uleb128 0x3c
 1046 00f8 0C       		.uleb128 0xc
 1047 00f9 00       		.byte	0x0
 1048 00fa 00       		.byte	0x0
 1049 00fb 10       		.uleb128 0x10
 1050 00fc 35       		.uleb128 0x35
 1051 00fd 00       		.byte	0x0
 1052 00fe 49       		.uleb128 0x49
 1053 00ff 13       		.uleb128 0x13
 1054 0100 00       		.byte	0x0
 1055 0101 00       		.byte	0x0
 1056 0102 11       		.uleb128 0x11
 1057 0103 34       		.uleb128 0x34
 1058 0104 00       		.byte	0x0
 1059 0105 03       		.uleb128 0x3
 1060 0106 08       		.uleb128 0x8
 1061 0107 3A       		.uleb128 0x3a
 1062 0108 0B       		.uleb128 0xb
 1063 0109 3B       		.uleb128 0x3b
 1064 010a 0B       		.uleb128 0xb
 1065 010b 49       		.uleb128 0x49
 1066 010c 13       		.uleb128 0x13
 1067 010d 3F       		.uleb128 0x3f
 1068 010e 0C       		.uleb128 0xc
 1069 010f 02       		.uleb128 0x2
 1070 0110 0A       		.uleb128 0xa
 1071 0111 00       		.byte	0x0
 1072 0112 00       		.byte	0x0
 1073 0113 00       		.byte	0x0
 1074              		.section	.debug_pubnames,"",%progbits
 1075 0000 5A000000 		.4byte	0x5a
 1076 0004 0200     		.2byte	0x2
 1077 0006 00000000 		.4byte	.Ldebug_info0
 1078 000a 95010000 		.4byte	0x195
 1079 000e 84000000 		.4byte	0x84
 1080 0012 6D61696E 		.ascii	"main\000"
 1080      00
 1081 0017 C7000000 		.4byte	0xc7
 1082 001b 70726570 		.ascii	"prepareData\000"
 1082      61726544 
ARM GAS  C:\Users\awkward\AppData\Local\Temp\cc4Ghe5a.s 			page 23


 1082      61746100 
 1083 0027 DF000000 		.4byte	0xdf
 1084 002b 72616469 		.ascii	"radioInit\000"
 1084      6F496E69 
 1084      7400
 1085 0035 F3000000 		.4byte	0xf3
 1086 0039 72616469 		.ascii	"radioWrite\000"
 1086      6F577269 
 1086      746500
 1087 0044 29010000 		.4byte	0x129
 1088 0048 72616469 		.ascii	"radioRead\000"
 1088      6F526561 
 1088      6400
 1089 0052 82010000 		.4byte	0x182
 1090 0056 78797A00 		.ascii	"xyz\000"
 1091 005a 00000000 		.4byte	0x0
 1092              		.section	.debug_aranges,"",%progbits
 1093 0000 3C000000 		.4byte	0x3c
 1094 0004 0200     		.2byte	0x2
 1095 0006 00000000 		.4byte	.Ldebug_info0
 1096 000a 04       		.byte	0x4
 1097 000b 00       		.byte	0x0
 1098 000c 0000     		.2byte	0x0
 1099 000e 0000     		.2byte	0x0
 1100 0010 00000000 		.4byte	.LFB29
 1101 0014 98010000 		.4byte	.LFE29-.LFB29
 1102 0018 00000000 		.4byte	.LFB30
 1103 001c 30000000 		.4byte	.LFE30-.LFB30
 1104 0020 00000000 		.4byte	.LFB31
 1105 0024 8A000000 		.4byte	.LFE31-.LFB31
 1106 0028 00000000 		.4byte	.LFB32
 1107 002c 42000000 		.4byte	.LFE32-.LFB32
 1108 0030 00000000 		.4byte	.LFB33
 1109 0034 8A000000 		.4byte	.LFE33-.LFB33
 1110 0038 00000000 		.4byte	0x0
 1111 003c 00000000 		.4byte	0x0
 1112              		.section	.debug_ranges,"",%progbits
 1113              	.Ldebug_ranges0:
 1114 0000 00000000 		.4byte	.Ltext0
 1115 0004 00000000 		.4byte	.Letext0
 1116 0008 00000000 		.4byte	.LFB29
 1117 000c 98010000 		.4byte	.LFE29
 1118 0010 00000000 		.4byte	.LFB30
 1119 0014 30000000 		.4byte	.LFE30
 1120 0018 00000000 		.4byte	.LFB31
 1121 001c 8A000000 		.4byte	.LFE31
 1122 0020 00000000 		.4byte	.LFB32
 1123 0024 42000000 		.4byte	.LFE32
 1124 0028 00000000 		.4byte	.LFB33
 1125 002c 8A000000 		.4byte	.LFE33
 1126 0030 00000000 		.4byte	0x0
 1127 0034 00000000 		.4byte	0x0
 1128              		.section	.debug_str,"MS",%progbits,1
 1129              	.LASF6:
 1130 0000 6C6F6E67 		.ascii	"long long int\000"
 1130      206C6F6E 
 1130      6720696E 
ARM GAS  C:\Users\awkward\AppData\Local\Temp\cc4Ghe5a.s 			page 24


 1130      7400
 1131              	.LASF3:
 1132 000e 73686F72 		.ascii	"short unsigned int\000"
 1132      7420756E 
 1132      7369676E 
 1132      65642069 
 1132      6E7400
 1133              	.LASF8:
 1134 0021 756E7369 		.ascii	"unsigned int\000"
 1134      676E6564 
 1134      20696E74 
 1134      00
 1135              	.LASF17:
 1136 002e 6D61696E 		.ascii	"main\000"
 1136      00
 1137              	.LASF5:
 1138 0033 6C6F6E67 		.ascii	"long unsigned int\000"
 1138      20756E73 
 1138      69676E65 
 1138      6420696E 
 1138      7400
 1139              	.LASF2:
 1140 0045 73686F72 		.ascii	"short int\000"
 1140      7420696E 
 1140      7400
 1141              	.LASF7:
 1142 004f 6C6F6E67 		.ascii	"long long unsigned int\000"
 1142      206C6F6E 
 1142      6720756E 
 1142      7369676E 
 1142      65642069 
 1143              	.LASF19:
 1144 0066 72616469 		.ascii	"radioInit\000"
 1144      6F496E69 
 1144      7400
 1145              	.LASF11:
 1146 0070 61646472 		.ascii	"addr\000"
 1146      00
 1147              	.LASF13:
 1148 0075 474E5520 		.ascii	"GNU C 4.4.1\000"
 1148      4320342E 
 1148      342E3100 
 1149              	.LASF1:
 1150 0081 756E7369 		.ascii	"unsigned char\000"
 1150      676E6564 
 1150      20636861 
 1150      7200
 1151              	.LASF9:
 1152 008f 63686172 		.ascii	"char\000"
 1152      00
 1153              	.LASF12:
 1154 0094 49544D5F 		.ascii	"ITM_RxBuffer\000"
 1154      52784275 
 1154      66666572 
 1154      00
 1155              	.LASF18:
 1156 00a1 70726570 		.ascii	"prepareData\000"
ARM GAS  C:\Users\awkward\AppData\Local\Temp\cc4Ghe5a.s 			page 25


 1156      61726544 
 1156      61746100 
 1157              	.LASF10:
 1158 00ad 69727153 		.ascii	"irqStat\000"
 1158      74617400 
 1159              	.LASF20:
 1160 00b5 72616469 		.ascii	"radioWrite\000"
 1160      6F577269 
 1160      746500
 1161              	.LASF4:
 1162 00c0 6C6F6E67 		.ascii	"long int\000"
 1162      20696E74 
 1162      00
 1163              	.LASF15:
 1164 00c9 493A5C43 		.ascii	"I:\\ControllerKinect\\Transmitter\\Transmitter.cyds"
 1164      6F6E7472 
 1164      6F6C6C65 
 1164      724B696E 
 1164      6563745C 
 1165 00f9 6E00     		.ascii	"n\000"
 1166              	.LASF0:
 1167 00fb 7369676E 		.ascii	"signed char\000"
 1167      65642063 
 1167      68617200 
 1168              	.LASF21:
 1169 0107 72616469 		.ascii	"radioRead\000"
 1169      6F526561 
 1169      6400
 1170              	.LASF14:
 1171 0111 2E5C6D61 		.ascii	".\\main.c\000"
 1171      696E2E63 
 1171      00
 1172              	.LASF16:
 1173 011a 75696E74 		.ascii	"uint16\000"
 1173      313600
 1174              		.ident	"GCC: (Sourcery G++ Lite 2010q1-188) 4.4.1"
