ARM GAS  C:\Users\CHARLI~1\AppData\Local\Temp\ccLU7XYj.s 			page 1


   1              		.syntax unified
   2              		.cpu cortex-m3
   3              		.fpu softvfp
   4              		.eabi_attribute 20, 1
   5              		.eabi_attribute 21, 1
   6              		.eabi_attribute 23, 3
   7              		.eabi_attribute 24, 1
   8              		.eabi_attribute 25, 1
   9              		.eabi_attribute 26, 1
  10              		.eabi_attribute 30, 6
  11              		.eabi_attribute 18, 4
  12              		.thumb
  13              		.file	"UART_INT.c"
  14              		.section	.debug_abbrev,"",%progbits
  15              	.Ldebug_abbrev0:
  16              		.section	.debug_info,"",%progbits
  17              	.Ldebug_info0:
  18              		.section	.debug_line,"",%progbits
  19              	.Ldebug_line0:
  20 0000 19000000 		.text
  20      02001300 
  20      00000201 
  20      FB0E0D00 
  20      01010101 
  21              	.Ltext0:
  22              		.cfi_sections	.debug_frame
  23              	.Letext0:
  24              		.section	.debug_info
  25 0000 6F000000 		.4byte	0x6f
  26 0004 0200     		.2byte	0x2
  27 0006 00000000 		.4byte	.Ldebug_abbrev0
  28 000a 04       		.byte	0x4
  29 000b 01       		.uleb128 0x1
  30 000c D9000000 		.4byte	.LASF10
  31 0010 01       		.byte	0x1
  32 0011 B5000000 		.4byte	.LASF11
  33 0015 3E000000 		.4byte	.LASF12
  34 0019 00000000 		.4byte	.Ltext0
  35 001d 00000000 		.4byte	.Letext0
  36 0021 00000000 		.4byte	.Ldebug_line0
  37 0025 02       		.uleb128 0x2
  38 0026 01       		.byte	0x1
  39 0027 06       		.byte	0x6
  40 0028 1F000000 		.4byte	.LASF0
  41 002c 02       		.uleb128 0x2
  42 002d 01       		.byte	0x1
  43 002e 08       		.byte	0x8
  44 002f 94000000 		.4byte	.LASF1
  45 0033 02       		.uleb128 0x2
  46 0034 02       		.byte	0x2
  47 0035 05       		.byte	0x5
  48 0036 AB000000 		.4byte	.LASF2
  49 003a 02       		.uleb128 0x2
  50 003b 02       		.byte	0x2
  51 003c 07       		.byte	0x7
  52 003d 2B000000 		.4byte	.LASF3
  53 0041 02       		.uleb128 0x2
ARM GAS  C:\Users\CHARLI~1\AppData\Local\Temp\ccLU7XYj.s 			page 2


  54 0042 04       		.byte	0x4
  55 0043 05       		.byte	0x5
  56 0044 A2000000 		.4byte	.LASF4
  57 0048 02       		.uleb128 0x2
  58 0049 04       		.byte	0x4
  59 004a 07       		.byte	0x7
  60 004b 0D000000 		.4byte	.LASF5
  61 004f 02       		.uleb128 0x2
  62 0050 08       		.byte	0x8
  63 0051 05       		.byte	0x5
  64 0052 E5000000 		.4byte	.LASF6
  65 0056 02       		.uleb128 0x2
  66 0057 08       		.byte	0x8
  67 0058 07       		.byte	0x7
  68 0059 7D000000 		.4byte	.LASF7
  69 005d 03       		.uleb128 0x3
  70 005e 04       		.byte	0x4
  71 005f 05       		.byte	0x5
  72 0060 696E7400 		.ascii	"int\000"
  73 0064 02       		.uleb128 0x2
  74 0065 04       		.byte	0x4
  75 0066 07       		.byte	0x7
  76 0067 00000000 		.4byte	.LASF8
  77 006b 02       		.uleb128 0x2
  78 006c 01       		.byte	0x1
  79 006d 08       		.byte	0x8
  80 006e 78000000 		.4byte	.LASF9
  81 0072 00       		.byte	0x0
  82              		.section	.debug_abbrev
  83 0000 01       		.uleb128 0x1
  84 0001 11       		.uleb128 0x11
  85 0002 01       		.byte	0x1
  86 0003 25       		.uleb128 0x25
  87 0004 0E       		.uleb128 0xe
  88 0005 13       		.uleb128 0x13
  89 0006 0B       		.uleb128 0xb
  90 0007 03       		.uleb128 0x3
  91 0008 0E       		.uleb128 0xe
  92 0009 1B       		.uleb128 0x1b
  93 000a 0E       		.uleb128 0xe
  94 000b 11       		.uleb128 0x11
  95 000c 01       		.uleb128 0x1
  96 000d 12       		.uleb128 0x12
  97 000e 01       		.uleb128 0x1
  98 000f 10       		.uleb128 0x10
  99 0010 06       		.uleb128 0x6
 100 0011 00       		.byte	0x0
 101 0012 00       		.byte	0x0
 102 0013 02       		.uleb128 0x2
 103 0014 24       		.uleb128 0x24
 104 0015 00       		.byte	0x0
 105 0016 0B       		.uleb128 0xb
 106 0017 0B       		.uleb128 0xb
 107 0018 3E       		.uleb128 0x3e
 108 0019 0B       		.uleb128 0xb
 109 001a 03       		.uleb128 0x3
 110 001b 0E       		.uleb128 0xe
ARM GAS  C:\Users\CHARLI~1\AppData\Local\Temp\ccLU7XYj.s 			page 3


 111 001c 00       		.byte	0x0
 112 001d 00       		.byte	0x0
 113 001e 03       		.uleb128 0x3
 114 001f 24       		.uleb128 0x24
 115 0020 00       		.byte	0x0
 116 0021 0B       		.uleb128 0xb
 117 0022 0B       		.uleb128 0xb
 118 0023 3E       		.uleb128 0x3e
 119 0024 0B       		.uleb128 0xb
 120 0025 03       		.uleb128 0x3
 121 0026 08       		.uleb128 0x8
 122 0027 00       		.byte	0x0
 123 0028 00       		.byte	0x0
 124 0029 00       		.byte	0x0
 125              		.section	.debug_str,"MS",%progbits,1
 126              	.LASF8:
 127 0000 756E7369 		.ascii	"unsigned int\000"
 127      676E6564 
 127      20696E74 
 127      00
 128              	.LASF5:
 129 000d 6C6F6E67 		.ascii	"long unsigned int\000"
 129      20756E73 
 129      69676E65 
 129      6420696E 
 129      7400
 130              	.LASF0:
 131 001f 7369676E 		.ascii	"signed char\000"
 131      65642063 
 131      68617200 
 132              	.LASF3:
 133 002b 73686F72 		.ascii	"short unsigned int\000"
 133      7420756E 
 133      7369676E 
 133      65642069 
 133      6E7400
 134              	.LASF12:
 135 003e 453A5C43 		.ascii	"E:\\ControllerKinect\\capController\\Receiver\\Rece"
 135      6F6E7472 
 135      6F6C6C65 
 135      724B696E 
 135      6563745C 
 136 006d 69766572 		.ascii	"iver.cydsn\000"
 136      2E637964 
 136      736E00
 137              	.LASF9:
 138 0078 63686172 		.ascii	"char\000"
 138      00
 139              	.LASF7:
 140 007d 6C6F6E67 		.ascii	"long long unsigned int\000"
 140      206C6F6E 
 140      6720756E 
 140      7369676E 
 140      65642069 
 141              	.LASF1:
 142 0094 756E7369 		.ascii	"unsigned char\000"
 142      676E6564 
ARM GAS  C:\Users\CHARLI~1\AppData\Local\Temp\ccLU7XYj.s 			page 4


 142      20636861 
 142      7200
 143              	.LASF4:
 144 00a2 6C6F6E67 		.ascii	"long int\000"
 144      20696E74 
 144      00
 145              	.LASF2:
 146 00ab 73686F72 		.ascii	"short int\000"
 146      7420696E 
 146      7400
 147              	.LASF11:
 148 00b5 2E2F4765 		.ascii	"./Generated_Source/PSoC5/UART_INT.c\000"
 148      6E657261 
 148      7465645F 
 148      536F7572 
 148      63652F50 
 149              	.LASF10:
 150 00d9 474E5520 		.ascii	"GNU C 4.4.1\000"
 150      4320342E 
 150      342E3100 
 151              	.LASF6:
 152 00e5 6C6F6E67 		.ascii	"long long int\000"
 152      206C6F6E 
 152      6720696E 
 152      7400
 153              		.ident	"GCC: (Sourcery G++ Lite 2010q1-188) 4.4.1"
