INVOKING cydsfit:
	Command Line: "-.fdsnotice" "-.fdswarpdepfile=warp_dependencies.txt" "-.fdselabdepfile=elab_dependencies.txt" "-.fdsbldfile=generated_files.txt" "-p" "E:\ControllerKinect\Transmitter\Transmitter.cydsn\Transmitter.cyprj" "-d" "CY8C5588AXI-060" "-s" "E:\ControllerKinect\Transmitter\Transmitter.cydsn\Generated_Source\PSoC5" "-w" "0" "--" "-yv2" "-w" "0" "-v3" "-ygs" "-q10" "-o2" "-.fftcfgtype=LE" "-.fftp3sirev=ES1"
	Working Dir : E:\ControllerKinect\Transmitter\Transmitter.cydsn\codegentemp
cydsfit.exe "-.fdsnotice" "-.fdswarpdepfile=warp_dependencies.txt" "-.fdselabdepfile=elab_dependencies.txt" "-.fdsbldfile=generated_files.txt" "-p" "E:\ControllerKinect\Transmitter\Transmitter.cydsn\Transmitter.cyprj" "-d" "CY8C5588AXI-060" "-s" "E:\ControllerKinect\Transmitter\Transmitter.cydsn\Generated_Source\PSoC5" "-w" "0" "--" "-yv2" "-w" "0" "-v3" "-ygs" "-q10" "-o2" "-.fftcfgtype=LE" "-.fftp3sirev=ES1"
Elaborating Design...
HDL Generation ...
Synthesis ...
Place and Route ...
Tech mapping ...
Analog Placement ...
Analog Routing ...
Digital Placement ...
Log: plm.M0038: The pin named MISO(0) at location P1[4] prevents usage of special purposes: JTAG:TDI. (App=cydsfit)
Log: plm.M0038: The pin named \LCD:LCDPort(3)\ at location P2[3] prevents usage of special purposes: Trace. (App=cydsfit)
Log: plm.M0038: The pin named \LCD:LCDPort(4)\ at location P2[4] prevents usage of special purposes: Trace. (App=cydsfit)
Log: plm.M0038: The pin named \LCD:LCDPort(5)\ at location P2[5] prevents usage of special purposes: Trace. (App=cydsfit)
Log: plm.M0038: The pin named \LCD:LCDPort(6)\ at location P2[6] prevents usage of special purposes: Trace. (App=cydsfit)
Log: plm.M0038: The pin named nSS(0) at location P2[7] prevents usage of special purposes: Trace. (App=cydsfit)
Info: plm.M0037: The pin(s) named MISO(0), \LCD:LCDPort(3)\, \LCD:LCDPort(4)\, \LCD:LCDPort(5)\, \LCD:LCDPort(6)\, nSS(0) at locations P1[4], P2[3], P2[4], P2[5], P2[6], P2[7] may impede future use of special pin features. (App=cydsfit)
Digital Routing ...
Bitstream Generation ...
API Generation ...
DependencyGeneration ...
Clean Temporary Files ...
arm-none-eabi-gcc.exe "-I." "-Wno-main" "-I./Generated_Source/PSoC5" "-mcpu=cortex-m3" "-mthumb" "-Wall" "-g" "-Wa,-alh=E:/ControllerKinect/Transmitter/Transmitter.cydsn/ARM_GCC_441/Debug/main.lst" "-ffunction-sections" "-c" "./main.c" "-o" "E:/ControllerKinect/Transmitter/Transmitter.cydsn/ARM_GCC_441/Debug/main.o"
arm-none-eabi-gcc.exe "-I." "-Wno-main" "-I./Generated_Source/PSoC5" "-mcpu=cortex-m3" "-mthumb" "-Wall" "-g" "-Wa,-alh=E:/ControllerKinect/Transmitter/Transmitter.cydsn/ARM_GCC_441/Debug/Clock_1.lst" "-ffunction-sections" "-c" "./Generated_Source/PSoC5/Clock_1.c" "-o" "E:/ControllerKinect/Transmitter/Transmitter.cydsn/ARM_GCC_441/Debug/Clock_1.o"
arm-none-eabi-gcc.exe "-I." "-Wno-main" "-I./Generated_Source/PSoC5" "-mcpu=cortex-m3" "-mthumb" "-Wall" "-g" "-Wa,-alh=E:/ControllerKinect/Transmitter/Transmitter.cydsn/ARM_GCC_441/Debug/Cm3Start.lst" "-ffunction-sections" "-c" "./Generated_Source/PSoC5/Cm3Start.c" "-o" "E:/ControllerKinect/Transmitter/Transmitter.cydsn/ARM_GCC_441/Debug/Cm3Start.o"
arm-none-eabi-gcc.exe "-I." "-Wno-main" "-I./Generated_Source/PSoC5" "-mcpu=cortex-m3" "-mthumb" "-Wall" "-g" "-Wa,-alh=E:/ControllerKinect/Transmitter/Transmitter.cydsn/ARM_GCC_441/Debug/CyDmac.lst" "-ffunction-sections" "-c" "./Generated_Source/PSoC5/CyDmac.c" "-o" "E:/ControllerKinect/Transmitter/Transmitter.cydsn/ARM_GCC_441/Debug/CyDmac.o"
arm-none-eabi-gcc.exe "-I." "-Wno-main" "-I./Generated_Source/PSoC5" "-mcpu=cortex-m3" "-mthumb" "-Wall" "-g" "-Wa,-alh=E:/ControllerKinect/Transmitter/Transmitter.cydsn/ARM_GCC_441/Debug/CyFlash.lst" "-ffunction-sections" "-c" "./Generated_Source/PSoC5/CyFlash.c" "-o" "E:/ControllerKinect/Transmitter/Transmitter.cydsn/ARM_GCC_441/Debug/CyFlash.o"
arm-none-eabi-gcc.exe "-I." "-Wno-main" "-I./Generated_Source/PSoC5" "-mcpu=cortex-m3" "-mthumb" "-Wall" "-g" "-Wa,-alh=E:/ControllerKinect/Transmitter/Transmitter.cydsn/ARM_GCC_441/Debug/CyLib.lst" "-ffunction-sections" "-c" "./Generated_Source/PSoC5/CyLib.c" "-o" "E:/ControllerKinect/Transmitter/Transmitter.cydsn/ARM_GCC_441/Debug/CyLib.o"
arm-none-eabi-gcc.exe "-I." "-Wno-main" "-I./Generated_Source/PSoC5" "-mcpu=cortex-m3" "-mthumb" "-Wall" "-g" "-Wa,-alh=E:/ControllerKinect/Transmitter/Transmitter.cydsn/ARM_GCC_441/Debug/cyPm.lst" "-ffunction-sections" "-c" "./Generated_Source/PSoC5/cyPm.c" "-o" "E:/ControllerKinect/Transmitter/Transmitter.cydsn/ARM_GCC_441/Debug/cyPm.o"
arm-none-eabi-gcc.exe "-I." "-Wno-main" "-I./Generated_Source/PSoC5" "-mcpu=cortex-m3" "-mthumb" "-Wall" "-g" "-Wa,-alh=E:/ControllerKinect/Transmitter/Transmitter.cydsn/ARM_GCC_441/Debug/CySpc.lst" "-ffunction-sections" "-c" "./Generated_Source/PSoC5/CySpc.c" "-o" "E:/ControllerKinect/Transmitter/Transmitter.cydsn/ARM_GCC_441/Debug/CySpc.o"
arm-none-eabi-gcc.exe "-I." "-Wno-main" "-I./Generated_Source/PSoC5" "-mcpu=cortex-m3" "-mthumb" "-Wall" "-g" "-Wa,-alh=E:/ControllerKinect/Transmitter/Transmitter.cydsn/ARM_GCC_441/Debug/LCD.lst" "-ffunction-sections" "-c" "./Generated_Source/PSoC5/LCD.c" "-o" "E:/ControllerKinect/Transmitter/Transmitter.cydsn/ARM_GCC_441/Debug/LCD.o"
arm-none-eabi-gcc.exe "-I." "-Wno-main" "-I./Generated_Source/PSoC5" "-mcpu=cortex-m3" "-mthumb" "-Wall" "-g" "-Wa,-alh=E:/ControllerKinect/Transmitter/Transmitter.cydsn/ARM_GCC_441/Debug/LCD_PM.lst" "-ffunction-sections" "-c" "./Generated_Source/PSoC5/LCD_PM.c" "-o" "E:/ControllerKinect/Transmitter/Transmitter.cydsn/ARM_GCC_441/Debug/LCD_PM.o"
arm-none-eabi-gcc.exe "-I." "-Wno-main" "-I./Generated_Source/PSoC5" "-mcpu=cortex-m3" "-mthumb" "-Wall" "-g" "-Wa,-alh=E:/ControllerKinect/Transmitter/Transmitter.cydsn/ARM_GCC_441/Debug/LCD_LCDPort.lst" "-ffunction-sections" "-c" "./Generated_Source/PSoC5/LCD_LCDPort.c" "-o" "E:/ControllerKinect/Transmitter/Transmitter.cydsn/ARM_GCC_441/Debug/LCD_LCDPort.o"
arm-none-eabi-gcc.exe "-I." "-Wno-main" "-I./Generated_Source/PSoC5" "-mcpu=cortex-m3" "-mthumb" "-Wall" "-g" "-Wa,-alh=E:/ControllerKinect/Transmitter/Transmitter.cydsn/ARM_GCC_441/Debug/MISO.lst" "-ffunction-sections" "-c" "./Generated_Source/PSoC5/MISO.c" "-o" "E:/ControllerKinect/Transmitter/Transmitter.cydsn/ARM_GCC_441/Debug/MISO.o"
arm-none-eabi-gcc.exe "-I." "-Wno-main" "-I./Generated_Source/PSoC5" "-mcpu=cortex-m3" "-mthumb" "-Wall" "-g" "-Wa,-alh=E:/ControllerKinect/Transmitter/Transmitter.cydsn/ARM_GCC_441/Debug/MOSI.lst" "-ffunction-sections" "-c" "./Generated_Source/PSoC5/MOSI.c" "-o" "E:/ControllerKinect/Transmitter/Transmitter.cydsn/ARM_GCC_441/Debug/MOSI.o"
arm-none-eabi-gcc.exe "-I." "-Wno-main" "-I./Generated_Source/PSoC5" "-mcpu=cortex-m3" "-mthumb" "-Wall" "-g" "-Wa,-alh=E:/ControllerKinect/Transmitter/Transmitter.cydsn/ARM_GCC_441/Debug/nSS.lst" "-ffunction-sections" "-c" "./Generated_Source/PSoC5/nSS.c" "-o" "E:/ControllerKinect/Transmitter/Transmitter.cydsn/ARM_GCC_441/Debug/nSS.o"
arm-none-eabi-gcc.exe "-I." "-Wno-main" "-I./Generated_Source/PSoC5" "-mcpu=cortex-m3" "-mthumb" "-Wall" "-g" "-Wa,-alh=E:/ControllerKinect/Transmitter/Transmitter.cydsn/ARM_GCC_441/Debug/SCLK.lst" "-ffunction-sections" "-c" "./Generated_Source/PSoC5/SCLK.c" "-o" "E:/ControllerKinect/Transmitter/Transmitter.cydsn/ARM_GCC_441/Debug/SCLK.o"
arm-none-eabi-gcc.exe "-I." "-Wno-main" "-I./Generated_Source/PSoC5" "-mcpu=cortex-m3" "-mthumb" "-Wall" "-g" "-Wa,-alh=E:/ControllerKinect/Transmitter/Transmitter.cydsn/ARM_GCC_441/Debug/SPIM.lst" "-ffunction-sections" "-c" "./Generated_Source/PSoC5/SPIM.c" "-o" "E:/ControllerKinect/Transmitter/Transmitter.cydsn/ARM_GCC_441/Debug/SPIM.o"
arm-none-eabi-gcc.exe "-I." "-Wno-main" "-I./Generated_Source/PSoC5" "-mcpu=cortex-m3" "-mthumb" "-Wall" "-g" "-Wa,-alh=E:/ControllerKinect/Transmitter/Transmitter.cydsn/ARM_GCC_441/Debug/SPIM_INT.lst" "-ffunction-sections" "-c" "./Generated_Source/PSoC5/SPIM_INT.c" "-o" "E:/ControllerKinect/Transmitter/Transmitter.cydsn/ARM_GCC_441/Debug/SPIM_INT.o"
arm-none-eabi-gcc.exe "-I." "-Wno-main" "-I./Generated_Source/PSoC5" "-mcpu=cortex-m3" "-mthumb" "-Wall" "-g" "-Wa,-alh=E:/ControllerKinect/Transmitter/Transmitter.cydsn/ARM_GCC_441/Debug/SPIM_PM.lst" "-ffunction-sections" "-c" "./Generated_Source/PSoC5/SPIM_PM.c" "-o" "E:/ControllerKinect/Transmitter/Transmitter.cydsn/ARM_GCC_441/Debug/SPIM_PM.o"
arm-none-eabi-gcc.exe "-I." "-Wno-main" "-I./Generated_Source/PSoC5" "-mcpu=cortex-m3" "-mthumb" "-Wall" "-g" "-Wa,-alh=E:/ControllerKinect/Transmitter/Transmitter.cydsn/ARM_GCC_441/Debug/cyfitter_cfg.lst" "-ffunction-sections" "-c" "./Generated_Source/PSoC5/cyfitter_cfg.c" "-o" "E:/ControllerKinect/Transmitter/Transmitter.cydsn/ARM_GCC_441/Debug/cyfitter_cfg.o"
arm-none-eabi-ar.exe "-rs" "E:/ControllerKinect/Transmitter/Transmitter.cydsn/ARM_GCC_441/Debug/Transmitter.a" "E:\ControllerKinect\Transmitter\Transmitter.cydsn\ARM_GCC_441\Debug\Clock_1.o" "E:\ControllerKinect\Transmitter\Transmitter.cydsn\ARM_GCC_441\Debug\core_cm3.o" "E:\ControllerKinect\Transmitter\Transmitter.cydsn\ARM_GCC_441\Debug\CyBootAsmGnu.o" "E:\ControllerKinect\Transmitter\Transmitter.cydsn\ARM_GCC_441\Debug\CyDmac.o" "E:\ControllerKinect\Transmitter\Transmitter.cydsn\ARM_GCC_441\Debug\CyFlash.o" "E:\ControllerKinect\Transmitter\Transmitter.cydsn\ARM_GCC_441\Debug\CyLib.o" "E:\ControllerKinect\Transmitter\Transmitter.cydsn\ARM_GCC_441\Debug\cyPm.o" "E:\ControllerKinect\Transmitter\Transmitter.cydsn\ARM_GCC_441\Debug\CySpc.o" "E:\ControllerKinect\Transmitter\Transmitter.cydsn\ARM_GCC_441\Debug\cyutils.o" "E:\ControllerKinect\Transmitter\Transmitter.cydsn\ARM_GCC_441\Debug\LCD.o" "E:\ControllerKinect\Transmitter\Transmitter.cydsn\ARM_GCC_441\Debug\LCD_PM.o" "E:\ControllerKinect\Transmitter\Transmitter.cydsn\ARM_GCC_441\Debug\LCD_LCDPort.o" "E:\ControllerKinect\Transmitter\Transmitter.cydsn\ARM_GCC_441\Debug\MISO.o" "E:\ControllerKinect\Transmitter\Transmitter.cydsn\ARM_GCC_441\Debug\MOSI.o" "E:\ControllerKinect\Transmitter\Transmitter.cydsn\ARM_GCC_441\Debug\nSS.o" "E:\ControllerKinect\Transmitter\Transmitter.cydsn\ARM_GCC_441\Debug\SCLK.o" "E:\ControllerKinect\Transmitter\Transmitter.cydsn\ARM_GCC_441\Debug\SPIM.o" "E:\ControllerKinect\Transmitter\Transmitter.cydsn\ARM_GCC_441\Debug\SPIM_INT.o" "E:\ControllerKinect\Transmitter\Transmitter.cydsn\ARM_GCC_441\Debug\SPIM_PM.o" "E:\ControllerKinect\Transmitter\Transmitter.cydsn\ARM_GCC_441\Debug\cyfitter_cfg.o"
arm-none-eabi-ar.exe: creating E:/ControllerKinect/Transmitter/Transmitter.cydsn/ARM_GCC_441/Debug/Transmitter.a
arm-none-eabi-cpp.exe "-P" "-C" "./Generated_Source/PSoC5/cm3gcc.ld" "-o" "cm3gcc.pld"
arm-none-eabi-gcc.exe "-mthumb" "-march=armv7" "-mfix-cortex-m3-ldrd" "-T" ".\cm3gcc.pld" "-g" "-Wl,-Map,E:/ControllerKinect/Transmitter/Transmitter.cydsn/ARM_GCC_441/Debug/Transmitter.map" "-Wl,--gc-sections" "-o" "E:/ControllerKinect/Transmitter/Transmitter.cydsn/ARM_GCC_441/Debug/Transmitter.elf" "E:\ControllerKinect\Transmitter\Transmitter.cydsn\ARM_GCC_441\Debug\main.o" "E:\ControllerKinect\Transmitter\Transmitter.cydsn\ARM_GCC_441\Debug\Cm3Start.o" "./ARM_GCC_441/Debug/Transmitter.a" "C:/Program Files/Cypress/PSoC Creator/1.0/PSoC Creator/psoc/content/cycomponentlibrary/CyComponentLibrary.cylib/ARM_GCC_441/Debug/CyComponentLibrary.a"
arm-none-eabi-objcopy.exe "-O" "ihex" "E:/ControllerKinect/Transmitter/Transmitter.cydsn/ARM_GCC_441/Debug/Transmitter.elf" "E:/ControllerKinect/Transmitter/Transmitter.cydsn/ARM_GCC_441/Debug/Transmitter.ihx"
cyhextool "-o" "E:/ControllerKinect/Transmitter/Transmitter.cydsn/ARM_GCC_441/Debug/Transmitter.hex" "-f" "E:/ControllerKinect/Transmitter/Transmitter.cydsn/ARM_GCC_441/Debug/Transmitter.ihx" "-prot" "E:\ControllerKinect\Transmitter\Transmitter.cydsn\Generated_Source\PSoC5\protect.hex" "-id" "E13C069" "-cunv" "00000005" "-meta" "0101" "-a" "EEPROM=90200000:800,PROGRAM=00000000:40000,CONFIG=80000000:8000,PROTECT=90400000:100" "-ecc" "E:\ControllerKinect\Transmitter\Transmitter.cydsn\Generated_Source\PSoC5\config.hex"
Flash used: 6984 of 262144 bytes (2.7 %).
SRAM used: 312 of 65536 bytes (0.5 %).
