ARM GAS  C:\Users\CHARLI~1\AppData\Local\Temp\ccJ4oigf.s 			page 1


   1              		.syntax unified
   2              		.cpu cortex-m3
   3              		.fpu softvfp
   4              		.eabi_attribute 20, 1
   5              		.eabi_attribute 21, 1
   6              		.eabi_attribute 23, 3
   7              		.eabi_attribute 24, 1
   8              		.eabi_attribute 25, 1
   9              		.eabi_attribute 26, 1
  10              		.eabi_attribute 30, 6
  11              		.eabi_attribute 18, 4
  12              		.thumb
  13              		.file	"CapSense_SMS_Wrapper.c"
  14              		.section	.debug_abbrev,"",%progbits
  15              	.Ldebug_abbrev0:
  16              		.section	.debug_info,"",%progbits
  17              	.Ldebug_info0:
  18              		.section	.debug_line,"",%progbits
  19              	.Ldebug_line0:
  20 0000 B3000000 		.text
  20      02005300 
  20      00000201 
  20      FB0E0D00 
  20      01010101 
  21              	.Ltext0:
  22              		.cfi_sections	.debug_frame
  23              		.global	SMS_LIB_noiseThreshold
  24              		.data
  25              		.align	2
  26              		.type	SMS_LIB_noiseThreshold, %object
  27              		.size	SMS_LIB_noiseThreshold, 4
  28              	SMS_LIB_noiseThreshold:
  29 0000 00000000 		.word	CapSense_noiseThreshold
  30              		.global	SMS_LIB_hysteresis
  31              		.align	2
  32              		.type	SMS_LIB_hysteresis, %object
  33              		.size	SMS_LIB_hysteresis, 4
  34              	SMS_LIB_hysteresis:
  35 0004 00000000 		.word	CapSense_hysteresis
  36              		.global	SMS_LIB_widgetResolution
  37              		.align	2
  38              		.type	SMS_LIB_widgetResolution, %object
  39              		.size	SMS_LIB_widgetResolution, 4
  40              	SMS_LIB_widgetResolution:
  41 0008 00000000 		.word	CapSense_widgetResolution
  42              		.global	SMS_LIB_widgetNumber
  43              		.align	2
  44              		.type	SMS_LIB_widgetNumber, %object
  45              		.size	SMS_LIB_widgetNumber, 4
  46              	SMS_LIB_widgetNumber:
  47 000c 00000000 		.word	CapSense_widgetNumber
  48              		.global	SMS_LIB_numberOfSensors
  49              		.align	2
  50              		.type	SMS_LIB_numberOfSensors, %object
  51              		.size	SMS_LIB_numberOfSensors, 4
  52              	SMS_LIB_numberOfSensors:
  53 0010 00000000 		.word	CapSense_numberOfSensors
ARM GAS  C:\Users\CHARLI~1\AppData\Local\Temp\ccJ4oigf.s 			page 2


  54              		.global	SMS_LIB_fingerThreshold
  55              		.align	2
  56              		.type	SMS_LIB_fingerThreshold, %object
  57              		.size	SMS_LIB_fingerThreshold, 4
  58              	SMS_LIB_fingerThreshold:
  59 0014 00000000 		.word	CapSense_fingerThreshold
  60              		.global	SMS_LIB_idacSettings
  61              		.align	2
  62              		.type	SMS_LIB_idacSettings, %object
  63              		.size	SMS_LIB_idacSettings, 4
  64              	SMS_LIB_idacSettings:
  65 0018 00000000 		.word	CapSense_idacSettings
  66              		.global	SMS_LIB_SensorRaw
  67              		.align	2
  68              		.type	SMS_LIB_SensorRaw, %object
  69              		.size	SMS_LIB_SensorRaw, 4
  70              	SMS_LIB_SensorRaw:
  71 001c 00000000 		.word	CapSense_SensorRaw
  72              		.global	SMS_LIB_SensorBaseline
  73              		.align	2
  74              		.type	SMS_LIB_SensorBaseline, %object
  75              		.size	SMS_LIB_SensorBaseline, 4
  76              	SMS_LIB_SensorBaseline:
  77 0020 00000000 		.word	CapSense_SensorBaseline
  78              		.global	SMS_LIB_SensorSensitivity
  79              		.section	.rodata
  80              		.align	2
  81              		.type	SMS_LIB_SensorSensitivity, %object
  82              		.size	SMS_LIB_SensorSensitivity, 7
  83              	SMS_LIB_SensorSensitivity:
  84 0000 02       		.byte	2
  85 0001 02       		.byte	2
  86 0002 02       		.byte	2
  87 0003 02       		.byte	2
  88 0004 02       		.byte	2
  89 0005 02       		.byte	2
  90 0006 02       		.byte	2
  91              		.global	SMS_LIB_PrescalerTbl
  92 0007 00       		.align	2
  93              		.type	SMS_LIB_PrescalerTbl, %object
  94              		.size	SMS_LIB_PrescalerTbl, 16
  95              	SMS_LIB_PrescalerTbl:
  96 0008 01       		.byte	1
  97 0009 01       		.byte	1
  98 000a 01       		.byte	1
  99 000b 02       		.byte	2
 100 000c 02       		.byte	2
 101 000d 02       		.byte	2
 102 000e 03       		.byte	3
 103 000f 03       		.byte	3
 104 0010 03       		.byte	3
 105 0011 04       		.byte	4
 106 0012 04       		.byte	4
 107 0013 05       		.byte	5
 108 0014 05       		.byte	5
 109 0015 05       		.byte	5
 110 0016 06       		.byte	6
ARM GAS  C:\Users\CHARLI~1\AppData\Local\Temp\ccJ4oigf.s 			page 3


 111 0017 06       		.byte	6
 112              		.comm	SMS_LIB_Table1,7,4
 113              		.comm	SMS_LIB_Table2,7,4
 114              		.comm	SMS_LIB_Table3,7,4
 115              		.comm	SMS_LIB_Table4,14,4
 116              		.comm	SMS_LIB_Table5,14,4
 117              		.comm	SMS_LIB_Table6,7,4
 118              		.comm	SMS_LIB_Table7,7,4
 119              		.comm	SMS_LIB_Table8,3,4
 120              		.comm	SMS_LIB_Table9,3,4
 121              		.comm	SMS_LIB_Table10,3,4
 122              		.global	SMS_LIB_Var1
 123              		.data
 124              		.type	SMS_LIB_Var1, %object
 125              		.size	SMS_LIB_Var1, 1
 126              	SMS_LIB_Var1:
 127 0024 03       		.byte	3
 128              		.global	SMS_LIB_Var2
 129 0025 00       		.align	1
 130              		.type	SMS_LIB_Var2, %object
 131              		.size	SMS_LIB_Var2, 2
 132              	SMS_LIB_Var2:
 133 0026 F914     		.short	5369
 134              		.global	SMS_LIB_TotalSnsCnt
 135              		.type	SMS_LIB_TotalSnsCnt, %object
 136              		.size	SMS_LIB_TotalSnsCnt, 1
 137              	SMS_LIB_TotalSnsCnt:
 138 0028 07       		.byte	7
 139              		.global	SMS_LIB_TotalScanSlCnt
 140              		.type	SMS_LIB_TotalScanSlCnt, %object
 141              		.size	SMS_LIB_TotalScanSlCnt, 1
 142              	SMS_LIB_TotalScanSlCnt:
 143 0029 07       		.byte	7
 144              		.global	SMS_LIB_EndOfWidgInd
 145              		.type	SMS_LIB_EndOfWidgInd, %object
 146              		.size	SMS_LIB_EndOfWidgInd, 1
 147              	SMS_LIB_EndOfWidgInd:
 148 002a 03       		.byte	3
 149              		.global	SMS_LIB_TotalSnsCnt_CH0
 150 002b 00       		.bss
 151              		.type	SMS_LIB_TotalSnsCnt_CH0, %object
 152              		.size	SMS_LIB_TotalSnsCnt_CH0, 1
 153              	SMS_LIB_TotalSnsCnt_CH0:
 154 0000 00       		.space	1
 155              		.global	SMS_LIB_TotalSnsCnt_CH1
 156              		.type	SMS_LIB_TotalSnsCnt_CH1, %object
 157              		.size	SMS_LIB_TotalSnsCnt_CH1, 1
 158              	SMS_LIB_TotalSnsCnt_CH1:
 159 0001 00       		.space	1
 160              		.section	.text.SMS_LIB_ScanSensor,"ax",%progbits
 161              		.align	2
 162              		.global	SMS_LIB_ScanSensor
 163              		.thumb
 164              		.thumb_func
 165              		.type	SMS_LIB_ScanSensor, %function
 166              	SMS_LIB_ScanSensor:
 167              	.LFB0:
ARM GAS  C:\Users\CHARLI~1\AppData\Local\Temp\ccJ4oigf.s 			page 4


 168              		.file 1 "./Generated_Source/PSoC5/CapSense_SMS_Wrapper.c"
   1:./Generated_Source/PSoC5/CapSense_SMS_Wrapper.c **** /*******************************************************************************
   2:./Generated_Source/PSoC5/CapSense_SMS_Wrapper.c **** * File Name: CapSense_SMS_Wrapper.c
   3:./Generated_Source/PSoC5/CapSense_SMS_Wrapper.c **** * Version 2.10
   4:./Generated_Source/PSoC5/CapSense_SMS_Wrapper.c **** *
   5:./Generated_Source/PSoC5/CapSense_SMS_Wrapper.c **** * Description:
   6:./Generated_Source/PSoC5/CapSense_SMS_Wrapper.c **** *  This file provides the source code of wrapper between CapSense CSD component 
   7:./Generated_Source/PSoC5/CapSense_SMS_Wrapper.c **** *  and Auto Tuning library.
   8:./Generated_Source/PSoC5/CapSense_SMS_Wrapper.c **** *
   9:./Generated_Source/PSoC5/CapSense_SMS_Wrapper.c **** * Note:
  10:./Generated_Source/PSoC5/CapSense_SMS_Wrapper.c **** *
  11:./Generated_Source/PSoC5/CapSense_SMS_Wrapper.c **** ********************************************************************************
  12:./Generated_Source/PSoC5/CapSense_SMS_Wrapper.c **** * Copyright 2008-2010, Cypress Semiconductor Corporation.  All rights reserved.
  13:./Generated_Source/PSoC5/CapSense_SMS_Wrapper.c **** * You may use this file only in accordance with the license, terms, conditions,
  14:./Generated_Source/PSoC5/CapSense_SMS_Wrapper.c **** * disclaimers, and limitations in the end user license agreement accompanying
  15:./Generated_Source/PSoC5/CapSense_SMS_Wrapper.c **** * the software package with which this file was provided.
  16:./Generated_Source/PSoC5/CapSense_SMS_Wrapper.c **** *******************************************************************************/
  17:./Generated_Source/PSoC5/CapSense_SMS_Wrapper.c **** 
  18:./Generated_Source/PSoC5/CapSense_SMS_Wrapper.c **** #include "CapSense.h"
  19:./Generated_Source/PSoC5/CapSense_SMS_Wrapper.c **** #include "CapSense_CSHL.h"
  20:./Generated_Source/PSoC5/CapSense_SMS_Wrapper.c **** 
  21:./Generated_Source/PSoC5/CapSense_SMS_Wrapper.c **** #if (CapSense_TUNING_METHOD == CapSense_AUTO_TUNING)
  22:./Generated_Source/PSoC5/CapSense_SMS_Wrapper.c **** 
  23:./Generated_Source/PSoC5/CapSense_SMS_Wrapper.c **** extern uint8 CapSense_noiseThreshold[];
  24:./Generated_Source/PSoC5/CapSense_SMS_Wrapper.c **** extern uint8 CapSense_hysteresis[];
  25:./Generated_Source/PSoC5/CapSense_SMS_Wrapper.c **** 
  26:./Generated_Source/PSoC5/CapSense_SMS_Wrapper.c **** extern uint8 CapSense_widgetResolution[];
  27:./Generated_Source/PSoC5/CapSense_SMS_Wrapper.c **** 
  28:./Generated_Source/PSoC5/CapSense_SMS_Wrapper.c **** extern const uint8 CYCODE CapSense_widgetNumber[];
  29:./Generated_Source/PSoC5/CapSense_SMS_Wrapper.c **** extern const uint8 CYCODE CapSense_numberOfSensors[];
  30:./Generated_Source/PSoC5/CapSense_SMS_Wrapper.c **** 
  31:./Generated_Source/PSoC5/CapSense_SMS_Wrapper.c **** extern uint8 CapSense_fingerThreshold[];
  32:./Generated_Source/PSoC5/CapSense_SMS_Wrapper.c **** extern uint8 CapSense_idacSettings[];
  33:./Generated_Source/PSoC5/CapSense_SMS_Wrapper.c **** 
  34:./Generated_Source/PSoC5/CapSense_SMS_Wrapper.c **** extern uint16 CapSense_SensorRaw[];
  35:./Generated_Source/PSoC5/CapSense_SMS_Wrapper.c **** extern uint16 CapSense_SensorBaseline[];
  36:./Generated_Source/PSoC5/CapSense_SMS_Wrapper.c **** extern uint8  CapSense_SensorSignal[];
  37:./Generated_Source/PSoC5/CapSense_SMS_Wrapper.c **** 
  38:./Generated_Source/PSoC5/CapSense_SMS_Wrapper.c **** extern void  CapSense_SetPrescaler(uint8);
  39:./Generated_Source/PSoC5/CapSense_SMS_Wrapper.c **** 
  40:./Generated_Source/PSoC5/CapSense_SMS_Wrapper.c **** extern void SMS_LIB_CalculateThresholds(uint8 SensorNumber);
  41:./Generated_Source/PSoC5/CapSense_SMS_Wrapper.c **** extern void SMS_LIB_AutoTune1Ch(void);
  42:./Generated_Source/PSoC5/CapSense_SMS_Wrapper.c **** extern void SMS_LIB_AutoTune2Ch(void);
  43:./Generated_Source/PSoC5/CapSense_SMS_Wrapper.c **** 
  44:./Generated_Source/PSoC5/CapSense_SMS_Wrapper.c **** uint8 * SMS_LIB_noiseThreshold = CapSense_noiseThreshold;
  45:./Generated_Source/PSoC5/CapSense_SMS_Wrapper.c **** uint8 * SMS_LIB_hysteresis = CapSense_hysteresis;
  46:./Generated_Source/PSoC5/CapSense_SMS_Wrapper.c **** 
  47:./Generated_Source/PSoC5/CapSense_SMS_Wrapper.c **** uint8 * SMS_LIB_widgetResolution = CapSense_widgetResolution;
  48:./Generated_Source/PSoC5/CapSense_SMS_Wrapper.c **** 
  49:./Generated_Source/PSoC5/CapSense_SMS_Wrapper.c **** const uint8 CYCODE * SMS_LIB_widgetNumber = CapSense_widgetNumber;
  50:./Generated_Source/PSoC5/CapSense_SMS_Wrapper.c **** const uint8 CYCODE * SMS_LIB_numberOfSensors = CapSense_numberOfSensors;
  51:./Generated_Source/PSoC5/CapSense_SMS_Wrapper.c **** 
  52:./Generated_Source/PSoC5/CapSense_SMS_Wrapper.c **** uint8 * SMS_LIB_fingerThreshold = CapSense_fingerThreshold;
  53:./Generated_Source/PSoC5/CapSense_SMS_Wrapper.c **** uint8 * SMS_LIB_idacSettings = CapSense_idacSettings;
  54:./Generated_Source/PSoC5/CapSense_SMS_Wrapper.c **** 
  55:./Generated_Source/PSoC5/CapSense_SMS_Wrapper.c **** uint16 * SMS_LIB_SensorRaw = CapSense_SensorRaw;
  56:./Generated_Source/PSoC5/CapSense_SMS_Wrapper.c **** uint16 * SMS_LIB_SensorBaseline = CapSense_SensorBaseline;
ARM GAS  C:\Users\CHARLI~1\AppData\Local\Temp\ccJ4oigf.s 			page 5


  57:./Generated_Source/PSoC5/CapSense_SMS_Wrapper.c **** 
  58:./Generated_Source/PSoC5/CapSense_SMS_Wrapper.c **** const uint8 CYCODE SMS_LIB_SensorSensitivity[] = {
  59:./Generated_Source/PSoC5/CapSense_SMS_Wrapper.c ****     2, 2, 2, 2, 2, 2, 2, 
  60:./Generated_Source/PSoC5/CapSense_SMS_Wrapper.c **** };
  61:./Generated_Source/PSoC5/CapSense_SMS_Wrapper.c **** 
  62:./Generated_Source/PSoC5/CapSense_SMS_Wrapper.c **** 
  63:./Generated_Source/PSoC5/CapSense_SMS_Wrapper.c **** const uint8 CYCODE SMS_LIB_PrescalerTbl[] = {
  64:./Generated_Source/PSoC5/CapSense_SMS_Wrapper.c ****     1u, 1u, 1u, 2u, 2u, 2u, 3u, 3u, 3u, 4u, 4u, 5u, 5u, 5u, 6u, 6u, 
  65:./Generated_Source/PSoC5/CapSense_SMS_Wrapper.c **** };
  66:./Generated_Source/PSoC5/CapSense_SMS_Wrapper.c **** 
  67:./Generated_Source/PSoC5/CapSense_SMS_Wrapper.c **** 
  68:./Generated_Source/PSoC5/CapSense_SMS_Wrapper.c **** 
  69:./Generated_Source/PSoC5/CapSense_SMS_Wrapper.c **** uint8 SMS_LIB_Table1[CapSense_TOTAL_SENSOR_COUNT];
  70:./Generated_Source/PSoC5/CapSense_SMS_Wrapper.c **** uint8 SMS_LIB_Table2[CapSense_TOTAL_SENSOR_COUNT];
  71:./Generated_Source/PSoC5/CapSense_SMS_Wrapper.c **** uint8 SMS_LIB_Table3[CapSense_TOTAL_SENSOR_COUNT];
  72:./Generated_Source/PSoC5/CapSense_SMS_Wrapper.c **** uint16 SMS_LIB_Table4[CapSense_TOTAL_SENSOR_COUNT];
  73:./Generated_Source/PSoC5/CapSense_SMS_Wrapper.c **** uint16 SMS_LIB_Table5[CapSense_TOTAL_SENSOR_COUNT];
  74:./Generated_Source/PSoC5/CapSense_SMS_Wrapper.c **** uint8 SMS_LIB_Table6[CapSense_TOTAL_SENSOR_COUNT];
  75:./Generated_Source/PSoC5/CapSense_SMS_Wrapper.c **** uint8 SMS_LIB_Table7[CapSense_TOTAL_SENSOR_COUNT];
  76:./Generated_Source/PSoC5/CapSense_SMS_Wrapper.c **** 
  77:./Generated_Source/PSoC5/CapSense_SMS_Wrapper.c **** uint8 SMS_LIB_Table8[CapSense_END_OF_WIDGETS_INDEX];
  78:./Generated_Source/PSoC5/CapSense_SMS_Wrapper.c **** uint8 SMS_LIB_Table9[CapSense_END_OF_WIDGETS_INDEX];
  79:./Generated_Source/PSoC5/CapSense_SMS_Wrapper.c **** uint8 SMS_LIB_Table10[CapSense_END_OF_WIDGETS_INDEX];
  80:./Generated_Source/PSoC5/CapSense_SMS_Wrapper.c **** 
  81:./Generated_Source/PSoC5/CapSense_SMS_Wrapper.c **** uint8 SMS_LIB_Var1 = (3u);
  82:./Generated_Source/PSoC5/CapSense_SMS_Wrapper.c **** uint16 SMS_LIB_Var2 = (5369u);
  83:./Generated_Source/PSoC5/CapSense_SMS_Wrapper.c **** 
  84:./Generated_Source/PSoC5/CapSense_SMS_Wrapper.c **** uint8 SMS_LIB_TotalSnsCnt = CapSense_TOTAL_SENSOR_COUNT;
  85:./Generated_Source/PSoC5/CapSense_SMS_Wrapper.c **** uint8 SMS_LIB_TotalScanSlCnt = CapSense_TOTAL_SCANSLOT_COUNT;
  86:./Generated_Source/PSoC5/CapSense_SMS_Wrapper.c **** uint8 SMS_LIB_EndOfWidgInd = CapSense_END_OF_WIDGETS_INDEX;
  87:./Generated_Source/PSoC5/CapSense_SMS_Wrapper.c **** 
  88:./Generated_Source/PSoC5/CapSense_SMS_Wrapper.c **** #if (CapSense_DESIGN_TYPE == CapSense_TWO_CHANNELS_DESIGN)
  89:./Generated_Source/PSoC5/CapSense_SMS_Wrapper.c ****     uint8 SMS_LIB_TotalSnsCnt_CH0 = CapSense_TOTAL_SENSOR_COUNT__CH0;
  90:./Generated_Source/PSoC5/CapSense_SMS_Wrapper.c ****     uint8 SMS_LIB_TotalSnsCnt_CH1 = CapSense_TOTAL_SENSOR_COUNT__CH1;
  91:./Generated_Source/PSoC5/CapSense_SMS_Wrapper.c **** #else
  92:./Generated_Source/PSoC5/CapSense_SMS_Wrapper.c ****     uint8 SMS_LIB_TotalSnsCnt_CH0 = 0;
  93:./Generated_Source/PSoC5/CapSense_SMS_Wrapper.c ****     uint8 SMS_LIB_TotalSnsCnt_CH1 = 0;
  94:./Generated_Source/PSoC5/CapSense_SMS_Wrapper.c **** #endif  /* End (CapSense_DESIGN_TYPE == CapSense_TWO_CHANNELS_DESIGN) */
  95:./Generated_Source/PSoC5/CapSense_SMS_Wrapper.c **** 
  96:./Generated_Source/PSoC5/CapSense_SMS_Wrapper.c **** 
  97:./Generated_Source/PSoC5/CapSense_SMS_Wrapper.c **** /*******************************************************************************
  98:./Generated_Source/PSoC5/CapSense_SMS_Wrapper.c **** * Function Name: SMS_LIB_ScanSensor
  99:./Generated_Source/PSoC5/CapSense_SMS_Wrapper.c **** ********************************************************************************
 100:./Generated_Source/PSoC5/CapSense_SMS_Wrapper.c **** *
 101:./Generated_Source/PSoC5/CapSense_SMS_Wrapper.c **** * Summary:
 102:./Generated_Source/PSoC5/CapSense_SMS_Wrapper.c **** *  Wrapper to CapSense_ScanSensor function.
 103:./Generated_Source/PSoC5/CapSense_SMS_Wrapper.c **** *
 104:./Generated_Source/PSoC5/CapSense_SMS_Wrapper.c **** * Parameters:
 105:./Generated_Source/PSoC5/CapSense_SMS_Wrapper.c **** *  SensorNumber:  Sensor number.
 106:./Generated_Source/PSoC5/CapSense_SMS_Wrapper.c **** *
 107:./Generated_Source/PSoC5/CapSense_SMS_Wrapper.c **** * Return:
 108:./Generated_Source/PSoC5/CapSense_SMS_Wrapper.c **** *  None
 109:./Generated_Source/PSoC5/CapSense_SMS_Wrapper.c **** *
 110:./Generated_Source/PSoC5/CapSense_SMS_Wrapper.c **** * Reentrant:
 111:./Generated_Source/PSoC5/CapSense_SMS_Wrapper.c **** *  No
 112:./Generated_Source/PSoC5/CapSense_SMS_Wrapper.c **** *
 113:./Generated_Source/PSoC5/CapSense_SMS_Wrapper.c **** *******************************************************************************/
ARM GAS  C:\Users\CHARLI~1\AppData\Local\Temp\ccJ4oigf.s 			page 6


 114:./Generated_Source/PSoC5/CapSense_SMS_Wrapper.c **** void SMS_LIB_ScanSensor(uint8 SensorNumber)
 115:./Generated_Source/PSoC5/CapSense_SMS_Wrapper.c **** {
 169              		.loc 1 115 0
 170              		.cfi_startproc
 171              		@ args = 0, pretend = 0, frame = 8
 172              		@ frame_needed = 1, uses_anonymous_args = 0
 173 0000 80B5     		push	{r7, lr}
 174              	.LCFI0:
 175              		.cfi_def_cfa_offset 8
 176 0002 82B0     		sub	sp, sp, #8
 177              	.LCFI1:
 178              		.cfi_def_cfa_offset 16
 179 0004 00AF     		add	r7, sp, #0
 180              		.cfi_offset 14, -4
 181              		.cfi_offset 7, -8
 182              	.LCFI2:
 183              		.cfi_def_cfa_register 7
 184 0006 0346     		mov	r3, r0
 185 0008 FB71     		strb	r3, [r7, #7]
 116:./Generated_Source/PSoC5/CapSense_SMS_Wrapper.c ****     CapSense_ScanSensor(SensorNumber);
 186              		.loc 1 116 0
 187 000a FB79     		ldrb	r3, [r7, #7]	@ zero_extendqisi2
 188 000c 1846     		mov	r0, r3
 189 000e FFF7FEFF 		bl	CapSense_ScanSensor
 117:./Generated_Source/PSoC5/CapSense_SMS_Wrapper.c **** }
 190              		.loc 1 117 0
 191 0012 07F10807 		add	r7, r7, #8
 192 0016 BD46     		mov	sp, r7
 193 0018 80BD     		pop	{r7, pc}
 194              		.cfi_endproc
 195              	.LFE0:
 196              		.size	SMS_LIB_ScanSensor, .-SMS_LIB_ScanSensor
 197 001a 00BF     		.section	.text.SMS_LIB_IsBusy,"ax",%progbits
 198              		.align	2
 199              		.global	SMS_LIB_IsBusy
 200              		.thumb
 201              		.thumb_func
 202              		.type	SMS_LIB_IsBusy, %function
 203              	SMS_LIB_IsBusy:
 204              	.LFB1:
 118:./Generated_Source/PSoC5/CapSense_SMS_Wrapper.c **** 
 119:./Generated_Source/PSoC5/CapSense_SMS_Wrapper.c **** 
 120:./Generated_Source/PSoC5/CapSense_SMS_Wrapper.c **** /*******************************************************************************
 121:./Generated_Source/PSoC5/CapSense_SMS_Wrapper.c **** * Function Name: SMS_LIB_IsBusy
 122:./Generated_Source/PSoC5/CapSense_SMS_Wrapper.c **** ********************************************************************************
 123:./Generated_Source/PSoC5/CapSense_SMS_Wrapper.c **** *
 124:./Generated_Source/PSoC5/CapSense_SMS_Wrapper.c **** * Summary:
 125:./Generated_Source/PSoC5/CapSense_SMS_Wrapper.c **** *  Wrapper to CapSense_IsBusy function.
 126:./Generated_Source/PSoC5/CapSense_SMS_Wrapper.c **** *  
 127:./Generated_Source/PSoC5/CapSense_SMS_Wrapper.c **** * Parameters:
 128:./Generated_Source/PSoC5/CapSense_SMS_Wrapper.c **** *  None
 129:./Generated_Source/PSoC5/CapSense_SMS_Wrapper.c **** *
 130:./Generated_Source/PSoC5/CapSense_SMS_Wrapper.c **** * Return:
 131:./Generated_Source/PSoC5/CapSense_SMS_Wrapper.c **** *  None
 132:./Generated_Source/PSoC5/CapSense_SMS_Wrapper.c **** *
 133:./Generated_Source/PSoC5/CapSense_SMS_Wrapper.c **** *******************************************************************************/
 134:./Generated_Source/PSoC5/CapSense_SMS_Wrapper.c **** uint8 SMS_LIB_IsBusy(void)
ARM GAS  C:\Users\CHARLI~1\AppData\Local\Temp\ccJ4oigf.s 			page 7


 135:./Generated_Source/PSoC5/CapSense_SMS_Wrapper.c **** {
 205              		.loc 1 135 0
 206              		.cfi_startproc
 207              		@ args = 0, pretend = 0, frame = 0
 208              		@ frame_needed = 1, uses_anonymous_args = 0
 209 0000 80B5     		push	{r7, lr}
 210              	.LCFI3:
 211              		.cfi_def_cfa_offset 8
 212 0002 00AF     		add	r7, sp, #0
 213              		.cfi_offset 14, -4
 214              		.cfi_offset 7, -8
 215              	.LCFI4:
 216              		.cfi_def_cfa_register 7
 136:./Generated_Source/PSoC5/CapSense_SMS_Wrapper.c ****     return CapSense_IsBusy();
 217              		.loc 1 136 0
 218 0004 FFF7FEFF 		bl	CapSense_IsBusy
 219 0008 0346     		mov	r3, r0
 137:./Generated_Source/PSoC5/CapSense_SMS_Wrapper.c **** }
 220              		.loc 1 137 0
 221 000a 1846     		mov	r0, r3
 222 000c 80BD     		pop	{r7, pc}
 223              		.cfi_endproc
 224              	.LFE1:
 225              		.size	SMS_LIB_IsBusy, .-SMS_LIB_IsBusy
 226 000e 00BF     		.section	.text.SMS_LIB_SetPrescaler,"ax",%progbits
 227              		.align	2
 228              		.global	SMS_LIB_SetPrescaler
 229              		.thumb
 230              		.thumb_func
 231              		.type	SMS_LIB_SetPrescaler, %function
 232              	SMS_LIB_SetPrescaler:
 233              	.LFB2:
 138:./Generated_Source/PSoC5/CapSense_SMS_Wrapper.c **** 
 139:./Generated_Source/PSoC5/CapSense_SMS_Wrapper.c **** 
 140:./Generated_Source/PSoC5/CapSense_SMS_Wrapper.c **** /*******************************************************************************
 141:./Generated_Source/PSoC5/CapSense_SMS_Wrapper.c **** * Function Name: SMS_LIB_SetPrescaler
 142:./Generated_Source/PSoC5/CapSense_SMS_Wrapper.c **** ********************************************************************************
 143:./Generated_Source/PSoC5/CapSense_SMS_Wrapper.c **** *
 144:./Generated_Source/PSoC5/CapSense_SMS_Wrapper.c **** * Summary:
 145:./Generated_Source/PSoC5/CapSense_SMS_Wrapper.c **** *  Wrapper to CapSense_SetPrescaler function.
 146:./Generated_Source/PSoC5/CapSense_SMS_Wrapper.c **** *
 147:./Generated_Source/PSoC5/CapSense_SMS_Wrapper.c **** * Parameters:
 148:./Generated_Source/PSoC5/CapSense_SMS_Wrapper.c **** *  Prescaler:  Prascaler value.
 149:./Generated_Source/PSoC5/CapSense_SMS_Wrapper.c **** *
 150:./Generated_Source/PSoC5/CapSense_SMS_Wrapper.c **** * Return:
 151:./Generated_Source/PSoC5/CapSense_SMS_Wrapper.c **** *  None
 152:./Generated_Source/PSoC5/CapSense_SMS_Wrapper.c **** *
 153:./Generated_Source/PSoC5/CapSense_SMS_Wrapper.c **** *******************************************************************************/
 154:./Generated_Source/PSoC5/CapSense_SMS_Wrapper.c **** void SMS_LIB_SetPrescaler(uint8 Prescaler)
 155:./Generated_Source/PSoC5/CapSense_SMS_Wrapper.c **** {
 234              		.loc 1 155 0
 235              		.cfi_startproc
 236              		@ args = 0, pretend = 0, frame = 8
 237              		@ frame_needed = 1, uses_anonymous_args = 0
 238 0000 80B5     		push	{r7, lr}
 239              	.LCFI5:
 240              		.cfi_def_cfa_offset 8
ARM GAS  C:\Users\CHARLI~1\AppData\Local\Temp\ccJ4oigf.s 			page 8


 241 0002 82B0     		sub	sp, sp, #8
 242              	.LCFI6:
 243              		.cfi_def_cfa_offset 16
 244 0004 00AF     		add	r7, sp, #0
 245              		.cfi_offset 14, -4
 246              		.cfi_offset 7, -8
 247              	.LCFI7:
 248              		.cfi_def_cfa_register 7
 249 0006 0346     		mov	r3, r0
 250 0008 FB71     		strb	r3, [r7, #7]
 156:./Generated_Source/PSoC5/CapSense_SMS_Wrapper.c ****     CapSense_SetPrescaler(Prescaler);
 251              		.loc 1 156 0
 252 000a FB79     		ldrb	r3, [r7, #7]	@ zero_extendqisi2
 253 000c 1846     		mov	r0, r3
 254 000e FFF7FEFF 		bl	CapSense_SetPrescaler
 157:./Generated_Source/PSoC5/CapSense_SMS_Wrapper.c **** }
 255              		.loc 1 157 0
 256 0012 07F10807 		add	r7, r7, #8
 257 0016 BD46     		mov	sp, r7
 258 0018 80BD     		pop	{r7, pc}
 259              		.cfi_endproc
 260              	.LFE2:
 261              		.size	SMS_LIB_SetPrescaler, .-SMS_LIB_SetPrescaler
 262 001a 00BF     		.section	.text.CapSense_CalculateThresholds,"ax",%progbits
 263              		.align	2
 264              		.global	CapSense_CalculateThresholds
 265              		.thumb
 266              		.thumb_func
 267              		.type	CapSense_CalculateThresholds, %function
 268              	CapSense_CalculateThresholds:
 269              	.LFB3:
 158:./Generated_Source/PSoC5/CapSense_SMS_Wrapper.c **** 
 159:./Generated_Source/PSoC5/CapSense_SMS_Wrapper.c **** 
 160:./Generated_Source/PSoC5/CapSense_SMS_Wrapper.c **** /*******************************************************************************
 161:./Generated_Source/PSoC5/CapSense_SMS_Wrapper.c **** * Function Name: CapSense_CalculateThresholds
 162:./Generated_Source/PSoC5/CapSense_SMS_Wrapper.c **** ********************************************************************************
 163:./Generated_Source/PSoC5/CapSense_SMS_Wrapper.c **** *
 164:./Generated_Source/PSoC5/CapSense_SMS_Wrapper.c **** * Summary:
 165:./Generated_Source/PSoC5/CapSense_SMS_Wrapper.c **** *  Wrapper to SMS_LIB_CalculateThresholds function.
 166:./Generated_Source/PSoC5/CapSense_SMS_Wrapper.c **** *
 167:./Generated_Source/PSoC5/CapSense_SMS_Wrapper.c **** * Parameters:
 168:./Generated_Source/PSoC5/CapSense_SMS_Wrapper.c **** *  SensorNumber:  Sensor number.
 169:./Generated_Source/PSoC5/CapSense_SMS_Wrapper.c **** *
 170:./Generated_Source/PSoC5/CapSense_SMS_Wrapper.c **** * Return:
 171:./Generated_Source/PSoC5/CapSense_SMS_Wrapper.c **** *  None
 172:./Generated_Source/PSoC5/CapSense_SMS_Wrapper.c **** *
 173:./Generated_Source/PSoC5/CapSense_SMS_Wrapper.c **** * Reentrant:
 174:./Generated_Source/PSoC5/CapSense_SMS_Wrapper.c **** *  No
 175:./Generated_Source/PSoC5/CapSense_SMS_Wrapper.c **** *
 176:./Generated_Source/PSoC5/CapSense_SMS_Wrapper.c **** *******************************************************************************/
 177:./Generated_Source/PSoC5/CapSense_SMS_Wrapper.c **** void CapSense_CalculateThresholds(uint8 SensorNumber)
 178:./Generated_Source/PSoC5/CapSense_SMS_Wrapper.c **** {
 270              		.loc 1 178 0
 271              		.cfi_startproc
 272              		@ args = 0, pretend = 0, frame = 8
 273              		@ frame_needed = 1, uses_anonymous_args = 0
 274 0000 80B5     		push	{r7, lr}
ARM GAS  C:\Users\CHARLI~1\AppData\Local\Temp\ccJ4oigf.s 			page 9


 275              	.LCFI8:
 276              		.cfi_def_cfa_offset 8
 277 0002 82B0     		sub	sp, sp, #8
 278              	.LCFI9:
 279              		.cfi_def_cfa_offset 16
 280 0004 00AF     		add	r7, sp, #0
 281              		.cfi_offset 14, -4
 282              		.cfi_offset 7, -8
 283              	.LCFI10:
 284              		.cfi_def_cfa_register 7
 285 0006 0346     		mov	r3, r0
 286 0008 FB71     		strb	r3, [r7, #7]
 179:./Generated_Source/PSoC5/CapSense_SMS_Wrapper.c ****     SMS_LIB_CalculateThresholds(SensorNumber);
 287              		.loc 1 179 0
 288 000a FB79     		ldrb	r3, [r7, #7]	@ zero_extendqisi2
 289 000c 1846     		mov	r0, r3
 290 000e FFF7FEFF 		bl	SMS_LIB_CalculateThresholds
 180:./Generated_Source/PSoC5/CapSense_SMS_Wrapper.c **** }
 291              		.loc 1 180 0
 292 0012 07F10807 		add	r7, r7, #8
 293 0016 BD46     		mov	sp, r7
 294 0018 80BD     		pop	{r7, pc}
 295              		.cfi_endproc
 296              	.LFE3:
 297              		.size	CapSense_CalculateThresholds, .-CapSense_CalculateThresholds
 298 001a 00BF     		.section	.text.CapSense_AutoTune,"ax",%progbits
 299              		.align	2
 300              		.global	CapSense_AutoTune
 301              		.thumb
 302              		.thumb_func
 303              		.type	CapSense_AutoTune, %function
 304              	CapSense_AutoTune:
 305              	.LFB4:
 181:./Generated_Source/PSoC5/CapSense_SMS_Wrapper.c **** 
 182:./Generated_Source/PSoC5/CapSense_SMS_Wrapper.c **** 
 183:./Generated_Source/PSoC5/CapSense_SMS_Wrapper.c **** /*******************************************************************************
 184:./Generated_Source/PSoC5/CapSense_SMS_Wrapper.c **** * Function Name: CapSense_AutoTune
 185:./Generated_Source/PSoC5/CapSense_SMS_Wrapper.c **** ********************************************************************************
 186:./Generated_Source/PSoC5/CapSense_SMS_Wrapper.c **** *
 187:./Generated_Source/PSoC5/CapSense_SMS_Wrapper.c **** * Summary:
 188:./Generated_Source/PSoC5/CapSense_SMS_Wrapper.c **** *  Wrapper for SMS_LIB_AutoTune1Ch or SMS_LIB_AutoTune2Ch function.
 189:./Generated_Source/PSoC5/CapSense_SMS_Wrapper.c **** *
 190:./Generated_Source/PSoC5/CapSense_SMS_Wrapper.c **** * Parameters:
 191:./Generated_Source/PSoC5/CapSense_SMS_Wrapper.c **** *  None
 192:./Generated_Source/PSoC5/CapSense_SMS_Wrapper.c **** *
 193:./Generated_Source/PSoC5/CapSense_SMS_Wrapper.c **** * Return:
 194:./Generated_Source/PSoC5/CapSense_SMS_Wrapper.c **** *  None
 195:./Generated_Source/PSoC5/CapSense_SMS_Wrapper.c **** *
 196:./Generated_Source/PSoC5/CapSense_SMS_Wrapper.c **** * Reentrant:
 197:./Generated_Source/PSoC5/CapSense_SMS_Wrapper.c **** *  No
 198:./Generated_Source/PSoC5/CapSense_SMS_Wrapper.c **** *
 199:./Generated_Source/PSoC5/CapSense_SMS_Wrapper.c **** *******************************************************************************/
 200:./Generated_Source/PSoC5/CapSense_SMS_Wrapper.c **** void CapSense_AutoTune(void)
 201:./Generated_Source/PSoC5/CapSense_SMS_Wrapper.c **** {
 306              		.loc 1 201 0
 307              		.cfi_startproc
 308              		@ args = 0, pretend = 0, frame = 0
ARM GAS  C:\Users\CHARLI~1\AppData\Local\Temp\ccJ4oigf.s 			page 10


 309              		@ frame_needed = 1, uses_anonymous_args = 0
 310 0000 80B5     		push	{r7, lr}
 311              	.LCFI11:
 312              		.cfi_def_cfa_offset 8
 313 0002 00AF     		add	r7, sp, #0
 314              		.cfi_offset 14, -4
 315              		.cfi_offset 7, -8
 316              	.LCFI12:
 317              		.cfi_def_cfa_register 7
 202:./Generated_Source/PSoC5/CapSense_SMS_Wrapper.c ****     #if (CapSense_DESIGN_TYPE == CapSense_ONE_CHANNEL_DESIGN)
 203:./Generated_Source/PSoC5/CapSense_SMS_Wrapper.c ****         SMS_LIB_AutoTune1Ch();
 318              		.loc 1 203 0
 319 0004 FFF7FEFF 		bl	SMS_LIB_AutoTune1Ch
 204:./Generated_Source/PSoC5/CapSense_SMS_Wrapper.c ****     #elif (CapSense_DESIGN_TYPE == CapSense_TWO_CHANNELS_DESIGN)
 205:./Generated_Source/PSoC5/CapSense_SMS_Wrapper.c ****         SMS_LIB_AutoTune2Ch();
 206:./Generated_Source/PSoC5/CapSense_SMS_Wrapper.c ****     #endif /* End (CapSense_DESIGN_TYPE == CapSense_ONE_CHANNEL_DESIGN) */
 207:./Generated_Source/PSoC5/CapSense_SMS_Wrapper.c **** }
 320              		.loc 1 207 0
 321 0008 80BD     		pop	{r7, pc}
 322              		.cfi_endproc
 323              	.LFE4:
 324              		.size	CapSense_AutoTune, .-CapSense_AutoTune
 325 000a 00BF     		.text
 326              	.Letext0:
 327              		.section	.debug_loc,"",%progbits
 328              	.Ldebug_loc0:
 329              	.LLST0:
 330 0000 00000000 		.4byte	.LFB0
 331 0004 02000000 		.4byte	.LCFI0
 332 0008 0100     		.2byte	0x1
 333 000a 5D       		.byte	0x5d
 334 000b 02000000 		.4byte	.LCFI0
 335 000f 04000000 		.4byte	.LCFI1
 336 0013 0200     		.2byte	0x2
 337 0015 7D       		.byte	0x7d
 338 0016 08       		.sleb128 8
 339 0017 04000000 		.4byte	.LCFI1
 340 001b 06000000 		.4byte	.LCFI2
 341 001f 0200     		.2byte	0x2
 342 0021 7D       		.byte	0x7d
 343 0022 10       		.sleb128 16
 344 0023 06000000 		.4byte	.LCFI2
 345 0027 1A000000 		.4byte	.LFE0
 346 002b 0200     		.2byte	0x2
 347 002d 77       		.byte	0x77
 348 002e 10       		.sleb128 16
 349 002f 00000000 		.4byte	0x0
 350 0033 00000000 		.4byte	0x0
 351              	.LLST1:
 352 0037 00000000 		.4byte	.LFB1
 353 003b 02000000 		.4byte	.LCFI3
 354 003f 0100     		.2byte	0x1
 355 0041 5D       		.byte	0x5d
 356 0042 02000000 		.4byte	.LCFI3
 357 0046 04000000 		.4byte	.LCFI4
 358 004a 0200     		.2byte	0x2
 359 004c 7D       		.byte	0x7d
ARM GAS  C:\Users\CHARLI~1\AppData\Local\Temp\ccJ4oigf.s 			page 11


 360 004d 08       		.sleb128 8
 361 004e 04000000 		.4byte	.LCFI4
 362 0052 0E000000 		.4byte	.LFE1
 363 0056 0200     		.2byte	0x2
 364 0058 77       		.byte	0x77
 365 0059 08       		.sleb128 8
 366 005a 00000000 		.4byte	0x0
 367 005e 00000000 		.4byte	0x0
 368              	.LLST2:
 369 0062 00000000 		.4byte	.LFB2
 370 0066 02000000 		.4byte	.LCFI5
 371 006a 0100     		.2byte	0x1
 372 006c 5D       		.byte	0x5d
 373 006d 02000000 		.4byte	.LCFI5
 374 0071 04000000 		.4byte	.LCFI6
 375 0075 0200     		.2byte	0x2
 376 0077 7D       		.byte	0x7d
 377 0078 08       		.sleb128 8
 378 0079 04000000 		.4byte	.LCFI6
 379 007d 06000000 		.4byte	.LCFI7
 380 0081 0200     		.2byte	0x2
 381 0083 7D       		.byte	0x7d
 382 0084 10       		.sleb128 16
 383 0085 06000000 		.4byte	.LCFI7
 384 0089 1A000000 		.4byte	.LFE2
 385 008d 0200     		.2byte	0x2
 386 008f 77       		.byte	0x77
 387 0090 10       		.sleb128 16
 388 0091 00000000 		.4byte	0x0
 389 0095 00000000 		.4byte	0x0
 390              	.LLST3:
 391 0099 00000000 		.4byte	.LFB3
 392 009d 02000000 		.4byte	.LCFI8
 393 00a1 0100     		.2byte	0x1
 394 00a3 5D       		.byte	0x5d
 395 00a4 02000000 		.4byte	.LCFI8
 396 00a8 04000000 		.4byte	.LCFI9
 397 00ac 0200     		.2byte	0x2
 398 00ae 7D       		.byte	0x7d
 399 00af 08       		.sleb128 8
 400 00b0 04000000 		.4byte	.LCFI9
 401 00b4 06000000 		.4byte	.LCFI10
 402 00b8 0200     		.2byte	0x2
 403 00ba 7D       		.byte	0x7d
 404 00bb 10       		.sleb128 16
 405 00bc 06000000 		.4byte	.LCFI10
 406 00c0 1A000000 		.4byte	.LFE3
 407 00c4 0200     		.2byte	0x2
 408 00c6 77       		.byte	0x77
 409 00c7 10       		.sleb128 16
 410 00c8 00000000 		.4byte	0x0
 411 00cc 00000000 		.4byte	0x0
 412              	.LLST4:
 413 00d0 00000000 		.4byte	.LFB4
 414 00d4 02000000 		.4byte	.LCFI11
 415 00d8 0100     		.2byte	0x1
 416 00da 5D       		.byte	0x5d
ARM GAS  C:\Users\CHARLI~1\AppData\Local\Temp\ccJ4oigf.s 			page 12


 417 00db 02000000 		.4byte	.LCFI11
 418 00df 04000000 		.4byte	.LCFI12
 419 00e3 0200     		.2byte	0x2
 420 00e5 7D       		.byte	0x7d
 421 00e6 08       		.sleb128 8
 422 00e7 04000000 		.4byte	.LCFI12
 423 00eb 0A000000 		.4byte	.LFE4
 424 00ef 0200     		.2byte	0x2
 425 00f1 77       		.byte	0x77
 426 00f2 08       		.sleb128 8
 427 00f3 00000000 		.4byte	0x0
 428 00f7 00000000 		.4byte	0x0
 429              		.file 2 "./Generated_Source/PSoC5/cytypes.h"
 430              		.section	.debug_info
 431 0000 20040000 		.4byte	0x420
 432 0004 0200     		.2byte	0x2
 433 0006 00000000 		.4byte	.Ldebug_abbrev0
 434 000a 04       		.byte	0x4
 435 000b 01       		.uleb128 0x1
 436 000c 00030000 		.4byte	.LASF54
 437 0010 01       		.byte	0x1
 438 0011 44040000 		.4byte	.LASF55
 439 0015 14010000 		.4byte	.LASF56
 440 0019 00000000 		.4byte	0x0
 441 001d 00000000 		.4byte	0x0
 442 0021 00000000 		.4byte	.Ldebug_ranges0+0x0
 443 0025 00000000 		.4byte	.Ldebug_line0
 444 0029 02       		.uleb128 0x2
 445 002a 01       		.byte	0x1
 446 002b 06       		.byte	0x6
 447 002c FA000000 		.4byte	.LASF0
 448 0030 02       		.uleb128 0x2
 449 0031 01       		.byte	0x1
 450 0032 08       		.byte	0x8
 451 0033 06010000 		.4byte	.LASF1
 452 0037 02       		.uleb128 0x2
 453 0038 02       		.byte	0x2
 454 0039 05       		.byte	0x5
 455 003a 5E030000 		.4byte	.LASF2
 456 003e 02       		.uleb128 0x2
 457 003f 02       		.byte	0x2
 458 0040 07       		.byte	0x7
 459 0041 92000000 		.4byte	.LASF3
 460 0045 02       		.uleb128 0x2
 461 0046 04       		.byte	0x4
 462 0047 05       		.byte	0x5
 463 0048 B0030000 		.4byte	.LASF4
 464 004c 02       		.uleb128 0x2
 465 004d 04       		.byte	0x4
 466 004e 07       		.byte	0x7
 467 004f 69010000 		.4byte	.LASF5
 468 0053 02       		.uleb128 0x2
 469 0054 08       		.byte	0x8
 470 0055 05       		.byte	0x5
 471 0056 00000000 		.4byte	.LASF6
 472 005a 02       		.uleb128 0x2
 473 005b 08       		.byte	0x8
ARM GAS  C:\Users\CHARLI~1\AppData\Local\Temp\ccJ4oigf.s 			page 13


 474 005c 07       		.byte	0x7
 475 005d 56020000 		.4byte	.LASF7
 476 0061 03       		.uleb128 0x3
 477 0062 04       		.byte	0x4
 478 0063 05       		.byte	0x5
 479 0064 696E7400 		.ascii	"int\000"
 480 0068 02       		.uleb128 0x2
 481 0069 04       		.byte	0x4
 482 006a 07       		.byte	0x7
 483 006b 49020000 		.4byte	.LASF8
 484 006f 02       		.uleb128 0x2
 485 0070 01       		.byte	0x1
 486 0071 08       		.byte	0x8
 487 0072 36030000 		.4byte	.LASF9
 488 0076 04       		.uleb128 0x4
 489 0077 8A010000 		.4byte	.LASF10
 490 007b 02       		.byte	0x2
 491 007c 2A       		.byte	0x2a
 492 007d 30000000 		.4byte	0x30
 493 0081 04       		.uleb128 0x4
 494 0082 14020000 		.4byte	.LASF11
 495 0086 02       		.byte	0x2
 496 0087 2B       		.byte	0x2b
 497 0088 3E000000 		.4byte	0x3e
 498 008c 05       		.uleb128 0x5
 499 008d 04       		.byte	0x4
 500 008e 07       		.byte	0x7
 501 008f 06       		.uleb128 0x6
 502 0090 01       		.byte	0x1
 503 0091 63000000 		.4byte	.LASF12
 504 0095 01       		.byte	0x1
 505 0096 72       		.byte	0x72
 506 0097 01       		.byte	0x1
 507 0098 00000000 		.4byte	.LFB0
 508 009c 1A000000 		.4byte	.LFE0
 509 00a0 00000000 		.4byte	.LLST0
 510 00a4 B7000000 		.4byte	0xb7
 511 00a8 07       		.uleb128 0x7
 512 00a9 F3020000 		.4byte	.LASF14
 513 00ad 01       		.byte	0x1
 514 00ae 72       		.byte	0x72
 515 00af 76000000 		.4byte	0x76
 516 00b3 02       		.byte	0x2
 517 00b4 91       		.byte	0x91
 518 00b5 77       		.sleb128 -9
 519 00b6 00       		.byte	0x0
 520 00b7 08       		.uleb128 0x8
 521 00b8 01       		.byte	0x1
 522 00b9 76000000 		.4byte	.LASF57
 523 00bd 01       		.byte	0x1
 524 00be 86       		.byte	0x86
 525 00bf 01       		.byte	0x1
 526 00c0 76000000 		.4byte	0x76
 527 00c4 00000000 		.4byte	.LFB1
 528 00c8 0E000000 		.4byte	.LFE1
 529 00cc 37000000 		.4byte	.LLST1
 530 00d0 06       		.uleb128 0x6
ARM GAS  C:\Users\CHARLI~1\AppData\Local\Temp\ccJ4oigf.s 			page 14


 531 00d1 01       		.byte	0x1
 532 00d2 1B020000 		.4byte	.LASF13
 533 00d6 01       		.byte	0x1
 534 00d7 9A       		.byte	0x9a
 535 00d8 01       		.byte	0x1
 536 00d9 00000000 		.4byte	.LFB2
 537 00dd 1A000000 		.4byte	.LFE2
 538 00e1 62000000 		.4byte	.LLST2
 539 00e5 F8000000 		.4byte	0xf8
 540 00e9 07       		.uleb128 0x7
 541 00ea 97030000 		.4byte	.LASF15
 542 00ee 01       		.byte	0x1
 543 00ef 9A       		.byte	0x9a
 544 00f0 76000000 		.4byte	0x76
 545 00f4 02       		.byte	0x2
 546 00f5 91       		.byte	0x91
 547 00f6 77       		.sleb128 -9
 548 00f7 00       		.byte	0x0
 549 00f8 06       		.uleb128 0x6
 550 00f9 01       		.byte	0x1
 551 00fa 32000000 		.4byte	.LASF16
 552 00fe 01       		.byte	0x1
 553 00ff B1       		.byte	0xb1
 554 0100 01       		.byte	0x1
 555 0101 00000000 		.4byte	.LFB3
 556 0105 1A000000 		.4byte	.LFE3
 557 0109 99000000 		.4byte	.LLST3
 558 010d 20010000 		.4byte	0x120
 559 0111 07       		.uleb128 0x7
 560 0112 F3020000 		.4byte	.LASF14
 561 0116 01       		.byte	0x1
 562 0117 B1       		.byte	0xb1
 563 0118 76000000 		.4byte	0x76
 564 011c 02       		.byte	0x2
 565 011d 91       		.byte	0x91
 566 011e 77       		.sleb128 -9
 567 011f 00       		.byte	0x0
 568 0120 09       		.uleb128 0x9
 569 0121 01       		.byte	0x1
 570 0122 0C030000 		.4byte	.LASF58
 571 0126 01       		.byte	0x1
 572 0127 C8       		.byte	0xc8
 573 0128 01       		.byte	0x1
 574 0129 00000000 		.4byte	.LFB4
 575 012d 0A000000 		.4byte	.LFE4
 576 0131 D0000000 		.4byte	.LLST4
 577 0135 0A       		.uleb128 0xa
 578 0136 76000000 		.4byte	0x76
 579 013a 40010000 		.4byte	0x140
 580 013e 0B       		.uleb128 0xb
 581 013f 00       		.byte	0x0
 582 0140 0C       		.uleb128 0xc
 583 0141 FC010000 		.4byte	.LASF17
 584 0145 01       		.byte	0x1
 585 0146 17       		.byte	0x17
 586 0147 35010000 		.4byte	0x135
 587 014b 01       		.byte	0x1
ARM GAS  C:\Users\CHARLI~1\AppData\Local\Temp\ccJ4oigf.s 			page 15


 588 014c 01       		.byte	0x1
 589 014d 0C       		.uleb128 0xc
 590 014e 4F000000 		.4byte	.LASF18
 591 0152 01       		.byte	0x1
 592 0153 18       		.byte	0x18
 593 0154 35010000 		.4byte	0x135
 594 0158 01       		.byte	0x1
 595 0159 01       		.byte	0x1
 596 015a 0C       		.uleb128 0xc
 597 015b 85020000 		.4byte	.LASF19
 598 015f 01       		.byte	0x1
 599 0160 1A       		.byte	0x1a
 600 0161 35010000 		.4byte	0x135
 601 0165 01       		.byte	0x1
 602 0166 01       		.byte	0x1
 603 0167 0C       		.uleb128 0xc
 604 0168 BD010000 		.4byte	.LASF20
 605 016c 01       		.byte	0x1
 606 016d 1C       		.byte	0x1c
 607 016e 74010000 		.4byte	0x174
 608 0172 01       		.byte	0x1
 609 0173 01       		.byte	0x1
 610 0174 0D       		.uleb128 0xd
 611 0175 35010000 		.4byte	0x135
 612 0179 0C       		.uleb128 0xc
 613 017a 68030000 		.4byte	.LASF21
 614 017e 01       		.byte	0x1
 615 017f 1D       		.byte	0x1d
 616 0180 86010000 		.4byte	0x186
 617 0184 01       		.byte	0x1
 618 0185 01       		.byte	0x1
 619 0186 0D       		.uleb128 0xd
 620 0187 35010000 		.4byte	0x135
 621 018b 0C       		.uleb128 0xc
 622 018c A5000000 		.4byte	.LASF22
 623 0190 01       		.byte	0x1
 624 0191 1F       		.byte	0x1f
 625 0192 35010000 		.4byte	0x135
 626 0196 01       		.byte	0x1
 627 0197 01       		.byte	0x1
 628 0198 0C       		.uleb128 0xc
 629 0199 81030000 		.4byte	.LASF23
 630 019d 01       		.byte	0x1
 631 019e 20       		.byte	0x20
 632 019f 35010000 		.4byte	0x135
 633 01a3 01       		.byte	0x1
 634 01a4 01       		.byte	0x1
 635 01a5 0A       		.uleb128 0xa
 636 01a6 81000000 		.4byte	0x81
 637 01aa B0010000 		.4byte	0x1b0
 638 01ae 0B       		.uleb128 0xb
 639 01af 00       		.byte	0x0
 640 01b0 0C       		.uleb128 0xc
 641 01b1 4B030000 		.4byte	.LASF24
 642 01b5 01       		.byte	0x1
 643 01b6 22       		.byte	0x22
 644 01b7 A5010000 		.4byte	0x1a5
ARM GAS  C:\Users\CHARLI~1\AppData\Local\Temp\ccJ4oigf.s 			page 16


 645 01bb 01       		.byte	0x1
 646 01bc 01       		.byte	0x1
 647 01bd 0C       		.uleb128 0xc
 648 01be BE000000 		.4byte	.LASF25
 649 01c2 01       		.byte	0x1
 650 01c3 23       		.byte	0x23
 651 01c4 A5010000 		.4byte	0x1a5
 652 01c8 01       		.byte	0x1
 653 01c9 01       		.byte	0x1
 654 01ca 0E       		.uleb128 0xe
 655 01cb E6030000 		.4byte	.LASF26
 656 01cf 01       		.byte	0x1
 657 01d0 2C       		.byte	0x2c
 658 01d1 DC010000 		.4byte	0x1dc
 659 01d5 01       		.byte	0x1
 660 01d6 05       		.byte	0x5
 661 01d7 03       		.byte	0x3
 662 01d8 00000000 		.4byte	SMS_LIB_noiseThreshold
 663 01dc 0F       		.uleb128 0xf
 664 01dd 04       		.byte	0x4
 665 01de 76000000 		.4byte	0x76
 666 01e2 0E       		.uleb128 0xe
 667 01e3 9F020000 		.4byte	.LASF27
 668 01e7 01       		.byte	0x1
 669 01e8 2D       		.byte	0x2d
 670 01e9 DC010000 		.4byte	0x1dc
 671 01ed 01       		.byte	0x1
 672 01ee 05       		.byte	0x5
 673 01ef 03       		.byte	0x3
 674 01f0 00000000 		.4byte	SMS_LIB_hysteresis
 675 01f4 0E       		.uleb128 0xe
 676 01f5 30020000 		.4byte	.LASF28
 677 01f9 01       		.byte	0x1
 678 01fa 2F       		.byte	0x2f
 679 01fb DC010000 		.4byte	0x1dc
 680 01ff 01       		.byte	0x1
 681 0200 05       		.byte	0x5
 682 0201 03       		.byte	0x3
 683 0202 00000000 		.4byte	SMS_LIB_widgetResolution
 684 0206 0E       		.uleb128 0xe
 685 0207 1D000000 		.4byte	.LASF29
 686 020b 01       		.byte	0x1
 687 020c 31       		.byte	0x31
 688 020d 18020000 		.4byte	0x218
 689 0211 01       		.byte	0x1
 690 0212 05       		.byte	0x5
 691 0213 03       		.byte	0x3
 692 0214 00000000 		.4byte	SMS_LIB_widgetNumber
 693 0218 0F       		.uleb128 0xf
 694 0219 04       		.byte	0x4
 695 021a 1E020000 		.4byte	0x21e
 696 021e 0D       		.uleb128 0xd
 697 021f 76000000 		.4byte	0x76
 698 0223 0E       		.uleb128 0xe
 699 0224 A5010000 		.4byte	.LASF30
 700 0228 01       		.byte	0x1
 701 0229 32       		.byte	0x32
ARM GAS  C:\Users\CHARLI~1\AppData\Local\Temp\ccJ4oigf.s 			page 17


 702 022a 18020000 		.4byte	0x218
 703 022e 01       		.byte	0x1
 704 022f 05       		.byte	0x5
 705 0230 03       		.byte	0x3
 706 0231 00000000 		.4byte	SMS_LIB_numberOfSensors
 707 0235 0E       		.uleb128 0xe
 708 0236 6D020000 		.4byte	.LASF31
 709 023a 01       		.byte	0x1
 710 023b 34       		.byte	0x34
 711 023c DC010000 		.4byte	0x1dc
 712 0240 01       		.byte	0x1
 713 0241 05       		.byte	0x5
 714 0242 03       		.byte	0x3
 715 0243 00000000 		.4byte	SMS_LIB_fingerThreshold
 716 0247 0E       		.uleb128 0xe
 717 0248 90010000 		.4byte	.LASF32
 718 024c 01       		.byte	0x1
 719 024d 35       		.byte	0x35
 720 024e DC010000 		.4byte	0x1dc
 721 0252 01       		.byte	0x1
 722 0253 05       		.byte	0x5
 723 0254 03       		.byte	0x3
 724 0255 00000000 		.4byte	SMS_LIB_idacSettings
 725 0259 0E       		.uleb128 0xe
 726 025a CA020000 		.4byte	.LASF33
 727 025e 01       		.byte	0x1
 728 025f 37       		.byte	0x37
 729 0260 6B020000 		.4byte	0x26b
 730 0264 01       		.byte	0x1
 731 0265 05       		.byte	0x5
 732 0266 03       		.byte	0x3
 733 0267 00000000 		.4byte	SMS_LIB_SensorRaw
 734 026b 0F       		.uleb128 0xf
 735 026c 04       		.byte	0x4
 736 026d 81000000 		.4byte	0x81
 737 0271 0E       		.uleb128 0xe
 738 0272 DC020000 		.4byte	.LASF34
 739 0276 01       		.byte	0x1
 740 0277 38       		.byte	0x38
 741 0278 6B020000 		.4byte	0x26b
 742 027c 01       		.byte	0x1
 743 027d 05       		.byte	0x5
 744 027e 03       		.byte	0x3
 745 027f 00000000 		.4byte	SMS_LIB_SensorBaseline
 746 0283 0A       		.uleb128 0xa
 747 0284 76000000 		.4byte	0x76
 748 0288 93020000 		.4byte	0x293
 749 028c 10       		.uleb128 0x10
 750 028d 8C000000 		.4byte	0x8c
 751 0291 06       		.byte	0x6
 752 0292 00       		.byte	0x0
 753 0293 0E       		.uleb128 0xe
 754 0294 2A040000 		.4byte	.LASF35
 755 0298 01       		.byte	0x1
 756 0299 3A       		.byte	0x3a
 757 029a A5020000 		.4byte	0x2a5
 758 029e 01       		.byte	0x1
ARM GAS  C:\Users\CHARLI~1\AppData\Local\Temp\ccJ4oigf.s 			page 18


 759 029f 05       		.byte	0x5
 760 02a0 03       		.byte	0x3
 761 02a1 00000000 		.4byte	SMS_LIB_SensorSensitivity
 762 02a5 0D       		.uleb128 0xd
 763 02a6 83020000 		.4byte	0x283
 764 02aa 0A       		.uleb128 0xa
 765 02ab 76000000 		.4byte	0x76
 766 02af BA020000 		.4byte	0x2ba
 767 02b3 10       		.uleb128 0x10
 768 02b4 8C000000 		.4byte	0x8c
 769 02b8 0F       		.byte	0xf
 770 02b9 00       		.byte	0x0
 771 02ba 0E       		.uleb128 0xe
 772 02bb 54010000 		.4byte	.LASF36
 773 02bf 01       		.byte	0x1
 774 02c0 3F       		.byte	0x3f
 775 02c1 CC020000 		.4byte	0x2cc
 776 02c5 01       		.byte	0x1
 777 02c6 05       		.byte	0x5
 778 02c7 03       		.byte	0x3
 779 02c8 00000000 		.4byte	SMS_LIB_PrescalerTbl
 780 02cc 0D       		.uleb128 0xd
 781 02cd AA020000 		.4byte	0x2aa
 782 02d1 0E       		.uleb128 0xe
 783 02d2 A1030000 		.4byte	.LASF37
 784 02d6 01       		.byte	0x1
 785 02d7 45       		.byte	0x45
 786 02d8 83020000 		.4byte	0x283
 787 02dc 01       		.byte	0x1
 788 02dd 05       		.byte	0x5
 789 02de 03       		.byte	0x3
 790 02df 00000000 		.4byte	SMS_LIB_Table1
 791 02e3 0E       		.uleb128 0xe
 792 02e4 0E000000 		.4byte	.LASF38
 793 02e8 01       		.byte	0x1
 794 02e9 46       		.byte	0x46
 795 02ea 83020000 		.4byte	0x283
 796 02ee 01       		.byte	0x1
 797 02ef 05       		.byte	0x5
 798 02f0 03       		.byte	0x3
 799 02f1 00000000 		.4byte	SMS_LIB_Table2
 800 02f5 0E       		.uleb128 0xe
 801 02f6 B9030000 		.4byte	.LASF39
 802 02fa 01       		.byte	0x1
 803 02fb 47       		.byte	0x47
 804 02fc 83020000 		.4byte	0x283
 805 0300 01       		.byte	0x1
 806 0301 05       		.byte	0x5
 807 0302 03       		.byte	0x3
 808 0303 00000000 		.4byte	SMS_LIB_Table3
 809 0307 0A       		.uleb128 0xa
 810 0308 81000000 		.4byte	0x81
 811 030c 17030000 		.4byte	0x317
 812 0310 10       		.uleb128 0x10
 813 0311 8C000000 		.4byte	0x8c
 814 0315 06       		.byte	0x6
 815 0316 00       		.byte	0x0
ARM GAS  C:\Users\CHARLI~1\AppData\Local\Temp\ccJ4oigf.s 			page 19


 816 0317 0E       		.uleb128 0xe
 817 0318 C8030000 		.4byte	.LASF40
 818 031c 01       		.byte	0x1
 819 031d 48       		.byte	0x48
 820 031e 07030000 		.4byte	0x307
 821 0322 01       		.byte	0x1
 822 0323 05       		.byte	0x5
 823 0324 03       		.byte	0x3
 824 0325 00000000 		.4byte	SMS_LIB_Table4
 825 0329 0E       		.uleb128 0xe
 826 032a D7030000 		.4byte	.LASF41
 827 032e 01       		.byte	0x1
 828 032f 49       		.byte	0x49
 829 0330 07030000 		.4byte	0x307
 830 0334 01       		.byte	0x1
 831 0335 05       		.byte	0x5
 832 0336 03       		.byte	0x3
 833 0337 00000000 		.4byte	SMS_LIB_Table5
 834 033b 0E       		.uleb128 0xe
 835 033c 7B010000 		.4byte	.LASF42
 836 0340 01       		.byte	0x1
 837 0341 4A       		.byte	0x4a
 838 0342 83020000 		.4byte	0x283
 839 0346 01       		.byte	0x1
 840 0347 05       		.byte	0x5
 841 0348 03       		.byte	0x3
 842 0349 00000000 		.4byte	SMS_LIB_Table6
 843 034d 0E       		.uleb128 0xe
 844 034e FD030000 		.4byte	.LASF43
 845 0352 01       		.byte	0x1
 846 0353 4B       		.byte	0x4b
 847 0354 83020000 		.4byte	0x283
 848 0358 01       		.byte	0x1
 849 0359 05       		.byte	0x5
 850 035a 03       		.byte	0x3
 851 035b 00000000 		.4byte	SMS_LIB_Table7
 852 035f 0A       		.uleb128 0xa
 853 0360 76000000 		.4byte	0x76
 854 0364 6F030000 		.4byte	0x36f
 855 0368 10       		.uleb128 0x10
 856 0369 8C000000 		.4byte	0x8c
 857 036d 02       		.byte	0x2
 858 036e 00       		.byte	0x0
 859 036f 0E       		.uleb128 0xe
 860 0370 0C040000 		.4byte	.LASF44
 861 0374 01       		.byte	0x1
 862 0375 4D       		.byte	0x4d
 863 0376 5F030000 		.4byte	0x35f
 864 037a 01       		.byte	0x1
 865 037b 05       		.byte	0x5
 866 037c 03       		.byte	0x3
 867 037d 00000000 		.4byte	SMS_LIB_Table8
 868 0381 0E       		.uleb128 0xe
 869 0382 1B040000 		.4byte	.LASF45
 870 0386 01       		.byte	0x1
 871 0387 4E       		.byte	0x4e
 872 0388 5F030000 		.4byte	0x35f
ARM GAS  C:\Users\CHARLI~1\AppData\Local\Temp\ccJ4oigf.s 			page 20


 873 038c 01       		.byte	0x1
 874 038d 05       		.byte	0x5
 875 038e 03       		.byte	0x3
 876 038f 00000000 		.4byte	SMS_LIB_Table9
 877 0393 0E       		.uleb128 0xe
 878 0394 3B030000 		.4byte	.LASF46
 879 0398 01       		.byte	0x1
 880 0399 4F       		.byte	0x4f
 881 039a 5F030000 		.4byte	0x35f
 882 039e 01       		.byte	0x1
 883 039f 05       		.byte	0x5
 884 03a0 03       		.byte	0x3
 885 03a1 00000000 		.4byte	SMS_LIB_Table10
 886 03a5 0E       		.uleb128 0xe
 887 03a6 D6000000 		.4byte	.LASF47
 888 03aa 01       		.byte	0x1
 889 03ab 51       		.byte	0x51
 890 03ac 76000000 		.4byte	0x76
 891 03b0 01       		.byte	0x1
 892 03b1 05       		.byte	0x5
 893 03b2 03       		.byte	0x3
 894 03b3 00000000 		.4byte	SMS_LIB_Var1
 895 03b7 0E       		.uleb128 0xe
 896 03b8 85000000 		.4byte	.LASF48
 897 03bc 01       		.byte	0x1
 898 03bd 52       		.byte	0x52
 899 03be 81000000 		.4byte	0x81
 900 03c2 01       		.byte	0x1
 901 03c3 05       		.byte	0x5
 902 03c4 03       		.byte	0x3
 903 03c5 00000000 		.4byte	SMS_LIB_Var2
 904 03c9 0E       		.uleb128 0xe
 905 03ca E8010000 		.4byte	.LASF49
 906 03ce 01       		.byte	0x1
 907 03cf 54       		.byte	0x54
 908 03d0 76000000 		.4byte	0x76
 909 03d4 01       		.byte	0x1
 910 03d5 05       		.byte	0x5
 911 03d6 03       		.byte	0x3
 912 03d7 00000000 		.4byte	SMS_LIB_TotalSnsCnt
 913 03db 0E       		.uleb128 0xe
 914 03dc E3000000 		.4byte	.LASF50
 915 03e0 01       		.byte	0x1
 916 03e1 55       		.byte	0x55
 917 03e2 76000000 		.4byte	0x76
 918 03e6 01       		.byte	0x1
 919 03e7 05       		.byte	0x5
 920 03e8 03       		.byte	0x3
 921 03e9 00000000 		.4byte	SMS_LIB_TotalScanSlCnt
 922 03ed 0E       		.uleb128 0xe
 923 03ee D3010000 		.4byte	.LASF51
 924 03f2 01       		.byte	0x1
 925 03f3 56       		.byte	0x56
 926 03f4 76000000 		.4byte	0x76
 927 03f8 01       		.byte	0x1
 928 03f9 05       		.byte	0x5
 929 03fa 03       		.byte	0x3
ARM GAS  C:\Users\CHARLI~1\AppData\Local\Temp\ccJ4oigf.s 			page 21


 930 03fb 00000000 		.4byte	SMS_LIB_EndOfWidgInd
 931 03ff 0E       		.uleb128 0xe
 932 0400 1E030000 		.4byte	.LASF52
 933 0404 01       		.byte	0x1
 934 0405 5C       		.byte	0x5c
 935 0406 76000000 		.4byte	0x76
 936 040a 01       		.byte	0x1
 937 040b 05       		.byte	0x5
 938 040c 03       		.byte	0x3
 939 040d 00000000 		.4byte	SMS_LIB_TotalSnsCnt_CH0
 940 0411 0E       		.uleb128 0xe
 941 0412 B2020000 		.4byte	.LASF53
 942 0416 01       		.byte	0x1
 943 0417 5D       		.byte	0x5d
 944 0418 76000000 		.4byte	0x76
 945 041c 01       		.byte	0x1
 946 041d 05       		.byte	0x5
 947 041e 03       		.byte	0x3
 948 041f 00000000 		.4byte	SMS_LIB_TotalSnsCnt_CH1
 949 0423 00       		.byte	0x0
 950              		.section	.debug_abbrev
 951 0000 01       		.uleb128 0x1
 952 0001 11       		.uleb128 0x11
 953 0002 01       		.byte	0x1
 954 0003 25       		.uleb128 0x25
 955 0004 0E       		.uleb128 0xe
 956 0005 13       		.uleb128 0x13
 957 0006 0B       		.uleb128 0xb
 958 0007 03       		.uleb128 0x3
 959 0008 0E       		.uleb128 0xe
 960 0009 1B       		.uleb128 0x1b
 961 000a 0E       		.uleb128 0xe
 962 000b 11       		.uleb128 0x11
 963 000c 01       		.uleb128 0x1
 964 000d 52       		.uleb128 0x52
 965 000e 01       		.uleb128 0x1
 966 000f 55       		.uleb128 0x55
 967 0010 06       		.uleb128 0x6
 968 0011 10       		.uleb128 0x10
 969 0012 06       		.uleb128 0x6
 970 0013 00       		.byte	0x0
 971 0014 00       		.byte	0x0
 972 0015 02       		.uleb128 0x2
 973 0016 24       		.uleb128 0x24
 974 0017 00       		.byte	0x0
 975 0018 0B       		.uleb128 0xb
 976 0019 0B       		.uleb128 0xb
 977 001a 3E       		.uleb128 0x3e
 978 001b 0B       		.uleb128 0xb
 979 001c 03       		.uleb128 0x3
 980 001d 0E       		.uleb128 0xe
 981 001e 00       		.byte	0x0
 982 001f 00       		.byte	0x0
 983 0020 03       		.uleb128 0x3
 984 0021 24       		.uleb128 0x24
 985 0022 00       		.byte	0x0
 986 0023 0B       		.uleb128 0xb
ARM GAS  C:\Users\CHARLI~1\AppData\Local\Temp\ccJ4oigf.s 			page 22


 987 0024 0B       		.uleb128 0xb
 988 0025 3E       		.uleb128 0x3e
 989 0026 0B       		.uleb128 0xb
 990 0027 03       		.uleb128 0x3
 991 0028 08       		.uleb128 0x8
 992 0029 00       		.byte	0x0
 993 002a 00       		.byte	0x0
 994 002b 04       		.uleb128 0x4
 995 002c 16       		.uleb128 0x16
 996 002d 00       		.byte	0x0
 997 002e 03       		.uleb128 0x3
 998 002f 0E       		.uleb128 0xe
 999 0030 3A       		.uleb128 0x3a
 1000 0031 0B       		.uleb128 0xb
 1001 0032 3B       		.uleb128 0x3b
 1002 0033 0B       		.uleb128 0xb
 1003 0034 49       		.uleb128 0x49
 1004 0035 13       		.uleb128 0x13
 1005 0036 00       		.byte	0x0
 1006 0037 00       		.byte	0x0
 1007 0038 05       		.uleb128 0x5
 1008 0039 24       		.uleb128 0x24
 1009 003a 00       		.byte	0x0
 1010 003b 0B       		.uleb128 0xb
 1011 003c 0B       		.uleb128 0xb
 1012 003d 3E       		.uleb128 0x3e
 1013 003e 0B       		.uleb128 0xb
 1014 003f 00       		.byte	0x0
 1015 0040 00       		.byte	0x0
 1016 0041 06       		.uleb128 0x6
 1017 0042 2E       		.uleb128 0x2e
 1018 0043 01       		.byte	0x1
 1019 0044 3F       		.uleb128 0x3f
 1020 0045 0C       		.uleb128 0xc
 1021 0046 03       		.uleb128 0x3
 1022 0047 0E       		.uleb128 0xe
 1023 0048 3A       		.uleb128 0x3a
 1024 0049 0B       		.uleb128 0xb
 1025 004a 3B       		.uleb128 0x3b
 1026 004b 0B       		.uleb128 0xb
 1027 004c 27       		.uleb128 0x27
 1028 004d 0C       		.uleb128 0xc
 1029 004e 11       		.uleb128 0x11
 1030 004f 01       		.uleb128 0x1
 1031 0050 12       		.uleb128 0x12
 1032 0051 01       		.uleb128 0x1
 1033 0052 40       		.uleb128 0x40
 1034 0053 06       		.uleb128 0x6
 1035 0054 01       		.uleb128 0x1
 1036 0055 13       		.uleb128 0x13
 1037 0056 00       		.byte	0x0
 1038 0057 00       		.byte	0x0
 1039 0058 07       		.uleb128 0x7
 1040 0059 05       		.uleb128 0x5
 1041 005a 00       		.byte	0x0
 1042 005b 03       		.uleb128 0x3
 1043 005c 0E       		.uleb128 0xe
ARM GAS  C:\Users\CHARLI~1\AppData\Local\Temp\ccJ4oigf.s 			page 23


 1044 005d 3A       		.uleb128 0x3a
 1045 005e 0B       		.uleb128 0xb
 1046 005f 3B       		.uleb128 0x3b
 1047 0060 0B       		.uleb128 0xb
 1048 0061 49       		.uleb128 0x49
 1049 0062 13       		.uleb128 0x13
 1050 0063 02       		.uleb128 0x2
 1051 0064 0A       		.uleb128 0xa
 1052 0065 00       		.byte	0x0
 1053 0066 00       		.byte	0x0
 1054 0067 08       		.uleb128 0x8
 1055 0068 2E       		.uleb128 0x2e
 1056 0069 00       		.byte	0x0
 1057 006a 3F       		.uleb128 0x3f
 1058 006b 0C       		.uleb128 0xc
 1059 006c 03       		.uleb128 0x3
 1060 006d 0E       		.uleb128 0xe
 1061 006e 3A       		.uleb128 0x3a
 1062 006f 0B       		.uleb128 0xb
 1063 0070 3B       		.uleb128 0x3b
 1064 0071 0B       		.uleb128 0xb
 1065 0072 27       		.uleb128 0x27
 1066 0073 0C       		.uleb128 0xc
 1067 0074 49       		.uleb128 0x49
 1068 0075 13       		.uleb128 0x13
 1069 0076 11       		.uleb128 0x11
 1070 0077 01       		.uleb128 0x1
 1071 0078 12       		.uleb128 0x12
 1072 0079 01       		.uleb128 0x1
 1073 007a 40       		.uleb128 0x40
 1074 007b 06       		.uleb128 0x6
 1075 007c 00       		.byte	0x0
 1076 007d 00       		.byte	0x0
 1077 007e 09       		.uleb128 0x9
 1078 007f 2E       		.uleb128 0x2e
 1079 0080 00       		.byte	0x0
 1080 0081 3F       		.uleb128 0x3f
 1081 0082 0C       		.uleb128 0xc
 1082 0083 03       		.uleb128 0x3
 1083 0084 0E       		.uleb128 0xe
 1084 0085 3A       		.uleb128 0x3a
 1085 0086 0B       		.uleb128 0xb
 1086 0087 3B       		.uleb128 0x3b
 1087 0088 0B       		.uleb128 0xb
 1088 0089 27       		.uleb128 0x27
 1089 008a 0C       		.uleb128 0xc
 1090 008b 11       		.uleb128 0x11
 1091 008c 01       		.uleb128 0x1
 1092 008d 12       		.uleb128 0x12
 1093 008e 01       		.uleb128 0x1
 1094 008f 40       		.uleb128 0x40
 1095 0090 06       		.uleb128 0x6
 1096 0091 00       		.byte	0x0
 1097 0092 00       		.byte	0x0
 1098 0093 0A       		.uleb128 0xa
 1099 0094 01       		.uleb128 0x1
 1100 0095 01       		.byte	0x1
ARM GAS  C:\Users\CHARLI~1\AppData\Local\Temp\ccJ4oigf.s 			page 24


 1101 0096 49       		.uleb128 0x49
 1102 0097 13       		.uleb128 0x13
 1103 0098 01       		.uleb128 0x1
 1104 0099 13       		.uleb128 0x13
 1105 009a 00       		.byte	0x0
 1106 009b 00       		.byte	0x0
 1107 009c 0B       		.uleb128 0xb
 1108 009d 21       		.uleb128 0x21
 1109 009e 00       		.byte	0x0
 1110 009f 00       		.byte	0x0
 1111 00a0 00       		.byte	0x0
 1112 00a1 0C       		.uleb128 0xc
 1113 00a2 34       		.uleb128 0x34
 1114 00a3 00       		.byte	0x0
 1115 00a4 03       		.uleb128 0x3
 1116 00a5 0E       		.uleb128 0xe
 1117 00a6 3A       		.uleb128 0x3a
 1118 00a7 0B       		.uleb128 0xb
 1119 00a8 3B       		.uleb128 0x3b
 1120 00a9 0B       		.uleb128 0xb
 1121 00aa 49       		.uleb128 0x49
 1122 00ab 13       		.uleb128 0x13
 1123 00ac 3F       		.uleb128 0x3f
 1124 00ad 0C       		.uleb128 0xc
 1125 00ae 3C       		.uleb128 0x3c
 1126 00af 0C       		.uleb128 0xc
 1127 00b0 00       		.byte	0x0
 1128 00b1 00       		.byte	0x0
 1129 00b2 0D       		.uleb128 0xd
 1130 00b3 26       		.uleb128 0x26
 1131 00b4 00       		.byte	0x0
 1132 00b5 49       		.uleb128 0x49
 1133 00b6 13       		.uleb128 0x13
 1134 00b7 00       		.byte	0x0
 1135 00b8 00       		.byte	0x0
 1136 00b9 0E       		.uleb128 0xe
 1137 00ba 34       		.uleb128 0x34
 1138 00bb 00       		.byte	0x0
 1139 00bc 03       		.uleb128 0x3
 1140 00bd 0E       		.uleb128 0xe
 1141 00be 3A       		.uleb128 0x3a
 1142 00bf 0B       		.uleb128 0xb
 1143 00c0 3B       		.uleb128 0x3b
 1144 00c1 0B       		.uleb128 0xb
 1145 00c2 49       		.uleb128 0x49
 1146 00c3 13       		.uleb128 0x13
 1147 00c4 3F       		.uleb128 0x3f
 1148 00c5 0C       		.uleb128 0xc
 1149 00c6 02       		.uleb128 0x2
 1150 00c7 0A       		.uleb128 0xa
 1151 00c8 00       		.byte	0x0
 1152 00c9 00       		.byte	0x0
 1153 00ca 0F       		.uleb128 0xf
 1154 00cb 0F       		.uleb128 0xf
 1155 00cc 00       		.byte	0x0
 1156 00cd 0B       		.uleb128 0xb
 1157 00ce 0B       		.uleb128 0xb
ARM GAS  C:\Users\CHARLI~1\AppData\Local\Temp\ccJ4oigf.s 			page 25


 1158 00cf 49       		.uleb128 0x49
 1159 00d0 13       		.uleb128 0x13
 1160 00d1 00       		.byte	0x0
 1161 00d2 00       		.byte	0x0
 1162 00d3 10       		.uleb128 0x10
 1163 00d4 21       		.uleb128 0x21
 1164 00d5 00       		.byte	0x0
 1165 00d6 49       		.uleb128 0x49
 1166 00d7 13       		.uleb128 0x13
 1167 00d8 2F       		.uleb128 0x2f
 1168 00d9 0B       		.uleb128 0xb
 1169 00da 00       		.byte	0x0
 1170 00db 00       		.byte	0x0
 1171 00dc 00       		.byte	0x0
 1172              		.section	.debug_pubnames,"",%progbits
 1173 0000 0E030000 		.4byte	0x30e
 1174 0004 0200     		.2byte	0x2
 1175 0006 00000000 		.4byte	.Ldebug_info0
 1176 000a 24040000 		.4byte	0x424
 1177 000e 8F000000 		.4byte	0x8f
 1178 0012 534D535F 		.ascii	"SMS_LIB_ScanSensor\000"
 1178      4C49425F 
 1178      5363616E 
 1178      53656E73 
 1178      6F7200
 1179 0025 B7000000 		.4byte	0xb7
 1180 0029 534D535F 		.ascii	"SMS_LIB_IsBusy\000"
 1180      4C49425F 
 1180      49734275 
 1180      737900
 1181 0038 D0000000 		.4byte	0xd0
 1182 003c 534D535F 		.ascii	"SMS_LIB_SetPrescaler\000"
 1182      4C49425F 
 1182      53657450 
 1182      72657363 
 1182      616C6572 
 1183 0051 F8000000 		.4byte	0xf8
 1184 0055 43617053 		.ascii	"CapSense_CalculateThresholds\000"
 1184      656E7365 
 1184      5F43616C 
 1184      63756C61 
 1184      74655468 
 1185 0072 20010000 		.4byte	0x120
 1186 0076 43617053 		.ascii	"CapSense_AutoTune\000"
 1186      656E7365 
 1186      5F417574 
 1186      6F54756E 
 1186      6500
 1187 0088 CA010000 		.4byte	0x1ca
 1188 008c 534D535F 		.ascii	"SMS_LIB_noiseThreshold\000"
 1188      4C49425F 
 1188      6E6F6973 
 1188      65546872 
 1188      6573686F 
 1189 00a3 E2010000 		.4byte	0x1e2
 1190 00a7 534D535F 		.ascii	"SMS_LIB_hysteresis\000"
 1190      4C49425F 
ARM GAS  C:\Users\CHARLI~1\AppData\Local\Temp\ccJ4oigf.s 			page 26


 1190      68797374 
 1190      65726573 
 1190      697300
 1191 00ba F4010000 		.4byte	0x1f4
 1192 00be 534D535F 		.ascii	"SMS_LIB_widgetResolution\000"
 1192      4C49425F 
 1192      77696467 
 1192      65745265 
 1192      736F6C75 
 1193 00d7 06020000 		.4byte	0x206
 1194 00db 534D535F 		.ascii	"SMS_LIB_widgetNumber\000"
 1194      4C49425F 
 1194      77696467 
 1194      65744E75 
 1194      6D626572 
 1195 00f0 23020000 		.4byte	0x223
 1196 00f4 534D535F 		.ascii	"SMS_LIB_numberOfSensors\000"
 1196      4C49425F 
 1196      6E756D62 
 1196      65724F66 
 1196      53656E73 
 1197 010c 35020000 		.4byte	0x235
 1198 0110 534D535F 		.ascii	"SMS_LIB_fingerThreshold\000"
 1198      4C49425F 
 1198      66696E67 
 1198      65725468 
 1198      72657368 
 1199 0128 47020000 		.4byte	0x247
 1200 012c 534D535F 		.ascii	"SMS_LIB_idacSettings\000"
 1200      4C49425F 
 1200      69646163 
 1200      53657474 
 1200      696E6773 
 1201 0141 59020000 		.4byte	0x259
 1202 0145 534D535F 		.ascii	"SMS_LIB_SensorRaw\000"
 1202      4C49425F 
 1202      53656E73 
 1202      6F725261 
 1202      7700
 1203 0157 71020000 		.4byte	0x271
 1204 015b 534D535F 		.ascii	"SMS_LIB_SensorBaseline\000"
 1204      4C49425F 
 1204      53656E73 
 1204      6F724261 
 1204      73656C69 
 1205 0172 93020000 		.4byte	0x293
 1206 0176 534D535F 		.ascii	"SMS_LIB_SensorSensitivity\000"
 1206      4C49425F 
 1206      53656E73 
 1206      6F725365 
 1206      6E736974 
 1207 0190 BA020000 		.4byte	0x2ba
 1208 0194 534D535F 		.ascii	"SMS_LIB_PrescalerTbl\000"
 1208      4C49425F 
 1208      50726573 
 1208      63616C65 
 1208      7254626C 
ARM GAS  C:\Users\CHARLI~1\AppData\Local\Temp\ccJ4oigf.s 			page 27


 1209 01a9 D1020000 		.4byte	0x2d1
 1210 01ad 534D535F 		.ascii	"SMS_LIB_Table1\000"
 1210      4C49425F 
 1210      5461626C 
 1210      653100
 1211 01bc E3020000 		.4byte	0x2e3
 1212 01c0 534D535F 		.ascii	"SMS_LIB_Table2\000"
 1212      4C49425F 
 1212      5461626C 
 1212      653200
 1213 01cf F5020000 		.4byte	0x2f5
 1214 01d3 534D535F 		.ascii	"SMS_LIB_Table3\000"
 1214      4C49425F 
 1214      5461626C 
 1214      653300
 1215 01e2 17030000 		.4byte	0x317
 1216 01e6 534D535F 		.ascii	"SMS_LIB_Table4\000"
 1216      4C49425F 
 1216      5461626C 
 1216      653400
 1217 01f5 29030000 		.4byte	0x329
 1218 01f9 534D535F 		.ascii	"SMS_LIB_Table5\000"
 1218      4C49425F 
 1218      5461626C 
 1218      653500
 1219 0208 3B030000 		.4byte	0x33b
 1220 020c 534D535F 		.ascii	"SMS_LIB_Table6\000"
 1220      4C49425F 
 1220      5461626C 
 1220      653600
 1221 021b 4D030000 		.4byte	0x34d
 1222 021f 534D535F 		.ascii	"SMS_LIB_Table7\000"
 1222      4C49425F 
 1222      5461626C 
 1222      653700
 1223 022e 6F030000 		.4byte	0x36f
 1224 0232 534D535F 		.ascii	"SMS_LIB_Table8\000"
 1224      4C49425F 
 1224      5461626C 
 1224      653800
 1225 0241 81030000 		.4byte	0x381
 1226 0245 534D535F 		.ascii	"SMS_LIB_Table9\000"
 1226      4C49425F 
 1226      5461626C 
 1226      653900
 1227 0254 93030000 		.4byte	0x393
 1228 0258 534D535F 		.ascii	"SMS_LIB_Table10\000"
 1228      4C49425F 
 1228      5461626C 
 1228      65313000 
 1229 0268 A5030000 		.4byte	0x3a5
 1230 026c 534D535F 		.ascii	"SMS_LIB_Var1\000"
 1230      4C49425F 
 1230      56617231 
 1230      00
 1231 0279 B7030000 		.4byte	0x3b7
 1232 027d 534D535F 		.ascii	"SMS_LIB_Var2\000"
ARM GAS  C:\Users\CHARLI~1\AppData\Local\Temp\ccJ4oigf.s 			page 28


 1232      4C49425F 
 1232      56617232 
 1232      00
 1233 028a C9030000 		.4byte	0x3c9
 1234 028e 534D535F 		.ascii	"SMS_LIB_TotalSnsCnt\000"
 1234      4C49425F 
 1234      546F7461 
 1234      6C536E73 
 1234      436E7400 
 1235 02a2 DB030000 		.4byte	0x3db
 1236 02a6 534D535F 		.ascii	"SMS_LIB_TotalScanSlCnt\000"
 1236      4C49425F 
 1236      546F7461 
 1236      6C536361 
 1236      6E536C43 
 1237 02bd ED030000 		.4byte	0x3ed
 1238 02c1 534D535F 		.ascii	"SMS_LIB_EndOfWidgInd\000"
 1238      4C49425F 
 1238      456E644F 
 1238      66576964 
 1238      67496E64 
 1239 02d6 FF030000 		.4byte	0x3ff
 1240 02da 534D535F 		.ascii	"SMS_LIB_TotalSnsCnt_CH0\000"
 1240      4C49425F 
 1240      546F7461 
 1240      6C536E73 
 1240      436E745F 
 1241 02f2 11040000 		.4byte	0x411
 1242 02f6 534D535F 		.ascii	"SMS_LIB_TotalSnsCnt_CH1\000"
 1242      4C49425F 
 1242      546F7461 
 1242      6C536E73 
 1242      436E745F 
 1243 030e 00000000 		.4byte	0x0
 1244              		.section	.debug_aranges,"",%progbits
 1245 0000 3C000000 		.4byte	0x3c
 1246 0004 0200     		.2byte	0x2
 1247 0006 00000000 		.4byte	.Ldebug_info0
 1248 000a 04       		.byte	0x4
 1249 000b 00       		.byte	0x0
 1250 000c 0000     		.2byte	0x0
 1251 000e 0000     		.2byte	0x0
 1252 0010 00000000 		.4byte	.LFB0
 1253 0014 1A000000 		.4byte	.LFE0-.LFB0
 1254 0018 00000000 		.4byte	.LFB1
 1255 001c 0E000000 		.4byte	.LFE1-.LFB1
 1256 0020 00000000 		.4byte	.LFB2
 1257 0024 1A000000 		.4byte	.LFE2-.LFB2
 1258 0028 00000000 		.4byte	.LFB3
 1259 002c 1A000000 		.4byte	.LFE3-.LFB3
 1260 0030 00000000 		.4byte	.LFB4
 1261 0034 0A000000 		.4byte	.LFE4-.LFB4
 1262 0038 00000000 		.4byte	0x0
 1263 003c 00000000 		.4byte	0x0
 1264              		.section	.debug_ranges,"",%progbits
 1265              	.Ldebug_ranges0:
 1266 0000 00000000 		.4byte	.Ltext0
ARM GAS  C:\Users\CHARLI~1\AppData\Local\Temp\ccJ4oigf.s 			page 29


 1267 0004 00000000 		.4byte	.Letext0
 1268 0008 00000000 		.4byte	.LFB0
 1269 000c 1A000000 		.4byte	.LFE0
 1270 0010 00000000 		.4byte	.LFB1
 1271 0014 0E000000 		.4byte	.LFE1
 1272 0018 00000000 		.4byte	.LFB2
 1273 001c 1A000000 		.4byte	.LFE2
 1274 0020 00000000 		.4byte	.LFB3
 1275 0024 1A000000 		.4byte	.LFE3
 1276 0028 00000000 		.4byte	.LFB4
 1277 002c 0A000000 		.4byte	.LFE4
 1278 0030 00000000 		.4byte	0x0
 1279 0034 00000000 		.4byte	0x0
 1280              		.section	.debug_str,"MS",%progbits,1
 1281              	.LASF6:
 1282 0000 6C6F6E67 		.ascii	"long long int\000"
 1282      206C6F6E 
 1282      6720696E 
 1282      7400
 1283              	.LASF38:
 1284 000e 534D535F 		.ascii	"SMS_LIB_Table2\000"
 1284      4C49425F 
 1284      5461626C 
 1284      653200
 1285              	.LASF29:
 1286 001d 534D535F 		.ascii	"SMS_LIB_widgetNumber\000"
 1286      4C49425F 
 1286      77696467 
 1286      65744E75 
 1286      6D626572 
 1287              	.LASF16:
 1288 0032 43617053 		.ascii	"CapSense_CalculateThresholds\000"
 1288      656E7365 
 1288      5F43616C 
 1288      63756C61 
 1288      74655468 
 1289              	.LASF18:
 1290 004f 43617053 		.ascii	"CapSense_hysteresis\000"
 1290      656E7365 
 1290      5F687973 
 1290      74657265 
 1290      73697300 
 1291              	.LASF12:
 1292 0063 534D535F 		.ascii	"SMS_LIB_ScanSensor\000"
 1292      4C49425F 
 1292      5363616E 
 1292      53656E73 
 1292      6F7200
 1293              	.LASF57:
 1294 0076 534D535F 		.ascii	"SMS_LIB_IsBusy\000"
 1294      4C49425F 
 1294      49734275 
 1294      737900
 1295              	.LASF48:
 1296 0085 534D535F 		.ascii	"SMS_LIB_Var2\000"
 1296      4C49425F 
 1296      56617232 
ARM GAS  C:\Users\CHARLI~1\AppData\Local\Temp\ccJ4oigf.s 			page 30


 1296      00
 1297              	.LASF3:
 1298 0092 73686F72 		.ascii	"short unsigned int\000"
 1298      7420756E 
 1298      7369676E 
 1298      65642069 
 1298      6E7400
 1299              	.LASF22:
 1300 00a5 43617053 		.ascii	"CapSense_fingerThreshold\000"
 1300      656E7365 
 1300      5F66696E 
 1300      67657254 
 1300      68726573 
 1301              	.LASF25:
 1302 00be 43617053 		.ascii	"CapSense_SensorBaseline\000"
 1302      656E7365 
 1302      5F53656E 
 1302      736F7242 
 1302      6173656C 
 1303              	.LASF47:
 1304 00d6 534D535F 		.ascii	"SMS_LIB_Var1\000"
 1304      4C49425F 
 1304      56617231 
 1304      00
 1305              	.LASF50:
 1306 00e3 534D535F 		.ascii	"SMS_LIB_TotalScanSlCnt\000"
 1306      4C49425F 
 1306      546F7461 
 1306      6C536361 
 1306      6E536C43 
 1307              	.LASF0:
 1308 00fa 7369676E 		.ascii	"signed char\000"
 1308      65642063 
 1308      68617200 
 1309              	.LASF1:
 1310 0106 756E7369 		.ascii	"unsigned char\000"
 1310      676E6564 
 1310      20636861 
 1310      7200
 1311              	.LASF56:
 1312 0114 453A5C43 		.ascii	"E:\\ControllerKinect\\capController\\Transmitter\\T"
 1312      6F6E7472 
 1312      6F6C6C65 
 1312      724B696E 
 1312      6563745C 
 1313 0143 72616E73 		.ascii	"ransmitter.cydsn\000"
 1313      6D697474 
 1313      65722E63 
 1313      7964736E 
 1313      00
 1314              	.LASF36:
 1315 0154 534D535F 		.ascii	"SMS_LIB_PrescalerTbl\000"
 1315      4C49425F 
 1315      50726573 
 1315      63616C65 
 1315      7254626C 
 1316              	.LASF5:
ARM GAS  C:\Users\CHARLI~1\AppData\Local\Temp\ccJ4oigf.s 			page 31


 1317 0169 6C6F6E67 		.ascii	"long unsigned int\000"
 1317      20756E73 
 1317      69676E65 
 1317      6420696E 
 1317      7400
 1318              	.LASF42:
 1319 017b 534D535F 		.ascii	"SMS_LIB_Table6\000"
 1319      4C49425F 
 1319      5461626C 
 1319      653600
 1320              	.LASF10:
 1321 018a 75696E74 		.ascii	"uint8\000"
 1321      3800
 1322              	.LASF32:
 1323 0190 534D535F 		.ascii	"SMS_LIB_idacSettings\000"
 1323      4C49425F 
 1323      69646163 
 1323      53657474 
 1323      696E6773 
 1324              	.LASF30:
 1325 01a5 534D535F 		.ascii	"SMS_LIB_numberOfSensors\000"
 1325      4C49425F 
 1325      6E756D62 
 1325      65724F66 
 1325      53656E73 
 1326              	.LASF20:
 1327 01bd 43617053 		.ascii	"CapSense_widgetNumber\000"
 1327      656E7365 
 1327      5F776964 
 1327      6765744E 
 1327      756D6265 
 1328              	.LASF51:
 1329 01d3 534D535F 		.ascii	"SMS_LIB_EndOfWidgInd\000"
 1329      4C49425F 
 1329      456E644F 
 1329      66576964 
 1329      67496E64 
 1330              	.LASF49:
 1331 01e8 534D535F 		.ascii	"SMS_LIB_TotalSnsCnt\000"
 1331      4C49425F 
 1331      546F7461 
 1331      6C536E73 
 1331      436E7400 
 1332              	.LASF17:
 1333 01fc 43617053 		.ascii	"CapSense_noiseThreshold\000"
 1333      656E7365 
 1333      5F6E6F69 
 1333      73655468 
 1333      72657368 
 1334              	.LASF11:
 1335 0214 75696E74 		.ascii	"uint16\000"
 1335      313600
 1336              	.LASF13:
 1337 021b 534D535F 		.ascii	"SMS_LIB_SetPrescaler\000"
 1337      4C49425F 
 1337      53657450 
 1337      72657363 
ARM GAS  C:\Users\CHARLI~1\AppData\Local\Temp\ccJ4oigf.s 			page 32


 1337      616C6572 
 1338              	.LASF28:
 1339 0230 534D535F 		.ascii	"SMS_LIB_widgetResolution\000"
 1339      4C49425F 
 1339      77696467 
 1339      65745265 
 1339      736F6C75 
 1340              	.LASF8:
 1341 0249 756E7369 		.ascii	"unsigned int\000"
 1341      676E6564 
 1341      20696E74 
 1341      00
 1342              	.LASF7:
 1343 0256 6C6F6E67 		.ascii	"long long unsigned int\000"
 1343      206C6F6E 
 1343      6720756E 
 1343      7369676E 
 1343      65642069 
 1344              	.LASF31:
 1345 026d 534D535F 		.ascii	"SMS_LIB_fingerThreshold\000"
 1345      4C49425F 
 1345      66696E67 
 1345      65725468 
 1345      72657368 
 1346              	.LASF19:
 1347 0285 43617053 		.ascii	"CapSense_widgetResolution\000"
 1347      656E7365 
 1347      5F776964 
 1347      67657452 
 1347      65736F6C 
 1348              	.LASF27:
 1349 029f 534D535F 		.ascii	"SMS_LIB_hysteresis\000"
 1349      4C49425F 
 1349      68797374 
 1349      65726573 
 1349      697300
 1350              	.LASF53:
 1351 02b2 534D535F 		.ascii	"SMS_LIB_TotalSnsCnt_CH1\000"
 1351      4C49425F 
 1351      546F7461 
 1351      6C536E73 
 1351      436E745F 
 1352              	.LASF33:
 1353 02ca 534D535F 		.ascii	"SMS_LIB_SensorRaw\000"
 1353      4C49425F 
 1353      53656E73 
 1353      6F725261 
 1353      7700
 1354              	.LASF34:
 1355 02dc 534D535F 		.ascii	"SMS_LIB_SensorBaseline\000"
 1355      4C49425F 
 1355      53656E73 
 1355      6F724261 
 1355      73656C69 
 1356              	.LASF14:
 1357 02f3 53656E73 		.ascii	"SensorNumber\000"
 1357      6F724E75 
ARM GAS  C:\Users\CHARLI~1\AppData\Local\Temp\ccJ4oigf.s 			page 33


 1357      6D626572 
 1357      00
 1358              	.LASF54:
 1359 0300 474E5520 		.ascii	"GNU C 4.4.1\000"
 1359      4320342E 
 1359      342E3100 
 1360              	.LASF58:
 1361 030c 43617053 		.ascii	"CapSense_AutoTune\000"
 1361      656E7365 
 1361      5F417574 
 1361      6F54756E 
 1361      6500
 1362              	.LASF52:
 1363 031e 534D535F 		.ascii	"SMS_LIB_TotalSnsCnt_CH0\000"
 1363      4C49425F 
 1363      546F7461 
 1363      6C536E73 
 1363      436E745F 
 1364              	.LASF9:
 1365 0336 63686172 		.ascii	"char\000"
 1365      00
 1366              	.LASF46:
 1367 033b 534D535F 		.ascii	"SMS_LIB_Table10\000"
 1367      4C49425F 
 1367      5461626C 
 1367      65313000 
 1368              	.LASF24:
 1369 034b 43617053 		.ascii	"CapSense_SensorRaw\000"
 1369      656E7365 
 1369      5F53656E 
 1369      736F7252 
 1369      617700
 1370              	.LASF2:
 1371 035e 73686F72 		.ascii	"short int\000"
 1371      7420696E 
 1371      7400
 1372              	.LASF21:
 1373 0368 43617053 		.ascii	"CapSense_numberOfSensors\000"
 1373      656E7365 
 1373      5F6E756D 
 1373      6265724F 
 1373      6653656E 
 1374              	.LASF23:
 1375 0381 43617053 		.ascii	"CapSense_idacSettings\000"
 1375      656E7365 
 1375      5F696461 
 1375      63536574 
 1375      74696E67 
 1376              	.LASF15:
 1377 0397 50726573 		.ascii	"Prescaler\000"
 1377      63616C65 
 1377      7200
 1378              	.LASF37:
 1379 03a1 534D535F 		.ascii	"SMS_LIB_Table1\000"
 1379      4C49425F 
 1379      5461626C 
 1379      653100
ARM GAS  C:\Users\CHARLI~1\AppData\Local\Temp\ccJ4oigf.s 			page 34


 1380              	.LASF4:
 1381 03b0 6C6F6E67 		.ascii	"long int\000"
 1381      20696E74 
 1381      00
 1382              	.LASF39:
 1383 03b9 534D535F 		.ascii	"SMS_LIB_Table3\000"
 1383      4C49425F 
 1383      5461626C 
 1383      653300
 1384              	.LASF40:
 1385 03c8 534D535F 		.ascii	"SMS_LIB_Table4\000"
 1385      4C49425F 
 1385      5461626C 
 1385      653400
 1386              	.LASF41:
 1387 03d7 534D535F 		.ascii	"SMS_LIB_Table5\000"
 1387      4C49425F 
 1387      5461626C 
 1387      653500
 1388              	.LASF26:
 1389 03e6 534D535F 		.ascii	"SMS_LIB_noiseThreshold\000"
 1389      4C49425F 
 1389      6E6F6973 
 1389      65546872 
 1389      6573686F 
 1390              	.LASF43:
 1391 03fd 534D535F 		.ascii	"SMS_LIB_Table7\000"
 1391      4C49425F 
 1391      5461626C 
 1391      653700
 1392              	.LASF44:
 1393 040c 534D535F 		.ascii	"SMS_LIB_Table8\000"
 1393      4C49425F 
 1393      5461626C 
 1393      653800
 1394              	.LASF45:
 1395 041b 534D535F 		.ascii	"SMS_LIB_Table9\000"
 1395      4C49425F 
 1395      5461626C 
 1395      653900
 1396              	.LASF35:
 1397 042a 534D535F 		.ascii	"SMS_LIB_SensorSensitivity\000"
 1397      4C49425F 
 1397      53656E73 
 1397      6F725365 
 1397      6E736974 
 1398              	.LASF55:
 1399 0444 2E2F4765 		.ascii	"./Generated_Source/PSoC5/CapSense_SMS_Wrapper.c\000"
 1399      6E657261 
 1399      7465645F 
 1399      536F7572 
 1399      63652F50 
 1400              		.ident	"GCC: (Sourcery G++ Lite 2010q1-188) 4.4.1"
