ARM GAS  C:\Users\CHARLI~1\AppData\Local\Temp\cc8j3xKo.s 			page 1


   1              		.syntax unified
   2              		.cpu cortex-m3
   3              		.fpu softvfp
   4              		.eabi_attribute 20, 1
   5              		.eabi_attribute 21, 1
   6              		.eabi_attribute 23, 3
   7              		.eabi_attribute 24, 1
   8              		.eabi_attribute 25, 1
   9              		.eabi_attribute 26, 1
  10              		.eabi_attribute 30, 6
  11              		.eabi_attribute 18, 4
  12              		.thumb
  13              		.file	"CapSense_1_INT.c"
  14              		.section	.debug_abbrev,"",%progbits
  15              	.Ldebug_abbrev0:
  16              		.section	.debug_info,"",%progbits
  17              	.Ldebug_info0:
  18              		.section	.debug_line,"",%progbits
  19              	.Ldebug_line0:
  20 0000 6B000000 		.text
  20      02004D00 
  20      00000201 
  20      FB0E0D00 
  20      01010101 
  21              	.Ltext0:
  22              		.cfi_sections	.debug_frame
  23              		.section	.text.CapSense_1_IsrCH0_ISR,"ax",%progbits
  24              		.align	2
  25              		.global	CapSense_1_IsrCH0_ISR
  26              		.thumb
  27              		.thumb_func
  28              		.type	CapSense_1_IsrCH0_ISR, %function
  29              	CapSense_1_IsrCH0_ISR:
  30              	.LFB0:
  31              		.file 1 "./Generated_Source/PSoC5/CapSense_1_INT.c"
   1:./Generated_Source/PSoC5/CapSense_1_INT.c **** /*******************************************************************************
   2:./Generated_Source/PSoC5/CapSense_1_INT.c **** * File Name: CapSense_1_INT.c
   3:./Generated_Source/PSoC5/CapSense_1_INT.c **** * Version 2.10
   4:./Generated_Source/PSoC5/CapSense_1_INT.c **** *
   5:./Generated_Source/PSoC5/CapSense_1_INT.c **** * Description:
   6:./Generated_Source/PSoC5/CapSense_1_INT.c **** *  This file provides the source code of Interrupt Service Routine (ISR)
   7:./Generated_Source/PSoC5/CapSense_1_INT.c **** *  for CapSense CSD component.
   8:./Generated_Source/PSoC5/CapSense_1_INT.c **** *
   9:./Generated_Source/PSoC5/CapSense_1_INT.c **** * Note:
  10:./Generated_Source/PSoC5/CapSense_1_INT.c **** *
  11:./Generated_Source/PSoC5/CapSense_1_INT.c **** ********************************************************************************
  12:./Generated_Source/PSoC5/CapSense_1_INT.c **** * Copyright 2008-2010, Cypress Semiconductor Corporation.  All rights reserved.
  13:./Generated_Source/PSoC5/CapSense_1_INT.c **** * You may use this file only in accordance with the license, terms, conditions,
  14:./Generated_Source/PSoC5/CapSense_1_INT.c **** * disclaimers, and limitations in the end user license agreement accompanying
  15:./Generated_Source/PSoC5/CapSense_1_INT.c **** * the software package with which this file was provided.
  16:./Generated_Source/PSoC5/CapSense_1_INT.c **** *******************************************************************************/
  17:./Generated_Source/PSoC5/CapSense_1_INT.c **** 
  18:./Generated_Source/PSoC5/CapSense_1_INT.c **** #include "CapSense_1.h"
  19:./Generated_Source/PSoC5/CapSense_1_INT.c **** 
  20:./Generated_Source/PSoC5/CapSense_1_INT.c **** /* Extern functions declarations, Start and Compete the scan */
  21:./Generated_Source/PSoC5/CapSense_1_INT.c **** extern void CapSense_1_PreScan(uint8 sensor) ;
  22:./Generated_Source/PSoC5/CapSense_1_INT.c **** #if (CapSense_1_DESIGN_TYPE == CapSense_1_ONE_CHANNEL_DESIGN)
ARM GAS  C:\Users\CHARLI~1\AppData\Local\Temp\cc8j3xKo.s 			page 2


  23:./Generated_Source/PSoC5/CapSense_1_INT.c ****     extern void CapSense_1_PostScan(uint8 sensor);
  24:./Generated_Source/PSoC5/CapSense_1_INT.c **** #else
  25:./Generated_Source/PSoC5/CapSense_1_INT.c ****     extern void CapSense_1_PostScanCh0(uint8 sensor);
  26:./Generated_Source/PSoC5/CapSense_1_INT.c ****     extern void CapSense_1_PostScanCh1(uint8 sensor);
  27:./Generated_Source/PSoC5/CapSense_1_INT.c **** #endif  /* End CapSense_1_DESIGN_TYPE */
  28:./Generated_Source/PSoC5/CapSense_1_INT.c **** 
  29:./Generated_Source/PSoC5/CapSense_1_INT.c ****  #if (CapSense_1_DESIGN_TYPE == CapSense_1_ONE_CHANNEL_DESIGN)
  30:./Generated_Source/PSoC5/CapSense_1_INT.c ****     extern uint8 CapSense_1_FindNextSensor(uint8 snsIndex) ;
  31:./Generated_Source/PSoC5/CapSense_1_INT.c **** #endif  /* End (CapSense_1_DESIGN_TYPE == CapSense_1_ONE_CHANNEL_DESIGN) */
  32:./Generated_Source/PSoC5/CapSense_1_INT.c ****  
  33:./Generated_Source/PSoC5/CapSense_1_INT.c **** #if (CapSense_1_DESIGN_TYPE == CapSense_1_TWO_CHANNELS_DESIGN)
  34:./Generated_Source/PSoC5/CapSense_1_INT.c ****     extern uint8 CapSense_1_FindNextPair(uint8 snsIndex) ;
  35:./Generated_Source/PSoC5/CapSense_1_INT.c **** #endif  /* End (CapSense_1_DESIGN_TYPE == CapSense_1_TWO_CHANNELS_DESIGN) */
  36:./Generated_Source/PSoC5/CapSense_1_INT.c **** 
  37:./Generated_Source/PSoC5/CapSense_1_INT.c **** /* Global variables and arrays */
  38:./Generated_Source/PSoC5/CapSense_1_INT.c **** extern volatile uint8 CapSense_1_csv;
  39:./Generated_Source/PSoC5/CapSense_1_INT.c **** extern volatile uint8 CapSense_1_sensorIndex;
  40:./Generated_Source/PSoC5/CapSense_1_INT.c **** 
  41:./Generated_Source/PSoC5/CapSense_1_INT.c **** 
  42:./Generated_Source/PSoC5/CapSense_1_INT.c **** #if (CapSense_1_DESIGN_TYPE == CapSense_1_ONE_CHANNEL_DESIGN)
  43:./Generated_Source/PSoC5/CapSense_1_INT.c ****     /*******************************************************************************
  44:./Generated_Source/PSoC5/CapSense_1_INT.c ****     *  Place your includes, defines and code here
  45:./Generated_Source/PSoC5/CapSense_1_INT.c ****     *******************************************************************************/
  46:./Generated_Source/PSoC5/CapSense_1_INT.c ****     /* `#START CapSense_1_IsrCH0_ISR_inc` */
  47:./Generated_Source/PSoC5/CapSense_1_INT.c **** 
  48:./Generated_Source/PSoC5/CapSense_1_INT.c ****     /* `#END` */
  49:./Generated_Source/PSoC5/CapSense_1_INT.c ****     
  50:./Generated_Source/PSoC5/CapSense_1_INT.c ****     /*******************************************************************************
  51:./Generated_Source/PSoC5/CapSense_1_INT.c ****     * Function Name: CapSense_1_IsrCH0_ISR
  52:./Generated_Source/PSoC5/CapSense_1_INT.c ****     ********************************************************************************
  53:./Generated_Source/PSoC5/CapSense_1_INT.c ****     *
  54:./Generated_Source/PSoC5/CapSense_1_INT.c ****     * Summary:
  55:./Generated_Source/PSoC5/CapSense_1_INT.c ****     *  This ISR is executed when measure window is closed. The measure window 
  56:./Generated_Source/PSoC5/CapSense_1_INT.c ****     *  depends on scan resolution parameter of sensor. 
  57:./Generated_Source/PSoC5/CapSense_1_INT.c ****     *  The ISR has two modes: 
  58:./Generated_Source/PSoC5/CapSense_1_INT.c ****     *   1. Scans single sensor and stores measure result.
  59:./Generated_Source/PSoC5/CapSense_1_INT.c ****     *   2. Stores result of current measure and starts next scan till all 
  60:./Generated_Source/PSoC5/CapSense_1_INT.c ****     *      enabled sensors will be scanned.
  61:./Generated_Source/PSoC5/CapSense_1_INT.c ****     *  This interrupt handler only used in one channel designs.
  62:./Generated_Source/PSoC5/CapSense_1_INT.c ****     *
  63:./Generated_Source/PSoC5/CapSense_1_INT.c ****     * Parameters:
  64:./Generated_Source/PSoC5/CapSense_1_INT.c ****     *  None
  65:./Generated_Source/PSoC5/CapSense_1_INT.c ****     *
  66:./Generated_Source/PSoC5/CapSense_1_INT.c ****     * Return:
  67:./Generated_Source/PSoC5/CapSense_1_INT.c ****     *  None
  68:./Generated_Source/PSoC5/CapSense_1_INT.c ****     *
  69:./Generated_Source/PSoC5/CapSense_1_INT.c ****     * Global Variables:
  70:./Generated_Source/PSoC5/CapSense_1_INT.c ****     *  CapSense_1_csv - used to provide status and mode of scanning process.
  71:./Generated_Source/PSoC5/CapSense_1_INT.c ****     *   Mode - single scan or scan of all enabled sensors.
  72:./Generated_Source/PSoC5/CapSense_1_INT.c ****     *   Status - scan in progress or ready for new scan.
  73:./Generated_Source/PSoC5/CapSense_1_INT.c ****     *  CapSense_1_sensorIndex - used to store sensor scanning sensor number.
  74:./Generated_Source/PSoC5/CapSense_1_INT.c ****     *
  75:./Generated_Source/PSoC5/CapSense_1_INT.c ****     * Reentrant:
  76:./Generated_Source/PSoC5/CapSense_1_INT.c ****     *  No
  77:./Generated_Source/PSoC5/CapSense_1_INT.c ****     *
  78:./Generated_Source/PSoC5/CapSense_1_INT.c ****     *******************************************************************************/
  79:./Generated_Source/PSoC5/CapSense_1_INT.c ****     CY_ISR(CapSense_1_IsrCH0_ISR)
ARM GAS  C:\Users\CHARLI~1\AppData\Local\Temp\cc8j3xKo.s 			page 3


  80:./Generated_Source/PSoC5/CapSense_1_INT.c ****     {
  32              		.loc 1 80 0
  33              		.cfi_startproc
  34              		@ args = 0, pretend = 0, frame = 0
  35              		@ frame_needed = 1, uses_anonymous_args = 0
  36 0000 80B5     		push	{r7, lr}
  37              	.LCFI0:
  38              		.cfi_def_cfa_offset 8
  39 0002 00AF     		add	r7, sp, #0
  40              		.cfi_offset 14, -4
  41              		.cfi_offset 7, -8
  42              	.LCFI1:
  43              		.cfi_def_cfa_register 7
  81:./Generated_Source/PSoC5/CapSense_1_INT.c ****         /*  Place your Interrupt code here. */
  82:./Generated_Source/PSoC5/CapSense_1_INT.c ****         /* `#START CapSense_1_IsrCH0_ISR` */
  83:./Generated_Source/PSoC5/CapSense_1_INT.c **** 
  84:./Generated_Source/PSoC5/CapSense_1_INT.c ****         /* `#END` */
  85:./Generated_Source/PSoC5/CapSense_1_INT.c ****     
  86:./Generated_Source/PSoC5/CapSense_1_INT.c ****         /* Save results and disable sensor */
  87:./Generated_Source/PSoC5/CapSense_1_INT.c ****         CapSense_1_PostScan(CapSense_1_sensorIndex);
  44              		.loc 1 87 0
  45 0004 40F20003 		movw	r3, #:lower16:CapSense_1_sensorIndex
  46 0008 C0F20003 		movt	r3, #:upper16:CapSense_1_sensorIndex
  47 000c 1B78     		ldrb	r3, [r3, #0]
  48 000e DBB2     		uxtb	r3, r3
  49 0010 1846     		mov	r0, r3
  50 0012 FFF7FEFF 		bl	CapSense_1_PostScan
  88:./Generated_Source/PSoC5/CapSense_1_INT.c ****                 
  89:./Generated_Source/PSoC5/CapSense_1_INT.c ****         if ((CapSense_1_csv & CapSense_1_SW_CTRL_SINGLE_SCAN) != 0u)
  51              		.loc 1 89 0
  52 0016 40F20003 		movw	r3, #:lower16:CapSense_1_csv
  53 001a C0F20003 		movt	r3, #:upper16:CapSense_1_csv
  54 001e 1B78     		ldrb	r3, [r3, #0]
  55 0020 DBB2     		uxtb	r3, r3
  56 0022 5BB2     		sxtb	r3, r3
  57 0024 002B     		cmp	r3, #0
  58 0026 0EDA     		bge	.L2
  90:./Generated_Source/PSoC5/CapSense_1_INT.c ****         {
  91:./Generated_Source/PSoC5/CapSense_1_INT.c ****             CapSense_1_csv &= ~CapSense_1_SW_STS_BUSY;
  59              		.loc 1 91 0
  60 0028 40F20003 		movw	r3, #:lower16:CapSense_1_csv
  61 002c C0F20003 		movt	r3, #:upper16:CapSense_1_csv
  62 0030 1B78     		ldrb	r3, [r3, #0]
  63 0032 DBB2     		uxtb	r3, r3
  64 0034 1A46     		mov	r2, r3
  65 0036 02F0FE02 		and	r2, r2, #254
  66 003a 40F20003 		movw	r3, #:lower16:CapSense_1_csv
  67 003e C0F20003 		movt	r3, #:upper16:CapSense_1_csv
  68 0042 1A70     		strb	r2, [r3, #0]
  69 0044 2FE0     		b	.L5
  70              	.L2:
  92:./Generated_Source/PSoC5/CapSense_1_INT.c ****         }
  93:./Generated_Source/PSoC5/CapSense_1_INT.c ****         else
  94:./Generated_Source/PSoC5/CapSense_1_INT.c ****         {
  95:./Generated_Source/PSoC5/CapSense_1_INT.c ****             /* Procced the scanning */
  96:./Generated_Source/PSoC5/CapSense_1_INT.c ****             CapSense_1_sensorIndex = CapSense_1_FindNextSensor(CapSense_1_sensorIndex);
  71              		.loc 1 96 0
ARM GAS  C:\Users\CHARLI~1\AppData\Local\Temp\cc8j3xKo.s 			page 4


  72 0046 40F20003 		movw	r3, #:lower16:CapSense_1_sensorIndex
  73 004a C0F20003 		movt	r3, #:upper16:CapSense_1_sensorIndex
  74 004e 1B78     		ldrb	r3, [r3, #0]
  75 0050 DBB2     		uxtb	r3, r3
  76 0052 1846     		mov	r0, r3
  77 0054 FFF7FEFF 		bl	CapSense_1_FindNextSensor
  78 0058 0346     		mov	r3, r0
  79 005a 1A46     		mov	r2, r3
  80 005c 40F20003 		movw	r3, #:lower16:CapSense_1_sensorIndex
  81 0060 C0F20003 		movt	r3, #:upper16:CapSense_1_sensorIndex
  82 0064 1A70     		strb	r2, [r3, #0]
  97:./Generated_Source/PSoC5/CapSense_1_INT.c ****             
  98:./Generated_Source/PSoC5/CapSense_1_INT.c ****             /* Check end of scan */
  99:./Generated_Source/PSoC5/CapSense_1_INT.c ****             if(CapSense_1_sensorIndex < CapSense_1_TOTAL_SENSOR_COUNT)
  83              		.loc 1 99 0
  84 0066 40F20003 		movw	r3, #:lower16:CapSense_1_sensorIndex
  85 006a C0F20003 		movt	r3, #:upper16:CapSense_1_sensorIndex
  86 006e 1B78     		ldrb	r3, [r3, #0]
  87 0070 DBB2     		uxtb	r3, r3
  88 0072 002B     		cmp	r3, #0
  89 0074 09D1     		bne	.L4
 100:./Generated_Source/PSoC5/CapSense_1_INT.c ****             {
 101:./Generated_Source/PSoC5/CapSense_1_INT.c ****                 CapSense_1_PreScan(CapSense_1_sensorIndex);
  90              		.loc 1 101 0
  91 0076 40F20003 		movw	r3, #:lower16:CapSense_1_sensorIndex
  92 007a C0F20003 		movt	r3, #:upper16:CapSense_1_sensorIndex
  93 007e 1B78     		ldrb	r3, [r3, #0]
  94 0080 DBB2     		uxtb	r3, r3
  95 0082 1846     		mov	r0, r3
  96 0084 FFF7FEFF 		bl	CapSense_1_PreScan
  97 0088 0DE0     		b	.L5
  98              	.L4:
 102:./Generated_Source/PSoC5/CapSense_1_INT.c ****             }
 103:./Generated_Source/PSoC5/CapSense_1_INT.c ****             else
 104:./Generated_Source/PSoC5/CapSense_1_INT.c ****             {
 105:./Generated_Source/PSoC5/CapSense_1_INT.c ****                 CapSense_1_csv &= ~CapSense_1_SW_STS_BUSY;
  99              		.loc 1 105 0
 100 008a 40F20003 		movw	r3, #:lower16:CapSense_1_csv
 101 008e C0F20003 		movt	r3, #:upper16:CapSense_1_csv
 102 0092 1B78     		ldrb	r3, [r3, #0]
 103 0094 DBB2     		uxtb	r3, r3
 104 0096 1A46     		mov	r2, r3
 105 0098 02F0FE02 		and	r2, r2, #254
 106 009c 40F20003 		movw	r3, #:lower16:CapSense_1_csv
 107 00a0 C0F20003 		movt	r3, #:upper16:CapSense_1_csv
 108 00a4 1A70     		strb	r2, [r3, #0]
 109              	.L5:
 106:./Generated_Source/PSoC5/CapSense_1_INT.c ****             } 
 107:./Generated_Source/PSoC5/CapSense_1_INT.c ****         }
 108:./Generated_Source/PSoC5/CapSense_1_INT.c ****     
 109:./Generated_Source/PSoC5/CapSense_1_INT.c ****         #if (CapSense_1_PSOC3_ES2 && (CapSense_1_IsrCH0__ES2_PATCH))
 110:./Generated_Source/PSoC5/CapSense_1_INT.c ****                 CapSense_1_ISR_PATCH();
 111:./Generated_Source/PSoC5/CapSense_1_INT.c ****         #endif /* End (CapSense_1_PSOC3_ES2 && (CapSense_1_IsrCH0__ES2_PATCH)) */
 112:./Generated_Source/PSoC5/CapSense_1_INT.c ****     }
 110              		.loc 1 112 0
 111 00a6 80BD     		pop	{r7, pc}
 112              		.cfi_endproc
ARM GAS  C:\Users\CHARLI~1\AppData\Local\Temp\cc8j3xKo.s 			page 5


 113              	.LFE0:
 114              		.size	CapSense_1_IsrCH0_ISR, .-CapSense_1_IsrCH0_ISR
 115              		.text
 116              	.Letext0:
 117              		.section	.debug_loc,"",%progbits
 118              	.Ldebug_loc0:
 119              	.LLST0:
 120 0000 00000000 		.4byte	.LFB0
 121 0004 02000000 		.4byte	.LCFI0
 122 0008 0100     		.2byte	0x1
 123 000a 5D       		.byte	0x5d
 124 000b 02000000 		.4byte	.LCFI0
 125 000f 04000000 		.4byte	.LCFI1
 126 0013 0200     		.2byte	0x2
 127 0015 7D       		.byte	0x7d
 128 0016 08       		.sleb128 8
 129 0017 04000000 		.4byte	.LCFI1
 130 001b A8000000 		.4byte	.LFE0
 131 001f 0200     		.2byte	0x2
 132 0021 77       		.byte	0x77
 133 0022 08       		.sleb128 8
 134 0023 00000000 		.4byte	0x0
 135 0027 00000000 		.4byte	0x0
 136              		.file 2 "./Generated_Source/PSoC5/cytypes.h"
 137              		.section	.debug_info
 138 0000 B5000000 		.4byte	0xb5
 139 0004 0200     		.2byte	0x2
 140 0006 00000000 		.4byte	.Ldebug_abbrev0
 141 000a 04       		.byte	0x4
 142 000b 01       		.uleb128 0x1
 143 000c 70000000 		.4byte	.LASF12
 144 0010 01       		.byte	0x1
 145 0011 D8000000 		.4byte	.LASF13
 146 0015 98000000 		.4byte	.LASF14
 147 0019 00000000 		.4byte	0x0
 148 001d 00000000 		.4byte	0x0
 149 0021 00000000 		.4byte	.Ldebug_ranges0+0x0
 150 0025 00000000 		.4byte	.Ldebug_line0
 151 0029 02       		.uleb128 0x2
 152 002a 01       		.byte	0x1
 153 002b 06       		.byte	0x6
 154 002c 15010000 		.4byte	.LASF0
 155 0030 02       		.uleb128 0x2
 156 0031 01       		.byte	0x1
 157 0032 08       		.byte	0x8
 158 0033 7C000000 		.4byte	.LASF1
 159 0037 02       		.uleb128 0x2
 160 0038 02       		.byte	0x2
 161 0039 05       		.byte	0x5
 162 003a 21010000 		.4byte	.LASF2
 163 003e 02       		.uleb128 0x2
 164 003f 02       		.byte	0x2
 165 0040 07       		.byte	0x7
 166 0041 02010000 		.4byte	.LASF3
 167 0045 02       		.uleb128 0x2
 168 0046 04       		.byte	0x4
 169 0047 05       		.byte	0x5
ARM GAS  C:\Users\CHARLI~1\AppData\Local\Temp\cc8j3xKo.s 			page 6


 170 0048 8F000000 		.4byte	.LASF4
 171 004c 02       		.uleb128 0x2
 172 004d 04       		.byte	0x4
 173 004e 07       		.byte	0x7
 174 004f 38000000 		.4byte	.LASF5
 175 0053 02       		.uleb128 0x2
 176 0054 08       		.byte	0x8
 177 0055 05       		.byte	0x5
 178 0056 00000000 		.4byte	.LASF6
 179 005a 02       		.uleb128 0x2
 180 005b 08       		.byte	0x8
 181 005c 07       		.byte	0x7
 182 005d 4A000000 		.4byte	.LASF7
 183 0061 03       		.uleb128 0x3
 184 0062 04       		.byte	0x4
 185 0063 05       		.byte	0x5
 186 0064 696E7400 		.ascii	"int\000"
 187 0068 02       		.uleb128 0x2
 188 0069 04       		.byte	0x4
 189 006a 07       		.byte	0x7
 190 006b 0E000000 		.4byte	.LASF8
 191 006f 02       		.uleb128 0x2
 192 0070 01       		.byte	0x1
 193 0071 08       		.byte	0x8
 194 0072 8A000000 		.4byte	.LASF9
 195 0076 04       		.uleb128 0x4
 196 0077 32000000 		.4byte	.LASF15
 197 007b 02       		.byte	0x2
 198 007c 2A       		.byte	0x2a
 199 007d 30000000 		.4byte	0x30
 200 0081 05       		.uleb128 0x5
 201 0082 76000000 		.4byte	0x76
 202 0086 06       		.uleb128 0x6
 203 0087 04       		.byte	0x4
 204 0088 07       		.byte	0x7
 205 0089 07       		.uleb128 0x7
 206 008a 01       		.byte	0x1
 207 008b 2B010000 		.4byte	.LASF16
 208 008f 01       		.byte	0x1
 209 0090 4F       		.byte	0x4f
 210 0091 01       		.byte	0x1
 211 0092 00000000 		.4byte	.LFB0
 212 0096 A8000000 		.4byte	.LFE0
 213 009a 00000000 		.4byte	.LLST0
 214 009e 08       		.uleb128 0x8
 215 009f 61000000 		.4byte	.LASF10
 216 00a3 01       		.byte	0x1
 217 00a4 26       		.byte	0x26
 218 00a5 81000000 		.4byte	0x81
 219 00a9 01       		.byte	0x1
 220 00aa 01       		.byte	0x1
 221 00ab 08       		.uleb128 0x8
 222 00ac 1B000000 		.4byte	.LASF11
 223 00b0 01       		.byte	0x1
 224 00b1 27       		.byte	0x27
 225 00b2 81000000 		.4byte	0x81
 226 00b6 01       		.byte	0x1
ARM GAS  C:\Users\CHARLI~1\AppData\Local\Temp\cc8j3xKo.s 			page 7


 227 00b7 01       		.byte	0x1
 228 00b8 00       		.byte	0x0
 229              		.section	.debug_abbrev
 230 0000 01       		.uleb128 0x1
 231 0001 11       		.uleb128 0x11
 232 0002 01       		.byte	0x1
 233 0003 25       		.uleb128 0x25
 234 0004 0E       		.uleb128 0xe
 235 0005 13       		.uleb128 0x13
 236 0006 0B       		.uleb128 0xb
 237 0007 03       		.uleb128 0x3
 238 0008 0E       		.uleb128 0xe
 239 0009 1B       		.uleb128 0x1b
 240 000a 0E       		.uleb128 0xe
 241 000b 11       		.uleb128 0x11
 242 000c 01       		.uleb128 0x1
 243 000d 52       		.uleb128 0x52
 244 000e 01       		.uleb128 0x1
 245 000f 55       		.uleb128 0x55
 246 0010 06       		.uleb128 0x6
 247 0011 10       		.uleb128 0x10
 248 0012 06       		.uleb128 0x6
 249 0013 00       		.byte	0x0
 250 0014 00       		.byte	0x0
 251 0015 02       		.uleb128 0x2
 252 0016 24       		.uleb128 0x24
 253 0017 00       		.byte	0x0
 254 0018 0B       		.uleb128 0xb
 255 0019 0B       		.uleb128 0xb
 256 001a 3E       		.uleb128 0x3e
 257 001b 0B       		.uleb128 0xb
 258 001c 03       		.uleb128 0x3
 259 001d 0E       		.uleb128 0xe
 260 001e 00       		.byte	0x0
 261 001f 00       		.byte	0x0
 262 0020 03       		.uleb128 0x3
 263 0021 24       		.uleb128 0x24
 264 0022 00       		.byte	0x0
 265 0023 0B       		.uleb128 0xb
 266 0024 0B       		.uleb128 0xb
 267 0025 3E       		.uleb128 0x3e
 268 0026 0B       		.uleb128 0xb
 269 0027 03       		.uleb128 0x3
 270 0028 08       		.uleb128 0x8
 271 0029 00       		.byte	0x0
 272 002a 00       		.byte	0x0
 273 002b 04       		.uleb128 0x4
 274 002c 16       		.uleb128 0x16
 275 002d 00       		.byte	0x0
 276 002e 03       		.uleb128 0x3
 277 002f 0E       		.uleb128 0xe
 278 0030 3A       		.uleb128 0x3a
 279 0031 0B       		.uleb128 0xb
 280 0032 3B       		.uleb128 0x3b
 281 0033 0B       		.uleb128 0xb
 282 0034 49       		.uleb128 0x49
 283 0035 13       		.uleb128 0x13
ARM GAS  C:\Users\CHARLI~1\AppData\Local\Temp\cc8j3xKo.s 			page 8


 284 0036 00       		.byte	0x0
 285 0037 00       		.byte	0x0
 286 0038 05       		.uleb128 0x5
 287 0039 35       		.uleb128 0x35
 288 003a 00       		.byte	0x0
 289 003b 49       		.uleb128 0x49
 290 003c 13       		.uleb128 0x13
 291 003d 00       		.byte	0x0
 292 003e 00       		.byte	0x0
 293 003f 06       		.uleb128 0x6
 294 0040 24       		.uleb128 0x24
 295 0041 00       		.byte	0x0
 296 0042 0B       		.uleb128 0xb
 297 0043 0B       		.uleb128 0xb
 298 0044 3E       		.uleb128 0x3e
 299 0045 0B       		.uleb128 0xb
 300 0046 00       		.byte	0x0
 301 0047 00       		.byte	0x0
 302 0048 07       		.uleb128 0x7
 303 0049 2E       		.uleb128 0x2e
 304 004a 00       		.byte	0x0
 305 004b 3F       		.uleb128 0x3f
 306 004c 0C       		.uleb128 0xc
 307 004d 03       		.uleb128 0x3
 308 004e 0E       		.uleb128 0xe
 309 004f 3A       		.uleb128 0x3a
 310 0050 0B       		.uleb128 0xb
 311 0051 3B       		.uleb128 0x3b
 312 0052 0B       		.uleb128 0xb
 313 0053 27       		.uleb128 0x27
 314 0054 0C       		.uleb128 0xc
 315 0055 11       		.uleb128 0x11
 316 0056 01       		.uleb128 0x1
 317 0057 12       		.uleb128 0x12
 318 0058 01       		.uleb128 0x1
 319 0059 40       		.uleb128 0x40
 320 005a 06       		.uleb128 0x6
 321 005b 00       		.byte	0x0
 322 005c 00       		.byte	0x0
 323 005d 08       		.uleb128 0x8
 324 005e 34       		.uleb128 0x34
 325 005f 00       		.byte	0x0
 326 0060 03       		.uleb128 0x3
 327 0061 0E       		.uleb128 0xe
 328 0062 3A       		.uleb128 0x3a
 329 0063 0B       		.uleb128 0xb
 330 0064 3B       		.uleb128 0x3b
 331 0065 0B       		.uleb128 0xb
 332 0066 49       		.uleb128 0x49
 333 0067 13       		.uleb128 0x13
 334 0068 3F       		.uleb128 0x3f
 335 0069 0C       		.uleb128 0xc
 336 006a 3C       		.uleb128 0x3c
 337 006b 0C       		.uleb128 0xc
 338 006c 00       		.byte	0x0
 339 006d 00       		.byte	0x0
 340 006e 00       		.byte	0x0
ARM GAS  C:\Users\CHARLI~1\AppData\Local\Temp\cc8j3xKo.s 			page 9


 341              		.section	.debug_pubnames,"",%progbits
 342 0000 28000000 		.4byte	0x28
 343 0004 0200     		.2byte	0x2
 344 0006 00000000 		.4byte	.Ldebug_info0
 345 000a B9000000 		.4byte	0xb9
 346 000e 89000000 		.4byte	0x89
 347 0012 43617053 		.ascii	"CapSense_1_IsrCH0_ISR\000"
 347      656E7365 
 347      5F315F49 
 347      73724348 
 347      305F4953 
 348 0028 00000000 		.4byte	0x0
 349              		.section	.debug_aranges,"",%progbits
 350 0000 1C000000 		.4byte	0x1c
 351 0004 0200     		.2byte	0x2
 352 0006 00000000 		.4byte	.Ldebug_info0
 353 000a 04       		.byte	0x4
 354 000b 00       		.byte	0x0
 355 000c 0000     		.2byte	0x0
 356 000e 0000     		.2byte	0x0
 357 0010 00000000 		.4byte	.LFB0
 358 0014 A8000000 		.4byte	.LFE0-.LFB0
 359 0018 00000000 		.4byte	0x0
 360 001c 00000000 		.4byte	0x0
 361              		.section	.debug_ranges,"",%progbits
 362              	.Ldebug_ranges0:
 363 0000 00000000 		.4byte	.Ltext0
 364 0004 00000000 		.4byte	.Letext0
 365 0008 00000000 		.4byte	.LFB0
 366 000c A8000000 		.4byte	.LFE0
 367 0010 00000000 		.4byte	0x0
 368 0014 00000000 		.4byte	0x0
 369              		.section	.debug_str,"MS",%progbits,1
 370              	.LASF6:
 371 0000 6C6F6E67 		.ascii	"long long int\000"
 371      206C6F6E 
 371      6720696E 
 371      7400
 372              	.LASF8:
 373 000e 756E7369 		.ascii	"unsigned int\000"
 373      676E6564 
 373      20696E74 
 373      00
 374              	.LASF11:
 375 001b 43617053 		.ascii	"CapSense_1_sensorIndex\000"
 375      656E7365 
 375      5F315F73 
 375      656E736F 
 375      72496E64 
 376              	.LASF15:
 377 0032 75696E74 		.ascii	"uint8\000"
 377      3800
 378              	.LASF5:
 379 0038 6C6F6E67 		.ascii	"long unsigned int\000"
 379      20756E73 
 379      69676E65 
 379      6420696E 
ARM GAS  C:\Users\CHARLI~1\AppData\Local\Temp\cc8j3xKo.s 			page 10


 379      7400
 380              	.LASF7:
 381 004a 6C6F6E67 		.ascii	"long long unsigned int\000"
 381      206C6F6E 
 381      6720756E 
 381      7369676E 
 381      65642069 
 382              	.LASF10:
 383 0061 43617053 		.ascii	"CapSense_1_csv\000"
 383      656E7365 
 383      5F315F63 
 383      737600
 384              	.LASF12:
 385 0070 474E5520 		.ascii	"GNU C 4.4.1\000"
 385      4320342E 
 385      342E3100 
 386              	.LASF1:
 387 007c 756E7369 		.ascii	"unsigned char\000"
 387      676E6564 
 387      20636861 
 387      7200
 388              	.LASF9:
 389 008a 63686172 		.ascii	"char\000"
 389      00
 390              	.LASF4:
 391 008f 6C6F6E67 		.ascii	"long int\000"
 391      20696E74 
 391      00
 392              	.LASF14:
 393 0098 453A5C43 		.ascii	"E:\\ControllerKinect\\capController\\Transmitter\\T"
 393      6F6E7472 
 393      6F6C6C65 
 393      724B696E 
 393      6563745C 
 394 00c7 72616E73 		.ascii	"ransmitter.cydsn\000"
 394      6D697474 
 394      65722E63 
 394      7964736E 
 394      00
 395              	.LASF13:
 396 00d8 2E2F4765 		.ascii	"./Generated_Source/PSoC5/CapSense_1_INT.c\000"
 396      6E657261 
 396      7465645F 
 396      536F7572 
 396      63652F50 
 397              	.LASF3:
 398 0102 73686F72 		.ascii	"short unsigned int\000"
 398      7420756E 
 398      7369676E 
 398      65642069 
 398      6E7400
 399              	.LASF0:
 400 0115 7369676E 		.ascii	"signed char\000"
 400      65642063 
 400      68617200 
 401              	.LASF2:
 402 0121 73686F72 		.ascii	"short int\000"
ARM GAS  C:\Users\CHARLI~1\AppData\Local\Temp\cc8j3xKo.s 			page 11


 402      7420696E 
 402      7400
 403              	.LASF16:
 404 012b 43617053 		.ascii	"CapSense_1_IsrCH0_ISR\000"
 404      656E7365 
 404      5F315F49 
 404      73724348 
 404      305F4953 
 405              		.ident	"GCC: (Sourcery G++ Lite 2010q1-188) 4.4.1"
