ARM GAS  C:\Users\CHARLI~1\AppData\Local\Temp\cctTJSjg.s 			page 1


   1              		.syntax unified
   2              		.cpu cortex-m3
   3              		.fpu softvfp
   4              		.eabi_attribute 20, 1
   5              		.eabi_attribute 21, 1
   6              		.eabi_attribute 23, 3
   7              		.eabi_attribute 24, 1
   8              		.eabi_attribute 25, 1
   9              		.eabi_attribute 26, 1
  10              		.eabi_attribute 30, 6
  11              		.eabi_attribute 18, 4
  12              		.thumb
  13              		.file	"CapSense_1_CompCH0_PM.c"
  14              		.section	.debug_abbrev,"",%progbits
  15              	.Ldebug_abbrev0:
  16              		.section	.debug_info,"",%progbits
  17              	.Ldebug_info0:
  18              		.section	.debug_line,"",%progbits
  19              	.Ldebug_line0:
  20 0000 BD000000 		.text
  20      02006C00 
  20      00000201 
  20      FB0E0D00 
  20      01010101 
  21              	.Ltext0:
  22              		.cfi_sections	.debug_frame
  23              		.bss
  24              		.align	2
  25              	CapSense_1_CompCH0_backup:
  26 0000 00       		.space	1
  27 0001 000000   		.section	.text.CapSense_1_CompCH0_SaveConfig,"ax",%progbits
  28              		.align	2
  29              		.global	CapSense_1_CompCH0_SaveConfig
  30              		.thumb
  31              		.thumb_func
  32              		.type	CapSense_1_CompCH0_SaveConfig, %function
  33              	CapSense_1_CompCH0_SaveConfig:
  34              	.LFB0:
  35              		.file 1 "./Generated_Source/PSoC5/CapSense_1_CompCH0_PM.c"
   1:./Generated_Source/PSoC5/CapSense_1_CompCH0_PM.c **** /*******************************************************************************
   2:./Generated_Source/PSoC5/CapSense_1_CompCH0_PM.c **** * File Name: CapSense_1_CompCH0_PM.c  
   3:./Generated_Source/PSoC5/CapSense_1_CompCH0_PM.c **** * Version 1.60
   4:./Generated_Source/PSoC5/CapSense_1_CompCH0_PM.c **** *
   5:./Generated_Source/PSoC5/CapSense_1_CompCH0_PM.c **** *  Description:
   6:./Generated_Source/PSoC5/CapSense_1_CompCH0_PM.c **** *     This file provides the power management source code to API for the
   7:./Generated_Source/PSoC5/CapSense_1_CompCH0_PM.c **** *     Comparator.  
   8:./Generated_Source/PSoC5/CapSense_1_CompCH0_PM.c **** *
   9:./Generated_Source/PSoC5/CapSense_1_CompCH0_PM.c **** *   Note:
  10:./Generated_Source/PSoC5/CapSense_1_CompCH0_PM.c **** *     None
  11:./Generated_Source/PSoC5/CapSense_1_CompCH0_PM.c **** *
  12:./Generated_Source/PSoC5/CapSense_1_CompCH0_PM.c **** *******************************************************************************
  13:./Generated_Source/PSoC5/CapSense_1_CompCH0_PM.c **** * Copyright 2008-2010, Cypress Semiconductor Corporation.  All rights reserved.
  14:./Generated_Source/PSoC5/CapSense_1_CompCH0_PM.c **** * You may use this file only in accordance with the license, terms, conditions, 
  15:./Generated_Source/PSoC5/CapSense_1_CompCH0_PM.c **** * disclaimers, and limitations in the end user license agreement accompanying 
  16:./Generated_Source/PSoC5/CapSense_1_CompCH0_PM.c **** * the software package with which this file was provided.
  17:./Generated_Source/PSoC5/CapSense_1_CompCH0_PM.c **** ********************************************************************************/
  18:./Generated_Source/PSoC5/CapSense_1_CompCH0_PM.c **** 
ARM GAS  C:\Users\CHARLI~1\AppData\Local\Temp\cctTJSjg.s 			page 2


  19:./Generated_Source/PSoC5/CapSense_1_CompCH0_PM.c **** 
  20:./Generated_Source/PSoC5/CapSense_1_CompCH0_PM.c **** #include "CapSense_1_CompCH0.h"
  21:./Generated_Source/PSoC5/CapSense_1_CompCH0_PM.c **** 
  22:./Generated_Source/PSoC5/CapSense_1_CompCH0_PM.c **** static CapSense_1_CompCH0_backupStruct CapSense_1_CompCH0_backup;
  23:./Generated_Source/PSoC5/CapSense_1_CompCH0_PM.c **** 
  24:./Generated_Source/PSoC5/CapSense_1_CompCH0_PM.c **** 
  25:./Generated_Source/PSoC5/CapSense_1_CompCH0_PM.c **** /*******************************************************************************
  26:./Generated_Source/PSoC5/CapSense_1_CompCH0_PM.c **** * Function Name: CapSense_1_CompCH0_SaveConfig
  27:./Generated_Source/PSoC5/CapSense_1_CompCH0_PM.c **** ********************************************************************************
  28:./Generated_Source/PSoC5/CapSense_1_CompCH0_PM.c **** *
  29:./Generated_Source/PSoC5/CapSense_1_CompCH0_PM.c **** * Summary:
  30:./Generated_Source/PSoC5/CapSense_1_CompCH0_PM.c **** *     Save the current user configuration
  31:./Generated_Source/PSoC5/CapSense_1_CompCH0_PM.c **** *
  32:./Generated_Source/PSoC5/CapSense_1_CompCH0_PM.c **** * Parameters:  
  33:./Generated_Source/PSoC5/CapSense_1_CompCH0_PM.c **** *  void:  
  34:./Generated_Source/PSoC5/CapSense_1_CompCH0_PM.c **** *
  35:./Generated_Source/PSoC5/CapSense_1_CompCH0_PM.c **** * Return: 
  36:./Generated_Source/PSoC5/CapSense_1_CompCH0_PM.c **** *  void
  37:./Generated_Source/PSoC5/CapSense_1_CompCH0_PM.c **** *
  38:./Generated_Source/PSoC5/CapSense_1_CompCH0_PM.c **** * Reentrant:
  39:./Generated_Source/PSoC5/CapSense_1_CompCH0_PM.c **** *  No
  40:./Generated_Source/PSoC5/CapSense_1_CompCH0_PM.c **** *
  41:./Generated_Source/PSoC5/CapSense_1_CompCH0_PM.c **** *******************************************************************************/
  42:./Generated_Source/PSoC5/CapSense_1_CompCH0_PM.c **** void CapSense_1_CompCH0_SaveConfig(void)
  43:./Generated_Source/PSoC5/CapSense_1_CompCH0_PM.c **** {
  36              		.loc 1 43 0
  37              		.cfi_startproc
  38              		@ args = 0, pretend = 0, frame = 0
  39              		@ frame_needed = 1, uses_anonymous_args = 0
  40              		@ link register save eliminated.
  41 0000 80B4     		push	{r7}
  42              	.LCFI0:
  43              		.cfi_def_cfa_offset 4
  44 0002 00AF     		add	r7, sp, #0
  45              		.cfi_offset 7, -4
  46              	.LCFI1:
  47              		.cfi_def_cfa_register 7
  44:./Generated_Source/PSoC5/CapSense_1_CompCH0_PM.c ****     /* Empty since all are system reset for retention flops */
  45:./Generated_Source/PSoC5/CapSense_1_CompCH0_PM.c **** }
  48              		.loc 1 45 0
  49 0004 BD46     		mov	sp, r7
  50 0006 80BC     		pop	{r7}
  51 0008 7047     		bx	lr
  52              		.cfi_endproc
  53              	.LFE0:
  54              		.size	CapSense_1_CompCH0_SaveConfig, .-CapSense_1_CompCH0_SaveConfig
  55 000a 00BF     		.section	.text.CapSense_1_CompCH0_RestoreConfig,"ax",%progbits
  56              		.align	2
  57              		.global	CapSense_1_CompCH0_RestoreConfig
  58              		.thumb
  59              		.thumb_func
  60              		.type	CapSense_1_CompCH0_RestoreConfig, %function
  61              	CapSense_1_CompCH0_RestoreConfig:
  62              	.LFB1:
  46:./Generated_Source/PSoC5/CapSense_1_CompCH0_PM.c **** 
  47:./Generated_Source/PSoC5/CapSense_1_CompCH0_PM.c **** 
  48:./Generated_Source/PSoC5/CapSense_1_CompCH0_PM.c **** /*******************************************************************************
ARM GAS  C:\Users\CHARLI~1\AppData\Local\Temp\cctTJSjg.s 			page 3


  49:./Generated_Source/PSoC5/CapSense_1_CompCH0_PM.c **** * Function Name: CapSense_1_CompCH0_RestoreConfig
  50:./Generated_Source/PSoC5/CapSense_1_CompCH0_PM.c **** ********************************************************************************
  51:./Generated_Source/PSoC5/CapSense_1_CompCH0_PM.c **** *
  52:./Generated_Source/PSoC5/CapSense_1_CompCH0_PM.c **** * Summary:
  53:./Generated_Source/PSoC5/CapSense_1_CompCH0_PM.c **** *  Restores the current user configuration.
  54:./Generated_Source/PSoC5/CapSense_1_CompCH0_PM.c **** *
  55:./Generated_Source/PSoC5/CapSense_1_CompCH0_PM.c **** * Parameters:  
  56:./Generated_Source/PSoC5/CapSense_1_CompCH0_PM.c **** *  void
  57:./Generated_Source/PSoC5/CapSense_1_CompCH0_PM.c **** *
  58:./Generated_Source/PSoC5/CapSense_1_CompCH0_PM.c **** * Return: 
  59:./Generated_Source/PSoC5/CapSense_1_CompCH0_PM.c **** *  void
  60:./Generated_Source/PSoC5/CapSense_1_CompCH0_PM.c **** *
  61:./Generated_Source/PSoC5/CapSense_1_CompCH0_PM.c **** * Reentrant:
  62:./Generated_Source/PSoC5/CapSense_1_CompCH0_PM.c **** *  No
  63:./Generated_Source/PSoC5/CapSense_1_CompCH0_PM.c **** *
  64:./Generated_Source/PSoC5/CapSense_1_CompCH0_PM.c **** *******************************************************************************/
  65:./Generated_Source/PSoC5/CapSense_1_CompCH0_PM.c **** void CapSense_1_CompCH0_RestoreConfig(void)
  66:./Generated_Source/PSoC5/CapSense_1_CompCH0_PM.c **** {
  63              		.loc 1 66 0
  64              		.cfi_startproc
  65              		@ args = 0, pretend = 0, frame = 0
  66              		@ frame_needed = 1, uses_anonymous_args = 0
  67              		@ link register save eliminated.
  68 0000 80B4     		push	{r7}
  69              	.LCFI2:
  70              		.cfi_def_cfa_offset 4
  71 0002 00AF     		add	r7, sp, #0
  72              		.cfi_offset 7, -4
  73              	.LCFI3:
  74              		.cfi_def_cfa_register 7
  67:./Generated_Source/PSoC5/CapSense_1_CompCH0_PM.c ****     /* Empty since all are system reset for retention flops */    
  68:./Generated_Source/PSoC5/CapSense_1_CompCH0_PM.c **** }
  75              		.loc 1 68 0
  76 0004 BD46     		mov	sp, r7
  77 0006 80BC     		pop	{r7}
  78 0008 7047     		bx	lr
  79              		.cfi_endproc
  80              	.LFE1:
  81              		.size	CapSense_1_CompCH0_RestoreConfig, .-CapSense_1_CompCH0_RestoreConfig
  82 000a 00BF     		.section	.text.CapSense_1_CompCH0_Sleep,"ax",%progbits
  83              		.align	2
  84              		.global	CapSense_1_CompCH0_Sleep
  85              		.thumb
  86              		.thumb_func
  87              		.type	CapSense_1_CompCH0_Sleep, %function
  88              	CapSense_1_CompCH0_Sleep:
  89              	.LFB2:
  69:./Generated_Source/PSoC5/CapSense_1_CompCH0_PM.c **** 
  70:./Generated_Source/PSoC5/CapSense_1_CompCH0_PM.c **** 
  71:./Generated_Source/PSoC5/CapSense_1_CompCH0_PM.c **** /*******************************************************************************
  72:./Generated_Source/PSoC5/CapSense_1_CompCH0_PM.c **** * Function Name: CapSense_1_CompCH0_Sleep
  73:./Generated_Source/PSoC5/CapSense_1_CompCH0_PM.c **** ********************************************************************************
  74:./Generated_Source/PSoC5/CapSense_1_CompCH0_PM.c **** *
  75:./Generated_Source/PSoC5/CapSense_1_CompCH0_PM.c **** * Summary:
  76:./Generated_Source/PSoC5/CapSense_1_CompCH0_PM.c **** *     Stop and Save the user configuration
  77:./Generated_Source/PSoC5/CapSense_1_CompCH0_PM.c **** *
  78:./Generated_Source/PSoC5/CapSense_1_CompCH0_PM.c **** * Parameters:  
ARM GAS  C:\Users\CHARLI~1\AppData\Local\Temp\cctTJSjg.s 			page 4


  79:./Generated_Source/PSoC5/CapSense_1_CompCH0_PM.c **** *  void:  
  80:./Generated_Source/PSoC5/CapSense_1_CompCH0_PM.c **** *
  81:./Generated_Source/PSoC5/CapSense_1_CompCH0_PM.c **** * Return: 
  82:./Generated_Source/PSoC5/CapSense_1_CompCH0_PM.c **** *  void
  83:./Generated_Source/PSoC5/CapSense_1_CompCH0_PM.c **** *
  84:./Generated_Source/PSoC5/CapSense_1_CompCH0_PM.c **** * Global variables:
  85:./Generated_Source/PSoC5/CapSense_1_CompCH0_PM.c **** *  CapSense_1_CompCH0_backup.enableState:  Is modified depending on the enable state
  86:./Generated_Source/PSoC5/CapSense_1_CompCH0_PM.c **** *  of the block before entering sleep mode.
  87:./Generated_Source/PSoC5/CapSense_1_CompCH0_PM.c **** *
  88:./Generated_Source/PSoC5/CapSense_1_CompCH0_PM.c **** * Reentrant:
  89:./Generated_Source/PSoC5/CapSense_1_CompCH0_PM.c **** *  No
  90:./Generated_Source/PSoC5/CapSense_1_CompCH0_PM.c **** *
  91:./Generated_Source/PSoC5/CapSense_1_CompCH0_PM.c **** *******************************************************************************/
  92:./Generated_Source/PSoC5/CapSense_1_CompCH0_PM.c **** void CapSense_1_CompCH0_Sleep(void)
  93:./Generated_Source/PSoC5/CapSense_1_CompCH0_PM.c **** {
  90              		.loc 1 93 0
  91              		.cfi_startproc
  92              		@ args = 0, pretend = 0, frame = 0
  93              		@ frame_needed = 1, uses_anonymous_args = 0
  94 0000 80B5     		push	{r7, lr}
  95              	.LCFI4:
  96              		.cfi_def_cfa_offset 8
  97 0002 00AF     		add	r7, sp, #0
  98              		.cfi_offset 14, -4
  99              		.cfi_offset 7, -8
 100              	.LCFI5:
 101              		.cfi_def_cfa_register 7
  94:./Generated_Source/PSoC5/CapSense_1_CompCH0_PM.c ****     /* Save Comp's enable state */    
  95:./Generated_Source/PSoC5/CapSense_1_CompCH0_PM.c ****     if(CapSense_1_CompCH0_ACT_PWR_EN == (CapSense_1_CompCH0_PWRMGR & CapSense_1_CompCH0_ACT_PWR_EN)
 102              		.loc 1 95 0
 103 0004 44F2A733 		movw	r3, #:lower16:1073759143
 104 0008 C4F20003 		movt	r3, #:upper16:1073759143
 105 000c 1B78     		ldrb	r3, [r3, #0]
 106 000e DBB2     		uxtb	r3, r3
 107 0010 03F00103 		and	r3, r3, #1
 108 0014 DBB2     		uxtb	r3, r3
 109 0016 002B     		cmp	r3, #0
 110 0018 07D0     		beq	.L6
  96:./Generated_Source/PSoC5/CapSense_1_CompCH0_PM.c ****     {
  97:./Generated_Source/PSoC5/CapSense_1_CompCH0_PM.c ****         /* Comp is enabled */
  98:./Generated_Source/PSoC5/CapSense_1_CompCH0_PM.c ****         CapSense_1_CompCH0_backup.enableState = 1u;
 111              		.loc 1 98 0
 112 001a 40F20003 		movw	r3, #:lower16:CapSense_1_CompCH0_backup
 113 001e C0F20003 		movt	r3, #:upper16:CapSense_1_CompCH0_backup
 114 0022 4FF00102 		mov	r2, #1
 115 0026 1A70     		strb	r2, [r3, #0]
 116 0028 06E0     		b	.L7
 117              	.L6:
  99:./Generated_Source/PSoC5/CapSense_1_CompCH0_PM.c ****     }
 100:./Generated_Source/PSoC5/CapSense_1_CompCH0_PM.c ****     else
 101:./Generated_Source/PSoC5/CapSense_1_CompCH0_PM.c ****     {
 102:./Generated_Source/PSoC5/CapSense_1_CompCH0_PM.c ****         /* Comp is disabled */
 103:./Generated_Source/PSoC5/CapSense_1_CompCH0_PM.c ****         CapSense_1_CompCH0_backup.enableState = 0u;
 118              		.loc 1 103 0
 119 002a 40F20003 		movw	r3, #:lower16:CapSense_1_CompCH0_backup
 120 002e C0F20003 		movt	r3, #:upper16:CapSense_1_CompCH0_backup
 121 0032 4FF00002 		mov	r2, #0
ARM GAS  C:\Users\CHARLI~1\AppData\Local\Temp\cctTJSjg.s 			page 5


 122 0036 1A70     		strb	r2, [r3, #0]
 123              	.L7:
 104:./Generated_Source/PSoC5/CapSense_1_CompCH0_PM.c ****     }    
 105:./Generated_Source/PSoC5/CapSense_1_CompCH0_PM.c ****     
 106:./Generated_Source/PSoC5/CapSense_1_CompCH0_PM.c ****     CapSense_1_CompCH0_Stop();
 124              		.loc 1 106 0
 125 0038 FFF7FEFF 		bl	CapSense_1_CompCH0_Stop
 107:./Generated_Source/PSoC5/CapSense_1_CompCH0_PM.c ****     CapSense_1_CompCH0_SaveConfig();
 126              		.loc 1 107 0
 127 003c FFF7FEFF 		bl	CapSense_1_CompCH0_SaveConfig
 108:./Generated_Source/PSoC5/CapSense_1_CompCH0_PM.c **** }
 128              		.loc 1 108 0
 129 0040 80BD     		pop	{r7, pc}
 130              		.cfi_endproc
 131              	.LFE2:
 132              		.size	CapSense_1_CompCH0_Sleep, .-CapSense_1_CompCH0_Sleep
 133 0042 00BF     		.section	.text.CapSense_1_CompCH0_Wakeup,"ax",%progbits
 134              		.align	2
 135              		.global	CapSense_1_CompCH0_Wakeup
 136              		.thumb
 137              		.thumb_func
 138              		.type	CapSense_1_CompCH0_Wakeup, %function
 139              	CapSense_1_CompCH0_Wakeup:
 140              	.LFB3:
 109:./Generated_Source/PSoC5/CapSense_1_CompCH0_PM.c **** 
 110:./Generated_Source/PSoC5/CapSense_1_CompCH0_PM.c **** 
 111:./Generated_Source/PSoC5/CapSense_1_CompCH0_PM.c **** /*******************************************************************************
 112:./Generated_Source/PSoC5/CapSense_1_CompCH0_PM.c **** * Function Name: CapSense_1_CompCH0_Wakeup
 113:./Generated_Source/PSoC5/CapSense_1_CompCH0_PM.c **** ********************************************************************************
 114:./Generated_Source/PSoC5/CapSense_1_CompCH0_PM.c **** *
 115:./Generated_Source/PSoC5/CapSense_1_CompCH0_PM.c **** * Summary:
 116:./Generated_Source/PSoC5/CapSense_1_CompCH0_PM.c **** *  Restores and enables the user configuration
 117:./Generated_Source/PSoC5/CapSense_1_CompCH0_PM.c **** *  
 118:./Generated_Source/PSoC5/CapSense_1_CompCH0_PM.c **** * Parameters:  
 119:./Generated_Source/PSoC5/CapSense_1_CompCH0_PM.c **** *  void
 120:./Generated_Source/PSoC5/CapSense_1_CompCH0_PM.c **** *
 121:./Generated_Source/PSoC5/CapSense_1_CompCH0_PM.c **** * Return: 
 122:./Generated_Source/PSoC5/CapSense_1_CompCH0_PM.c **** *  void
 123:./Generated_Source/PSoC5/CapSense_1_CompCH0_PM.c **** *
 124:./Generated_Source/PSoC5/CapSense_1_CompCH0_PM.c **** * Global variables:
 125:./Generated_Source/PSoC5/CapSense_1_CompCH0_PM.c **** *  CapSense_1_CompCH0_backup.enableState:  Is used to restore the enable state of 
 126:./Generated_Source/PSoC5/CapSense_1_CompCH0_PM.c **** *  block on wakeup from sleep mode.
 127:./Generated_Source/PSoC5/CapSense_1_CompCH0_PM.c **** *
 128:./Generated_Source/PSoC5/CapSense_1_CompCH0_PM.c **** * Reentrant:
 129:./Generated_Source/PSoC5/CapSense_1_CompCH0_PM.c **** *  Yes
 130:./Generated_Source/PSoC5/CapSense_1_CompCH0_PM.c **** *
 131:./Generated_Source/PSoC5/CapSense_1_CompCH0_PM.c **** *******************************************************************************/
 132:./Generated_Source/PSoC5/CapSense_1_CompCH0_PM.c **** void CapSense_1_CompCH0_Wakeup(void) 
 133:./Generated_Source/PSoC5/CapSense_1_CompCH0_PM.c **** {
 141              		.loc 1 133 0
 142              		.cfi_startproc
 143              		@ args = 0, pretend = 0, frame = 0
 144              		@ frame_needed = 1, uses_anonymous_args = 0
 145 0000 80B5     		push	{r7, lr}
 146              	.LCFI6:
 147              		.cfi_def_cfa_offset 8
 148 0002 00AF     		add	r7, sp, #0
ARM GAS  C:\Users\CHARLI~1\AppData\Local\Temp\cctTJSjg.s 			page 6


 149              		.cfi_offset 14, -4
 150              		.cfi_offset 7, -8
 151              	.LCFI7:
 152              		.cfi_def_cfa_register 7
 134:./Generated_Source/PSoC5/CapSense_1_CompCH0_PM.c ****     CapSense_1_CompCH0_RestoreConfig();
 153              		.loc 1 134 0
 154 0004 FFF7FEFF 		bl	CapSense_1_CompCH0_RestoreConfig
 135:./Generated_Source/PSoC5/CapSense_1_CompCH0_PM.c ****     
 136:./Generated_Source/PSoC5/CapSense_1_CompCH0_PM.c ****     if(CapSense_1_CompCH0_backup.enableState == 1u)
 155              		.loc 1 136 0
 156 0008 40F20003 		movw	r3, #:lower16:CapSense_1_CompCH0_backup
 157 000c C0F20003 		movt	r3, #:upper16:CapSense_1_CompCH0_backup
 158 0010 1B78     		ldrb	r3, [r3, #0]	@ zero_extendqisi2
 159 0012 012B     		cmp	r3, #1
 160 0014 01D1     		bne	.L11
 137:./Generated_Source/PSoC5/CapSense_1_CompCH0_PM.c ****     {
 138:./Generated_Source/PSoC5/CapSense_1_CompCH0_PM.c ****         /* Enable Comp's operation */
 139:./Generated_Source/PSoC5/CapSense_1_CompCH0_PM.c ****         CapSense_1_CompCH0_Enable();
 161              		.loc 1 139 0
 162 0016 FFF7FEFF 		bl	CapSense_1_CompCH0_Enable
 163              	.L11:
 140:./Generated_Source/PSoC5/CapSense_1_CompCH0_PM.c **** 
 141:./Generated_Source/PSoC5/CapSense_1_CompCH0_PM.c ****     } /* Do nothing if Comp was disabled before */    
 142:./Generated_Source/PSoC5/CapSense_1_CompCH0_PM.c ****     
 143:./Generated_Source/PSoC5/CapSense_1_CompCH0_PM.c **** }
 164              		.loc 1 143 0
 165 001a 80BD     		pop	{r7, pc}
 166              		.cfi_endproc
 167              	.LFE3:
 168              		.size	CapSense_1_CompCH0_Wakeup, .-CapSense_1_CompCH0_Wakeup
 169              		.text
 170              	.Letext0:
 171              		.section	.debug_loc,"",%progbits
 172              	.Ldebug_loc0:
 173              	.LLST0:
 174 0000 00000000 		.4byte	.LFB0
 175 0004 02000000 		.4byte	.LCFI0
 176 0008 0100     		.2byte	0x1
 177 000a 5D       		.byte	0x5d
 178 000b 02000000 		.4byte	.LCFI0
 179 000f 04000000 		.4byte	.LCFI1
 180 0013 0200     		.2byte	0x2
 181 0015 7D       		.byte	0x7d
 182 0016 04       		.sleb128 4
 183 0017 04000000 		.4byte	.LCFI1
 184 001b 0A000000 		.4byte	.LFE0
 185 001f 0200     		.2byte	0x2
 186 0021 77       		.byte	0x77
 187 0022 04       		.sleb128 4
 188 0023 00000000 		.4byte	0x0
 189 0027 00000000 		.4byte	0x0
 190              	.LLST1:
 191 002b 00000000 		.4byte	.LFB1
 192 002f 02000000 		.4byte	.LCFI2
 193 0033 0100     		.2byte	0x1
 194 0035 5D       		.byte	0x5d
 195 0036 02000000 		.4byte	.LCFI2
ARM GAS  C:\Users\CHARLI~1\AppData\Local\Temp\cctTJSjg.s 			page 7


 196 003a 04000000 		.4byte	.LCFI3
 197 003e 0200     		.2byte	0x2
 198 0040 7D       		.byte	0x7d
 199 0041 04       		.sleb128 4
 200 0042 04000000 		.4byte	.LCFI3
 201 0046 0A000000 		.4byte	.LFE1
 202 004a 0200     		.2byte	0x2
 203 004c 77       		.byte	0x77
 204 004d 04       		.sleb128 4
 205 004e 00000000 		.4byte	0x0
 206 0052 00000000 		.4byte	0x0
 207              	.LLST2:
 208 0056 00000000 		.4byte	.LFB2
 209 005a 02000000 		.4byte	.LCFI4
 210 005e 0100     		.2byte	0x1
 211 0060 5D       		.byte	0x5d
 212 0061 02000000 		.4byte	.LCFI4
 213 0065 04000000 		.4byte	.LCFI5
 214 0069 0200     		.2byte	0x2
 215 006b 7D       		.byte	0x7d
 216 006c 08       		.sleb128 8
 217 006d 04000000 		.4byte	.LCFI5
 218 0071 42000000 		.4byte	.LFE2
 219 0075 0200     		.2byte	0x2
 220 0077 77       		.byte	0x77
 221 0078 08       		.sleb128 8
 222 0079 00000000 		.4byte	0x0
 223 007d 00000000 		.4byte	0x0
 224              	.LLST3:
 225 0081 00000000 		.4byte	.LFB3
 226 0085 02000000 		.4byte	.LCFI6
 227 0089 0100     		.2byte	0x1
 228 008b 5D       		.byte	0x5d
 229 008c 02000000 		.4byte	.LCFI6
 230 0090 04000000 		.4byte	.LCFI7
 231 0094 0200     		.2byte	0x2
 232 0096 7D       		.byte	0x7d
 233 0097 08       		.sleb128 8
 234 0098 04000000 		.4byte	.LCFI7
 235 009c 1C000000 		.4byte	.LFE3
 236 00a0 0200     		.2byte	0x2
 237 00a2 77       		.byte	0x77
 238 00a3 08       		.sleb128 8
 239 00a4 00000000 		.4byte	0x0
 240 00a8 00000000 		.4byte	0x0
 241              		.file 2 "./Generated_Source/PSoC5/cytypes.h"
 242              		.file 3 "./Generated_Source/PSoC5/CapSense_1_CompCH0.h"
 243              		.section	.debug_info
 244 0000 09010000 		.4byte	0x109
 245 0004 0200     		.2byte	0x2
 246 0006 00000000 		.4byte	.Ldebug_abbrev0
 247 000a 04       		.byte	0x4
 248 000b 01       		.uleb128 0x1
 249 000c 51010000 		.4byte	.LASF16
 250 0010 01       		.byte	0x1
 251 0011 93010000 		.4byte	.LASF17
 252 0015 AE000000 		.4byte	.LASF18
ARM GAS  C:\Users\CHARLI~1\AppData\Local\Temp\cctTJSjg.s 			page 8


 253 0019 00000000 		.4byte	0x0
 254 001d 00000000 		.4byte	0x0
 255 0021 00000000 		.4byte	.Ldebug_ranges0+0x0
 256 0025 00000000 		.4byte	.Ldebug_line0
 257 0029 02       		.uleb128 0x2
 258 002a 01       		.byte	0x1
 259 002b 06       		.byte	0x6
 260 002c 87010000 		.4byte	.LASF0
 261 0030 02       		.uleb128 0x2
 262 0031 01       		.byte	0x1
 263 0032 08       		.byte	0x8
 264 0033 8E000000 		.4byte	.LASF1
 265 0037 02       		.uleb128 0x2
 266 0038 02       		.byte	0x2
 267 0039 05       		.byte	0x5
 268 003a 62010000 		.4byte	.LASF2
 269 003e 02       		.uleb128 0x2
 270 003f 02       		.byte	0x2
 271 0040 07       		.byte	0x7
 272 0041 47000000 		.4byte	.LASF3
 273 0045 02       		.uleb128 0x2
 274 0046 04       		.byte	0x4
 275 0047 05       		.byte	0x5
 276 0048 72010000 		.4byte	.LASF4
 277 004c 02       		.uleb128 0x2
 278 004d 04       		.byte	0x4
 279 004e 07       		.byte	0x7
 280 004f 9C000000 		.4byte	.LASF5
 281 0053 02       		.uleb128 0x2
 282 0054 08       		.byte	0x8
 283 0055 05       		.byte	0x5
 284 0056 00000000 		.4byte	.LASF6
 285 005a 02       		.uleb128 0x2
 286 005b 08       		.byte	0x8
 287 005c 07       		.byte	0x7
 288 005d FB000000 		.4byte	.LASF7
 289 0061 03       		.uleb128 0x3
 290 0062 04       		.byte	0x4
 291 0063 05       		.byte	0x5
 292 0064 696E7400 		.ascii	"int\000"
 293 0068 02       		.uleb128 0x2
 294 0069 04       		.byte	0x4
 295 006a 07       		.byte	0x7
 296 006b EE000000 		.4byte	.LASF8
 297 006f 02       		.uleb128 0x2
 298 0070 01       		.byte	0x1
 299 0071 08       		.byte	0x8
 300 0072 5D010000 		.4byte	.LASF9
 301 0076 04       		.uleb128 0x4
 302 0077 6C010000 		.4byte	.LASF10
 303 007b 02       		.byte	0x2
 304 007c 2A       		.byte	0x2a
 305 007d 30000000 		.4byte	0x30
 306 0081 05       		.uleb128 0x5
 307 0082 0E000000 		.4byte	.LASF11
 308 0086 01       		.byte	0x1
 309 0087 03       		.byte	0x3
ARM GAS  C:\Users\CHARLI~1\AppData\Local\Temp\cctTJSjg.s 			page 9


 310 0088 34       		.byte	0x34
 311 0089 9C000000 		.4byte	0x9c
 312 008d 06       		.uleb128 0x6
 313 008e 7B010000 		.4byte	.LASF19
 314 0092 03       		.byte	0x3
 315 0093 35       		.byte	0x35
 316 0094 76000000 		.4byte	0x76
 317 0098 02       		.byte	0x2
 318 0099 23       		.byte	0x23
 319 009a 00       		.uleb128 0x0
 320 009b 00       		.byte	0x0
 321 009c 04       		.uleb128 0x4
 322 009d 0E000000 		.4byte	.LASF11
 323 00a1 03       		.byte	0x3
 324 00a2 36       		.byte	0x36
 325 00a3 81000000 		.4byte	0x81
 326 00a7 07       		.uleb128 0x7
 327 00a8 01       		.byte	0x1
 328 00a9 12010000 		.4byte	.LASF12
 329 00ad 01       		.byte	0x1
 330 00ae 2A       		.byte	0x2a
 331 00af 01       		.byte	0x1
 332 00b0 00000000 		.4byte	.LFB0
 333 00b4 0A000000 		.4byte	.LFE0
 334 00b8 00000000 		.4byte	.LLST0
 335 00bc 07       		.uleb128 0x7
 336 00bd 01       		.byte	0x1
 337 00be 30010000 		.4byte	.LASF13
 338 00c2 01       		.byte	0x1
 339 00c3 41       		.byte	0x41
 340 00c4 01       		.byte	0x1
 341 00c5 00000000 		.4byte	.LFB1
 342 00c9 0A000000 		.4byte	.LFE1
 343 00cd 2B000000 		.4byte	.LLST1
 344 00d1 07       		.uleb128 0x7
 345 00d2 01       		.byte	0x1
 346 00d3 2E000000 		.4byte	.LASF14
 347 00d7 01       		.byte	0x1
 348 00d8 5C       		.byte	0x5c
 349 00d9 01       		.byte	0x1
 350 00da 00000000 		.4byte	.LFB2
 351 00de 42000000 		.4byte	.LFE2
 352 00e2 56000000 		.4byte	.LLST2
 353 00e6 07       		.uleb128 0x7
 354 00e7 01       		.byte	0x1
 355 00e8 74000000 		.4byte	.LASF15
 356 00ec 01       		.byte	0x1
 357 00ed 84       		.byte	0x84
 358 00ee 01       		.byte	0x1
 359 00ef 00000000 		.4byte	.LFB3
 360 00f3 1C000000 		.4byte	.LFE3
 361 00f7 81000000 		.4byte	.LLST3
 362 00fb 08       		.uleb128 0x8
 363 00fc 5A000000 		.4byte	.LASF20
 364 0100 01       		.byte	0x1
 365 0101 16       		.byte	0x16
 366 0102 9C000000 		.4byte	0x9c
ARM GAS  C:\Users\CHARLI~1\AppData\Local\Temp\cctTJSjg.s 			page 10


 367 0106 05       		.byte	0x5
 368 0107 03       		.byte	0x3
 369 0108 00000000 		.4byte	CapSense_1_CompCH0_backup
 370 010c 00       		.byte	0x0
 371              		.section	.debug_abbrev
 372 0000 01       		.uleb128 0x1
 373 0001 11       		.uleb128 0x11
 374 0002 01       		.byte	0x1
 375 0003 25       		.uleb128 0x25
 376 0004 0E       		.uleb128 0xe
 377 0005 13       		.uleb128 0x13
 378 0006 0B       		.uleb128 0xb
 379 0007 03       		.uleb128 0x3
 380 0008 0E       		.uleb128 0xe
 381 0009 1B       		.uleb128 0x1b
 382 000a 0E       		.uleb128 0xe
 383 000b 11       		.uleb128 0x11
 384 000c 01       		.uleb128 0x1
 385 000d 52       		.uleb128 0x52
 386 000e 01       		.uleb128 0x1
 387 000f 55       		.uleb128 0x55
 388 0010 06       		.uleb128 0x6
 389 0011 10       		.uleb128 0x10
 390 0012 06       		.uleb128 0x6
 391 0013 00       		.byte	0x0
 392 0014 00       		.byte	0x0
 393 0015 02       		.uleb128 0x2
 394 0016 24       		.uleb128 0x24
 395 0017 00       		.byte	0x0
 396 0018 0B       		.uleb128 0xb
 397 0019 0B       		.uleb128 0xb
 398 001a 3E       		.uleb128 0x3e
 399 001b 0B       		.uleb128 0xb
 400 001c 03       		.uleb128 0x3
 401 001d 0E       		.uleb128 0xe
 402 001e 00       		.byte	0x0
 403 001f 00       		.byte	0x0
 404 0020 03       		.uleb128 0x3
 405 0021 24       		.uleb128 0x24
 406 0022 00       		.byte	0x0
 407 0023 0B       		.uleb128 0xb
 408 0024 0B       		.uleb128 0xb
 409 0025 3E       		.uleb128 0x3e
 410 0026 0B       		.uleb128 0xb
 411 0027 03       		.uleb128 0x3
 412 0028 08       		.uleb128 0x8
 413 0029 00       		.byte	0x0
 414 002a 00       		.byte	0x0
 415 002b 04       		.uleb128 0x4
 416 002c 16       		.uleb128 0x16
 417 002d 00       		.byte	0x0
 418 002e 03       		.uleb128 0x3
 419 002f 0E       		.uleb128 0xe
 420 0030 3A       		.uleb128 0x3a
 421 0031 0B       		.uleb128 0xb
 422 0032 3B       		.uleb128 0x3b
 423 0033 0B       		.uleb128 0xb
ARM GAS  C:\Users\CHARLI~1\AppData\Local\Temp\cctTJSjg.s 			page 11


 424 0034 49       		.uleb128 0x49
 425 0035 13       		.uleb128 0x13
 426 0036 00       		.byte	0x0
 427 0037 00       		.byte	0x0
 428 0038 05       		.uleb128 0x5
 429 0039 13       		.uleb128 0x13
 430 003a 01       		.byte	0x1
 431 003b 03       		.uleb128 0x3
 432 003c 0E       		.uleb128 0xe
 433 003d 0B       		.uleb128 0xb
 434 003e 0B       		.uleb128 0xb
 435 003f 3A       		.uleb128 0x3a
 436 0040 0B       		.uleb128 0xb
 437 0041 3B       		.uleb128 0x3b
 438 0042 0B       		.uleb128 0xb
 439 0043 01       		.uleb128 0x1
 440 0044 13       		.uleb128 0x13
 441 0045 00       		.byte	0x0
 442 0046 00       		.byte	0x0
 443 0047 06       		.uleb128 0x6
 444 0048 0D       		.uleb128 0xd
 445 0049 00       		.byte	0x0
 446 004a 03       		.uleb128 0x3
 447 004b 0E       		.uleb128 0xe
 448 004c 3A       		.uleb128 0x3a
 449 004d 0B       		.uleb128 0xb
 450 004e 3B       		.uleb128 0x3b
 451 004f 0B       		.uleb128 0xb
 452 0050 49       		.uleb128 0x49
 453 0051 13       		.uleb128 0x13
 454 0052 38       		.uleb128 0x38
 455 0053 0A       		.uleb128 0xa
 456 0054 00       		.byte	0x0
 457 0055 00       		.byte	0x0
 458 0056 07       		.uleb128 0x7
 459 0057 2E       		.uleb128 0x2e
 460 0058 00       		.byte	0x0
 461 0059 3F       		.uleb128 0x3f
 462 005a 0C       		.uleb128 0xc
 463 005b 03       		.uleb128 0x3
 464 005c 0E       		.uleb128 0xe
 465 005d 3A       		.uleb128 0x3a
 466 005e 0B       		.uleb128 0xb
 467 005f 3B       		.uleb128 0x3b
 468 0060 0B       		.uleb128 0xb
 469 0061 27       		.uleb128 0x27
 470 0062 0C       		.uleb128 0xc
 471 0063 11       		.uleb128 0x11
 472 0064 01       		.uleb128 0x1
 473 0065 12       		.uleb128 0x12
 474 0066 01       		.uleb128 0x1
 475 0067 40       		.uleb128 0x40
 476 0068 06       		.uleb128 0x6
 477 0069 00       		.byte	0x0
 478 006a 00       		.byte	0x0
 479 006b 08       		.uleb128 0x8
 480 006c 34       		.uleb128 0x34
ARM GAS  C:\Users\CHARLI~1\AppData\Local\Temp\cctTJSjg.s 			page 12


 481 006d 00       		.byte	0x0
 482 006e 03       		.uleb128 0x3
 483 006f 0E       		.uleb128 0xe
 484 0070 3A       		.uleb128 0x3a
 485 0071 0B       		.uleb128 0xb
 486 0072 3B       		.uleb128 0x3b
 487 0073 0B       		.uleb128 0xb
 488 0074 49       		.uleb128 0x49
 489 0075 13       		.uleb128 0x13
 490 0076 02       		.uleb128 0x2
 491 0077 0A       		.uleb128 0xa
 492 0078 00       		.byte	0x0
 493 0079 00       		.byte	0x0
 494 007a 00       		.byte	0x0
 495              		.section	.debug_pubnames,"",%progbits
 496 0000 90000000 		.4byte	0x90
 497 0004 0200     		.2byte	0x2
 498 0006 00000000 		.4byte	.Ldebug_info0
 499 000a 0D010000 		.4byte	0x10d
 500 000e A7000000 		.4byte	0xa7
 501 0012 43617053 		.ascii	"CapSense_1_CompCH0_SaveConfig\000"
 501      656E7365 
 501      5F315F43 
 501      6F6D7043 
 501      48305F53 
 502 0030 BC000000 		.4byte	0xbc
 503 0034 43617053 		.ascii	"CapSense_1_CompCH0_RestoreConfig\000"
 503      656E7365 
 503      5F315F43 
 503      6F6D7043 
 503      48305F52 
 504 0055 D1000000 		.4byte	0xd1
 505 0059 43617053 		.ascii	"CapSense_1_CompCH0_Sleep\000"
 505      656E7365 
 505      5F315F43 
 505      6F6D7043 
 505      48305F53 
 506 0072 E6000000 		.4byte	0xe6
 507 0076 43617053 		.ascii	"CapSense_1_CompCH0_Wakeup\000"
 507      656E7365 
 507      5F315F43 
 507      6F6D7043 
 507      48305F57 
 508 0090 00000000 		.4byte	0x0
 509              		.section	.debug_aranges,"",%progbits
 510 0000 34000000 		.4byte	0x34
 511 0004 0200     		.2byte	0x2
 512 0006 00000000 		.4byte	.Ldebug_info0
 513 000a 04       		.byte	0x4
 514 000b 00       		.byte	0x0
 515 000c 0000     		.2byte	0x0
 516 000e 0000     		.2byte	0x0
 517 0010 00000000 		.4byte	.LFB0
 518 0014 0A000000 		.4byte	.LFE0-.LFB0
 519 0018 00000000 		.4byte	.LFB1
 520 001c 0A000000 		.4byte	.LFE1-.LFB1
 521 0020 00000000 		.4byte	.LFB2
ARM GAS  C:\Users\CHARLI~1\AppData\Local\Temp\cctTJSjg.s 			page 13


 522 0024 42000000 		.4byte	.LFE2-.LFB2
 523 0028 00000000 		.4byte	.LFB3
 524 002c 1C000000 		.4byte	.LFE3-.LFB3
 525 0030 00000000 		.4byte	0x0
 526 0034 00000000 		.4byte	0x0
 527              		.section	.debug_ranges,"",%progbits
 528              	.Ldebug_ranges0:
 529 0000 00000000 		.4byte	.Ltext0
 530 0004 00000000 		.4byte	.Letext0
 531 0008 00000000 		.4byte	.LFB0
 532 000c 0A000000 		.4byte	.LFE0
 533 0010 00000000 		.4byte	.LFB1
 534 0014 0A000000 		.4byte	.LFE1
 535 0018 00000000 		.4byte	.LFB2
 536 001c 42000000 		.4byte	.LFE2
 537 0020 00000000 		.4byte	.LFB3
 538 0024 1C000000 		.4byte	.LFE3
 539 0028 00000000 		.4byte	0x0
 540 002c 00000000 		.4byte	0x0
 541              		.section	.debug_str,"MS",%progbits,1
 542              	.LASF6:
 543 0000 6C6F6E67 		.ascii	"long long int\000"
 543      206C6F6E 
 543      6720696E 
 543      7400
 544              	.LASF11:
 545 000e 43617053 		.ascii	"CapSense_1_CompCH0_backupStruct\000"
 545      656E7365 
 545      5F315F43 
 545      6F6D7043 
 545      48305F62 
 546              	.LASF14:
 547 002e 43617053 		.ascii	"CapSense_1_CompCH0_Sleep\000"
 547      656E7365 
 547      5F315F43 
 547      6F6D7043 
 547      48305F53 
 548              	.LASF3:
 549 0047 73686F72 		.ascii	"short unsigned int\000"
 549      7420756E 
 549      7369676E 
 549      65642069 
 549      6E7400
 550              	.LASF20:
 551 005a 43617053 		.ascii	"CapSense_1_CompCH0_backup\000"
 551      656E7365 
 551      5F315F43 
 551      6F6D7043 
 551      48305F62 
 552              	.LASF15:
 553 0074 43617053 		.ascii	"CapSense_1_CompCH0_Wakeup\000"
 553      656E7365 
 553      5F315F43 
 553      6F6D7043 
 553      48305F57 
 554              	.LASF1:
 555 008e 756E7369 		.ascii	"unsigned char\000"
ARM GAS  C:\Users\CHARLI~1\AppData\Local\Temp\cctTJSjg.s 			page 14


 555      676E6564 
 555      20636861 
 555      7200
 556              	.LASF5:
 557 009c 6C6F6E67 		.ascii	"long unsigned int\000"
 557      20756E73 
 557      69676E65 
 557      6420696E 
 557      7400
 558              	.LASF18:
 559 00ae 453A5C43 		.ascii	"E:\\ControllerKinect\\capController\\Transmitter\\T"
 559      6F6E7472 
 559      6F6C6C65 
 559      724B696E 
 559      6563745C 
 560 00dd 72616E73 		.ascii	"ransmitter.cydsn\000"
 560      6D697474 
 560      65722E63 
 560      7964736E 
 560      00
 561              	.LASF8:
 562 00ee 756E7369 		.ascii	"unsigned int\000"
 562      676E6564 
 562      20696E74 
 562      00
 563              	.LASF7:
 564 00fb 6C6F6E67 		.ascii	"long long unsigned int\000"
 564      206C6F6E 
 564      6720756E 
 564      7369676E 
 564      65642069 
 565              	.LASF12:
 566 0112 43617053 		.ascii	"CapSense_1_CompCH0_SaveConfig\000"
 566      656E7365 
 566      5F315F43 
 566      6F6D7043 
 566      48305F53 
 567              	.LASF13:
 568 0130 43617053 		.ascii	"CapSense_1_CompCH0_RestoreConfig\000"
 568      656E7365 
 568      5F315F43 
 568      6F6D7043 
 568      48305F52 
 569              	.LASF16:
 570 0151 474E5520 		.ascii	"GNU C 4.4.1\000"
 570      4320342E 
 570      342E3100 
 571              	.LASF9:
 572 015d 63686172 		.ascii	"char\000"
 572      00
 573              	.LASF2:
 574 0162 73686F72 		.ascii	"short int\000"
 574      7420696E 
 574      7400
 575              	.LASF10:
 576 016c 75696E74 		.ascii	"uint8\000"
 576      3800
ARM GAS  C:\Users\CHARLI~1\AppData\Local\Temp\cctTJSjg.s 			page 15


 577              	.LASF4:
 578 0172 6C6F6E67 		.ascii	"long int\000"
 578      20696E74 
 578      00
 579              	.LASF19:
 580 017b 656E6162 		.ascii	"enableState\000"
 580      6C655374 
 580      61746500 
 581              	.LASF0:
 582 0187 7369676E 		.ascii	"signed char\000"
 582      65642063 
 582      68617200 
 583              	.LASF17:
 584 0193 2E2F4765 		.ascii	"./Generated_Source/PSoC5/CapSense_1_CompCH0_PM.c\000"
 584      6E657261 
 584      7465645F 
 584      536F7572 
 584      63652F50 
 585              		.ident	"GCC: (Sourcery G++ Lite 2010q1-188) 4.4.1"
