ARM GAS  C:\Users\CHARLI~1\AppData\Local\Temp\ccpuwTca.s 			page 1


   1              		.syntax unified
   2              		.cpu cortex-m3
   3              		.fpu softvfp
   4              		.eabi_attribute 20, 1
   5              		.eabi_attribute 21, 1
   6              		.eabi_attribute 23, 3
   7              		.eabi_attribute 24, 1
   8              		.eabi_attribute 25, 1
   9              		.eabi_attribute 26, 1
  10              		.eabi_attribute 30, 6
  11              		.eabi_attribute 18, 4
  12              		.thumb
  13              		.file	"CapSense_MBX.c"
  14              		.section	.debug_abbrev,"",%progbits
  15              	.Ldebug_abbrev0:
  16              		.section	.debug_info,"",%progbits
  17              	.Ldebug_info0:
  18              		.section	.debug_line,"",%progbits
  19              	.Ldebug_line0:
  20 0000 A2000000 		.text
  20      02005D00 
  20      00000201 
  20      FB0E0D00 
  20      01010101 
  21              	.Ltext0:
  22              		.cfi_sections	.debug_frame
  23              		.section	.text.CapSense_InitMailbox,"ax",%progbits
  24              		.align	2
  25              		.global	CapSense_InitMailbox
  26              		.thumb
  27              		.thumb_func
  28              		.type	CapSense_InitMailbox, %function
  29              	CapSense_InitMailbox:
  30              	.LFB0:
  31              		.file 1 "./Generated_Source/PSoC5/CapSense_MBX.c"
   1:./Generated_Source/PSoC5/CapSense_MBX.c **** /*******************************************************************************
   2:./Generated_Source/PSoC5/CapSense_MBX.c **** * File Name: CapSense_MBX.c
   3:./Generated_Source/PSoC5/CapSense_MBX.c **** * Version 2.10
   4:./Generated_Source/PSoC5/CapSense_MBX.c **** *
   5:./Generated_Source/PSoC5/CapSense_MBX.c **** * Description:
   6:./Generated_Source/PSoC5/CapSense_MBX.c **** *  This file provides the source code of Tuner communication APIs for the 
   7:./Generated_Source/PSoC5/CapSense_MBX.c **** *  CapSense CSD component.
   8:./Generated_Source/PSoC5/CapSense_MBX.c **** *
   9:./Generated_Source/PSoC5/CapSense_MBX.c **** * Note:
  10:./Generated_Source/PSoC5/CapSense_MBX.c **** *
  11:./Generated_Source/PSoC5/CapSense_MBX.c **** ********************************************************************************
  12:./Generated_Source/PSoC5/CapSense_MBX.c **** * Copyright 2008-2010, Cypress Semiconductor Corporation.  All rights reserved.
  13:./Generated_Source/PSoC5/CapSense_MBX.c **** * You may use this file only in accordance with the license, terms, conditions,
  14:./Generated_Source/PSoC5/CapSense_MBX.c **** * disclaimers, and limitations in the end user license agreement accompanying
  15:./Generated_Source/PSoC5/CapSense_MBX.c **** * the software package with which this file was provided.
  16:./Generated_Source/PSoC5/CapSense_MBX.c **** *******************************************************************************/
  17:./Generated_Source/PSoC5/CapSense_MBX.c **** 
  18:./Generated_Source/PSoC5/CapSense_MBX.c **** #include "CapSense_MBX.h"
  19:./Generated_Source/PSoC5/CapSense_MBX.c **** 
  20:./Generated_Source/PSoC5/CapSense_MBX.c **** #if (CapSense_CURRENT_SOURCE)
  21:./Generated_Source/PSoC5/CapSense_MBX.c ****     extern uint8 CapSense_idacSettings[];
  22:./Generated_Source/PSoC5/CapSense_MBX.c **** #endif /* End CapSense_CURRENT_SOURCE */
ARM GAS  C:\Users\CHARLI~1\AppData\Local\Temp\ccpuwTca.s 			page 2


  23:./Generated_Source/PSoC5/CapSense_MBX.c **** 
  24:./Generated_Source/PSoC5/CapSense_MBX.c **** extern uint8 CapSense_widgetResolution[];
  25:./Generated_Source/PSoC5/CapSense_MBX.c **** extern uint16 CapSense_SensorRaw[CapSense_TOTAL_SENSOR_COUNT];
  26:./Generated_Source/PSoC5/CapSense_MBX.c **** extern const uint8 CYCODE CapSense_widgetNumber[];
  27:./Generated_Source/PSoC5/CapSense_MBX.c **** 
  28:./Generated_Source/PSoC5/CapSense_MBX.c **** extern uint16 CapSense_SensorBaseline[CapSense_TOTAL_SENSOR_COUNT];
  29:./Generated_Source/PSoC5/CapSense_MBX.c **** extern uint8 CapSense_SensorSignal[CapSense_TOTAL_SENSOR_COUNT];
  30:./Generated_Source/PSoC5/CapSense_MBX.c **** 
  31:./Generated_Source/PSoC5/CapSense_MBX.c **** #if (CapSense_TUNING_METHOD == CapSense_MANUAL_TUNING)
  32:./Generated_Source/PSoC5/CapSense_MBX.c ****     extern uint8 CapSense_fingerThreshold[];
  33:./Generated_Source/PSoC5/CapSense_MBX.c ****     extern uint8 CapSense_noiseThreshold[];
  34:./Generated_Source/PSoC5/CapSense_MBX.c ****     extern uint8 CapSense_hysteresis[];
  35:./Generated_Source/PSoC5/CapSense_MBX.c ****     extern uint8 CapSense_debounce[];
  36:./Generated_Source/PSoC5/CapSense_MBX.c ****     
  37:./Generated_Source/PSoC5/CapSense_MBX.c **** #elif (CapSense_TUNING_METHOD == CapSense_AUTO_TUNING)
  38:./Generated_Source/PSoC5/CapSense_MBX.c ****     extern uint8 CapSense_lowLevelTuningDone;
  39:./Generated_Source/PSoC5/CapSense_MBX.c ****     extern uint8 CapSense_fingerThreshold[];
  40:./Generated_Source/PSoC5/CapSense_MBX.c ****     extern uint8 CapSense_noiseThreshold[];
  41:./Generated_Source/PSoC5/CapSense_MBX.c **** 
  42:./Generated_Source/PSoC5/CapSense_MBX.c ****     extern uint8 CapSense_GetPrescaler(void);
  43:./Generated_Source/PSoC5/CapSense_MBX.c **** #else
  44:./Generated_Source/PSoC5/CapSense_MBX.c ****     /* No tunning */
  45:./Generated_Source/PSoC5/CapSense_MBX.c **** #endif  /* End CapSense_TUNING_METHOD */
  46:./Generated_Source/PSoC5/CapSense_MBX.c **** 
  47:./Generated_Source/PSoC5/CapSense_MBX.c **** 
  48:./Generated_Source/PSoC5/CapSense_MBX.c **** #if (CapSense_TUNING_METHOD == CapSense_MANUAL_TUNING)
  49:./Generated_Source/PSoC5/CapSense_MBX.c ****     /*******************************************************************************
  50:./Generated_Source/PSoC5/CapSense_MBX.c ****     * Function Name: CapSense_InitParams
  51:./Generated_Source/PSoC5/CapSense_MBX.c ****     ********************************************************************************
  52:./Generated_Source/PSoC5/CapSense_MBX.c ****     *
  53:./Generated_Source/PSoC5/CapSense_MBX.c ****     * Summary:
  54:./Generated_Source/PSoC5/CapSense_MBX.c ****     *  Configures component parameters to match the parameters in the inbox.
  55:./Generated_Source/PSoC5/CapSense_MBX.c ****     *  Used only in manual tuning mode to apply new scanning parameters from Tuner 
  56:./Generated_Source/PSoC5/CapSense_MBX.c ****     *  GUI.
  57:./Generated_Source/PSoC5/CapSense_MBX.c ****     *
  58:./Generated_Source/PSoC5/CapSense_MBX.c ****     * Parameters:
  59:./Generated_Source/PSoC5/CapSense_MBX.c ****     *  inbox:  Pointer to Inbox structure in RAM.
  60:./Generated_Source/PSoC5/CapSense_MBX.c ****     *
  61:./Generated_Source/PSoC5/CapSense_MBX.c ****     * Return:
  62:./Generated_Source/PSoC5/CapSense_MBX.c ****     *  None. Contents of the structure are not modified.
  63:./Generated_Source/PSoC5/CapSense_MBX.c ****     * 
  64:./Generated_Source/PSoC5/CapSense_MBX.c ****     * Side Effects: 
  65:./Generated_Source/PSoC5/CapSense_MBX.c ****     *  Resets baseline values.
  66:./Generated_Source/PSoC5/CapSense_MBX.c ****     *
  67:./Generated_Source/PSoC5/CapSense_MBX.c ****     * Global Variables:
  68:./Generated_Source/PSoC5/CapSense_MBX.c ****     *  CapSense_idacSettings[] - used to store idac value for all sensors.
  69:./Generated_Source/PSoC5/CapSense_MBX.c ****     *  CapSense_fingerThreshold[] - used to store finger threshold for all 
  70:./Generated_Source/PSoC5/CapSense_MBX.c ****     *  widgets.
  71:./Generated_Source/PSoC5/CapSense_MBX.c ****     *  CapSense_noiseThreshold[] - used to sotre noise threshold for all 
  72:./Generated_Source/PSoC5/CapSense_MBX.c ****     *  widgets.
  73:./Generated_Source/PSoC5/CapSense_MBX.c ****     *  CapSense_hysteresis[] - used to store finger threshold for all 
  74:./Generated_Source/PSoC5/CapSense_MBX.c ****     *  widgets.
  75:./Generated_Source/PSoC5/CapSense_MBX.c ****     *  CapSense_debounce[] - used to store finger threshold for all 
  76:./Generated_Source/PSoC5/CapSense_MBX.c ****     *  widgets.
  77:./Generated_Source/PSoC5/CapSense_MBX.c ****     *  CapSense_INBOX inbox - structure which is used as input buffer
  78:./Generated_Source/PSoC5/CapSense_MBX.c ****     *  for parameters from Tuner GUI. Only used in manual tuning mode.
  79:./Generated_Source/PSoC5/CapSense_MBX.c ****     *
ARM GAS  C:\Users\CHARLI~1\AppData\Local\Temp\ccpuwTca.s 			page 3


  80:./Generated_Source/PSoC5/CapSense_MBX.c ****     * Reentrant:
  81:./Generated_Source/PSoC5/CapSense_MBX.c ****     *  No
  82:./Generated_Source/PSoC5/CapSense_MBX.c ****     *
  83:./Generated_Source/PSoC5/CapSense_MBX.c ****     *******************************************************************************/
  84:./Generated_Source/PSoC5/CapSense_MBX.c ****     static void CapSense_InitParams(volatile CapSense_INBOX *inbox)
  85:./Generated_Source/PSoC5/CapSense_MBX.c ****     {
  86:./Generated_Source/PSoC5/CapSense_MBX.c ****         /* Define widget sensor belongs to */
  87:./Generated_Source/PSoC5/CapSense_MBX.c ****         uint8 sensor = inbox->sensorIndex;
  88:./Generated_Source/PSoC5/CapSense_MBX.c ****         uint8 widget = CapSense_widgetNumber[sensor];
  89:./Generated_Source/PSoC5/CapSense_MBX.c ****         
  90:./Generated_Source/PSoC5/CapSense_MBX.c ****         /* Scanning parameters */
  91:./Generated_Source/PSoC5/CapSense_MBX.c ****         #if (CapSense_CURRENT_SOURCE)
  92:./Generated_Source/PSoC5/CapSense_MBX.c ****             CapSense_idacSettings[sensor] = inbox->idacSettings;
  93:./Generated_Source/PSoC5/CapSense_MBX.c ****         #endif /* End CapSense_CURRENT_SOURCE */   
  94:./Generated_Source/PSoC5/CapSense_MBX.c ****         CapSense_widgetResolution[widget] = inbox->resolution;
  95:./Generated_Source/PSoC5/CapSense_MBX.c ****     
  96:./Generated_Source/PSoC5/CapSense_MBX.c ****         #if (CapSense_TOTAL_GENERICS_COUNT)
  97:./Generated_Source/PSoC5/CapSense_MBX.c ****             /* Exclude generic wiget */
  98:./Generated_Source/PSoC5/CapSense_MBX.c ****             if(widget < CapSense_END_OF_WIDGETS_INDEX)
  99:./Generated_Source/PSoC5/CapSense_MBX.c ****             {
 100:./Generated_Source/PSoC5/CapSense_MBX.c ****         #endif  /* End CapSense_TOTAL_GENERICS_COUNT */
 101:./Generated_Source/PSoC5/CapSense_MBX.c ****         
 102:./Generated_Source/PSoC5/CapSense_MBX.c ****             /* High level parameters */
 103:./Generated_Source/PSoC5/CapSense_MBX.c ****             CapSense_fingerThreshold[widget] = inbox->fingerThreshold;
 104:./Generated_Source/PSoC5/CapSense_MBX.c ****             CapSense_noiseThreshold[widget]  = inbox->noiseThreshold;
 105:./Generated_Source/PSoC5/CapSense_MBX.c ****             
 106:./Generated_Source/PSoC5/CapSense_MBX.c ****             CapSense_hysteresis[widget] = inbox->hysteresis;
 107:./Generated_Source/PSoC5/CapSense_MBX.c ****             CapSense_debounce[widget]   = inbox->debounce;
 108:./Generated_Source/PSoC5/CapSense_MBX.c ****         
 109:./Generated_Source/PSoC5/CapSense_MBX.c ****         #if (CapSense_TOTAL_GENERICS_COUNT)
 110:./Generated_Source/PSoC5/CapSense_MBX.c ****             /* Exclude generic wiget */
 111:./Generated_Source/PSoC5/CapSense_MBX.c ****             }
 112:./Generated_Source/PSoC5/CapSense_MBX.c ****         #endif  /* End CapSense_TOTAL_GENERICS_COUNT */
 113:./Generated_Source/PSoC5/CapSense_MBX.c ****         
 114:./Generated_Source/PSoC5/CapSense_MBX.c ****         /* Re-Init baselines */
 115:./Generated_Source/PSoC5/CapSense_MBX.c ****         CapSense_InitializeAllBaselines();
 116:./Generated_Source/PSoC5/CapSense_MBX.c ****     }
 117:./Generated_Source/PSoC5/CapSense_MBX.c **** #endif  /* End (CapSense_TUNING_METHOD == CapSense_MANUAL_TUNING) */
 118:./Generated_Source/PSoC5/CapSense_MBX.c **** 
 119:./Generated_Source/PSoC5/CapSense_MBX.c **** 
 120:./Generated_Source/PSoC5/CapSense_MBX.c **** /*******************************************************************************
 121:./Generated_Source/PSoC5/CapSense_MBX.c **** * Function Name: CapSense_InitMailbox
 122:./Generated_Source/PSoC5/CapSense_MBX.c **** ********************************************************************************
 123:./Generated_Source/PSoC5/CapSense_MBX.c **** *
 124:./Generated_Source/PSoC5/CapSense_MBX.c **** * Summary:
 125:./Generated_Source/PSoC5/CapSense_MBX.c **** *  Initialize parameters  of mailbox structure.
 126:./Generated_Source/PSoC5/CapSense_MBX.c **** *  Sets type and size of mailbox structure. 
 127:./Generated_Source/PSoC5/CapSense_MBX.c **** *  Sets check sum to check by Tuner GUI and noReadMsg flag to indicate that this 
 128:./Generated_Source/PSoC5/CapSense_MBX.c **** *  is the first communication packet.
 129:./Generated_Source/PSoC5/CapSense_MBX.c **** *
 130:./Generated_Source/PSoC5/CapSense_MBX.c **** * Parameters:
 131:./Generated_Source/PSoC5/CapSense_MBX.c **** *  mbx:  Pointer to Mailbox structure in RAM.
 132:./Generated_Source/PSoC5/CapSense_MBX.c **** *
 133:./Generated_Source/PSoC5/CapSense_MBX.c **** * Return:
 134:./Generated_Source/PSoC5/CapSense_MBX.c **** *  None. Modifies the contents of mbx and mbx->outbox.
 135:./Generated_Source/PSoC5/CapSense_MBX.c **** *
 136:./Generated_Source/PSoC5/CapSense_MBX.c **** * Global Variables:
ARM GAS  C:\Users\CHARLI~1\AppData\Local\Temp\ccpuwTca.s 			page 4


 137:./Generated_Source/PSoC5/CapSense_MBX.c **** *  CapSense_MAILBOXES - structure which incorporates two fields: 
 138:./Generated_Source/PSoC5/CapSense_MBX.c **** *    - numMailBoxes (number of mailboxes);
 139:./Generated_Source/PSoC5/CapSense_MBX.c **** *    - CapSense_MAILBOX csdMailbox;
 140:./Generated_Source/PSoC5/CapSense_MBX.c **** *  CapSense_MAILBOX - structure which incorporates status output and
 141:./Generated_Source/PSoC5/CapSense_MBX.c **** *  input buffer fields and CapSense_OUTBOX and CapSense_INBOX.
 142:./Generated_Source/PSoC5/CapSense_MBX.c **** *    - type (used as outbox read status of Tuner GUI);
 143:./Generated_Source/PSoC5/CapSense_MBX.c **** *    - size (used as inbox apply status of component);
 144:./Generated_Source/PSoC5/CapSense_MBX.c **** *    - CapSense_OUTBOX outbox - structure which is used as ouput 
 145:./Generated_Source/PSoC5/CapSense_MBX.c **** *      buffer for report data to Tuner GUI.
 146:./Generated_Source/PSoC5/CapSense_MBX.c **** *    - CapSense_INBOX inbox - structure which is used as input buffer
 147:./Generated_Source/PSoC5/CapSense_MBX.c **** *      for paramters from Tuner GUI. Only used in manual tuning mode.
 148:./Generated_Source/PSoC5/CapSense_MBX.c **** *
 149:./Generated_Source/PSoC5/CapSense_MBX.c **** * Reentrant:
 150:./Generated_Source/PSoC5/CapSense_MBX.c **** *  No
 151:./Generated_Source/PSoC5/CapSense_MBX.c **** *
 152:./Generated_Source/PSoC5/CapSense_MBX.c **** *******************************************************************************/
 153:./Generated_Source/PSoC5/CapSense_MBX.c **** void CapSense_InitMailbox(volatile CapSense_MAILBOX *mbx)
 154:./Generated_Source/PSoC5/CapSense_MBX.c **** {
  32              		.loc 1 154 0
  33              		.cfi_startproc
  34              		@ args = 0, pretend = 0, frame = 8
  35              		@ frame_needed = 1, uses_anonymous_args = 0
  36              		@ link register save eliminated.
  37 0000 80B4     		push	{r7}
  38              	.LCFI0:
  39              		.cfi_def_cfa_offset 4
  40 0002 83B0     		sub	sp, sp, #12
  41              	.LCFI1:
  42              		.cfi_def_cfa_offset 16
  43 0004 00AF     		add	r7, sp, #0
  44              		.cfi_offset 7, -4
  45              	.LCFI2:
  46              		.cfi_def_cfa_register 7
  47 0006 7860     		str	r0, [r7, #4]
 155:./Generated_Source/PSoC5/CapSense_MBX.c ****     /* Restore TYPE_ID (clear busy flag) to indicate "action complete" */
 156:./Generated_Source/PSoC5/CapSense_MBX.c ****     mbx->type = CapSense_TYPE_ID;
  48              		.loc 1 156 0
  49 0008 7B68     		ldr	r3, [r7, #4]
  50 000a 4FF00402 		mov	r2, #4
  51 000e 1A70     		strb	r2, [r3, #0]
 157:./Generated_Source/PSoC5/CapSense_MBX.c ****     /* Restore default value - clear "have_msg" */
 158:./Generated_Source/PSoC5/CapSense_MBX.c ****     mbx->size = CapSense_SWAP_ENDIAN16(sizeof(CapSense_MAILBOX)); 
  52              		.loc 1 158 0
  53 0010 7B68     		ldr	r3, [r7, #4]
  54 0012 5A78     		ldrb	r2, [r3, #1]
  55 0014 4FF00002 		mov	r2, #0
  56 0018 5A70     		strb	r2, [r3, #1]
  57 001a 9A78     		ldrb	r2, [r3, #2]
  58 001c 4FF00002 		mov	r2, #0
  59 0020 42F03C02 		orr	r2, r2, #60
  60 0024 9A70     		strb	r2, [r3, #2]
 159:./Generated_Source/PSoC5/CapSense_MBX.c ****     
 160:./Generated_Source/PSoC5/CapSense_MBX.c ****     /* Addtional fields for async and reset handling */
 161:./Generated_Source/PSoC5/CapSense_MBX.c ****     #if(CapSense_TUNING_METHOD == CapSense_MANUAL_TUNING)
 162:./Generated_Source/PSoC5/CapSense_MBX.c ****         mbx->outbox.noReadMsg = 1u;
 163:./Generated_Source/PSoC5/CapSense_MBX.c ****     #endif  /* End (CapSense_TUNING_METHOD == CapSense_MANUAL_TUNING) */
 164:./Generated_Source/PSoC5/CapSense_MBX.c ****     
ARM GAS  C:\Users\CHARLI~1\AppData\Local\Temp\ccpuwTca.s 			page 5


 165:./Generated_Source/PSoC5/CapSense_MBX.c ****     mbx->outbox.checkSum = CapSense_SWAP_ENDIAN16(CapSense_CHECK_SUM);
  61              		.loc 1 165 0
  62 0026 7B68     		ldr	r3, [r7, #4]
  63 0028 93F83A20 		ldrb	r2, [r3, #58]
  64 002c 4FF00002 		mov	r2, #0
  65 0030 83F83A20 		strb	r2, [r3, #58]
  66 0034 93F83B20 		ldrb	r2, [r3, #59]
  67 0038 4FF00002 		mov	r2, #0
  68 003c 42F03102 		orr	r2, r2, #49
  69 0040 83F83B20 		strb	r2, [r3, #59]
 166:./Generated_Source/PSoC5/CapSense_MBX.c **** }
  70              		.loc 1 166 0
  71 0044 07F10C07 		add	r7, r7, #12
  72 0048 BD46     		mov	sp, r7
  73 004a 80BC     		pop	{r7}
  74 004c 7047     		bx	lr
  75              		.cfi_endproc
  76              	.LFE0:
  77              		.size	CapSense_InitMailbox, .-CapSense_InitMailbox
  78 004e 00BF     		.section	.text.CapSense_PostMessage,"ax",%progbits
  79              		.align	2
  80              		.global	CapSense_PostMessage
  81              		.thumb
  82              		.thumb_func
  83              		.type	CapSense_PostMessage, %function
  84              	CapSense_PostMessage:
  85              	.LFB1:
 167:./Generated_Source/PSoC5/CapSense_MBX.c **** 
 168:./Generated_Source/PSoC5/CapSense_MBX.c **** 
 169:./Generated_Source/PSoC5/CapSense_MBX.c **** /*******************************************************************************
 170:./Generated_Source/PSoC5/CapSense_MBX.c **** * Function Name:  CapSense_PostMessage
 171:./Generated_Source/PSoC5/CapSense_MBX.c **** ********************************************************************************
 172:./Generated_Source/PSoC5/CapSense_MBX.c **** *
 173:./Generated_Source/PSoC5/CapSense_MBX.c **** * Summary:
 174:./Generated_Source/PSoC5/CapSense_MBX.c **** *  This blocking function waits while Tuner GUI reports that content of mailbox 
 175:./Generated_Source/PSoC5/CapSense_MBX.c **** *  could be modified (clears CapSense_BUSY_FLAG). Then loads the report 
 176:./Generated_Source/PSoC5/CapSense_MBX.c **** *  data to outbox and sets the busy flag.
 177:./Generated_Source/PSoC5/CapSense_MBX.c **** *  In manual tuning mode the report data:
 178:./Generated_Source/PSoC5/CapSense_MBX.c **** *    - raw data, baseline, signal;
 179:./Generated_Source/PSoC5/CapSense_MBX.c **** *  In auto tuning mode to report added data:
 180:./Generated_Source/PSoC5/CapSense_MBX.c **** *    - fingerThreshold;
 181:./Generated_Source/PSoC5/CapSense_MBX.c **** *    - noiseThreshold;
 182:./Generated_Source/PSoC5/CapSense_MBX.c **** *    - scanResolution;
 183:./Generated_Source/PSoC5/CapSense_MBX.c **** *    - idacValue;
 184:./Generated_Source/PSoC5/CapSense_MBX.c **** *    - prescaler.
 185:./Generated_Source/PSoC5/CapSense_MBX.c **** *
 186:./Generated_Source/PSoC5/CapSense_MBX.c **** * Parameters:
 187:./Generated_Source/PSoC5/CapSense_MBX.c **** *  mbx:  Pointer to Mailbox structure in RAM.
 188:./Generated_Source/PSoC5/CapSense_MBX.c **** *
 189:./Generated_Source/PSoC5/CapSense_MBX.c **** * Return:
 190:./Generated_Source/PSoC5/CapSense_MBX.c **** *  None. Modifies the contents of mbx->outbox.
 191:./Generated_Source/PSoC5/CapSense_MBX.c **** *
 192:./Generated_Source/PSoC5/CapSense_MBX.c **** * Global Variables:
 193:./Generated_Source/PSoC5/CapSense_MBX.c **** *  CapSense_MAILBOXES - structure which incorporates two fields: 
 194:./Generated_Source/PSoC5/CapSense_MBX.c **** *    - numMailBoxes (number of mailboxes);
 195:./Generated_Source/PSoC5/CapSense_MBX.c **** *    - CapSense_MAILBOX csdMailbox;
 196:./Generated_Source/PSoC5/CapSense_MBX.c **** *  CapSense_MAILBOX - structure which incorporates status output and
ARM GAS  C:\Users\CHARLI~1\AppData\Local\Temp\ccpuwTca.s 			page 6


 197:./Generated_Source/PSoC5/CapSense_MBX.c **** *  input buffer fields and CapSense_OUTBOX and CapSense_INBOX.
 198:./Generated_Source/PSoC5/CapSense_MBX.c **** *    - type (used as outbox read status of Tuner GUI);
 199:./Generated_Source/PSoC5/CapSense_MBX.c **** *    - size (used as inbox apply status of component);
 200:./Generated_Source/PSoC5/CapSense_MBX.c **** *    - CapSense_OUTBOX outbox - structure which is used as ouput 
 201:./Generated_Source/PSoC5/CapSense_MBX.c **** *      buffer for report data to Tuner GUI.
 202:./Generated_Source/PSoC5/CapSense_MBX.c **** *    - CapSense_INBOX inbox - structure which is used as input buffer
 203:./Generated_Source/PSoC5/CapSense_MBX.c **** *      for parameters from Tuner GUI. Only used in manual tuning mode.
 204:./Generated_Source/PSoC5/CapSense_MBX.c **** *  CapSense_lowLevelTuningDone - used to notify the Tuner GUI that 
 205:./Generated_Source/PSoC5/CapSense_MBX.c **** *  tuning of scanning parameters are done. The scanning parameters in mailbox
 206:./Generated_Source/PSoC5/CapSense_MBX.c **** *  will not be updated after clear it.
 207:./Generated_Source/PSoC5/CapSense_MBX.c **** *
 208:./Generated_Source/PSoC5/CapSense_MBX.c **** * Reentrant:
 209:./Generated_Source/PSoC5/CapSense_MBX.c **** *  No
 210:./Generated_Source/PSoC5/CapSense_MBX.c **** *
 211:./Generated_Source/PSoC5/CapSense_MBX.c **** *******************************************************************************/
 212:./Generated_Source/PSoC5/CapSense_MBX.c **** void CapSense_PostMessage(volatile CapSense_MAILBOX *mbx)
 213:./Generated_Source/PSoC5/CapSense_MBX.c **** {
  86              		.loc 1 213 0
  87              		.cfi_startproc
  88              		@ args = 0, pretend = 0, frame = 16
  89              		@ frame_needed = 1, uses_anonymous_args = 0
  90 0000 90B5     		push	{r4, r7, lr}
  91              	.LCFI3:
  92              		.cfi_def_cfa_offset 12
  93 0002 85B0     		sub	sp, sp, #20
  94              	.LCFI4:
  95              		.cfi_def_cfa_offset 32
  96 0004 00AF     		add	r7, sp, #0
  97              		.cfi_offset 14, -4
  98              		.cfi_offset 7, -8
  99              		.cfi_offset 4, -12
 100              	.LCFI5:
 101              		.cfi_def_cfa_register 7
 102 0006 7860     		str	r0, [r7, #4]
 103              	.L4:
 214:./Generated_Source/PSoC5/CapSense_MBX.c ****     uint8 i;
 215:./Generated_Source/PSoC5/CapSense_MBX.c **** 
 216:./Generated_Source/PSoC5/CapSense_MBX.c ****     /* Check busy flag */
 217:./Generated_Source/PSoC5/CapSense_MBX.c ****     while (mbx->type != CapSense_TYPE_ID);
 104              		.loc 1 217 0
 105 0008 7B68     		ldr	r3, [r7, #4]
 106 000a 1B78     		ldrb	r3, [r3, #0]
 107 000c DBB2     		uxtb	r3, r3
 108 000e 042B     		cmp	r3, #4
 109 0010 FAD1     		bne	.L4
 218:./Generated_Source/PSoC5/CapSense_MBX.c ****     
 219:./Generated_Source/PSoC5/CapSense_MBX.c ****     /* Copy all data - Raw, Base, Signal, OnMask */
 220:./Generated_Source/PSoC5/CapSense_MBX.c ****     for(i=0; i < CapSense_TOTAL_SENSOR_COUNT; i++)
 110              		.loc 1 220 0
 111 0012 4FF00003 		mov	r3, #0
 112 0016 FB73     		strb	r3, [r7, #15]
 113 0018 78E0     		b	.L5
 114              	.L6:
 221:./Generated_Source/PSoC5/CapSense_MBX.c ****     {
 222:./Generated_Source/PSoC5/CapSense_MBX.c ****         mbx->outbox.rawData[i]  = CapSense_SWAP_ENDIAN16(CapSense_SensorRaw[i]);
 115              		.loc 1 222 0
 116 001a F97B     		ldrb	r1, [r7, #15]	@ zero_extendqisi2
ARM GAS  C:\Users\CHARLI~1\AppData\Local\Temp\ccpuwTca.s 			page 7


 117 001c FA7B     		ldrb	r2, [r7, #15]	@ zero_extendqisi2
 118 001e 40F20003 		movw	r3, #:lower16:CapSense_SensorRaw
 119 0022 C0F20003 		movt	r3, #:upper16:CapSense_SensorRaw
 120 0026 33F81230 		ldrh	r3, [r3, r2, lsl #1]
 121 002a 4FEA0323 		lsl	r3, r3, #8
 122 002e 9AB2     		uxth	r2, r3
 123 0030 F87B     		ldrb	r0, [r7, #15]	@ zero_extendqisi2
 124 0032 40F20003 		movw	r3, #:lower16:CapSense_SensorRaw
 125 0036 C0F20003 		movt	r3, #:upper16:CapSense_SensorRaw
 126 003a 33F81030 		ldrh	r3, [r3, r0, lsl #1]
 127 003e 4FEA1323 		lsr	r3, r3, #8
 128 0042 9BB2     		uxth	r3, r3
 129 0044 42EA0303 		orr	r3, r2, r3
 130 0048 9BB2     		uxth	r3, r3
 131 004a 98B2     		uxth	r0, r3
 132 004c 7A68     		ldr	r2, [r7, #4]
 133 004e 00F0FF0C 		and	ip, r0, #255
 134 0052 4FEA4103 		lsl	r3, r1, #1
 135 0056 1344     		add	r3, r3, r2
 136 0058 5C79     		ldrb	r4, [r3, #5]
 137 005a 4FF00004 		mov	r4, #0
 138 005e 44EA0C0C 		orr	ip, r4, ip
 139 0062 83F805C0 		strb	ip, [r3, #5]
 140 0066 4FEA1023 		lsr	r3, r0, #8
 141 006a 98B2     		uxth	r0, r3
 142 006c 4FEA4103 		lsl	r3, r1, #1
 143 0070 1344     		add	r3, r3, r2
 144 0072 9A79     		ldrb	r2, [r3, #6]
 145 0074 4FF00002 		mov	r2, #0
 146 0078 1146     		mov	r1, r2
 147 007a 0246     		mov	r2, r0
 148 007c 41EA0202 		orr	r2, r1, r2
 149 0080 9A71     		strb	r2, [r3, #6]
 223:./Generated_Source/PSoC5/CapSense_MBX.c ****         mbx->outbox.baseLine[i] = CapSense_SWAP_ENDIAN16(CapSense_SensorBaseline[i]);
 150              		.loc 1 223 0
 151 0082 F97B     		ldrb	r1, [r7, #15]	@ zero_extendqisi2
 152 0084 FA7B     		ldrb	r2, [r7, #15]	@ zero_extendqisi2
 153 0086 40F20003 		movw	r3, #:lower16:CapSense_SensorBaseline
 154 008a C0F20003 		movt	r3, #:upper16:CapSense_SensorBaseline
 155 008e 33F81230 		ldrh	r3, [r3, r2, lsl #1]
 156 0092 4FEA0323 		lsl	r3, r3, #8
 157 0096 9AB2     		uxth	r2, r3
 158 0098 F87B     		ldrb	r0, [r7, #15]	@ zero_extendqisi2
 159 009a 40F20003 		movw	r3, #:lower16:CapSense_SensorBaseline
 160 009e C0F20003 		movt	r3, #:upper16:CapSense_SensorBaseline
 161 00a2 33F81030 		ldrh	r3, [r3, r0, lsl #1]
 162 00a6 4FEA1323 		lsr	r3, r3, #8
 163 00aa 9BB2     		uxth	r3, r3
 164 00ac 42EA0303 		orr	r3, r2, r3
 165 00b0 9BB2     		uxth	r3, r3
 166 00b2 98B2     		uxth	r0, r3
 167 00b4 7A68     		ldr	r2, [r7, #4]
 168 00b6 01F10801 		add	r1, r1, #8
 169 00ba 00F0FF0C 		and	ip, r0, #255
 170 00be 4FEA4103 		lsl	r3, r1, #1
 171 00c2 1344     		add	r3, r3, r2
 172 00c4 DC78     		ldrb	r4, [r3, #3]
ARM GAS  C:\Users\CHARLI~1\AppData\Local\Temp\ccpuwTca.s 			page 8


 173 00c6 4FF00004 		mov	r4, #0
 174 00ca 44EA0C0C 		orr	ip, r4, ip
 175 00ce 83F803C0 		strb	ip, [r3, #3]
 176 00d2 4FEA1023 		lsr	r3, r0, #8
 177 00d6 98B2     		uxth	r0, r3
 178 00d8 4FEA4103 		lsl	r3, r1, #1
 179 00dc 1344     		add	r3, r3, r2
 180 00de 1A79     		ldrb	r2, [r3, #4]
 181 00e0 4FF00002 		mov	r2, #0
 182 00e4 1146     		mov	r1, r2
 183 00e6 0246     		mov	r2, r0
 184 00e8 41EA0202 		orr	r2, r1, r2
 185 00ec 1A71     		strb	r2, [r3, #4]
 224:./Generated_Source/PSoC5/CapSense_MBX.c ****         #if (CapSense_SIGNAL_SIZE == CapSense_SIGNAL_SIZE_UINT8)
 225:./Generated_Source/PSoC5/CapSense_MBX.c ****             mbx->outbox.signal[i]   = CapSense_SensorSignal[i];
 186              		.loc 1 225 0
 187 00ee F97B     		ldrb	r1, [r7, #15]	@ zero_extendqisi2
 188 00f0 FA7B     		ldrb	r2, [r7, #15]	@ zero_extendqisi2
 189 00f2 40F20003 		movw	r3, #:lower16:CapSense_SensorSignal
 190 00f6 C0F20003 		movt	r3, #:upper16:CapSense_SensorSignal
 191 00fa 9A5C     		ldrb	r2, [r3, r2]	@ zero_extendqisi2
 192 00fc 7B68     		ldr	r3, [r7, #4]
 193 00fe 0B44     		add	r3, r1, r3
 194 0100 83F82120 		strb	r2, [r3, #33]
 195              		.loc 1 220 0
 196 0104 FB7B     		ldrb	r3, [r7, #15]
 197 0106 03F10103 		add	r3, r3, #1
 198 010a FB73     		strb	r3, [r7, #15]
 199              	.L5:
 200 010c FB7B     		ldrb	r3, [r7, #15]	@ zero_extendqisi2
 201 010e 062B     		cmp	r3, #6
 202 0110 83D9     		bls	.L6
 226:./Generated_Source/PSoC5/CapSense_MBX.c ****         #else
 227:./Generated_Source/PSoC5/CapSense_MBX.c ****             mbx->outbox.signal[i]   = CapSense_SWAP_ENDIAN16(CapSense_SensorSignal[i]);
 228:./Generated_Source/PSoC5/CapSense_MBX.c ****         #endif  /* End (CapSense_SIGNAL_SIZE == CapSense_SIGNAL_SIZE_UINT8) */
 229:./Generated_Source/PSoC5/CapSense_MBX.c ****     }
 230:./Generated_Source/PSoC5/CapSense_MBX.c ****         
 231:./Generated_Source/PSoC5/CapSense_MBX.c ****     /* AutoTuning - need to copy all High Level parameters */
 232:./Generated_Source/PSoC5/CapSense_MBX.c ****     #if (CapSense_TUNING_METHOD == CapSense_AUTO_TUNING)
 233:./Generated_Source/PSoC5/CapSense_MBX.c ****         
 234:./Generated_Source/PSoC5/CapSense_MBX.c ****         /* Parameters are changed in run time */
 235:./Generated_Source/PSoC5/CapSense_MBX.c ****         for(i=0; i < CapSense_WIDGET_CSHL_PARAMETERS_COUNT; i++)
 203              		.loc 1 235 0
 204 0112 4FF00003 		mov	r3, #0
 205 0116 FB73     		strb	r3, [r7, #15]
 206 0118 19E0     		b	.L7
 207              	.L8:
 236:./Generated_Source/PSoC5/CapSense_MBX.c ****         {
 237:./Generated_Source/PSoC5/CapSense_MBX.c ****             mbx->outbox.fingerThreshold[i] = CapSense_fingerThreshold[i];
 208              		.loc 1 237 0
 209 011a F97B     		ldrb	r1, [r7, #15]	@ zero_extendqisi2
 210 011c FA7B     		ldrb	r2, [r7, #15]	@ zero_extendqisi2
 211 011e 40F20003 		movw	r3, #:lower16:CapSense_fingerThreshold
 212 0122 C0F20003 		movt	r3, #:upper16:CapSense_fingerThreshold
 213 0126 9A5C     		ldrb	r2, [r3, r2]	@ zero_extendqisi2
 214 0128 7B68     		ldr	r3, [r7, #4]
 215 012a 0B44     		add	r3, r1, r3
ARM GAS  C:\Users\CHARLI~1\AppData\Local\Temp\ccpuwTca.s 			page 9


 216 012c 83F82920 		strb	r2, [r3, #41]
 238:./Generated_Source/PSoC5/CapSense_MBX.c ****             mbx->outbox.noiseThreshold[i]  = CapSense_noiseThreshold[i];
 217              		.loc 1 238 0
 218 0130 F97B     		ldrb	r1, [r7, #15]	@ zero_extendqisi2
 219 0132 FA7B     		ldrb	r2, [r7, #15]	@ zero_extendqisi2
 220 0134 40F20003 		movw	r3, #:lower16:CapSense_noiseThreshold
 221 0138 C0F20003 		movt	r3, #:upper16:CapSense_noiseThreshold
 222 013c 9A5C     		ldrb	r2, [r3, r2]	@ zero_extendqisi2
 223 013e 7B68     		ldr	r3, [r7, #4]
 224 0140 0B44     		add	r3, r1, r3
 225 0142 83F82C20 		strb	r2, [r3, #44]
 226              		.loc 1 235 0
 227 0146 FB7B     		ldrb	r3, [r7, #15]
 228 0148 03F10103 		add	r3, r3, #1
 229 014c FB73     		strb	r3, [r7, #15]
 230              	.L7:
 231 014e FB7B     		ldrb	r3, [r7, #15]	@ zero_extendqisi2
 232 0150 022B     		cmp	r3, #2
 233 0152 E2D9     		bls	.L8
 239:./Generated_Source/PSoC5/CapSense_MBX.c ****         }
 240:./Generated_Source/PSoC5/CapSense_MBX.c ****         
 241:./Generated_Source/PSoC5/CapSense_MBX.c ****         /* Need to be copied only once */
 242:./Generated_Source/PSoC5/CapSense_MBX.c ****         if (CapSense_lowLevelTuningDone != 0u) 
 234              		.loc 1 242 0
 235 0154 40F20003 		movw	r3, #:lower16:CapSense_lowLevelTuningDone
 236 0158 C0F20003 		movt	r3, #:upper16:CapSense_lowLevelTuningDone
 237 015c 1B78     		ldrb	r3, [r3, #0]	@ zero_extendqisi2
 238 015e 002B     		cmp	r3, #0
 239 0160 39D0     		beq	.L9
 243:./Generated_Source/PSoC5/CapSense_MBX.c ****         {   
 244:./Generated_Source/PSoC5/CapSense_MBX.c ****             /* Widget resolution, take to account TP and MB */
 245:./Generated_Source/PSoC5/CapSense_MBX.c ****             for(i=0; i < CapSense_WIDGET_RESOLUTION_PARAMETERS_COUNT; i++)
 240              		.loc 1 245 0
 241 0162 4FF00003 		mov	r3, #0
 242 0166 FB73     		strb	r3, [r7, #15]
 243 0168 0EE0     		b	.L10
 244              	.L11:
 246:./Generated_Source/PSoC5/CapSense_MBX.c ****             {
 247:./Generated_Source/PSoC5/CapSense_MBX.c ****                 mbx->outbox.scanResolution[i]  = CapSense_widgetResolution[i];
 245              		.loc 1 247 0
 246 016a F97B     		ldrb	r1, [r7, #15]	@ zero_extendqisi2
 247 016c FA7B     		ldrb	r2, [r7, #15]	@ zero_extendqisi2
 248 016e 40F20003 		movw	r3, #:lower16:CapSense_widgetResolution
 249 0172 C0F20003 		movt	r3, #:upper16:CapSense_widgetResolution
 250 0176 9A5C     		ldrb	r2, [r3, r2]	@ zero_extendqisi2
 251 0178 7B68     		ldr	r3, [r7, #4]
 252 017a 0B44     		add	r3, r1, r3
 253 017c 83F82F20 		strb	r2, [r3, #47]
 254              		.loc 1 245 0
 255 0180 FB7B     		ldrb	r3, [r7, #15]
 256 0182 03F10103 		add	r3, r3, #1
 257 0186 FB73     		strb	r3, [r7, #15]
 258              	.L10:
 259 0188 FB7B     		ldrb	r3, [r7, #15]	@ zero_extendqisi2
 260 018a 022B     		cmp	r3, #2
 261 018c EDD9     		bls	.L11
 248:./Generated_Source/PSoC5/CapSense_MBX.c ****             }
ARM GAS  C:\Users\CHARLI~1\AppData\Local\Temp\ccpuwTca.s 			page 10


 249:./Generated_Source/PSoC5/CapSense_MBX.c **** 
 250:./Generated_Source/PSoC5/CapSense_MBX.c ****             /* Copy tuned idac values */
 251:./Generated_Source/PSoC5/CapSense_MBX.c ****             for(i=0; i < CapSense_TOTAL_SENSOR_COUNT; i++)
 262              		.loc 1 251 0
 263 018e 4FF00003 		mov	r3, #0
 264 0192 FB73     		strb	r3, [r7, #15]
 265 0194 0EE0     		b	.L12
 266              	.L13:
 252:./Generated_Source/PSoC5/CapSense_MBX.c ****             {
 253:./Generated_Source/PSoC5/CapSense_MBX.c ****                 mbx->outbox.idacValue[i] = CapSense_idacSettings[i];
 267              		.loc 1 253 0
 268 0196 F97B     		ldrb	r1, [r7, #15]	@ zero_extendqisi2
 269 0198 FA7B     		ldrb	r2, [r7, #15]	@ zero_extendqisi2
 270 019a 40F20003 		movw	r3, #:lower16:CapSense_idacSettings
 271 019e C0F20003 		movt	r3, #:upper16:CapSense_idacSettings
 272 01a2 9A5C     		ldrb	r2, [r3, r2]	@ zero_extendqisi2
 273 01a4 7B68     		ldr	r3, [r7, #4]
 274 01a6 0B44     		add	r3, r1, r3
 275 01a8 83F83220 		strb	r2, [r3, #50]
 276              		.loc 1 251 0
 277 01ac FB7B     		ldrb	r3, [r7, #15]
 278 01ae 03F10103 		add	r3, r3, #1
 279 01b2 FB73     		strb	r3, [r7, #15]
 280              	.L12:
 281 01b4 FB7B     		ldrb	r3, [r7, #15]	@ zero_extendqisi2
 282 01b6 062B     		cmp	r3, #6
 283 01b8 EDD9     		bls	.L13
 254:./Generated_Source/PSoC5/CapSense_MBX.c ****             }
 255:./Generated_Source/PSoC5/CapSense_MBX.c ****             
 256:./Generated_Source/PSoC5/CapSense_MBX.c ****             /* Copy scan parameters */
 257:./Generated_Source/PSoC5/CapSense_MBX.c ****             mbx->outbox.prescaler = CapSense_GetPrescaler();
 284              		.loc 1 257 0
 285 01ba FFF7FEFF 		bl	CapSense_GetPrescaler
 286 01be 0346     		mov	r3, r0
 287 01c0 1A46     		mov	r2, r3
 288 01c2 7B68     		ldr	r3, [r7, #4]
 289 01c4 83F83920 		strb	r2, [r3, #57]
 258:./Generated_Source/PSoC5/CapSense_MBX.c ****             
 259:./Generated_Source/PSoC5/CapSense_MBX.c ****             /* Pass parameters only once */
 260:./Generated_Source/PSoC5/CapSense_MBX.c ****             CapSense_lowLevelTuningDone = 0u;
 290              		.loc 1 260 0
 291 01c8 40F20003 		movw	r3, #:lower16:CapSense_lowLevelTuningDone
 292 01cc C0F20003 		movt	r3, #:upper16:CapSense_lowLevelTuningDone
 293 01d0 4FF00002 		mov	r2, #0
 294 01d4 1A70     		strb	r2, [r3, #0]
 295              	.L9:
 261:./Generated_Source/PSoC5/CapSense_MBX.c ****         }
 262:./Generated_Source/PSoC5/CapSense_MBX.c ****     #endif  /* End (CapSense_TUNING_METHOD == CapSense_MANUAL_TUNING) */
 263:./Generated_Source/PSoC5/CapSense_MBX.c **** 
 264:./Generated_Source/PSoC5/CapSense_MBX.c ****     /* Set busy flag */
 265:./Generated_Source/PSoC5/CapSense_MBX.c ****     mbx->type = CapSense_BUSY_FLAG;
 296              		.loc 1 265 0
 297 01d6 7B68     		ldr	r3, [r7, #4]
 298 01d8 6FF07B02 		mvn	r2, #123
 299 01dc 1A70     		strb	r2, [r3, #0]
 266:./Generated_Source/PSoC5/CapSense_MBX.c **** }
 300              		.loc 1 266 0
ARM GAS  C:\Users\CHARLI~1\AppData\Local\Temp\ccpuwTca.s 			page 11


 301 01de 07F11407 		add	r7, r7, #20
 302 01e2 BD46     		mov	sp, r7
 303 01e4 90BD     		pop	{r4, r7, pc}
 304              		.cfi_endproc
 305              	.LFE1:
 306              		.size	CapSense_PostMessage, .-CapSense_PostMessage
 307 01e6 00BF     		.text
 308              	.Letext0:
 309              		.section	.debug_loc,"",%progbits
 310              	.Ldebug_loc0:
 311              	.LLST0:
 312 0000 00000000 		.4byte	.LFB0
 313 0004 02000000 		.4byte	.LCFI0
 314 0008 0100     		.2byte	0x1
 315 000a 5D       		.byte	0x5d
 316 000b 02000000 		.4byte	.LCFI0
 317 000f 04000000 		.4byte	.LCFI1
 318 0013 0200     		.2byte	0x2
 319 0015 7D       		.byte	0x7d
 320 0016 04       		.sleb128 4
 321 0017 04000000 		.4byte	.LCFI1
 322 001b 06000000 		.4byte	.LCFI2
 323 001f 0200     		.2byte	0x2
 324 0021 7D       		.byte	0x7d
 325 0022 10       		.sleb128 16
 326 0023 06000000 		.4byte	.LCFI2
 327 0027 4E000000 		.4byte	.LFE0
 328 002b 0200     		.2byte	0x2
 329 002d 77       		.byte	0x77
 330 002e 10       		.sleb128 16
 331 002f 00000000 		.4byte	0x0
 332 0033 00000000 		.4byte	0x0
 333              	.LLST1:
 334 0037 00000000 		.4byte	.LFB1
 335 003b 02000000 		.4byte	.LCFI3
 336 003f 0100     		.2byte	0x1
 337 0041 5D       		.byte	0x5d
 338 0042 02000000 		.4byte	.LCFI3
 339 0046 04000000 		.4byte	.LCFI4
 340 004a 0200     		.2byte	0x2
 341 004c 7D       		.byte	0x7d
 342 004d 0C       		.sleb128 12
 343 004e 04000000 		.4byte	.LCFI4
 344 0052 06000000 		.4byte	.LCFI5
 345 0056 0200     		.2byte	0x2
 346 0058 7D       		.byte	0x7d
 347 0059 20       		.sleb128 32
 348 005a 06000000 		.4byte	.LCFI5
 349 005e E6010000 		.4byte	.LFE1
 350 0062 0200     		.2byte	0x2
 351 0064 77       		.byte	0x77
 352 0065 20       		.sleb128 32
 353 0066 00000000 		.4byte	0x0
 354 006a 00000000 		.4byte	0x0
 355              		.file 2 "./Generated_Source/PSoC5/cytypes.h"
 356              		.file 3 "./Generated_Source/PSoC5/CapSense_MBX.h"
 357              		.section	.debug_info
ARM GAS  C:\Users\CHARLI~1\AppData\Local\Temp\ccpuwTca.s 			page 12


 358 0000 AA020000 		.4byte	0x2aa
 359 0004 0200     		.2byte	0x2
 360 0006 00000000 		.4byte	.Ldebug_abbrev0
 361 000a 04       		.byte	0x4
 362 000b 01       		.uleb128 0x1
 363 000c CF010000 		.4byte	.LASF40
 364 0010 01       		.byte	0x1
 365 0011 8F000000 		.4byte	.LASF41
 366 0015 DC000000 		.4byte	.LASF42
 367 0019 00000000 		.4byte	0x0
 368 001d 00000000 		.4byte	0x0
 369 0021 00000000 		.4byte	.Ldebug_ranges0+0x0
 370 0025 00000000 		.4byte	.Ldebug_line0
 371 0029 02       		.uleb128 0x2
 372 002a 01       		.byte	0x1
 373 002b 06       		.byte	0x6
 374 002c 9B020000 		.4byte	.LASF0
 375 0030 02       		.uleb128 0x2
 376 0031 01       		.byte	0x1
 377 0032 08       		.byte	0x8
 378 0033 34010000 		.4byte	.LASF1
 379 0037 02       		.uleb128 0x2
 380 0038 02       		.byte	0x2
 381 0039 05       		.byte	0x5
 382 003a 59020000 		.4byte	.LASF2
 383 003e 02       		.uleb128 0x2
 384 003f 02       		.byte	0x2
 385 0040 07       		.byte	0x7
 386 0041 49000000 		.4byte	.LASF3
 387 0045 02       		.uleb128 0x2
 388 0046 04       		.byte	0x4
 389 0047 05       		.byte	0x5
 390 0048 6B020000 		.4byte	.LASF4
 391 004c 02       		.uleb128 0x2
 392 004d 04       		.byte	0x4
 393 004e 07       		.byte	0x7
 394 004f 1C010000 		.4byte	.LASF5
 395 0053 02       		.uleb128 0x2
 396 0054 08       		.byte	0x8
 397 0055 05       		.byte	0x5
 398 0056 00000000 		.4byte	.LASF6
 399 005a 02       		.uleb128 0x2
 400 005b 08       		.byte	0x8
 401 005c 07       		.byte	0x7
 402 005d 9E010000 		.4byte	.LASF7
 403 0061 03       		.uleb128 0x3
 404 0062 04       		.byte	0x4
 405 0063 05       		.byte	0x5
 406 0064 696E7400 		.ascii	"int\000"
 407 0068 02       		.uleb128 0x2
 408 0069 04       		.byte	0x4
 409 006a 07       		.byte	0x7
 410 006b 91010000 		.4byte	.LASF8
 411 006f 02       		.uleb128 0x2
 412 0070 01       		.byte	0x1
 413 0071 08       		.byte	0x8
 414 0072 EA010000 		.4byte	.LASF9
ARM GAS  C:\Users\CHARLI~1\AppData\Local\Temp\ccpuwTca.s 			page 13


 415 0076 04       		.uleb128 0x4
 416 0077 2E010000 		.4byte	.LASF10
 417 007b 02       		.byte	0x2
 418 007c 2A       		.byte	0x2a
 419 007d 30000000 		.4byte	0x30
 420 0081 04       		.uleb128 0x4
 421 0082 72010000 		.4byte	.LASF11
 422 0086 02       		.byte	0x2
 423 0087 2B       		.byte	0x2b
 424 0088 3E000000 		.4byte	0x3e
 425 008c 05       		.uleb128 0x5
 426 008d 04       		.byte	0x4
 427 008e 07       		.byte	0x7
 428 008f 06       		.uleb128 0x6
 429 0090 42010000 		.4byte	.LASF24
 430 0094 39       		.byte	0x39
 431 0095 03       		.byte	0x3
 432 0096 39       		.byte	0x39
 433 0097 36010000 		.4byte	0x136
 434 009b 07       		.uleb128 0x7
 435 009c 79010000 		.4byte	.LASF12
 436 00a0 03       		.byte	0x3
 437 00a1 3B       		.byte	0x3b
 438 00a2 36010000 		.4byte	0x136
 439 00a6 02       		.byte	0x2
 440 00a7 23       		.byte	0x23
 441 00a8 00       		.uleb128 0x0
 442 00a9 07       		.uleb128 0x7
 443 00aa 63020000 		.4byte	.LASF13
 444 00ae 03       		.byte	0x3
 445 00af 3E       		.byte	0x3e
 446 00b0 46010000 		.4byte	0x146
 447 00b4 02       		.byte	0x2
 448 00b5 23       		.byte	0x23
 449 00b6 02       		.uleb128 0x2
 450 00b7 07       		.uleb128 0x7
 451 00b8 A7020000 		.4byte	.LASF14
 452 00bc 03       		.byte	0x3
 453 00bd 3F       		.byte	0x3f
 454 00be 46010000 		.4byte	0x146
 455 00c2 02       		.byte	0x2
 456 00c3 23       		.byte	0x23
 457 00c4 10       		.uleb128 0x10
 458 00c5 07       		.uleb128 0x7
 459 00c6 42000000 		.4byte	.LASF15
 460 00ca 03       		.byte	0x3
 461 00cb 40       		.byte	0x40
 462 00cc 56010000 		.4byte	0x156
 463 00d0 02       		.byte	0x2
 464 00d1 23       		.byte	0x23
 465 00d2 1E       		.uleb128 0x1e
 466 00d3 07       		.uleb128 0x7
 467 00d4 6B010000 		.4byte	.LASF16
 468 00d8 03       		.byte	0x3
 469 00d9 41       		.byte	0x41
 470 00da 66010000 		.4byte	0x166
 471 00de 02       		.byte	0x2
ARM GAS  C:\Users\CHARLI~1\AppData\Local\Temp\ccpuwTca.s 			page 14


 472 00df 23       		.byte	0x23
 473 00e0 25       		.uleb128 0x25
 474 00e1 07       		.uleb128 0x7
 475 00e2 EF010000 		.4byte	.LASF17
 476 00e6 03       		.byte	0x3
 477 00e7 44       		.byte	0x44
 478 00e8 76010000 		.4byte	0x176
 479 00ec 02       		.byte	0x2
 480 00ed 23       		.byte	0x23
 481 00ee 26       		.uleb128 0x26
 482 00ef 07       		.uleb128 0x7
 483 00f0 82010000 		.4byte	.LASF18
 484 00f4 03       		.byte	0x3
 485 00f5 45       		.byte	0x45
 486 00f6 76010000 		.4byte	0x176
 487 00fa 02       		.byte	0x2
 488 00fb 23       		.byte	0x23
 489 00fc 29       		.uleb128 0x29
 490 00fd 07       		.uleb128 0x7
 491 00fe DB010000 		.4byte	.LASF19
 492 0102 03       		.byte	0x3
 493 0103 46       		.byte	0x46
 494 0104 76010000 		.4byte	0x176
 495 0108 02       		.byte	0x2
 496 0109 23       		.byte	0x23
 497 010a 2C       		.uleb128 0x2c
 498 010b 07       		.uleb128 0x7
 499 010c B0020000 		.4byte	.LASF20
 500 0110 03       		.byte	0x3
 501 0111 47       		.byte	0x47
 502 0112 56010000 		.4byte	0x156
 503 0116 02       		.byte	0x2
 504 0117 23       		.byte	0x23
 505 0118 2F       		.uleb128 0x2f
 506 0119 07       		.uleb128 0x7
 507 011a CD000000 		.4byte	.LASF21
 508 011e 03       		.byte	0x3
 509 011f 48       		.byte	0x48
 510 0120 76000000 		.4byte	0x76
 511 0124 02       		.byte	0x2
 512 0125 23       		.byte	0x23
 513 0126 36       		.uleb128 0x36
 514 0127 07       		.uleb128 0x7
 515 0128 86000000 		.4byte	.LASF22
 516 012c 03       		.byte	0x3
 517 012d 4E       		.byte	0x4e
 518 012e 81000000 		.4byte	0x81
 519 0132 02       		.byte	0x2
 520 0133 23       		.byte	0x23
 521 0134 37       		.uleb128 0x37
 522 0135 00       		.byte	0x0
 523 0136 08       		.uleb128 0x8
 524 0137 81000000 		.4byte	0x81
 525 013b 46010000 		.4byte	0x146
 526 013f 09       		.uleb128 0x9
 527 0140 8C000000 		.4byte	0x8c
 528 0144 00       		.byte	0x0
ARM GAS  C:\Users\CHARLI~1\AppData\Local\Temp\ccpuwTca.s 			page 15


 529 0145 00       		.byte	0x0
 530 0146 08       		.uleb128 0x8
 531 0147 81000000 		.4byte	0x81
 532 014b 56010000 		.4byte	0x156
 533 014f 09       		.uleb128 0x9
 534 0150 8C000000 		.4byte	0x8c
 535 0154 06       		.byte	0x6
 536 0155 00       		.byte	0x0
 537 0156 08       		.uleb128 0x8
 538 0157 76000000 		.4byte	0x76
 539 015b 66010000 		.4byte	0x166
 540 015f 09       		.uleb128 0x9
 541 0160 8C000000 		.4byte	0x8c
 542 0164 06       		.byte	0x6
 543 0165 00       		.byte	0x0
 544 0166 08       		.uleb128 0x8
 545 0167 76000000 		.4byte	0x76
 546 016b 76010000 		.4byte	0x176
 547 016f 09       		.uleb128 0x9
 548 0170 8C000000 		.4byte	0x8c
 549 0174 00       		.byte	0x0
 550 0175 00       		.byte	0x0
 551 0176 08       		.uleb128 0x8
 552 0177 76000000 		.4byte	0x76
 553 017b 86010000 		.4byte	0x186
 554 017f 09       		.uleb128 0x9
 555 0180 8C000000 		.4byte	0x8c
 556 0184 02       		.byte	0x2
 557 0185 00       		.byte	0x0
 558 0186 04       		.uleb128 0x4
 559 0187 12020000 		.4byte	.LASF23
 560 018b 03       		.byte	0x3
 561 018c 50       		.byte	0x50
 562 018d 8F000000 		.4byte	0x8f
 563 0191 06       		.uleb128 0x6
 564 0192 89020000 		.4byte	.LASF25
 565 0196 3C       		.byte	0x3c
 566 0197 03       		.byte	0x3
 567 0198 66       		.byte	0x66
 568 0199 C8010000 		.4byte	0x1c8
 569 019d 07       		.uleb128 0x7
 570 019e 22020000 		.4byte	.LASF26
 571 01a2 03       		.byte	0x3
 572 01a3 67       		.byte	0x67
 573 01a4 76000000 		.4byte	0x76
 574 01a8 02       		.byte	0x2
 575 01a9 23       		.byte	0x23
 576 01aa 00       		.uleb128 0x0
 577 01ab 07       		.uleb128 0x7
 578 01ac D7000000 		.4byte	.LASF27
 579 01b0 03       		.byte	0x3
 580 01b1 68       		.byte	0x68
 581 01b2 81000000 		.4byte	0x81
 582 01b6 02       		.byte	0x2
 583 01b7 23       		.byte	0x23
 584 01b8 01       		.uleb128 0x1
 585 01b9 07       		.uleb128 0x7
ARM GAS  C:\Users\CHARLI~1\AppData\Local\Temp\ccpuwTca.s 			page 16


 586 01ba 3C020000 		.4byte	.LASF28
 587 01be 03       		.byte	0x3
 588 01bf 69       		.byte	0x69
 589 01c0 86010000 		.4byte	0x186
 590 01c4 02       		.byte	0x2
 591 01c5 23       		.byte	0x23
 592 01c6 03       		.uleb128 0x3
 593 01c7 00       		.byte	0x0
 594 01c8 04       		.uleb128 0x4
 595 01c9 75000000 		.4byte	.LASF29
 596 01cd 03       		.byte	0x3
 597 01ce 6E       		.byte	0x6e
 598 01cf 91010000 		.4byte	0x191
 599 01d3 0A       		.uleb128 0xa
 600 01d4 01       		.byte	0x1
 601 01d5 27020000 		.4byte	.LASF30
 602 01d9 01       		.byte	0x1
 603 01da 99       		.byte	0x99
 604 01db 01       		.byte	0x1
 605 01dc 00000000 		.4byte	.LFB0
 606 01e0 4E000000 		.4byte	.LFE0
 607 01e4 00000000 		.4byte	.LLST0
 608 01e8 FB010000 		.4byte	0x1fb
 609 01ec 0B       		.uleb128 0xb
 610 01ed 6D627800 		.ascii	"mbx\000"
 611 01f1 01       		.byte	0x1
 612 01f2 99       		.byte	0x99
 613 01f3 FB010000 		.4byte	0x1fb
 614 01f7 02       		.byte	0x2
 615 01f8 91       		.byte	0x91
 616 01f9 74       		.sleb128 -12
 617 01fa 00       		.byte	0x0
 618 01fb 0C       		.uleb128 0xc
 619 01fc 04       		.byte	0x4
 620 01fd 01020000 		.4byte	0x201
 621 0201 0D       		.uleb128 0xd
 622 0202 C8010000 		.4byte	0x1c8
 623 0206 0A       		.uleb128 0xa
 624 0207 01       		.byte	0x1
 625 0208 74020000 		.4byte	.LASF31
 626 020c 01       		.byte	0x1
 627 020d D4       		.byte	0xd4
 628 020e 01       		.byte	0x1
 629 020f 00000000 		.4byte	.LFB1
 630 0213 E6010000 		.4byte	.LFE1
 631 0217 37000000 		.4byte	.LLST1
 632 021b 3A020000 		.4byte	0x23a
 633 021f 0B       		.uleb128 0xb
 634 0220 6D627800 		.ascii	"mbx\000"
 635 0224 01       		.byte	0x1
 636 0225 D4       		.byte	0xd4
 637 0226 FB010000 		.4byte	0x1fb
 638 022a 02       		.byte	0x2
 639 022b 91       		.byte	0x91
 640 022c 64       		.sleb128 -28
 641 022d 0E       		.uleb128 0xe
 642 022e 6900     		.ascii	"i\000"
ARM GAS  C:\Users\CHARLI~1\AppData\Local\Temp\ccpuwTca.s 			page 17


 643 0230 01       		.byte	0x1
 644 0231 D6       		.byte	0xd6
 645 0232 76000000 		.4byte	0x76
 646 0236 02       		.byte	0x2
 647 0237 91       		.byte	0x91
 648 0238 6F       		.sleb128 -17
 649 0239 00       		.byte	0x0
 650 023a 08       		.uleb128 0x8
 651 023b 76000000 		.4byte	0x76
 652 023f 45020000 		.4byte	0x245
 653 0243 0F       		.uleb128 0xf
 654 0244 00       		.byte	0x0
 655 0245 10       		.uleb128 0x10
 656 0246 43020000 		.4byte	.LASF32
 657 024a 01       		.byte	0x1
 658 024b 15       		.byte	0x15
 659 024c 3A020000 		.4byte	0x23a
 660 0250 01       		.byte	0x1
 661 0251 01       		.byte	0x1
 662 0252 10       		.uleb128 0x10
 663 0253 B5010000 		.4byte	.LASF33
 664 0257 01       		.byte	0x1
 665 0258 18       		.byte	0x18
 666 0259 3A020000 		.4byte	0x23a
 667 025d 01       		.byte	0x1
 668 025e 01       		.byte	0x1
 669 025f 10       		.uleb128 0x10
 670 0260 FF010000 		.4byte	.LASF34
 671 0264 01       		.byte	0x1
 672 0265 19       		.byte	0x19
 673 0266 46010000 		.4byte	0x146
 674 026a 01       		.byte	0x1
 675 026b 01       		.byte	0x1
 676 026c 10       		.uleb128 0x10
 677 026d 2A000000 		.4byte	.LASF35
 678 0271 01       		.byte	0x1
 679 0272 1C       		.byte	0x1c
 680 0273 46010000 		.4byte	0x146
 681 0277 01       		.byte	0x1
 682 0278 01       		.byte	0x1
 683 0279 10       		.uleb128 0x10
 684 027a B7000000 		.4byte	.LASF36
 685 027e 01       		.byte	0x1
 686 027f 1D       		.byte	0x1d
 687 0280 56010000 		.4byte	0x156
 688 0284 01       		.byte	0x1
 689 0285 01       		.byte	0x1
 690 0286 10       		.uleb128 0x10
 691 0287 0E000000 		.4byte	.LASF37
 692 028b 01       		.byte	0x1
 693 028c 26       		.byte	0x26
 694 028d 76000000 		.4byte	0x76
 695 0291 01       		.byte	0x1
 696 0292 01       		.byte	0x1
 697 0293 10       		.uleb128 0x10
 698 0294 5C000000 		.4byte	.LASF38
 699 0298 01       		.byte	0x1
ARM GAS  C:\Users\CHARLI~1\AppData\Local\Temp\ccpuwTca.s 			page 18


 700 0299 27       		.byte	0x27
 701 029a 3A020000 		.4byte	0x23a
 702 029e 01       		.byte	0x1
 703 029f 01       		.byte	0x1
 704 02a0 10       		.uleb128 0x10
 705 02a1 53010000 		.4byte	.LASF39
 706 02a5 01       		.byte	0x1
 707 02a6 28       		.byte	0x28
 708 02a7 3A020000 		.4byte	0x23a
 709 02ab 01       		.byte	0x1
 710 02ac 01       		.byte	0x1
 711 02ad 00       		.byte	0x0
 712              		.section	.debug_abbrev
 713 0000 01       		.uleb128 0x1
 714 0001 11       		.uleb128 0x11
 715 0002 01       		.byte	0x1
 716 0003 25       		.uleb128 0x25
 717 0004 0E       		.uleb128 0xe
 718 0005 13       		.uleb128 0x13
 719 0006 0B       		.uleb128 0xb
 720 0007 03       		.uleb128 0x3
 721 0008 0E       		.uleb128 0xe
 722 0009 1B       		.uleb128 0x1b
 723 000a 0E       		.uleb128 0xe
 724 000b 11       		.uleb128 0x11
 725 000c 01       		.uleb128 0x1
 726 000d 52       		.uleb128 0x52
 727 000e 01       		.uleb128 0x1
 728 000f 55       		.uleb128 0x55
 729 0010 06       		.uleb128 0x6
 730 0011 10       		.uleb128 0x10
 731 0012 06       		.uleb128 0x6
 732 0013 00       		.byte	0x0
 733 0014 00       		.byte	0x0
 734 0015 02       		.uleb128 0x2
 735 0016 24       		.uleb128 0x24
 736 0017 00       		.byte	0x0
 737 0018 0B       		.uleb128 0xb
 738 0019 0B       		.uleb128 0xb
 739 001a 3E       		.uleb128 0x3e
 740 001b 0B       		.uleb128 0xb
 741 001c 03       		.uleb128 0x3
 742 001d 0E       		.uleb128 0xe
 743 001e 00       		.byte	0x0
 744 001f 00       		.byte	0x0
 745 0020 03       		.uleb128 0x3
 746 0021 24       		.uleb128 0x24
 747 0022 00       		.byte	0x0
 748 0023 0B       		.uleb128 0xb
 749 0024 0B       		.uleb128 0xb
 750 0025 3E       		.uleb128 0x3e
 751 0026 0B       		.uleb128 0xb
 752 0027 03       		.uleb128 0x3
 753 0028 08       		.uleb128 0x8
 754 0029 00       		.byte	0x0
 755 002a 00       		.byte	0x0
 756 002b 04       		.uleb128 0x4
ARM GAS  C:\Users\CHARLI~1\AppData\Local\Temp\ccpuwTca.s 			page 19


 757 002c 16       		.uleb128 0x16
 758 002d 00       		.byte	0x0
 759 002e 03       		.uleb128 0x3
 760 002f 0E       		.uleb128 0xe
 761 0030 3A       		.uleb128 0x3a
 762 0031 0B       		.uleb128 0xb
 763 0032 3B       		.uleb128 0x3b
 764 0033 0B       		.uleb128 0xb
 765 0034 49       		.uleb128 0x49
 766 0035 13       		.uleb128 0x13
 767 0036 00       		.byte	0x0
 768 0037 00       		.byte	0x0
 769 0038 05       		.uleb128 0x5
 770 0039 24       		.uleb128 0x24
 771 003a 00       		.byte	0x0
 772 003b 0B       		.uleb128 0xb
 773 003c 0B       		.uleb128 0xb
 774 003d 3E       		.uleb128 0x3e
 775 003e 0B       		.uleb128 0xb
 776 003f 00       		.byte	0x0
 777 0040 00       		.byte	0x0
 778 0041 06       		.uleb128 0x6
 779 0042 13       		.uleb128 0x13
 780 0043 01       		.byte	0x1
 781 0044 03       		.uleb128 0x3
 782 0045 0E       		.uleb128 0xe
 783 0046 0B       		.uleb128 0xb
 784 0047 0B       		.uleb128 0xb
 785 0048 3A       		.uleb128 0x3a
 786 0049 0B       		.uleb128 0xb
 787 004a 3B       		.uleb128 0x3b
 788 004b 0B       		.uleb128 0xb
 789 004c 01       		.uleb128 0x1
 790 004d 13       		.uleb128 0x13
 791 004e 00       		.byte	0x0
 792 004f 00       		.byte	0x0
 793 0050 07       		.uleb128 0x7
 794 0051 0D       		.uleb128 0xd
 795 0052 00       		.byte	0x0
 796 0053 03       		.uleb128 0x3
 797 0054 0E       		.uleb128 0xe
 798 0055 3A       		.uleb128 0x3a
 799 0056 0B       		.uleb128 0xb
 800 0057 3B       		.uleb128 0x3b
 801 0058 0B       		.uleb128 0xb
 802 0059 49       		.uleb128 0x49
 803 005a 13       		.uleb128 0x13
 804 005b 38       		.uleb128 0x38
 805 005c 0A       		.uleb128 0xa
 806 005d 00       		.byte	0x0
 807 005e 00       		.byte	0x0
 808 005f 08       		.uleb128 0x8
 809 0060 01       		.uleb128 0x1
 810 0061 01       		.byte	0x1
 811 0062 49       		.uleb128 0x49
 812 0063 13       		.uleb128 0x13
 813 0064 01       		.uleb128 0x1
ARM GAS  C:\Users\CHARLI~1\AppData\Local\Temp\ccpuwTca.s 			page 20


 814 0065 13       		.uleb128 0x13
 815 0066 00       		.byte	0x0
 816 0067 00       		.byte	0x0
 817 0068 09       		.uleb128 0x9
 818 0069 21       		.uleb128 0x21
 819 006a 00       		.byte	0x0
 820 006b 49       		.uleb128 0x49
 821 006c 13       		.uleb128 0x13
 822 006d 2F       		.uleb128 0x2f
 823 006e 0B       		.uleb128 0xb
 824 006f 00       		.byte	0x0
 825 0070 00       		.byte	0x0
 826 0071 0A       		.uleb128 0xa
 827 0072 2E       		.uleb128 0x2e
 828 0073 01       		.byte	0x1
 829 0074 3F       		.uleb128 0x3f
 830 0075 0C       		.uleb128 0xc
 831 0076 03       		.uleb128 0x3
 832 0077 0E       		.uleb128 0xe
 833 0078 3A       		.uleb128 0x3a
 834 0079 0B       		.uleb128 0xb
 835 007a 3B       		.uleb128 0x3b
 836 007b 0B       		.uleb128 0xb
 837 007c 27       		.uleb128 0x27
 838 007d 0C       		.uleb128 0xc
 839 007e 11       		.uleb128 0x11
 840 007f 01       		.uleb128 0x1
 841 0080 12       		.uleb128 0x12
 842 0081 01       		.uleb128 0x1
 843 0082 40       		.uleb128 0x40
 844 0083 06       		.uleb128 0x6
 845 0084 01       		.uleb128 0x1
 846 0085 13       		.uleb128 0x13
 847 0086 00       		.byte	0x0
 848 0087 00       		.byte	0x0
 849 0088 0B       		.uleb128 0xb
 850 0089 05       		.uleb128 0x5
 851 008a 00       		.byte	0x0
 852 008b 03       		.uleb128 0x3
 853 008c 08       		.uleb128 0x8
 854 008d 3A       		.uleb128 0x3a
 855 008e 0B       		.uleb128 0xb
 856 008f 3B       		.uleb128 0x3b
 857 0090 0B       		.uleb128 0xb
 858 0091 49       		.uleb128 0x49
 859 0092 13       		.uleb128 0x13
 860 0093 02       		.uleb128 0x2
 861 0094 0A       		.uleb128 0xa
 862 0095 00       		.byte	0x0
 863 0096 00       		.byte	0x0
 864 0097 0C       		.uleb128 0xc
 865 0098 0F       		.uleb128 0xf
 866 0099 00       		.byte	0x0
 867 009a 0B       		.uleb128 0xb
 868 009b 0B       		.uleb128 0xb
 869 009c 49       		.uleb128 0x49
 870 009d 13       		.uleb128 0x13
ARM GAS  C:\Users\CHARLI~1\AppData\Local\Temp\ccpuwTca.s 			page 21


 871 009e 00       		.byte	0x0
 872 009f 00       		.byte	0x0
 873 00a0 0D       		.uleb128 0xd
 874 00a1 35       		.uleb128 0x35
 875 00a2 00       		.byte	0x0
 876 00a3 49       		.uleb128 0x49
 877 00a4 13       		.uleb128 0x13
 878 00a5 00       		.byte	0x0
 879 00a6 00       		.byte	0x0
 880 00a7 0E       		.uleb128 0xe
 881 00a8 34       		.uleb128 0x34
 882 00a9 00       		.byte	0x0
 883 00aa 03       		.uleb128 0x3
 884 00ab 08       		.uleb128 0x8
 885 00ac 3A       		.uleb128 0x3a
 886 00ad 0B       		.uleb128 0xb
 887 00ae 3B       		.uleb128 0x3b
 888 00af 0B       		.uleb128 0xb
 889 00b0 49       		.uleb128 0x49
 890 00b1 13       		.uleb128 0x13
 891 00b2 02       		.uleb128 0x2
 892 00b3 0A       		.uleb128 0xa
 893 00b4 00       		.byte	0x0
 894 00b5 00       		.byte	0x0
 895 00b6 0F       		.uleb128 0xf
 896 00b7 21       		.uleb128 0x21
 897 00b8 00       		.byte	0x0
 898 00b9 00       		.byte	0x0
 899 00ba 00       		.byte	0x0
 900 00bb 10       		.uleb128 0x10
 901 00bc 34       		.uleb128 0x34
 902 00bd 00       		.byte	0x0
 903 00be 03       		.uleb128 0x3
 904 00bf 0E       		.uleb128 0xe
 905 00c0 3A       		.uleb128 0x3a
 906 00c1 0B       		.uleb128 0xb
 907 00c2 3B       		.uleb128 0x3b
 908 00c3 0B       		.uleb128 0xb
 909 00c4 49       		.uleb128 0x49
 910 00c5 13       		.uleb128 0x13
 911 00c6 3F       		.uleb128 0x3f
 912 00c7 0C       		.uleb128 0xc
 913 00c8 3C       		.uleb128 0x3c
 914 00c9 0C       		.uleb128 0xc
 915 00ca 00       		.byte	0x0
 916 00cb 00       		.byte	0x0
 917 00cc 00       		.byte	0x0
 918              		.section	.debug_pubnames,"",%progbits
 919 0000 40000000 		.4byte	0x40
 920 0004 0200     		.2byte	0x2
 921 0006 00000000 		.4byte	.Ldebug_info0
 922 000a AE020000 		.4byte	0x2ae
 923 000e D3010000 		.4byte	0x1d3
 924 0012 43617053 		.ascii	"CapSense_InitMailbox\000"
 924      656E7365 
 924      5F496E69 
 924      744D6169 
ARM GAS  C:\Users\CHARLI~1\AppData\Local\Temp\ccpuwTca.s 			page 22


 924      6C626F78 
 925 0027 06020000 		.4byte	0x206
 926 002b 43617053 		.ascii	"CapSense_PostMessage\000"
 926      656E7365 
 926      5F506F73 
 926      744D6573 
 926      73616765 
 927 0040 00000000 		.4byte	0x0
 928              		.section	.debug_aranges,"",%progbits
 929 0000 24000000 		.4byte	0x24
 930 0004 0200     		.2byte	0x2
 931 0006 00000000 		.4byte	.Ldebug_info0
 932 000a 04       		.byte	0x4
 933 000b 00       		.byte	0x0
 934 000c 0000     		.2byte	0x0
 935 000e 0000     		.2byte	0x0
 936 0010 00000000 		.4byte	.LFB0
 937 0014 4E000000 		.4byte	.LFE0-.LFB0
 938 0018 00000000 		.4byte	.LFB1
 939 001c E6010000 		.4byte	.LFE1-.LFB1
 940 0020 00000000 		.4byte	0x0
 941 0024 00000000 		.4byte	0x0
 942              		.section	.debug_ranges,"",%progbits
 943              	.Ldebug_ranges0:
 944 0000 00000000 		.4byte	.Ltext0
 945 0004 00000000 		.4byte	.Letext0
 946 0008 00000000 		.4byte	.LFB0
 947 000c 4E000000 		.4byte	.LFE0
 948 0010 00000000 		.4byte	.LFB1
 949 0014 E6010000 		.4byte	.LFE1
 950 0018 00000000 		.4byte	0x0
 951 001c 00000000 		.4byte	0x0
 952              		.section	.debug_str,"MS",%progbits,1
 953              	.LASF6:
 954 0000 6C6F6E67 		.ascii	"long long int\000"
 954      206C6F6E 
 954      6720696E 
 954      7400
 955              	.LASF37:
 956 000e 43617053 		.ascii	"CapSense_lowLevelTuningDone\000"
 956      656E7365 
 956      5F6C6F77 
 956      4C657665 
 956      6C54756E 
 957              	.LASF35:
 958 002a 43617053 		.ascii	"CapSense_SensorBaseline\000"
 958      656E7365 
 958      5F53656E 
 958      736F7242 
 958      6173656C 
 959              	.LASF15:
 960 0042 7369676E 		.ascii	"signal\000"
 960      616C00
 961              	.LASF3:
 962 0049 73686F72 		.ascii	"short unsigned int\000"
 962      7420756E 
 962      7369676E 
ARM GAS  C:\Users\CHARLI~1\AppData\Local\Temp\ccpuwTca.s 			page 23


 962      65642069 
 962      6E7400
 963              	.LASF38:
 964 005c 43617053 		.ascii	"CapSense_fingerThreshold\000"
 964      656E7365 
 964      5F66696E 
 964      67657254 
 964      68726573 
 965              	.LASF29:
 966 0075 43617053 		.ascii	"CapSense_MAILBOX\000"
 966      656E7365 
 966      5F4D4149 
 966      4C424F58 
 966      00
 967              	.LASF22:
 968 0086 63686563 		.ascii	"checkSum\000"
 968      6B53756D 
 968      00
 969              	.LASF41:
 970 008f 2E2F4765 		.ascii	"./Generated_Source/PSoC5/CapSense_MBX.c\000"
 970      6E657261 
 970      7465645F 
 970      536F7572 
 970      63652F50 
 971              	.LASF36:
 972 00b7 43617053 		.ascii	"CapSense_SensorSignal\000"
 972      656E7365 
 972      5F53656E 
 972      736F7253 
 972      69676E61 
 973              	.LASF21:
 974 00cd 70726573 		.ascii	"prescaler\000"
 974      63616C65 
 974      7200
 975              	.LASF27:
 976 00d7 73697A65 		.ascii	"size\000"
 976      00
 977              	.LASF42:
 978 00dc 453A5C43 		.ascii	"E:\\ControllerKinect\\capController\\Transmitter\\T"
 978      6F6E7472 
 978      6F6C6C65 
 978      724B696E 
 978      6563745C 
 979 010b 72616E73 		.ascii	"ransmitter.cydsn\000"
 979      6D697474 
 979      65722E63 
 979      7964736E 
 979      00
 980              	.LASF5:
 981 011c 6C6F6E67 		.ascii	"long unsigned int\000"
 981      20756E73 
 981      69676E65 
 981      6420696E 
 981      7400
 982              	.LASF10:
 983 012e 75696E74 		.ascii	"uint8\000"
 983      3800
ARM GAS  C:\Users\CHARLI~1\AppData\Local\Temp\ccpuwTca.s 			page 24


 984              	.LASF1:
 985 0134 756E7369 		.ascii	"unsigned char\000"
 985      676E6564 
 985      20636861 
 985      7200
 986              	.LASF24:
 987 0142 5F436170 		.ascii	"_CapSense_outbox\000"
 987      53656E73 
 987      655F6F75 
 987      74626F78 
 987      00
 988              	.LASF39:
 989 0153 43617053 		.ascii	"CapSense_noiseThreshold\000"
 989      656E7365 
 989      5F6E6F69 
 989      73655468 
 989      72657368 
 990              	.LASF16:
 991 016b 6F6E4D61 		.ascii	"onMask\000"
 991      736B00
 992              	.LASF11:
 993 0172 75696E74 		.ascii	"uint16\000"
 993      313600
 994              	.LASF12:
 995 0179 706F7369 		.ascii	"position\000"
 995      74696F6E 
 995      00
 996              	.LASF18:
 997 0182 6E6F6973 		.ascii	"noiseThreshold\000"
 997      65546872 
 997      6573686F 
 997      6C6400
 998              	.LASF8:
 999 0191 756E7369 		.ascii	"unsigned int\000"
 999      676E6564 
 999      20696E74 
 999      00
 1000              	.LASF7:
 1001 019e 6C6F6E67 		.ascii	"long long unsigned int\000"
 1001      206C6F6E 
 1001      6720756E 
 1001      7369676E 
 1001      65642069 
 1002              	.LASF33:
 1003 01b5 43617053 		.ascii	"CapSense_widgetResolution\000"
 1003      656E7365 
 1003      5F776964 
 1003      67657452 
 1003      65736F6C 
 1004              	.LASF40:
 1005 01cf 474E5520 		.ascii	"GNU C 4.4.1\000"
 1005      4320342E 
 1005      342E3100 
 1006              	.LASF19:
 1007 01db 7363616E 		.ascii	"scanResolution\000"
 1007      5265736F 
 1007      6C757469 
ARM GAS  C:\Users\CHARLI~1\AppData\Local\Temp\ccpuwTca.s 			page 25


 1007      6F6E00
 1008              	.LASF9:
 1009 01ea 63686172 		.ascii	"char\000"
 1009      00
 1010              	.LASF17:
 1011 01ef 66696E67 		.ascii	"fingerThreshold\000"
 1011      65725468 
 1011      72657368 
 1011      6F6C6400 
 1012              	.LASF34:
 1013 01ff 43617053 		.ascii	"CapSense_SensorRaw\000"
 1013      656E7365 
 1013      5F53656E 
 1013      736F7252 
 1013      617700
 1014              	.LASF23:
 1015 0212 43617053 		.ascii	"CapSense_OUTBOX\000"
 1015      656E7365 
 1015      5F4F5554 
 1015      424F5800 
 1016              	.LASF26:
 1017 0222 74797065 		.ascii	"type\000"
 1017      00
 1018              	.LASF30:
 1019 0227 43617053 		.ascii	"CapSense_InitMailbox\000"
 1019      656E7365 
 1019      5F496E69 
 1019      744D6169 
 1019      6C626F78 
 1020              	.LASF28:
 1021 023c 6F757462 		.ascii	"outbox\000"
 1021      6F7800
 1022              	.LASF32:
 1023 0243 43617053 		.ascii	"CapSense_idacSettings\000"
 1023      656E7365 
 1023      5F696461 
 1023      63536574 
 1023      74696E67 
 1024              	.LASF2:
 1025 0259 73686F72 		.ascii	"short int\000"
 1025      7420696E 
 1025      7400
 1026              	.LASF13:
 1027 0263 72617744 		.ascii	"rawData\000"
 1027      61746100 
 1028              	.LASF4:
 1029 026b 6C6F6E67 		.ascii	"long int\000"
 1029      20696E74 
 1029      00
 1030              	.LASF31:
 1031 0274 43617053 		.ascii	"CapSense_PostMessage\000"
 1031      656E7365 
 1031      5F506F73 
 1031      744D6573 
 1031      73616765 
 1032              	.LASF25:
 1033 0289 5F436170 		.ascii	"_CapSense_mailBox\000"
ARM GAS  C:\Users\CHARLI~1\AppData\Local\Temp\ccpuwTca.s 			page 26


 1033      53656E73 
 1033      655F6D61 
 1033      696C426F 
 1033      7800
 1034              	.LASF0:
 1035 029b 7369676E 		.ascii	"signed char\000"
 1035      65642063 
 1035      68617200 
 1036              	.LASF14:
 1037 02a7 62617365 		.ascii	"baseLine\000"
 1037      4C696E65 
 1037      00
 1038              	.LASF20:
 1039 02b0 69646163 		.ascii	"idacValue\000"
 1039      56616C75 
 1039      6500
 1040              		.ident	"GCC: (Sourcery G++ Lite 2010q1-188) 4.4.1"
