ARM GAS  C:\Users\CHARLI~1\AppData\Local\Temp\ccZvM7vD.s 			page 1


   1              		.syntax unified
   2              		.cpu cortex-m3
   3              		.fpu softvfp
   4              		.eabi_attribute 20, 1
   5              		.eabi_attribute 21, 1
   6              		.eabi_attribute 23, 3
   7              		.eabi_attribute 24, 1
   8              		.eabi_attribute 25, 1
   9              		.eabi_attribute 26, 1
  10              		.eabi_attribute 30, 6
  11              		.eabi_attribute 18, 4
  12              		.thumb
  13              		.file	"main.c"
  14              		.section	.debug_abbrev,"",%progbits
  15              	.Ldebug_abbrev0:
  16              		.section	.debug_info,"",%progbits
  17              	.Ldebug_info0:
  18              		.section	.debug_line,"",%progbits
  19              	.Ldebug_line0:
  20 0000 1B010000 		.text
  20      02005300 
  20      00000201 
  20      FB0E0D00 
  20      01010101 
  21              	.Ltext0:
  22              		.cfi_sections	.debug_frame
  23              		.global	xyz
  24              		.bss
  25              		.align	1
  26              		.type	xyz, %object
  27              		.size	xyz, 2
  28              	xyz:
  29 0000 0000     		.space	2
  30              		.global	red
  31              		.align	1
  32              		.type	red, %object
  33              		.size	red, 2
  34              	red:
  35 0002 0000     		.space	2
  36              		.global	green
  37              		.align	1
  38              		.type	green, %object
  39              		.size	green, 2
  40              	green:
  41 0004 0000     		.space	2
  42              		.global	blue
  43              		.align	1
  44              		.type	blue, %object
  45              		.size	blue, 2
  46              	blue:
  47 0006 0000     		.space	2
  48              		.global	active
  49              		.align	1
  50              		.type	active, %object
  51              		.size	active, 2
  52              	active:
  53 0008 0000     		.space	2
ARM GAS  C:\Users\CHARLI~1\AppData\Local\Temp\ccZvM7vD.s 			page 2


  54              		.global	newData
  55              		.align	1
  56              		.type	newData, %object
  57              		.size	newData, 2
  58              	newData:
  59 000a 0000     		.space	2
  60              		.section	.rodata
  61              		.align	2
  62              	.LC0:
  63 0000 545800   		.ascii	"TX\000"
  64 0003 00       		.align	2
  65              	.LC1:
  66 0004 5300     		.ascii	"S\000"
  67 0006 0000     		.align	2
  68              	.LC2:
  69 0008 52656420 		.ascii	"Red  \000"
  69      2000
  70 000e 0000     		.align	2
  71              	.LC3:
  72 0010 47726565 		.ascii	"Green \000"
  72      6E2000
  73 0017 00       		.align	2
  74              	.LC4:
  75 0018 426C7565 		.ascii	"Blue \000"
  75      2000
  76 001e 0000     		.section	.text.main,"ax",%progbits
  77              		.align	2
  78              		.global	main
  79              		.thumb
  80              		.thumb_func
  81              		.type	main, %function
  82              	main:
  83              	.LFB29:
  84              		.file 1 "./main.c"
   1:./main.c      **** /* ========================================
   2:./main.c      ****  *
   3:./main.c      ****  * Copyright YOUR COMPANY, THE YEAR
   4:./main.c      ****  * All Rights Reserved
   5:./main.c      ****  * UNPUBLISHED, LICENSED SOFTWARE.
   6:./main.c      ****  *
   7:./main.c      ****  * CONFIDENTIAL AND PROPRIETARY INFORMATION
   8:./main.c      ****  * WHICH IS THE PROPERTY OF your company.
   9:./main.c      ****  *
  10:./main.c      ****  * ========================================
  11:./main.c      **** */
  12:./main.c      **** #include <device.h>
  13:./main.c      **** #include <lpregs.h>
  14:./main.c      **** 
  15:./main.c      **** void radioWrite(uint16,uint16);
  16:./main.c      **** uint16 radioRead(uint16);
  17:./main.c      **** void radioInit();
  18:./main.c      **** uint16 prepareData();
  19:./main.c      **** uint16 xyz=0x00;
  20:./main.c      **** uint16 red=0;
  21:./main.c      **** uint16 green=0;
  22:./main.c      **** uint16 blue=0;
  23:./main.c      **** uint16 active=0;
ARM GAS  C:\Users\CHARLI~1\AppData\Local\Temp\ccZvM7vD.s 			page 3


  24:./main.c      **** uint16 newData=0;
  25:./main.c      **** 
  26:./main.c      **** void main()
  27:./main.c      **** {
  85              		.loc 1 27 0
  86              		.cfi_startproc
  87              		@ args = 0, pretend = 0, frame = 8
  88              		@ frame_needed = 1, uses_anonymous_args = 0
  89 0000 90B5     		push	{r4, r7, lr}
  90              	.LCFI0:
  91              		.cfi_def_cfa_offset 12
  92 0002 83B0     		sub	sp, sp, #12
  93              	.LCFI1:
  94              		.cfi_def_cfa_offset 24
  95 0004 00AF     		add	r7, sp, #0
  96              		.cfi_offset 14, -4
  97              		.cfi_offset 7, -8
  98              		.cfi_offset 4, -12
  99              	.LCFI2:
 100              		.cfi_def_cfa_register 7
  28:./main.c      ****     /* Place your initialization/startup code here (e.g. MyInst_Start()) */
  29:./main.c      **** 
  30:./main.c      ****     CYGlobalIntEnable;  /* Uncomment this line to enable global interrupts. */
 101              		.loc 1 30 0
 102              	@ 30 "./main.c" 1
 103 0006 62B6     		CPSIE   i
 104              	@ 0 "" 2
  31:./main.c      **** 	uint16 dat=0x69;
 105              		.loc 1 31 0
 106              		.thumb
 107 0008 4FF06903 		mov	r3, #105
 108 000c 3B80     		strh	r3, [r7, #0]	@ movhi
  32:./main.c      **** 	uint16 val=0x00;
 109              		.loc 1 32 0
 110 000e 4FF00003 		mov	r3, #0
 111 0012 7B80     		strh	r3, [r7, #2]	@ movhi
  33:./main.c      **** 	uint16 irqStat=0x00;
 112              		.loc 1 33 0
 113 0014 4FF00003 		mov	r3, #0
 114 0018 BB80     		strh	r3, [r7, #4]	@ movhi
  34:./main.c      **** 	uint16 pos=0;
 115              		.loc 1 34 0
 116 001a 4FF00003 		mov	r3, #0
 117 001e FB80     		strh	r3, [r7, #6]	@ movhi
  35:./main.c      **** 
  36:./main.c      ****     LCD_Start();
 118              		.loc 1 36 0
 119 0020 FFF7FEFF 		bl	LCD_Start
  37:./main.c      **** 	LCD_ClearDisplay();
 120              		.loc 1 37 0
 121 0024 4FF00100 		mov	r0, #1
 122 0028 FFF7FEFF 		bl	LCD_WriteControl
  38:./main.c      **** 	LCD_Position(0,0);
 123              		.loc 1 38 0
 124 002c 4FF00000 		mov	r0, #0
 125 0030 4FF00001 		mov	r1, #0
 126 0034 FFF7FEFF 		bl	LCD_Position
ARM GAS  C:\Users\CHARLI~1\AppData\Local\Temp\ccZvM7vD.s 			page 4


  39:./main.c      **** 	LCD_PrintString("TX");
 127              		.loc 1 39 0
 128 0038 40F20000 		movw	r0, #:lower16:.LC0
 129 003c C0F20000 		movt	r0, #:upper16:.LC0
 130 0040 FFF7FEFF 		bl	LCD_PrintString
  40:./main.c      **** 	 
  41:./main.c      **** 	 SPIM_Start();
 131              		.loc 1 41 0
 132 0044 FFF7FEFF 		bl	SPIM_Start
  42:./main.c      **** 	 SPIM_ClearRxBuffer();
 133              		.loc 1 42 0
 134 0048 FFF7FEFF 		bl	SPIM_ClearRxBuffer
  43:./main.c      **** 	 SPIM_ClearTxBuffer();
 135              		.loc 1 43 0
 136 004c FFF7FEFF 		bl	SPIM_ClearTxBuffer
  44:./main.c      **** 	 SPIM_ClearFIFO();
 137              		.loc 1 44 0
 138 0050 FFF7FEFF 		bl	SPIM_ClearFIFO
  45:./main.c      **** 	
  46:./main.c      **** 	CapSense_Start();
 139              		.loc 1 46 0
 140 0054 FFF7FEFF 		bl	CapSense_Start
  47:./main.c      **** 	CapSense_InitializeAllBaselines();
 141              		.loc 1 47 0
 142 0058 FFF7FEFF 		bl	CapSense_InitializeAllBaselines
  48:./main.c      **** 	CapSense_ScanEnabledWidgets();
 143              		.loc 1 48 0
 144 005c FFF7FEFF 		bl	CapSense_ScanEnabledWidgets
  49:./main.c      **** 	
  50:./main.c      **** 	radioInit();
 145              		.loc 1 50 0
 146 0060 FFF7FEFF 		bl	radioInit
  51:./main.c      **** 	
  52:./main.c      **** 	radioWrite(0x01,0x02);
 147              		.loc 1 52 0
 148 0064 4FF00100 		mov	r0, #1
 149 0068 4FF00201 		mov	r1, #2
 150 006c FFF7FEFF 		bl	radioWrite
  53:./main.c      **** 	val=radioRead(0x01);
 151              		.loc 1 53 0
 152 0070 4FF00100 		mov	r0, #1
 153 0074 FFF7FEFF 		bl	radioRead
 154 0078 0346     		mov	r3, r0
 155 007a 7B80     		strh	r3, [r7, #2]	@ movhi
  54:./main.c      **** 	if (val==0x02){
 156              		.loc 1 54 0
 157 007c 7B88     		ldrh	r3, [r7, #2]
 158 007e 022B     		cmp	r3, #2
 159 0080 0DD1     		bne	.L2
  55:./main.c      **** 	LCD_Position(1,0);
 160              		.loc 1 55 0
 161 0082 4FF00100 		mov	r0, #1
 162 0086 4FF00001 		mov	r1, #0
 163 008a FFF7FEFF 		bl	LCD_Position
  56:./main.c      **** 	LCD_PrintString("S");
 164              		.loc 1 56 0
 165 008e 40F20000 		movw	r0, #:lower16:.LC1
ARM GAS  C:\Users\CHARLI~1\AppData\Local\Temp\ccZvM7vD.s 			page 5


 166 0092 C0F20000 		movt	r0, #:upper16:.LC1
 167 0096 FFF7FEFF 		bl	LCD_PrintString
 168 009a 00E0     		b	.L2
 169              	.L13:
  57:./main.c      **** 	}
  58:./main.c      **** 	
  59:./main.c      **** 	
  60:./main.c      **** 	
  61:./main.c      **** 	for(;;)
  62:./main.c      ****     {
  63:./main.c      **** 	if (CapSense_IsBusy()==0){
  64:./main.c      **** 		CapSense_UpdateEnabledBaselines();
  65:./main.c      **** 		
  66:./main.c      **** 		if (CapSense_CheckIsWidgetActive(CapSense_BUTTON0__BTN)&! CapSense_CheckIsWidgetActive(CapSense_B
  67:./main.c      ****             {
  68:./main.c      ****               	LCD_Position(0,0);
  69:./main.c      ****                LCD_PrintString("Red  "); 
  70:./main.c      **** 			   active=1;
  71:./main.c      ****                 /* Turn ON the LED_1*/
  72:./main.c      ****              //  Pin_LED_1_Write(1);
  73:./main.c      ****              LCD_Position(0,6);
  74:./main.c      **** 		LCD_PrintNumber(red);
  75:./main.c      **** 			
  76:./main.c      ****             }
  77:./main.c      **** 		else if (CapSense_CheckIsWidgetActive(CapSense_BUTTON1__BTN)&! CapSense_CheckIsWidgetActive(CapSe
  78:./main.c      ****         {
  79:./main.c      ****           LCD_Position(0,0);
  80:./main.c      ****           LCD_PrintString("Green "); 
  81:./main.c      **** 		   active=2;
  82:./main.c      ****             /* Turn ON the LED_1*/
  83:./main.c      ****          //  Pin_LED_1_Write(1);
  84:./main.c      **** 		LCD_Position(0,6);
  85:./main.c      **** 		LCD_PrintNumber(green);
  86:./main.c      **** 		}
  87:./main.c      **** 		else if (CapSense_CheckIsWidgetActive(CapSense_BUTTON1__BTN)&& CapSense_CheckIsWidgetActive(CapSe
  88:./main.c      **** 		LCD_Position(0,0);
  89:./main.c      ****           LCD_PrintString("Blue "); 
  90:./main.c      **** 		   active=3;
  91:./main.c      **** 		LCD_Position(0,6);
  92:./main.c      **** 		LCD_PrintNumber(blue);
  93:./main.c      **** 		}
  94:./main.c      **** 		
  95:./main.c      **** 		
  96:./main.c      **** 		pos=CapSense_GetCentroidPos(CapSense_LINEARSLIDER0__LS);
  97:./main.c      **** 		
  98:./main.c      **** 		if (pos!=65535){
  99:./main.c      **** 		if (active==1) {
 100:./main.c      **** 			red=pos;
 101:./main.c      **** 			newData=1;
 102:./main.c      **** 			}
 103:./main.c      **** 		else if (active==2) {
 104:./main.c      **** 		green=pos;
 105:./main.c      **** 		newData=1;
 106:./main.c      **** 		}
 107:./main.c      **** 		else if (active==3) {
 108:./main.c      **** 		blue=pos;
 109:./main.c      **** 		newData=1;
ARM GAS  C:\Users\CHARLI~1\AppData\Local\Temp\ccZvM7vD.s 			page 6


 110:./main.c      **** 		}
 111:./main.c      **** 
 112:./main.c      **** 	if (newData==1){		
 113:./main.c      **** 		radioWrite(TX_CTRL_ADR, TX_CLR);
 114:./main.c      **** 		
 115:./main.c      **** 		// Set the length of data to 3 byte
 116:./main.c      **** 		 radioWrite(TX_LENGTH_ADR,0x03);
 117:./main.c      **** 		val=radioRead(TX_LENGTH_ADR);
 118:./main.c      **** 		//LCD_Position(1,2);
 119:./main.c      **** 		LCD_PrintInt8(val);
 120:./main.c      **** 		 //Write the byte to the radio 
 121:./main.c      **** 		radioWrite(TX_BUFFER_ADR,red);
 122:./main.c      **** 		radioWrite(TX_BUFFER_ADR,green);
 123:./main.c      **** 		radioWrite(TX_BUFFER_ADR,blue);
 124:./main.c      **** 		
 125:./main.c      **** 	//Start transmission
 126:./main.c      **** 		// radioWrite(TX_CTRL_ADR, TXC_IRQ | TX_GO);
 127:./main.c      **** 		 radioWrite(TX_CTRL_ADR, 0x83);
 128:./main.c      **** 
 129:./main.c      **** 	//	val=radioRead(TX_CTRL_ADR);
 130:./main.c      **** 	//LCD_Position(1,4);
 131:./main.c      **** 	//LCD_PrintInt8(val);
 132:./main.c      **** 
 133:./main.c      **** 	
 134:./main.c      **** 		newData=0;
 135:./main.c      **** 	//	while (!(irqStat & TXC_IRQ)){
 136:./main.c      **** 	//irqStat=radioRead(TX_IRQ_STATUS_ADR);
 137:./main.c      **** 	//LCD_Position(1,8);
 138:./main.c      **** 	//LCD_PrintInt8(irqStat); 
 139:./main.c      **** //	}
 140:./main.c      **** }
 141:./main.c      **** 
 142:./main.c      ****    	active=0;
 143:./main.c      **** 	
 144:./main.c      ****    }
 145:./main.c      ****    CapSense_ScanEnabledWidgets();
 146:./main.c      ****    }
 147:./main.c      **** }
 170              		.loc 1 147 0
 171 009c 00BF     		nop
 172              	.L2:
 173              		.loc 1 63 0
 174 009e FFF7FEFF 		bl	CapSense_IsBusy
 175 00a2 0346     		mov	r3, r0
 176 00a4 002B     		cmp	r3, #0
 177 00a6 F9D1     		bne	.L13
 178              		.loc 1 64 0
 179 00a8 FFF7FEFF 		bl	CapSense_UpdateEnabledBaselines
 180              		.loc 1 66 0
 181 00ac 4FF00100 		mov	r0, #1
 182 00b0 FFF7FEFF 		bl	CapSense_CheckIsWidgetActive
 183 00b4 0346     		mov	r3, r0
 184 00b6 1C46     		mov	r4, r3
 185 00b8 4FF00200 		mov	r0, #2
 186 00bc FFF7FEFF 		bl	CapSense_CheckIsWidgetActive
 187 00c0 0346     		mov	r3, r0
 188 00c2 002B     		cmp	r3, #0
ARM GAS  C:\Users\CHARLI~1\AppData\Local\Temp\ccZvM7vD.s 			page 7


 189 00c4 14BF     		ite	ne
 190 00c6 0023     		movne	r3, #0
 191 00c8 0123     		moveq	r3, #1
 192 00ca 04EA0303 		and	r3, r4, r3
 193 00ce 002B     		cmp	r3, #0
 194 00d0 21D0     		beq	.L4
 195              		.loc 1 68 0
 196 00d2 4FF00000 		mov	r0, #0
 197 00d6 4FF00001 		mov	r1, #0
 198 00da FFF7FEFF 		bl	LCD_Position
 199              		.loc 1 69 0
 200 00de 40F20000 		movw	r0, #:lower16:.LC2
 201 00e2 C0F20000 		movt	r0, #:upper16:.LC2
 202 00e6 FFF7FEFF 		bl	LCD_PrintString
 203              		.loc 1 70 0
 204 00ea 40F20003 		movw	r3, #:lower16:active
 205 00ee C0F20003 		movt	r3, #:upper16:active
 206 00f2 4FF00102 		mov	r2, #1
 207 00f6 1A80     		strh	r2, [r3, #0]	@ movhi
 208              		.loc 1 73 0
 209 00f8 4FF00000 		mov	r0, #0
 210 00fc 4FF00601 		mov	r1, #6
 211 0100 FFF7FEFF 		bl	LCD_Position
 212              		.loc 1 74 0
 213 0104 40F20003 		movw	r3, #:lower16:red
 214 0108 C0F20003 		movt	r3, #:upper16:red
 215 010c 1B88     		ldrh	r3, [r3, #0]
 216 010e 1846     		mov	r0, r3
 217 0110 FFF7FEFF 		bl	LCD_PrintDecUint16
 218 0114 63E0     		b	.L5
 219              	.L4:
 220              		.loc 1 77 0
 221 0116 4FF00200 		mov	r0, #2
 222 011a FFF7FEFF 		bl	CapSense_CheckIsWidgetActive
 223 011e 0346     		mov	r3, r0
 224 0120 1C46     		mov	r4, r3
 225 0122 4FF00100 		mov	r0, #1
 226 0126 FFF7FEFF 		bl	CapSense_CheckIsWidgetActive
 227 012a 0346     		mov	r3, r0
 228 012c 002B     		cmp	r3, #0
 229 012e 14BF     		ite	ne
 230 0130 0023     		movne	r3, #0
 231 0132 0123     		moveq	r3, #1
 232 0134 04EA0303 		and	r3, r4, r3
 233 0138 002B     		cmp	r3, #0
 234 013a 21D0     		beq	.L6
 235              		.loc 1 79 0
 236 013c 4FF00000 		mov	r0, #0
 237 0140 4FF00001 		mov	r1, #0
 238 0144 FFF7FEFF 		bl	LCD_Position
 239              		.loc 1 80 0
 240 0148 40F20000 		movw	r0, #:lower16:.LC3
 241 014c C0F20000 		movt	r0, #:upper16:.LC3
 242 0150 FFF7FEFF 		bl	LCD_PrintString
 243              		.loc 1 81 0
 244 0154 40F20003 		movw	r3, #:lower16:active
 245 0158 C0F20003 		movt	r3, #:upper16:active
ARM GAS  C:\Users\CHARLI~1\AppData\Local\Temp\ccZvM7vD.s 			page 8


 246 015c 4FF00202 		mov	r2, #2
 247 0160 1A80     		strh	r2, [r3, #0]	@ movhi
 248              		.loc 1 84 0
 249 0162 4FF00000 		mov	r0, #0
 250 0166 4FF00601 		mov	r1, #6
 251 016a FFF7FEFF 		bl	LCD_Position
 252              		.loc 1 85 0
 253 016e 40F20003 		movw	r3, #:lower16:green
 254 0172 C0F20003 		movt	r3, #:upper16:green
 255 0176 1B88     		ldrh	r3, [r3, #0]
 256 0178 1846     		mov	r0, r3
 257 017a FFF7FEFF 		bl	LCD_PrintDecUint16
 258 017e 2EE0     		b	.L5
 259              	.L6:
 260              		.loc 1 87 0
 261 0180 4FF00200 		mov	r0, #2
 262 0184 FFF7FEFF 		bl	CapSense_CheckIsWidgetActive
 263 0188 0346     		mov	r3, r0
 264 018a 002B     		cmp	r3, #0
 265 018c 27D0     		beq	.L5
 266 018e 4FF00100 		mov	r0, #1
 267 0192 FFF7FEFF 		bl	CapSense_CheckIsWidgetActive
 268 0196 0346     		mov	r3, r0
 269 0198 002B     		cmp	r3, #0
 270 019a 20D0     		beq	.L5
 271              		.loc 1 88 0
 272 019c 4FF00000 		mov	r0, #0
 273 01a0 4FF00001 		mov	r1, #0
 274 01a4 FFF7FEFF 		bl	LCD_Position
 275              		.loc 1 89 0
 276 01a8 40F20000 		movw	r0, #:lower16:.LC4
 277 01ac C0F20000 		movt	r0, #:upper16:.LC4
 278 01b0 FFF7FEFF 		bl	LCD_PrintString
 279              		.loc 1 90 0
 280 01b4 40F20003 		movw	r3, #:lower16:active
 281 01b8 C0F20003 		movt	r3, #:upper16:active
 282 01bc 4FF00302 		mov	r2, #3
 283 01c0 1A80     		strh	r2, [r3, #0]	@ movhi
 284              		.loc 1 91 0
 285 01c2 4FF00000 		mov	r0, #0
 286 01c6 4FF00601 		mov	r1, #6
 287 01ca FFF7FEFF 		bl	LCD_Position
 288              		.loc 1 92 0
 289 01ce 40F20003 		movw	r3, #:lower16:blue
 290 01d2 C0F20003 		movt	r3, #:upper16:blue
 291 01d6 1B88     		ldrh	r3, [r3, #0]
 292 01d8 1846     		mov	r0, r3
 293 01da FFF7FEFF 		bl	LCD_PrintDecUint16
 294              	.L5:
 295              		.loc 1 96 0
 296 01de 4FF00000 		mov	r0, #0
 297 01e2 FFF7FEFF 		bl	CapSense_GetCentroidPos
 298 01e6 0346     		mov	r3, r0
 299 01e8 FB80     		strh	r3, [r7, #6]	@ movhi
 300              		.loc 1 98 0
 301 01ea FA88     		ldrh	r2, [r7, #6]
 302 01ec 4FF6FF73 		movw	r3, #65535
ARM GAS  C:\Users\CHARLI~1\AppData\Local\Temp\ccZvM7vD.s 			page 9


 303 01f0 9A42     		cmp	r2, r3
 304 01f2 00F08E80 		beq	.L7
 305              		.loc 1 99 0
 306 01f6 40F20003 		movw	r3, #:lower16:active
 307 01fa C0F20003 		movt	r3, #:upper16:active
 308 01fe 1B88     		ldrh	r3, [r3, #0]
 309 0200 012B     		cmp	r3, #1
 310 0202 0DD1     		bne	.L8
 311              		.loc 1 100 0
 312 0204 40F20003 		movw	r3, #:lower16:red
 313 0208 C0F20003 		movt	r3, #:upper16:red
 314 020c FA88     		ldrh	r2, [r7, #6]	@ movhi
 315 020e 1A80     		strh	r2, [r3, #0]	@ movhi
 316              		.loc 1 101 0
 317 0210 40F20003 		movw	r3, #:lower16:newData
 318 0214 C0F20003 		movt	r3, #:upper16:newData
 319 0218 4FF00102 		mov	r2, #1
 320 021c 1A80     		strh	r2, [r3, #0]	@ movhi
 321 021e 28E0     		b	.L9
 322              	.L8:
 323              		.loc 1 103 0
 324 0220 40F20003 		movw	r3, #:lower16:active
 325 0224 C0F20003 		movt	r3, #:upper16:active
 326 0228 1B88     		ldrh	r3, [r3, #0]
 327 022a 022B     		cmp	r3, #2
 328 022c 0DD1     		bne	.L10
 329              		.loc 1 104 0
 330 022e 40F20003 		movw	r3, #:lower16:green
 331 0232 C0F20003 		movt	r3, #:upper16:green
 332 0236 FA88     		ldrh	r2, [r7, #6]	@ movhi
 333 0238 1A80     		strh	r2, [r3, #0]	@ movhi
 334              		.loc 1 105 0
 335 023a 40F20003 		movw	r3, #:lower16:newData
 336 023e C0F20003 		movt	r3, #:upper16:newData
 337 0242 4FF00102 		mov	r2, #1
 338 0246 1A80     		strh	r2, [r3, #0]	@ movhi
 339 0248 13E0     		b	.L9
 340              	.L10:
 341              		.loc 1 107 0
 342 024a 40F20003 		movw	r3, #:lower16:active
 343 024e C0F20003 		movt	r3, #:upper16:active
 344 0252 1B88     		ldrh	r3, [r3, #0]
 345 0254 032B     		cmp	r3, #3
 346 0256 0CD1     		bne	.L9
 347              		.loc 1 108 0
 348 0258 40F20003 		movw	r3, #:lower16:blue
 349 025c C0F20003 		movt	r3, #:upper16:blue
 350 0260 FA88     		ldrh	r2, [r7, #6]	@ movhi
 351 0262 1A80     		strh	r2, [r3, #0]	@ movhi
 352              		.loc 1 109 0
 353 0264 40F20003 		movw	r3, #:lower16:newData
 354 0268 C0F20003 		movt	r3, #:upper16:newData
 355 026c 4FF00102 		mov	r2, #1
 356 0270 1A80     		strh	r2, [r3, #0]	@ movhi
 357              	.L9:
 358              		.loc 1 112 0
 359 0272 40F20003 		movw	r3, #:lower16:newData
ARM GAS  C:\Users\CHARLI~1\AppData\Local\Temp\ccZvM7vD.s 			page 10


 360 0276 C0F20003 		movt	r3, #:upper16:newData
 361 027a 1B88     		ldrh	r3, [r3, #0]
 362 027c 012B     		cmp	r3, #1
 363 027e 41D1     		bne	.L11
 364              		.loc 1 113 0
 365 0280 4FF00200 		mov	r0, #2
 366 0284 4FF04001 		mov	r1, #64
 367 0288 FFF7FEFF 		bl	radioWrite
 368              		.loc 1 116 0
 369 028c 4FF00100 		mov	r0, #1
 370 0290 4FF00301 		mov	r1, #3
 371 0294 FFF7FEFF 		bl	radioWrite
 372              		.loc 1 117 0
 373 0298 4FF00100 		mov	r0, #1
 374 029c FFF7FEFF 		bl	radioRead
 375 02a0 0346     		mov	r3, r0
 376 02a2 7B80     		strh	r3, [r7, #2]	@ movhi
 377              		.loc 1 119 0
 378 02a4 7B88     		ldrh	r3, [r7, #2]	@ movhi
 379 02a6 DBB2     		uxtb	r3, r3
 380 02a8 1846     		mov	r0, r3
 381 02aa FFF7FEFF 		bl	LCD_PrintHexUint8
 382              		.loc 1 121 0
 383 02ae 40F20003 		movw	r3, #:lower16:red
 384 02b2 C0F20003 		movt	r3, #:upper16:red
 385 02b6 1B88     		ldrh	r3, [r3, #0]
 386 02b8 4FF02000 		mov	r0, #32
 387 02bc 1946     		mov	r1, r3
 388 02be FFF7FEFF 		bl	radioWrite
 389              		.loc 1 122 0
 390 02c2 40F20003 		movw	r3, #:lower16:green
 391 02c6 C0F20003 		movt	r3, #:upper16:green
 392 02ca 1B88     		ldrh	r3, [r3, #0]
 393 02cc 4FF02000 		mov	r0, #32
 394 02d0 1946     		mov	r1, r3
 395 02d2 FFF7FEFF 		bl	radioWrite
 396              		.loc 1 123 0
 397 02d6 40F20003 		movw	r3, #:lower16:blue
 398 02da C0F20003 		movt	r3, #:upper16:blue
 399 02de 1B88     		ldrh	r3, [r3, #0]
 400 02e0 4FF02000 		mov	r0, #32
 401 02e4 1946     		mov	r1, r3
 402 02e6 FFF7FEFF 		bl	radioWrite
 403              		.loc 1 127 0
 404 02ea 4FF00200 		mov	r0, #2
 405 02ee 4FF08301 		mov	r1, #131
 406 02f2 FFF7FEFF 		bl	radioWrite
 407              		.loc 1 134 0
 408 02f6 40F20003 		movw	r3, #:lower16:newData
 409 02fa C0F20003 		movt	r3, #:upper16:newData
 410 02fe 4FF00002 		mov	r2, #0
 411 0302 1A80     		strh	r2, [r3, #0]	@ movhi
 412              	.L11:
 413              		.loc 1 142 0
 414 0304 40F20003 		movw	r3, #:lower16:active
 415 0308 C0F20003 		movt	r3, #:upper16:active
 416 030c 4FF00002 		mov	r2, #0
ARM GAS  C:\Users\CHARLI~1\AppData\Local\Temp\ccZvM7vD.s 			page 11


 417 0310 1A80     		strh	r2, [r3, #0]	@ movhi
 418              	.L7:
 419              		.loc 1 145 0
 420 0312 FFF7FEFF 		bl	CapSense_ScanEnabledWidgets
 421              		.loc 1 147 0
 422 0316 C2E6     		b	.L2
 423              		.cfi_endproc
 424              	.LFE29:
 425              		.size	main, .-main
 426              		.section	.text.prepareData,"ax",%progbits
 427              		.align	2
 428              		.global	prepareData
 429              		.thumb
 430              		.thumb_func
 431              		.type	prepareData, %function
 432              	prepareData:
 433              	.LFB30:
 148:./main.c      **** }
 149:./main.c      **** 
 150:./main.c      **** 
 151:./main.c      **** uint16 prepareData(){
 434              		.loc 1 151 0
 435              		.cfi_startproc
 436              		@ args = 0, pretend = 0, frame = 0
 437              		@ frame_needed = 1, uses_anonymous_args = 0
 438              		@ link register save eliminated.
 439 0000 80B4     		push	{r7}
 440              	.LCFI3:
 441              		.cfi_def_cfa_offset 4
 442 0002 00AF     		add	r7, sp, #0
 443              		.cfi_offset 7, -4
 444              	.LCFI4:
 445              		.cfi_def_cfa_register 7
 152:./main.c      **** 	xyz=xyz+1;
 446              		.loc 1 152 0
 447 0004 40F20003 		movw	r3, #:lower16:xyz
 448 0008 C0F20003 		movt	r3, #:upper16:xyz
 449 000c 1B88     		ldrh	r3, [r3, #0]
 450 000e 03F10103 		add	r3, r3, #1
 451 0012 9AB2     		uxth	r2, r3
 452 0014 40F20003 		movw	r3, #:lower16:xyz
 453 0018 C0F20003 		movt	r3, #:upper16:xyz
 454 001c 1A80     		strh	r2, [r3, #0]	@ movhi
 153:./main.c      **** 	
 154:./main.c      **** 	if (xyz==99) xyz=0;
 455              		.loc 1 154 0
 456 001e 40F20003 		movw	r3, #:lower16:xyz
 457 0022 C0F20003 		movt	r3, #:upper16:xyz
 458 0026 1B88     		ldrh	r3, [r3, #0]
 459 0028 632B     		cmp	r3, #99
 460 002a 06D1     		bne	.L15
 461 002c 40F20003 		movw	r3, #:lower16:xyz
 462 0030 C0F20003 		movt	r3, #:upper16:xyz
 463 0034 4FF00002 		mov	r2, #0
 464 0038 1A80     		strh	r2, [r3, #0]	@ movhi
 465              	.L15:
 155:./main.c      **** 	
ARM GAS  C:\Users\CHARLI~1\AppData\Local\Temp\ccZvM7vD.s 			page 12


 156:./main.c      **** 	 
 157:./main.c      **** 	
 158:./main.c      **** 	return xyz;
 466              		.loc 1 158 0
 467 003a 40F20003 		movw	r3, #:lower16:xyz
 468 003e C0F20003 		movt	r3, #:upper16:xyz
 469 0042 1B88     		ldrh	r3, [r3, #0]
 159:./main.c      **** 
 160:./main.c      **** 
 161:./main.c      **** 
 162:./main.c      **** 
 163:./main.c      **** }
 470              		.loc 1 163 0
 471 0044 1846     		mov	r0, r3
 472 0046 BD46     		mov	sp, r7
 473 0048 80BC     		pop	{r7}
 474 004a 7047     		bx	lr
 475              		.cfi_endproc
 476              	.LFE30:
 477              		.size	prepareData, .-prepareData
 478              		.section	.text.radioInit,"ax",%progbits
 479              		.align	2
 480              		.global	radioInit
 481              		.thumb
 482              		.thumb_func
 483              		.type	radioInit, %function
 484              	radioInit:
 485              	.LFB31:
 164:./main.c      **** /* [] END OF FILE */
 165:./main.c      **** void radioInit(){
 486              		.loc 1 165 0
 487              		.cfi_startproc
 488              		@ args = 0, pretend = 0, frame = 0
 489              		@ frame_needed = 1, uses_anonymous_args = 0
 490 0000 80B5     		push	{r7, lr}
 491              	.LCFI5:
 492              		.cfi_def_cfa_offset 8
 493 0002 00AF     		add	r7, sp, #0
 494              		.cfi_offset 14, -4
 495              		.cfi_offset 7, -8
 496              	.LCFI6:
 497              		.cfi_def_cfa_register 7
 166:./main.c      ****  
 167:./main.c      **** 	 /* Reset the LP through the SPI (soft reset). */
 168:./main.c      **** 	radioWrite(MODE_OVERRIDE_ADR, RST);
 498              		.loc 1 168 0
 499 0004 4FF01D00 		mov	r0, #29
 500 0008 4FF00101 		mov	r1, #1
 501 000c FFF7FEFF 		bl	radioWrite
 169:./main.c      **** 
 170:./main.c      ****     /* Set up to use auto-cal for VCO. */
 171:./main.c      ****    radioWrite(AUTO_CAL_TIME_ADR, AUTO_CAL_TIME_MAX); /* Extend autoCal time to max. */
 502              		.loc 1 171 0
 503 0010 4FF03200 		mov	r0, #50
 504 0014 4FF03C01 		mov	r1, #60
 505 0018 FFF7FEFF 		bl	radioWrite
 172:./main.c      **** 
ARM GAS  C:\Users\CHARLI~1\AppData\Local\Temp\ccZvM7vD.s 			page 13


 173:./main.c      ****     radioWrite(AUTO_CAL_OFFSET_ADR, AUTO_CAL_OFFSET_MINUS_4); /* AutoCal offset to -4. */
 506              		.loc 1 173 0
 507 001c 4FF03500 		mov	r0, #53
 508 0020 4FF01401 		mov	r1, #20
 509 0024 FFF7FEFF 		bl	radioWrite
 174:./main.c      **** 
 175:./main.c      ****     /* Set IRQ polarity to positive. */
 176:./main.c      ****     radioWrite(IO_CFG_ADR, IRQ_POL);
 510              		.loc 1 176 0
 511 0028 4FF00D00 		mov	r0, #13
 512 002c 4FF04001 		mov	r1, #64
 513 0030 FFF7FEFF 		bl	radioWrite
 177:./main.c      **** 
 178:./main.c      ****     /* Set the XTAL Startup delay to 150uSec to handle warm restarts of the XTAL. */
 179:./main.c      ****     radioWrite(XTAL_CFG_ADR, 0x08);
 514              		.loc 1 179 0
 515 0034 4FF02600 		mov	r0, #38
 516 0038 4FF00801 		mov	r1, #8
 517 003c FFF7FEFF 		bl	radioWrite
 180:./main.c      ****     /*
 181:./main.c      ****      * Enable HiLo for quick-turn-around. Use low side injection for receive 
 182:./main.c      ****      * this should result in non-inverted data, so no need to hit the invert
 183:./main.c      ****      * bit. Turn off AGC and force the LNA on.
 184:./main.c      ****      */
 185:./main.c      ****    radioWrite(RX_CFG_ADR,
 518              		.loc 1 185 0
 519 0040 4FF00600 		mov	r0, #6
 520 0044 4FF04801 		mov	r1, #72
 521 0048 FFF7FEFF 		bl	radioWrite
 186:./main.c      ****                  ((RX_CFG_RST | FASTTURN_EN | LNA_EN ) & ~( HI | RXOW_EN | AUTO_AGC_EN)));
 187:./main.c      **** 
 188:./main.c      ****     /*
 189:./main.c      ****      * Set the TX Offset to +1MHz.
 190:./main.c      ****      * THIS MEANS THE ACTUAL TRANSMIT CARRIER WILL BE 1MHz ABOVE THE PLL
 191:./main.c      ****      * FREQUENCY PROGRAMMED IN THE CHANNEL OR A & N REGISTERS.
 192:./main.c      ****      * RadioSetFrequency COMPENSATES FOR THIS OFFSET.
 193:./main.c      ****      */
 194:./main.c      ****     radioWrite(TX_OFFSET_LSB_ADR, 0x55);
 522              		.loc 1 194 0
 523 004c 4FF01B00 		mov	r0, #27
 524 0050 4FF05501 		mov	r1, #85
 525 0054 FFF7FEFF 		bl	radioWrite
 195:./main.c      ****     radioWrite(TX_OFFSET_MSB_ADR, 0x05);
 526              		.loc 1 195 0
 527 0058 4FF01C00 		mov	r0, #28
 528 005c 4FF00501 		mov	r1, #5
 529 0060 FFF7FEFF 		bl	radioWrite
 196:./main.c      **** 	radioWrite(DATA32_THOLD_ADR,0x05);
 530              		.loc 1 196 0
 531 0064 4FF01100 		mov	r0, #17
 532 0068 4FF00501 		mov	r1, #5
 533 006c FFF7FEFF 		bl	radioWrite
 197:./main.c      **** 	radioWrite(FRAMING_CFG_ADR,0xA4);
 534              		.loc 1 197 0
 535 0070 4FF01000 		mov	r0, #16
 536 0074 4FF0A401 		mov	r1, #164
 537 0078 FFF7FEFF 		bl	radioWrite
ARM GAS  C:\Users\CHARLI~1\AppData\Local\Temp\ccZvM7vD.s 			page 14


 198:./main.c      ****     /* Set Data Mode to 250kbps */
 199:./main.c      ****    radioWrite(TX_CFG_ADR, TX_CFG_RST | DATMODE_8DR);
 538              		.loc 1 199 0
 539 007c 4FF00300 		mov	r0, #3
 540 0080 4FF00D01 		mov	r1, #13
 541 0084 FFF7FEFF 		bl	radioWrite
 200:./main.c      **** }
 542              		.loc 1 200 0
 543 0088 80BD     		pop	{r7, pc}
 544              		.cfi_endproc
 545              	.LFE31:
 546              		.size	radioInit, .-radioInit
 547 008a 00BF     		.section	.text.radioWrite,"ax",%progbits
 548              		.align	2
 549              		.global	radioWrite
 550              		.thumb
 551              		.thumb_func
 552              		.type	radioWrite, %function
 553              	radioWrite:
 554              	.LFB32:
 201:./main.c      **** 
 202:./main.c      **** void radioWrite(uint16 addr,uint16 dat){
 555              		.loc 1 202 0
 556              		.cfi_startproc
 557              		@ args = 0, pretend = 0, frame = 8
 558              		@ frame_needed = 1, uses_anonymous_args = 0
 559 0000 80B5     		push	{r7, lr}
 560              	.LCFI7:
 561              		.cfi_def_cfa_offset 8
 562 0002 82B0     		sub	sp, sp, #8
 563              	.LCFI8:
 564              		.cfi_def_cfa_offset 16
 565 0004 00AF     		add	r7, sp, #0
 566              		.cfi_offset 14, -4
 567              		.cfi_offset 7, -8
 568              	.LCFI9:
 569              		.cfi_def_cfa_register 7
 570 0006 0246     		mov	r2, r0
 571 0008 0B46     		mov	r3, r1
 572 000a FA80     		strh	r2, [r7, #6]	@ movhi
 573 000c BB80     		strh	r3, [r7, #4]	@ movhi
 203:./main.c      **** 	SPIM_ClearRxBuffer();
 574              		.loc 1 203 0
 575 000e FFF7FEFF 		bl	SPIM_ClearRxBuffer
 204:./main.c      **** 	SPIM_ClearTxBuffer();
 576              		.loc 1 204 0
 577 0012 FFF7FEFF 		bl	SPIM_ClearTxBuffer
 205:./main.c      **** 	
 206:./main.c      **** 	SPIM_WriteTxData(0x80+addr);
 578              		.loc 1 206 0
 579 0016 FB88     		ldrh	r3, [r7, #6]	@ movhi
 580 0018 DBB2     		uxtb	r3, r3
 581 001a A3F18003 		sub	r3, r3, #128
 582 001e DBB2     		uxtb	r3, r3
 583 0020 1846     		mov	r0, r3
 584 0022 FFF7FEFF 		bl	SPIM_WriteTxData
 207:./main.c      **** 	SPIM_WriteTxData(dat);
ARM GAS  C:\Users\CHARLI~1\AppData\Local\Temp\ccZvM7vD.s 			page 15


 585              		.loc 1 207 0
 586 0026 BB88     		ldrh	r3, [r7, #4]	@ movhi
 587 0028 DBB2     		uxtb	r3, r3
 588 002a 1846     		mov	r0, r3
 589 002c FFF7FEFF 		bl	SPIM_WriteTxData
 590              	.L20:
 208:./main.c      **** 	while(!SPIM_ReadTxStatus() & SPIM_STS_SPI_DONE);
 591              		.loc 1 208 0
 592 0030 FFF7FEFF 		bl	SPIM_ReadTxStatus
 593 0034 0346     		mov	r3, r0
 594 0036 002B     		cmp	r3, #0
 595 0038 FAD0     		beq	.L20
 209:./main.c      **** }
 596              		.loc 1 209 0
 597 003a 07F10807 		add	r7, r7, #8
 598 003e BD46     		mov	sp, r7
 599 0040 80BD     		pop	{r7, pc}
 600              		.cfi_endproc
 601              	.LFE32:
 602              		.size	radioWrite, .-radioWrite
 603 0042 00BF     		.section	.text.radioRead,"ax",%progbits
 604              		.align	2
 605              		.global	radioRead
 606              		.thumb
 607              		.thumb_func
 608              		.type	radioRead, %function
 609              	radioRead:
 610              	.LFB33:
 210:./main.c      **** 
 211:./main.c      **** 
 212:./main.c      **** uint16 radioRead(uint16 addr){
 611              		.loc 1 212 0
 612              		.cfi_startproc
 613              		@ args = 0, pretend = 0, frame = 16
 614              		@ frame_needed = 1, uses_anonymous_args = 0
 615 0000 80B5     		push	{r7, lr}
 616              	.LCFI10:
 617              		.cfi_def_cfa_offset 8
 618 0002 84B0     		sub	sp, sp, #16
 619              	.LCFI11:
 620              		.cfi_def_cfa_offset 24
 621 0004 00AF     		add	r7, sp, #0
 622              		.cfi_offset 14, -4
 623              		.cfi_offset 7, -8
 624              	.LCFI12:
 625              		.cfi_def_cfa_register 7
 626 0006 0346     		mov	r3, r0
 627 0008 FB80     		strh	r3, [r7, #6]	@ movhi
 213:./main.c      **** 	uint16 val=0x00;
 628              		.loc 1 213 0
 629 000a 4FF00003 		mov	r3, #0
 630 000e BB81     		strh	r3, [r7, #12]	@ movhi
 214:./main.c      **** 	uint16 i=0;
 631              		.loc 1 214 0
 632 0010 4FF00003 		mov	r3, #0
 633 0014 FB81     		strh	r3, [r7, #14]	@ movhi
 215:./main.c      **** 	SPIM_ClearRxBuffer();
ARM GAS  C:\Users\CHARLI~1\AppData\Local\Temp\ccZvM7vD.s 			page 16


 634              		.loc 1 215 0
 635 0016 FFF7FEFF 		bl	SPIM_ClearRxBuffer
 216:./main.c      **** 	SPIM_ClearTxBuffer();
 636              		.loc 1 216 0
 637 001a FFF7FEFF 		bl	SPIM_ClearTxBuffer
 217:./main.c      **** 	
 218:./main.c      **** 	SPIM_WriteTxData(addr);
 638              		.loc 1 218 0
 639 001e FB88     		ldrh	r3, [r7, #6]	@ movhi
 640 0020 DBB2     		uxtb	r3, r3
 641 0022 1846     		mov	r0, r3
 642 0024 FFF7FEFF 		bl	SPIM_WriteTxData
 219:./main.c      **** 	SPIM_WriteTxData(0x00);
 643              		.loc 1 219 0
 644 0028 4FF00000 		mov	r0, #0
 645 002c FFF7FEFF 		bl	SPIM_WriteTxData
 220:./main.c      **** 	SPIM_WriteTxData(0x00);
 646              		.loc 1 220 0
 647 0030 4FF00000 		mov	r0, #0
 648 0034 FFF7FEFF 		bl	SPIM_WriteTxData
 221:./main.c      **** 	SPIM_WriteTxData(0x00);
 649              		.loc 1 221 0
 650 0038 4FF00000 		mov	r0, #0
 651 003c FFF7FEFF 		bl	SPIM_WriteTxData
 652              	.L23:
 222:./main.c      **** 
 223:./main.c      **** 	while(!SPIM_ReadTxStatus() & SPIM_STS_SPI_DONE);
 653              		.loc 1 223 0
 654 0040 FFF7FEFF 		bl	SPIM_ReadTxStatus
 655 0044 0346     		mov	r3, r0
 656 0046 002B     		cmp	r3, #0
 657 0048 FAD0     		beq	.L23
 224:./main.c      **** 	
 225:./main.c      **** 	for (i=0;i<2;i++){
 658              		.loc 1 225 0
 659 004a 4FF00003 		mov	r3, #0
 660 004e FB81     		strh	r3, [r7, #14]	@ movhi
 661 0050 12E0     		b	.L24
 662              	.L25:
 226:./main.c      **** 			val=SPIM_ReadRxData();
 663              		.loc 1 226 0
 664 0052 FFF7FEFF 		bl	SPIM_ReadRxData
 665 0056 0346     		mov	r3, r0
 666 0058 BB81     		strh	r3, [r7, #12]	@ movhi
 227:./main.c      **** 			LCD_Position(1,14);
 667              		.loc 1 227 0
 668 005a 4FF00100 		mov	r0, #1
 669 005e 4FF00E01 		mov	r1, #14
 670 0062 FFF7FEFF 		bl	LCD_Position
 228:./main.c      **** 			LCD_PrintInt8(val);
 671              		.loc 1 228 0
 672 0066 BB89     		ldrh	r3, [r7, #12]	@ movhi
 673 0068 DBB2     		uxtb	r3, r3
 674 006a 1846     		mov	r0, r3
 675 006c FFF7FEFF 		bl	LCD_PrintHexUint8
 676              		.loc 1 225 0
 677 0070 FB89     		ldrh	r3, [r7, #14]	@ movhi
ARM GAS  C:\Users\CHARLI~1\AppData\Local\Temp\ccZvM7vD.s 			page 17


 678 0072 03F10103 		add	r3, r3, #1
 679 0076 FB81     		strh	r3, [r7, #14]	@ movhi
 680              	.L24:
 681 0078 FB89     		ldrh	r3, [r7, #14]
 682 007a 012B     		cmp	r3, #1
 683 007c E9D9     		bls	.L25
 229:./main.c      **** 			//CyDelay(1000);
 230:./main.c      **** 		}
 231:./main.c      **** 	return val;
 684              		.loc 1 231 0
 685 007e BB89     		ldrh	r3, [r7, #12]
 232:./main.c      **** }...
 686              		.loc 1 232 0
 687 0080 1846     		mov	r0, r3
 688 0082 07F11007 		add	r7, r7, #16
 689 0086 BD46     		mov	sp, r7
 690 0088 80BD     		pop	{r7, pc}
 691              		.cfi_endproc
 692              	.LFE33:
 693              		.size	radioRead, .-radioRead
 694 008a 00BF     		.text
 695              	.Letext0:
 696              		.section	.debug_loc,"",%progbits
 697              	.Ldebug_loc0:
 698              	.LLST0:
 699 0000 00000000 		.4byte	.LFB29
 700 0004 02000000 		.4byte	.LCFI0
 701 0008 0100     		.2byte	0x1
 702 000a 5D       		.byte	0x5d
 703 000b 02000000 		.4byte	.LCFI0
 704 000f 04000000 		.4byte	.LCFI1
 705 0013 0200     		.2byte	0x2
 706 0015 7D       		.byte	0x7d
 707 0016 0C       		.sleb128 12
 708 0017 04000000 		.4byte	.LCFI1
 709 001b 06000000 		.4byte	.LCFI2
 710 001f 0200     		.2byte	0x2
 711 0021 7D       		.byte	0x7d
 712 0022 18       		.sleb128 24
 713 0023 06000000 		.4byte	.LCFI2
 714 0027 18030000 		.4byte	.LFE29
 715 002b 0200     		.2byte	0x2
 716 002d 77       		.byte	0x77
 717 002e 18       		.sleb128 24
 718 002f 00000000 		.4byte	0x0
 719 0033 00000000 		.4byte	0x0
 720              	.LLST1:
 721 0037 00000000 		.4byte	.LFB30
 722 003b 02000000 		.4byte	.LCFI3
 723 003f 0100     		.2byte	0x1
 724 0041 5D       		.byte	0x5d
 725 0042 02000000 		.4byte	.LCFI3
 726 0046 04000000 		.4byte	.LCFI4
 727 004a 0200     		.2byte	0x2
 728 004c 7D       		.byte	0x7d
 729 004d 04       		.sleb128 4
 730 004e 04000000 		.4byte	.LCFI4
ARM GAS  C:\Users\CHARLI~1\AppData\Local\Temp\ccZvM7vD.s 			page 18


 731 0052 4C000000 		.4byte	.LFE30
 732 0056 0200     		.2byte	0x2
 733 0058 77       		.byte	0x77
 734 0059 04       		.sleb128 4
 735 005a 00000000 		.4byte	0x0
 736 005e 00000000 		.4byte	0x0
 737              	.LLST2:
 738 0062 00000000 		.4byte	.LFB31
 739 0066 02000000 		.4byte	.LCFI5
 740 006a 0100     		.2byte	0x1
 741 006c 5D       		.byte	0x5d
 742 006d 02000000 		.4byte	.LCFI5
 743 0071 04000000 		.4byte	.LCFI6
 744 0075 0200     		.2byte	0x2
 745 0077 7D       		.byte	0x7d
 746 0078 08       		.sleb128 8
 747 0079 04000000 		.4byte	.LCFI6
 748 007d 8A000000 		.4byte	.LFE31
 749 0081 0200     		.2byte	0x2
 750 0083 77       		.byte	0x77
 751 0084 08       		.sleb128 8
 752 0085 00000000 		.4byte	0x0
 753 0089 00000000 		.4byte	0x0
 754              	.LLST3:
 755 008d 00000000 		.4byte	.LFB32
 756 0091 02000000 		.4byte	.LCFI7
 757 0095 0100     		.2byte	0x1
 758 0097 5D       		.byte	0x5d
 759 0098 02000000 		.4byte	.LCFI7
 760 009c 04000000 		.4byte	.LCFI8
 761 00a0 0200     		.2byte	0x2
 762 00a2 7D       		.byte	0x7d
 763 00a3 08       		.sleb128 8
 764 00a4 04000000 		.4byte	.LCFI8
 765 00a8 06000000 		.4byte	.LCFI9
 766 00ac 0200     		.2byte	0x2
 767 00ae 7D       		.byte	0x7d
 768 00af 10       		.sleb128 16
 769 00b0 06000000 		.4byte	.LCFI9
 770 00b4 42000000 		.4byte	.LFE32
 771 00b8 0200     		.2byte	0x2
 772 00ba 77       		.byte	0x77
 773 00bb 10       		.sleb128 16
 774 00bc 00000000 		.4byte	0x0
 775 00c0 00000000 		.4byte	0x0
 776              	.LLST4:
 777 00c4 00000000 		.4byte	.LFB33
 778 00c8 02000000 		.4byte	.LCFI10
 779 00cc 0100     		.2byte	0x1
 780 00ce 5D       		.byte	0x5d
 781 00cf 02000000 		.4byte	.LCFI10
 782 00d3 04000000 		.4byte	.LCFI11
 783 00d7 0200     		.2byte	0x2
 784 00d9 7D       		.byte	0x7d
 785 00da 08       		.sleb128 8
 786 00db 04000000 		.4byte	.LCFI11
 787 00df 06000000 		.4byte	.LCFI12
ARM GAS  C:\Users\CHARLI~1\AppData\Local\Temp\ccZvM7vD.s 			page 19


 788 00e3 0200     		.2byte	0x2
 789 00e5 7D       		.byte	0x7d
 790 00e6 18       		.sleb128 24
 791 00e7 06000000 		.4byte	.LCFI12
 792 00eb 8A000000 		.4byte	.LFE33
 793 00ef 0200     		.2byte	0x2
 794 00f1 77       		.byte	0x77
 795 00f2 18       		.sleb128 24
 796 00f3 00000000 		.4byte	0x0
 797 00f7 00000000 		.4byte	0x0
 798              		.file 2 "./Generated_Source/PSoC5/core_cm3.h"
 799              		.file 3 "./Generated_Source/PSoC5/cytypes.h"
 800              		.section	.debug_info
 801 0000 F9010000 		.4byte	0x1f9
 802 0004 0200     		.2byte	0x2
 803 0006 00000000 		.4byte	.Ldebug_abbrev0
 804 000a 04       		.byte	0x4
 805 000b 01       		.uleb128 0x1
 806 000c 09010000 		.4byte	.LASF17
 807 0010 01       		.byte	0x1
 808 0011 F6000000 		.4byte	.LASF18
 809 0015 51000000 		.4byte	.LASF19
 810 0019 00000000 		.4byte	0x0
 811 001d 00000000 		.4byte	0x0
 812 0021 00000000 		.4byte	.Ldebug_ranges0+0x0
 813 0025 00000000 		.4byte	.Ldebug_line0
 814 0029 02       		.uleb128 0x2
 815 002a 01       		.byte	0x1
 816 002b 06       		.byte	0x6
 817 002c 35010000 		.4byte	.LASF0
 818 0030 02       		.uleb128 0x2
 819 0031 01       		.byte	0x1
 820 0032 08       		.byte	0x8
 821 0033 43000000 		.4byte	.LASF1
 822 0037 02       		.uleb128 0x2
 823 0038 02       		.byte	0x2
 824 0039 05       		.byte	0x5
 825 003a 1D010000 		.4byte	.LASF2
 826 003e 02       		.uleb128 0x2
 827 003f 02       		.byte	0x2
 828 0040 07       		.byte	0x7
 829 0041 1F000000 		.4byte	.LASF3
 830 0045 02       		.uleb128 0x2
 831 0046 04       		.byte	0x4
 832 0047 05       		.byte	0x5
 833 0048 27010000 		.4byte	.LASF4
 834 004c 02       		.uleb128 0x2
 835 004d 04       		.byte	0x4
 836 004e 07       		.byte	0x7
 837 004f 91000000 		.4byte	.LASF5
 838 0053 02       		.uleb128 0x2
 839 0054 08       		.byte	0x8
 840 0055 05       		.byte	0x5
 841 0056 00000000 		.4byte	.LASF6
 842 005a 02       		.uleb128 0x2
 843 005b 08       		.byte	0x8
 844 005c 07       		.byte	0x7
ARM GAS  C:\Users\CHARLI~1\AppData\Local\Temp\ccZvM7vD.s 			page 20


 845 005d DF000000 		.4byte	.LASF7
 846 0061 03       		.uleb128 0x3
 847 0062 04       		.byte	0x4
 848 0063 05       		.byte	0x5
 849 0064 696E7400 		.ascii	"int\000"
 850 0068 02       		.uleb128 0x2
 851 0069 04       		.byte	0x4
 852 006a 07       		.byte	0x7
 853 006b D2000000 		.4byte	.LASF8
 854 006f 02       		.uleb128 0x2
 855 0070 01       		.byte	0x1
 856 0071 08       		.byte	0x8
 857 0072 30010000 		.4byte	.LASF9
 858 0076 04       		.uleb128 0x4
 859 0077 CB000000 		.4byte	.LASF20
 860 007b 03       		.byte	0x3
 861 007c 2B       		.byte	0x2b
 862 007d 3E000000 		.4byte	0x3e
 863 0081 05       		.uleb128 0x5
 864 0082 04       		.byte	0x4
 865 0083 07       		.byte	0x7
 866 0084 06       		.uleb128 0x6
 867 0085 01       		.byte	0x1
 868 0086 C6000000 		.4byte	.LASF21
 869 008a 01       		.byte	0x1
 870 008b 1A       		.byte	0x1a
 871 008c 00000000 		.4byte	.LFB29
 872 0090 18030000 		.4byte	.LFE29
 873 0094 00000000 		.4byte	.LLST0
 874 0098 D5000000 		.4byte	0xd5
 875 009c 07       		.uleb128 0x7
 876 009d 64617400 		.ascii	"dat\000"
 877 00a1 01       		.byte	0x1
 878 00a2 1F       		.byte	0x1f
 879 00a3 76000000 		.4byte	0x76
 880 00a7 02       		.byte	0x2
 881 00a8 91       		.byte	0x91
 882 00a9 68       		.sleb128 -24
 883 00aa 07       		.uleb128 0x7
 884 00ab 76616C00 		.ascii	"val\000"
 885 00af 01       		.byte	0x1
 886 00b0 20       		.byte	0x20
 887 00b1 76000000 		.4byte	0x76
 888 00b5 02       		.byte	0x2
 889 00b6 91       		.byte	0x91
 890 00b7 6A       		.sleb128 -22
 891 00b8 08       		.uleb128 0x8
 892 00b9 41010000 		.4byte	.LASF10
 893 00bd 01       		.byte	0x1
 894 00be 21       		.byte	0x21
 895 00bf 76000000 		.4byte	0x76
 896 00c3 02       		.byte	0x2
 897 00c4 91       		.byte	0x91
 898 00c5 6C       		.sleb128 -20
 899 00c6 07       		.uleb128 0x7
 900 00c7 706F7300 		.ascii	"pos\000"
 901 00cb 01       		.byte	0x1
ARM GAS  C:\Users\CHARLI~1\AppData\Local\Temp\ccZvM7vD.s 			page 21


 902 00cc 22       		.byte	0x22
 903 00cd 76000000 		.4byte	0x76
 904 00d1 02       		.byte	0x2
 905 00d2 91       		.byte	0x91
 906 00d3 6E       		.sleb128 -18
 907 00d4 00       		.byte	0x0
 908 00d5 09       		.uleb128 0x9
 909 00d6 01       		.byte	0x1
 910 00d7 32000000 		.4byte	.LASF22
 911 00db 01       		.byte	0x1
 912 00dc 97       		.byte	0x97
 913 00dd 76000000 		.4byte	0x76
 914 00e1 00000000 		.4byte	.LFB30
 915 00e5 4C000000 		.4byte	.LFE30
 916 00e9 37000000 		.4byte	.LLST1
 917 00ed 0A       		.uleb128 0xa
 918 00ee 01       		.byte	0x1
 919 00ef FF000000 		.4byte	.LASF23
 920 00f3 01       		.byte	0x1
 921 00f4 A5       		.byte	0xa5
 922 00f5 00000000 		.4byte	.LFB31
 923 00f9 8A000000 		.4byte	.LFE31
 924 00fd 62000000 		.4byte	.LLST2
 925 0101 0B       		.uleb128 0xb
 926 0102 01       		.byte	0x1
 927 0103 BB000000 		.4byte	.LASF24
 928 0107 01       		.byte	0x1
 929 0108 CA       		.byte	0xca
 930 0109 01       		.byte	0x1
 931 010a 00000000 		.4byte	.LFB32
 932 010e 42000000 		.4byte	.LFE32
 933 0112 8D000000 		.4byte	.LLST3
 934 0116 37010000 		.4byte	0x137
 935 011a 0C       		.uleb128 0xc
 936 011b A3000000 		.4byte	.LASF11
 937 011f 01       		.byte	0x1
 938 0120 CA       		.byte	0xca
 939 0121 76000000 		.4byte	0x76
 940 0125 02       		.byte	0x2
 941 0126 91       		.byte	0x91
 942 0127 76       		.sleb128 -10
 943 0128 0D       		.uleb128 0xd
 944 0129 64617400 		.ascii	"dat\000"
 945 012d 01       		.byte	0x1
 946 012e CA       		.byte	0xca
 947 012f 76000000 		.4byte	0x76
 948 0133 02       		.byte	0x2
 949 0134 91       		.byte	0x91
 950 0135 74       		.sleb128 -12
 951 0136 00       		.byte	0x0
 952 0137 0E       		.uleb128 0xe
 953 0138 01       		.byte	0x1
 954 0139 0E000000 		.4byte	.LASF25
 955 013d 01       		.byte	0x1
 956 013e D4       		.byte	0xd4
 957 013f 01       		.byte	0x1
 958 0140 76000000 		.4byte	0x76
ARM GAS  C:\Users\CHARLI~1\AppData\Local\Temp\ccZvM7vD.s 			page 22


 959 0144 00000000 		.4byte	.LFB33
 960 0148 8A000000 		.4byte	.LFE33
 961 014c C4000000 		.4byte	.LLST4
 962 0150 7D010000 		.4byte	0x17d
 963 0154 0C       		.uleb128 0xc
 964 0155 A3000000 		.4byte	.LASF11
 965 0159 01       		.byte	0x1
 966 015a D4       		.byte	0xd4
 967 015b 76000000 		.4byte	0x76
 968 015f 02       		.byte	0x2
 969 0160 91       		.byte	0x91
 970 0161 6E       		.sleb128 -18
 971 0162 07       		.uleb128 0x7
 972 0163 76616C00 		.ascii	"val\000"
 973 0167 01       		.byte	0x1
 974 0168 D5       		.byte	0xd5
 975 0169 76000000 		.4byte	0x76
 976 016d 02       		.byte	0x2
 977 016e 91       		.byte	0x91
 978 016f 74       		.sleb128 -12
 979 0170 07       		.uleb128 0x7
 980 0171 6900     		.ascii	"i\000"
 981 0173 01       		.byte	0x1
 982 0174 D6       		.byte	0xd6
 983 0175 76000000 		.4byte	0x76
 984 0179 02       		.byte	0x2
 985 017a 91       		.byte	0x91
 986 017b 76       		.sleb128 -10
 987 017c 00       		.byte	0x0
 988 017d 0F       		.uleb128 0xf
 989 017e AE000000 		.4byte	.LASF12
 990 0182 02       		.byte	0x2
 991 0183 CE06     		.2byte	0x6ce
 992 0185 8B010000 		.4byte	0x18b
 993 0189 01       		.byte	0x1
 994 018a 01       		.byte	0x1
 995 018b 10       		.uleb128 0x10
 996 018c 61000000 		.4byte	0x61
 997 0190 11       		.uleb128 0x11
 998 0191 78797A00 		.ascii	"xyz\000"
 999 0195 01       		.byte	0x1
 1000 0196 13       		.byte	0x13
 1001 0197 76000000 		.4byte	0x76
 1002 019b 01       		.byte	0x1
 1003 019c 05       		.byte	0x5
 1004 019d 03       		.byte	0x3
 1005 019e 00000000 		.4byte	xyz
 1006 01a2 11       		.uleb128 0x11
 1007 01a3 72656400 		.ascii	"red\000"
 1008 01a7 01       		.byte	0x1
 1009 01a8 14       		.byte	0x14
 1010 01a9 76000000 		.4byte	0x76
 1011 01ad 01       		.byte	0x1
 1012 01ae 05       		.byte	0x5
 1013 01af 03       		.byte	0x3
 1014 01b0 00000000 		.4byte	red
 1015 01b4 12       		.uleb128 0x12
ARM GAS  C:\Users\CHARLI~1\AppData\Local\Temp\ccZvM7vD.s 			page 23


 1016 01b5 A8000000 		.4byte	.LASF13
 1017 01b9 01       		.byte	0x1
 1018 01ba 15       		.byte	0x15
 1019 01bb 76000000 		.4byte	0x76
 1020 01bf 01       		.byte	0x1
 1021 01c0 05       		.byte	0x5
 1022 01c1 03       		.byte	0x3
 1023 01c2 00000000 		.4byte	green
 1024 01c6 12       		.uleb128 0x12
 1025 01c7 3E000000 		.4byte	.LASF14
 1026 01cb 01       		.byte	0x1
 1027 01cc 16       		.byte	0x16
 1028 01cd 76000000 		.4byte	0x76
 1029 01d1 01       		.byte	0x1
 1030 01d2 05       		.byte	0x5
 1031 01d3 03       		.byte	0x3
 1032 01d4 00000000 		.4byte	blue
 1033 01d8 12       		.uleb128 0x12
 1034 01d9 18000000 		.4byte	.LASF15
 1035 01dd 01       		.byte	0x1
 1036 01de 17       		.byte	0x17
 1037 01df 76000000 		.4byte	0x76
 1038 01e3 01       		.byte	0x1
 1039 01e4 05       		.byte	0x5
 1040 01e5 03       		.byte	0x3
 1041 01e6 00000000 		.4byte	active
 1042 01ea 12       		.uleb128 0x12
 1043 01eb 15010000 		.4byte	.LASF16
 1044 01ef 01       		.byte	0x1
 1045 01f0 18       		.byte	0x18
 1046 01f1 76000000 		.4byte	0x76
 1047 01f5 01       		.byte	0x1
 1048 01f6 05       		.byte	0x5
 1049 01f7 03       		.byte	0x3
 1050 01f8 00000000 		.4byte	newData
 1051 01fc 00       		.byte	0x0
 1052              		.section	.debug_abbrev
 1053 0000 01       		.uleb128 0x1
 1054 0001 11       		.uleb128 0x11
 1055 0002 01       		.byte	0x1
 1056 0003 25       		.uleb128 0x25
 1057 0004 0E       		.uleb128 0xe
 1058 0005 13       		.uleb128 0x13
 1059 0006 0B       		.uleb128 0xb
 1060 0007 03       		.uleb128 0x3
 1061 0008 0E       		.uleb128 0xe
 1062 0009 1B       		.uleb128 0x1b
 1063 000a 0E       		.uleb128 0xe
 1064 000b 11       		.uleb128 0x11
 1065 000c 01       		.uleb128 0x1
 1066 000d 52       		.uleb128 0x52
 1067 000e 01       		.uleb128 0x1
 1068 000f 55       		.uleb128 0x55
 1069 0010 06       		.uleb128 0x6
 1070 0011 10       		.uleb128 0x10
 1071 0012 06       		.uleb128 0x6
 1072 0013 00       		.byte	0x0
ARM GAS  C:\Users\CHARLI~1\AppData\Local\Temp\ccZvM7vD.s 			page 24


 1073 0014 00       		.byte	0x0
 1074 0015 02       		.uleb128 0x2
 1075 0016 24       		.uleb128 0x24
 1076 0017 00       		.byte	0x0
 1077 0018 0B       		.uleb128 0xb
 1078 0019 0B       		.uleb128 0xb
 1079 001a 3E       		.uleb128 0x3e
 1080 001b 0B       		.uleb128 0xb
 1081 001c 03       		.uleb128 0x3
 1082 001d 0E       		.uleb128 0xe
 1083 001e 00       		.byte	0x0
 1084 001f 00       		.byte	0x0
 1085 0020 03       		.uleb128 0x3
 1086 0021 24       		.uleb128 0x24
 1087 0022 00       		.byte	0x0
 1088 0023 0B       		.uleb128 0xb
 1089 0024 0B       		.uleb128 0xb
 1090 0025 3E       		.uleb128 0x3e
 1091 0026 0B       		.uleb128 0xb
 1092 0027 03       		.uleb128 0x3
 1093 0028 08       		.uleb128 0x8
 1094 0029 00       		.byte	0x0
 1095 002a 00       		.byte	0x0
 1096 002b 04       		.uleb128 0x4
 1097 002c 16       		.uleb128 0x16
 1098 002d 00       		.byte	0x0
 1099 002e 03       		.uleb128 0x3
 1100 002f 0E       		.uleb128 0xe
 1101 0030 3A       		.uleb128 0x3a
 1102 0031 0B       		.uleb128 0xb
 1103 0032 3B       		.uleb128 0x3b
 1104 0033 0B       		.uleb128 0xb
 1105 0034 49       		.uleb128 0x49
 1106 0035 13       		.uleb128 0x13
 1107 0036 00       		.byte	0x0
 1108 0037 00       		.byte	0x0
 1109 0038 05       		.uleb128 0x5
 1110 0039 24       		.uleb128 0x24
 1111 003a 00       		.byte	0x0
 1112 003b 0B       		.uleb128 0xb
 1113 003c 0B       		.uleb128 0xb
 1114 003d 3E       		.uleb128 0x3e
 1115 003e 0B       		.uleb128 0xb
 1116 003f 00       		.byte	0x0
 1117 0040 00       		.byte	0x0
 1118 0041 06       		.uleb128 0x6
 1119 0042 2E       		.uleb128 0x2e
 1120 0043 01       		.byte	0x1
 1121 0044 3F       		.uleb128 0x3f
 1122 0045 0C       		.uleb128 0xc
 1123 0046 03       		.uleb128 0x3
 1124 0047 0E       		.uleb128 0xe
 1125 0048 3A       		.uleb128 0x3a
 1126 0049 0B       		.uleb128 0xb
 1127 004a 3B       		.uleb128 0x3b
 1128 004b 0B       		.uleb128 0xb
 1129 004c 11       		.uleb128 0x11
ARM GAS  C:\Users\CHARLI~1\AppData\Local\Temp\ccZvM7vD.s 			page 25


 1130 004d 01       		.uleb128 0x1
 1131 004e 12       		.uleb128 0x12
 1132 004f 01       		.uleb128 0x1
 1133 0050 40       		.uleb128 0x40
 1134 0051 06       		.uleb128 0x6
 1135 0052 01       		.uleb128 0x1
 1136 0053 13       		.uleb128 0x13
 1137 0054 00       		.byte	0x0
 1138 0055 00       		.byte	0x0
 1139 0056 07       		.uleb128 0x7
 1140 0057 34       		.uleb128 0x34
 1141 0058 00       		.byte	0x0
 1142 0059 03       		.uleb128 0x3
 1143 005a 08       		.uleb128 0x8
 1144 005b 3A       		.uleb128 0x3a
 1145 005c 0B       		.uleb128 0xb
 1146 005d 3B       		.uleb128 0x3b
 1147 005e 0B       		.uleb128 0xb
 1148 005f 49       		.uleb128 0x49
 1149 0060 13       		.uleb128 0x13
 1150 0061 02       		.uleb128 0x2
 1151 0062 0A       		.uleb128 0xa
 1152 0063 00       		.byte	0x0
 1153 0064 00       		.byte	0x0
 1154 0065 08       		.uleb128 0x8
 1155 0066 34       		.uleb128 0x34
 1156 0067 00       		.byte	0x0
 1157 0068 03       		.uleb128 0x3
 1158 0069 0E       		.uleb128 0xe
 1159 006a 3A       		.uleb128 0x3a
 1160 006b 0B       		.uleb128 0xb
 1161 006c 3B       		.uleb128 0x3b
 1162 006d 0B       		.uleb128 0xb
 1163 006e 49       		.uleb128 0x49
 1164 006f 13       		.uleb128 0x13
 1165 0070 02       		.uleb128 0x2
 1166 0071 0A       		.uleb128 0xa
 1167 0072 00       		.byte	0x0
 1168 0073 00       		.byte	0x0
 1169 0074 09       		.uleb128 0x9
 1170 0075 2E       		.uleb128 0x2e
 1171 0076 00       		.byte	0x0
 1172 0077 3F       		.uleb128 0x3f
 1173 0078 0C       		.uleb128 0xc
 1174 0079 03       		.uleb128 0x3
 1175 007a 0E       		.uleb128 0xe
 1176 007b 3A       		.uleb128 0x3a
 1177 007c 0B       		.uleb128 0xb
 1178 007d 3B       		.uleb128 0x3b
 1179 007e 0B       		.uleb128 0xb
 1180 007f 49       		.uleb128 0x49
 1181 0080 13       		.uleb128 0x13
 1182 0081 11       		.uleb128 0x11
 1183 0082 01       		.uleb128 0x1
 1184 0083 12       		.uleb128 0x12
 1185 0084 01       		.uleb128 0x1
 1186 0085 40       		.uleb128 0x40
ARM GAS  C:\Users\CHARLI~1\AppData\Local\Temp\ccZvM7vD.s 			page 26


 1187 0086 06       		.uleb128 0x6
 1188 0087 00       		.byte	0x0
 1189 0088 00       		.byte	0x0
 1190 0089 0A       		.uleb128 0xa
 1191 008a 2E       		.uleb128 0x2e
 1192 008b 00       		.byte	0x0
 1193 008c 3F       		.uleb128 0x3f
 1194 008d 0C       		.uleb128 0xc
 1195 008e 03       		.uleb128 0x3
 1196 008f 0E       		.uleb128 0xe
 1197 0090 3A       		.uleb128 0x3a
 1198 0091 0B       		.uleb128 0xb
 1199 0092 3B       		.uleb128 0x3b
 1200 0093 0B       		.uleb128 0xb
 1201 0094 11       		.uleb128 0x11
 1202 0095 01       		.uleb128 0x1
 1203 0096 12       		.uleb128 0x12
 1204 0097 01       		.uleb128 0x1
 1205 0098 40       		.uleb128 0x40
 1206 0099 06       		.uleb128 0x6
 1207 009a 00       		.byte	0x0
 1208 009b 00       		.byte	0x0
 1209 009c 0B       		.uleb128 0xb
 1210 009d 2E       		.uleb128 0x2e
 1211 009e 01       		.byte	0x1
 1212 009f 3F       		.uleb128 0x3f
 1213 00a0 0C       		.uleb128 0xc
 1214 00a1 03       		.uleb128 0x3
 1215 00a2 0E       		.uleb128 0xe
 1216 00a3 3A       		.uleb128 0x3a
 1217 00a4 0B       		.uleb128 0xb
 1218 00a5 3B       		.uleb128 0x3b
 1219 00a6 0B       		.uleb128 0xb
 1220 00a7 27       		.uleb128 0x27
 1221 00a8 0C       		.uleb128 0xc
 1222 00a9 11       		.uleb128 0x11
 1223 00aa 01       		.uleb128 0x1
 1224 00ab 12       		.uleb128 0x12
 1225 00ac 01       		.uleb128 0x1
 1226 00ad 40       		.uleb128 0x40
 1227 00ae 06       		.uleb128 0x6
 1228 00af 01       		.uleb128 0x1
 1229 00b0 13       		.uleb128 0x13
 1230 00b1 00       		.byte	0x0
 1231 00b2 00       		.byte	0x0
 1232 00b3 0C       		.uleb128 0xc
 1233 00b4 05       		.uleb128 0x5
 1234 00b5 00       		.byte	0x0
 1235 00b6 03       		.uleb128 0x3
 1236 00b7 0E       		.uleb128 0xe
 1237 00b8 3A       		.uleb128 0x3a
 1238 00b9 0B       		.uleb128 0xb
 1239 00ba 3B       		.uleb128 0x3b
 1240 00bb 0B       		.uleb128 0xb
 1241 00bc 49       		.uleb128 0x49
 1242 00bd 13       		.uleb128 0x13
 1243 00be 02       		.uleb128 0x2
ARM GAS  C:\Users\CHARLI~1\AppData\Local\Temp\ccZvM7vD.s 			page 27


 1244 00bf 0A       		.uleb128 0xa
 1245 00c0 00       		.byte	0x0
 1246 00c1 00       		.byte	0x0
 1247 00c2 0D       		.uleb128 0xd
 1248 00c3 05       		.uleb128 0x5
 1249 00c4 00       		.byte	0x0
 1250 00c5 03       		.uleb128 0x3
 1251 00c6 08       		.uleb128 0x8
 1252 00c7 3A       		.uleb128 0x3a
 1253 00c8 0B       		.uleb128 0xb
 1254 00c9 3B       		.uleb128 0x3b
 1255 00ca 0B       		.uleb128 0xb
 1256 00cb 49       		.uleb128 0x49
 1257 00cc 13       		.uleb128 0x13
 1258 00cd 02       		.uleb128 0x2
 1259 00ce 0A       		.uleb128 0xa
 1260 00cf 00       		.byte	0x0
 1261 00d0 00       		.byte	0x0
 1262 00d1 0E       		.uleb128 0xe
 1263 00d2 2E       		.uleb128 0x2e
 1264 00d3 01       		.byte	0x1
 1265 00d4 3F       		.uleb128 0x3f
 1266 00d5 0C       		.uleb128 0xc
 1267 00d6 03       		.uleb128 0x3
 1268 00d7 0E       		.uleb128 0xe
 1269 00d8 3A       		.uleb128 0x3a
 1270 00d9 0B       		.uleb128 0xb
 1271 00da 3B       		.uleb128 0x3b
 1272 00db 0B       		.uleb128 0xb
 1273 00dc 27       		.uleb128 0x27
 1274 00dd 0C       		.uleb128 0xc
 1275 00de 49       		.uleb128 0x49
 1276 00df 13       		.uleb128 0x13
 1277 00e0 11       		.uleb128 0x11
 1278 00e1 01       		.uleb128 0x1
 1279 00e2 12       		.uleb128 0x12
 1280 00e3 01       		.uleb128 0x1
 1281 00e4 40       		.uleb128 0x40
 1282 00e5 06       		.uleb128 0x6
 1283 00e6 01       		.uleb128 0x1
 1284 00e7 13       		.uleb128 0x13
 1285 00e8 00       		.byte	0x0
 1286 00e9 00       		.byte	0x0
 1287 00ea 0F       		.uleb128 0xf
 1288 00eb 34       		.uleb128 0x34
 1289 00ec 00       		.byte	0x0
 1290 00ed 03       		.uleb128 0x3
 1291 00ee 0E       		.uleb128 0xe
 1292 00ef 3A       		.uleb128 0x3a
 1293 00f0 0B       		.uleb128 0xb
 1294 00f1 3B       		.uleb128 0x3b
 1295 00f2 05       		.uleb128 0x5
 1296 00f3 49       		.uleb128 0x49
 1297 00f4 13       		.uleb128 0x13
 1298 00f5 3F       		.uleb128 0x3f
 1299 00f6 0C       		.uleb128 0xc
 1300 00f7 3C       		.uleb128 0x3c
ARM GAS  C:\Users\CHARLI~1\AppData\Local\Temp\ccZvM7vD.s 			page 28


 1301 00f8 0C       		.uleb128 0xc
 1302 00f9 00       		.byte	0x0
 1303 00fa 00       		.byte	0x0
 1304 00fb 10       		.uleb128 0x10
 1305 00fc 35       		.uleb128 0x35
 1306 00fd 00       		.byte	0x0
 1307 00fe 49       		.uleb128 0x49
 1308 00ff 13       		.uleb128 0x13
 1309 0100 00       		.byte	0x0
 1310 0101 00       		.byte	0x0
 1311 0102 11       		.uleb128 0x11
 1312 0103 34       		.uleb128 0x34
 1313 0104 00       		.byte	0x0
 1314 0105 03       		.uleb128 0x3
 1315 0106 08       		.uleb128 0x8
 1316 0107 3A       		.uleb128 0x3a
 1317 0108 0B       		.uleb128 0xb
 1318 0109 3B       		.uleb128 0x3b
 1319 010a 0B       		.uleb128 0xb
 1320 010b 49       		.uleb128 0x49
 1321 010c 13       		.uleb128 0x13
 1322 010d 3F       		.uleb128 0x3f
 1323 010e 0C       		.uleb128 0xc
 1324 010f 02       		.uleb128 0x2
 1325 0110 0A       		.uleb128 0xa
 1326 0111 00       		.byte	0x0
 1327 0112 00       		.byte	0x0
 1328 0113 12       		.uleb128 0x12
 1329 0114 34       		.uleb128 0x34
 1330 0115 00       		.byte	0x0
 1331 0116 03       		.uleb128 0x3
 1332 0117 0E       		.uleb128 0xe
 1333 0118 3A       		.uleb128 0x3a
 1334 0119 0B       		.uleb128 0xb
 1335 011a 3B       		.uleb128 0x3b
 1336 011b 0B       		.uleb128 0xb
 1337 011c 49       		.uleb128 0x49
 1338 011d 13       		.uleb128 0x13
 1339 011e 3F       		.uleb128 0x3f
 1340 011f 0C       		.uleb128 0xc
 1341 0120 02       		.uleb128 0x2
 1342 0121 0A       		.uleb128 0xa
 1343 0122 00       		.byte	0x0
 1344 0123 00       		.byte	0x0
 1345 0124 00       		.byte	0x0
 1346              		.section	.debug_pubnames,"",%progbits
 1347 0000 8C000000 		.4byte	0x8c
 1348 0004 0200     		.2byte	0x2
 1349 0006 00000000 		.4byte	.Ldebug_info0
 1350 000a FD010000 		.4byte	0x1fd
 1351 000e 84000000 		.4byte	0x84
 1352 0012 6D61696E 		.ascii	"main\000"
 1352      00
 1353 0017 D5000000 		.4byte	0xd5
 1354 001b 70726570 		.ascii	"prepareData\000"
 1354      61726544 
 1354      61746100 
ARM GAS  C:\Users\CHARLI~1\AppData\Local\Temp\ccZvM7vD.s 			page 29


 1355 0027 ED000000 		.4byte	0xed
 1356 002b 72616469 		.ascii	"radioInit\000"
 1356      6F496E69 
 1356      7400
 1357 0035 01010000 		.4byte	0x101
 1358 0039 72616469 		.ascii	"radioWrite\000"
 1358      6F577269 
 1358      746500
 1359 0044 37010000 		.4byte	0x137
 1360 0048 72616469 		.ascii	"radioRead\000"
 1360      6F526561 
 1360      6400
 1361 0052 90010000 		.4byte	0x190
 1362 0056 78797A00 		.ascii	"xyz\000"
 1363 005a A2010000 		.4byte	0x1a2
 1364 005e 72656400 		.ascii	"red\000"
 1365 0062 B4010000 		.4byte	0x1b4
 1366 0066 67726565 		.ascii	"green\000"
 1366      6E00
 1367 006c C6010000 		.4byte	0x1c6
 1368 0070 626C7565 		.ascii	"blue\000"
 1368      00
 1369 0075 D8010000 		.4byte	0x1d8
 1370 0079 61637469 		.ascii	"active\000"
 1370      766500
 1371 0080 EA010000 		.4byte	0x1ea
 1372 0084 6E657744 		.ascii	"newData\000"
 1372      61746100 
 1373 008c 00000000 		.4byte	0x0
 1374              		.section	.debug_aranges,"",%progbits
 1375 0000 3C000000 		.4byte	0x3c
 1376 0004 0200     		.2byte	0x2
 1377 0006 00000000 		.4byte	.Ldebug_info0
 1378 000a 04       		.byte	0x4
 1379 000b 00       		.byte	0x0
 1380 000c 0000     		.2byte	0x0
 1381 000e 0000     		.2byte	0x0
 1382 0010 00000000 		.4byte	.LFB29
 1383 0014 18030000 		.4byte	.LFE29-.LFB29
 1384 0018 00000000 		.4byte	.LFB30
 1385 001c 4C000000 		.4byte	.LFE30-.LFB30
 1386 0020 00000000 		.4byte	.LFB31
 1387 0024 8A000000 		.4byte	.LFE31-.LFB31
 1388 0028 00000000 		.4byte	.LFB32
 1389 002c 42000000 		.4byte	.LFE32-.LFB32
 1390 0030 00000000 		.4byte	.LFB33
 1391 0034 8A000000 		.4byte	.LFE33-.LFB33
 1392 0038 00000000 		.4byte	0x0
 1393 003c 00000000 		.4byte	0x0
 1394              		.section	.debug_ranges,"",%progbits
 1395              	.Ldebug_ranges0:
 1396 0000 00000000 		.4byte	.Ltext0
 1397 0004 00000000 		.4byte	.Letext0
 1398 0008 00000000 		.4byte	.LFB29
 1399 000c 18030000 		.4byte	.LFE29
 1400 0010 00000000 		.4byte	.LFB30
 1401 0014 4C000000 		.4byte	.LFE30
ARM GAS  C:\Users\CHARLI~1\AppData\Local\Temp\ccZvM7vD.s 			page 30


 1402 0018 00000000 		.4byte	.LFB31
 1403 001c 8A000000 		.4byte	.LFE31
 1404 0020 00000000 		.4byte	.LFB32
 1405 0024 42000000 		.4byte	.LFE32
 1406 0028 00000000 		.4byte	.LFB33
 1407 002c 8A000000 		.4byte	.LFE33
 1408 0030 00000000 		.4byte	0x0
 1409 0034 00000000 		.4byte	0x0
 1410              		.section	.debug_str,"MS",%progbits,1
 1411              	.LASF6:
 1412 0000 6C6F6E67 		.ascii	"long long int\000"
 1412      206C6F6E 
 1412      6720696E 
 1412      7400
 1413              	.LASF25:
 1414 000e 72616469 		.ascii	"radioRead\000"
 1414      6F526561 
 1414      6400
 1415              	.LASF15:
 1416 0018 61637469 		.ascii	"active\000"
 1416      766500
 1417              	.LASF3:
 1418 001f 73686F72 		.ascii	"short unsigned int\000"
 1418      7420756E 
 1418      7369676E 
 1418      65642069 
 1418      6E7400
 1419              	.LASF22:
 1420 0032 70726570 		.ascii	"prepareData\000"
 1420      61726544 
 1420      61746100 
 1421              	.LASF14:
 1422 003e 626C7565 		.ascii	"blue\000"
 1422      00
 1423              	.LASF1:
 1424 0043 756E7369 		.ascii	"unsigned char\000"
 1424      676E6564 
 1424      20636861 
 1424      7200
 1425              	.LASF19:
 1426 0051 453A5C43 		.ascii	"E:\\ControllerKinect\\capController\\Transmitter\\T"
 1426      6F6E7472 
 1426      6F6C6C65 
 1426      724B696E 
 1426      6563745C 
 1427 0080 72616E73 		.ascii	"ransmitter.cydsn\000"
 1427      6D697474 
 1427      65722E63 
 1427      7964736E 
 1427      00
 1428              	.LASF5:
 1429 0091 6C6F6E67 		.ascii	"long unsigned int\000"
 1429      20756E73 
 1429      69676E65 
 1429      6420696E 
 1429      7400
 1430              	.LASF11:
ARM GAS  C:\Users\CHARLI~1\AppData\Local\Temp\ccZvM7vD.s 			page 31


 1431 00a3 61646472 		.ascii	"addr\000"
 1431      00
 1432              	.LASF13:
 1433 00a8 67726565 		.ascii	"green\000"
 1433      6E00
 1434              	.LASF12:
 1435 00ae 49544D5F 		.ascii	"ITM_RxBuffer\000"
 1435      52784275 
 1435      66666572 
 1435      00
 1436              	.LASF24:
 1437 00bb 72616469 		.ascii	"radioWrite\000"
 1437      6F577269 
 1437      746500
 1438              	.LASF21:
 1439 00c6 6D61696E 		.ascii	"main\000"
 1439      00
 1440              	.LASF20:
 1441 00cb 75696E74 		.ascii	"uint16\000"
 1441      313600
 1442              	.LASF8:
 1443 00d2 756E7369 		.ascii	"unsigned int\000"
 1443      676E6564 
 1443      20696E74 
 1443      00
 1444              	.LASF7:
 1445 00df 6C6F6E67 		.ascii	"long long unsigned int\000"
 1445      206C6F6E 
 1445      6720756E 
 1445      7369676E 
 1445      65642069 
 1446              	.LASF18:
 1447 00f6 2E2F6D61 		.ascii	"./main.c\000"
 1447      696E2E63 
 1447      00
 1448              	.LASF23:
 1449 00ff 72616469 		.ascii	"radioInit\000"
 1449      6F496E69 
 1449      7400
 1450              	.LASF17:
 1451 0109 474E5520 		.ascii	"GNU C 4.4.1\000"
 1451      4320342E 
 1451      342E3100 
 1452              	.LASF16:
 1453 0115 6E657744 		.ascii	"newData\000"
 1453      61746100 
 1454              	.LASF2:
 1455 011d 73686F72 		.ascii	"short int\000"
 1455      7420696E 
 1455      7400
 1456              	.LASF4:
 1457 0127 6C6F6E67 		.ascii	"long int\000"
 1457      20696E74 
 1457      00
 1458              	.LASF9:
 1459 0130 63686172 		.ascii	"char\000"
 1459      00
ARM GAS  C:\Users\CHARLI~1\AppData\Local\Temp\ccZvM7vD.s 			page 32


 1460              	.LASF0:
 1461 0135 7369676E 		.ascii	"signed char\000"
 1461      65642063 
 1461      68617200 
 1462              	.LASF10:
 1463 0141 69727153 		.ascii	"irqStat\000"
 1463      74617400 
 1464              		.ident	"GCC: (Sourcery G++ Lite 2010q1-188) 4.4.1"
